#
# There is insufficient memory for the Java Runtime Environment to continue.
# Native memory allocation (malloc) failed to allocate 907696 bytes for Chunk::new
# Possible reasons:
#   The system is out of physical RAM or swap space
#   The process is running with CompressedOops enabled, and the Java Heap may be blocking the growth of the native heap
# Possible solutions:
#   Reduce memory load on the system
#   Increase physical memory or swap space
#   Check if swap backing store is full
#   Decrease Java heap size (-Xmx/-Xms)
#   Decrease number of Java threads
#   Decrease Java thread stack sizes (-Xss)
#   Set larger code cache with -XX:ReservedCodeCacheSize=
#   JVM is running with Unscaled Compressed Oops mode in which the Java heap is
#     placed in the first 4GB address space. The Java Heap base address is the
#     maximum limit for the native heap growth. Please use -XX:HeapBaseMinAddress
#     to set the Java Heap base and to place the Java Heap above 4GB virtual address.
# This output file may be truncated or incomplete.
#
#  Out of Memory Error (arena.cpp:189), pid=5424, tid=10228
#
# JRE version: OpenJDK Runtime Environment Temurin-17.0.7+7 (17.0.7+7) (build 17.0.7+7)
# Java VM: OpenJDK 64-Bit Server VM Temurin-17.0.7+7 (17.0.7+7, mixed mode, tiered, compressed oops, compressed class ptrs, g1 gc, windows-amd64)
# No core dump will be written. Minidumps are not enabled by default on client versions of Windows
#

---------------  S U M M A R Y ------------

Command Line: -Dgroovy.home=C:\Users\Admin/.groovy -Djava.system.class.loader=groovy.lang.GroovyClassLoader -Xmx2048m -Dfile.encoding=UTF-8 -XX:+ShowCodeDetailsInExceptionMessages org.codehaus.groovy.tools.GroovyStarter --classpath D:\Katalon Studio\Final_Project_Testing\bin\keyword;D:\Katalon Studio\Final_Project_Testing\Keywords;D:\Katalon Studio\Final_Project_Testing\bin\listener;D:\Katalon Studio\Final_Project_Testing\Test Listeners;D:\Katalon Studio\Final_Project_Testing\bin\lib;D:\Katalon Studio\Final_Project_Testing\Libs;D:\Katalon Studio\Final_Project_Testing\bin\groovy;D:\Katalon Studio\Final_Project_Testing\Include\scripts\groovy;C:\Users\Admin\.katalon\packages\Katalon_Studio_Windows_64-9.2.0\Katalon_Studio_Windows_64-9.2.0\plugins\com.kms.katalon.core_1.0.0.202312271622.jar;C:\Users\Admin\.katalon\packages\Katalon_Studio_Windows_64-9.2.0\Katalon_Studio_Windows_64-9.2.0\configuration\resources\lib\aalto-xml-1.0.0.jar;C:\Users\Admin\.katalon\packages\Katalon_Studio_Windows_64-9.2.0\Katalon_Studio_Windows_64-9.2.0\configuration\resources\lib\aspectjweaver-1.9.1.jar;C:\Users\Admin\.katalon\packages\Katalon_Studio_Windows_64-9.2.0\Katalon_Studio_Windows_64-9.2.0\configuration\resources\lib\bcpkix-jdk15on-1.64.jar;C:\Users\Admin\.katalon\packages\Katalon_Studio_Windows_64-9.2.0\Katalon_Studio_Windows_64-9.2.0\configuration\resources\lib\bcprov-jdk15on-1.64.jar;C:\Users\Admin\.katalon\packages\Katalon_Studio_Windows_64-9.2.0\Katalon_Studio_Windows_64-9.2.0\configuration\resources\lib\browsermob-core-2.1.5.jar;C:\Users\Admin\.katalon\packages\Katalon_Studio_Windows_64-9.2.0\Katalon_Studio_Windows_64-9.2.0\configuration\resources\lib\cglib-3.2.10.jar;C:\Users\Admin\.katalon\packages\Katalon_Studio_Windows_64-9.2.0\Katalon_Studio_Windows_64-9.2.0\configuration\resources\lib\commons-codec-1.10.jar;C:\Users\Admin\.katalon\packages\Katalon_Studio_Windows_64-9.2.0\Katalon_Studio_Windows_64-9.2.0\configuration\resources\lib\commons-collections4-4.1.jar;C:\Users\Admin\.katalon\packages\Katalon_Studio_Windows_64-9.2.0\Katalon_Studio_Windows_64-9.2.0\configuration\resources\lib\commons-validator-1.6.jar;C:\Users\Admin\.katalon\packages\Katalon_Studio_Windows_64-9.2.0\Katalon_Studio_Windows_64-9.2.0\configuration\resources\lib\curvesapi-1.04.jar;C:\Users\Admin\.katalon\packages\Katalon_Studio_Windows_64-9.2.0\Katalon_Studio_Windows_64-9.2.0\configuration\resources\lib\dnsjava-2.1.8.jar;C:\Users\Admin\.katalon\packages\Katalon_Studio_Windows_64-9.2.0\Katalon_Studio_Windows_64-9.2.0\configuration\resources\lib\groovy-ant-3.0.17.jar;C:\Users\Admin\.katalon\packages\Katalon_Studio_Windows_64-9.2.0\Katalon_Studio_Windows_64-9.2.0\configuration\resources\lib\groovy-astbuilder-3.0.17.jar;C:\Users\Admin\.katalon\packages\Katalon_Studio_Windows_64-9.2.0\Katalon_Studio_Windows_64-9.2.0\configuration\resources\lib\groovy-cli-picocli-3.0.17.jar;C:\Users\Admin\.katalon\packages\Katalon_Studio_Windows_64-9.2.0\Katalon_Studio_Windows_64-9.2.0\configuration\resources\lib\groovy-console-3.0.17.jar;C:\Users\Admin\.katalon\packages\Katalon_Studio_Windows_64-9.2.0\Katalon_Studio_Windows_64-9.2.0\configuration\resources\lib\groovy-datetime-3.0.17.jar;C:\Users\Admin\.katalon\packages\Katalon_Studio_Windows_64-9.2.0\Katalon_Studio_Windows_64-9.2.0\configuration\resources\lib\groovy-dateutil-3.0.17.jar;C:\Users\Admin\.katalon\packages\Katalon_Studio_Windows_64-9.2.0\Katalon_Studio_Windows_64-9.2.0\configuration\resources\lib\groovy-docgenerator-3.0.17.jar;C:\Users\Admin\.katalon\packages\Katalon_Studio_Windows_64-9.2.0\Katalon_Studio_Windows_64-9.2.0\configuration\resources\lib\groovy-groovydoc-3.0.17.jar;C:\Users\Admin\.katalon\packages\Katalon_Studio_Windows_64-9.2.0\Katalon_Studio_Windows_64-9.2.0\configuration\resources\lib\groovy-groovysh-3.0.17.jar;C:\Users\Admin\.katalon\packages\Katalon_Studio_Windows_64-9.2.0\Katalon_Studio_Windows_64-9.2.0\configuration\resources\lib\groovy-jmx-3.0.17.jar;C:\Users\Admin\.katalon\packages\Katalon_Studio_Windows_64-9.2.0\Katalon_Studio_Windows_64-9.2.0\configuration\resources\lib\groovy-json-3.0.17.jar;C:\Users\Admin\.katalon\packages\Katalon_Studio_Windows_64-9.2.0\Katalon_Studio_Windows_64-9.2.0\configuration\resources\lib\groovy-jsr223-3.0.17.jar;C:\Users\Admin\.katalon\packages\Katalon_Studio_Windows_64-9.2.0\Katalon_Studio_Windows_64-9.2.0\configuration\resources\lib\groovy-macro-3.0.17.jar;C:\Users\Admin\.katalon\packages\Katalon_Studio_Windows_64-9.2.0\Katalon_Studio_Windows_64-9.2.0\configuration\resources\lib\groovy-nio-3.0.17.jar;C:\Users\Admin\.katalon\packages\Katalon_Studio_Windows_64-9.2.0\Katalon_Studio_Windows_64-9.2.0\configuration\resources\lib\groovy-servlet-3.0.17.jar;C:\Users\Admin\.katalon\packages\Katalon_Studio_Windows_64-9.2.0\Katalon_Studio_Windows_64-9.2.0\configuration\resources\lib\groovy-sql-3.0.17.jar;C:\Users\Admin\.katalon\packages\Katalon_Studio_Windows_64-9.2.0\Katalon_Studio_Windows_64-9.2.0\configuration\resources\lib\groovy-swing-3.0.17.jar;C:\Users\Admin\.katalon\packages\Katalon_Studio_Windows_64-9.2.0\Katalon_Studio_Windows_64-9.2.0\configuration\resources\lib\groovy-templates-3.0.17.jar;C:\Users\Admin\.katalon\packages\Katalon_Studio_Windows_64-9.2.0\Katalon_Studio_Windows_64-9.2.0\configuration\resources\lib\groovy-test-3.0.17.jar;C:\Users\Admin\.katalon\packages\Katalon_Studio_Windows_64-9.2.0\Katalon_Studio_Windows_64-9.2.0\configuration\resources\lib\groovy-test-junit5-3.0.17.jar;C:\Users\Admin\.katalon\packages\Katalon_Studio_Windows_64-9.2.0\Katalon_Studio_Windows_64-9.2.0\configuration\resources\lib\groovy-testng-3.0.17.jar;C:\Users\Admin\.katalon\packages\Katalon_Studio_Windows_64-9.2.0\Katalon_Studio_Windows_64-9.2.0\configuration\resources\lib\groovy-xml-3.0.17.jar;C:\Users\Admin\.katalon\packages\Katalon_Studio_Windows_64-9.2.0\Katalon_Studio_Windows_64-9.2.0\configuration\resources\lib\java-client-7.0.0.jar;C:\Users\Admin\.katalon\packages\Katalon_Studio_Windows_64-9.2.0\Katalon_Studio_Windows_64-9.2.0\configuration\resources\lib\javax.servlet-api_3.1.0.jar;C:\Users\Admin\.katalon\packages\Katalon_Studio_Windows_64-9.2.0\Katalon_Studio_Windows_64-9.2.0\configuration\resources\lib\jna-5.12.1.jar;C:\Users\Admin\.katalon\packages\Katalon_Studio_Windows_64-9.2.0\Katalon_Studio_Windows_64-9.2.0\configuration\resources\lib\jna-platform-5.12.1.jar;C:\Users\Admin\.katalon\packages\Katalon_Studio_Windows_64-9.2.0\Katalon_Studio_Windows_64-9.2.0\configuration\resources\lib\jzlib-1.1.3.jar;C:\Users\Admin\.katalon\packages\Katalon_Studio_Windows_64-9.2.0\Katalon_Studio_Windows_64-9.2.0\configuration\resources\lib\kat-server.jar;C:\Users\Admin\.katalon\packages\Katalon_Studio_Windows_64-9.2.0\Katalon_Studio_Windows_64-9.2.0\configuration\resources\lib\littleproxy-1.1.0-beta-bmp-17.jar;C:\Users\Admin\.katalon\packages\Katalon_Studio_Windows_64-9.2.0\Katalon_Studio_Windows_64-9.2.0\configuration\resources\lib\log4j-1.2-api-2.17.1.jar;C:\Users\Admin\.katalon\packages\Katalon_Studio_Windows_64-9.2.0\Katalon_Studio_Windows_64-9.2.0\configuration\resources\lib\log4j-api-2.17.1.jar;C:\Users\Admin\.katalon\packages\Katalon_Studio_Windows_64-9.2.0\Katalon_Studio_Windows_64-9.2.0\configuration\resources\lib\log4j-core-2.17.1.jar;C:\Users\Admin\.katalon\packages\Katalon_Studio_Windows_64-9.2.0\Katalon_Studio_Windows_64-9.2.0\configuration\resources\lib\mitm-2.1.5.jar;C:\Users\Admin\.katalon\packages\Katalon_Studio_Windows_64-9.2.0\Katalon_Studio_Windows_64-9.2.0\configuration\resources\lib\netty-all-4.1.70.Final.jar;C:\Users\Admin\.katalon\packages\Katalon_Studio_Windows_64-9.2.0\Katalon_Studio_Windows_64-9.2.0\configuration\resources\lib\poi-3.17.jar;C:\Users\Admin\.katalon\packages\Katalon_Studio_Windows_64-9.2.0\Katalon_Studio_Windows_64-9.2.0\configuration\resources\lib\poi-ooxml-3.17.jar;C:\Users\Admin\.katalon\packages\Katalon_Studio_Windows_64-9.2.0\Katalon_Studio_Windows_64-9.2.0\configuration\resources\lib\poi-ooxml-schemas-3.17.jar;C:\Users\Admin\.katalon\packages\Katalon_Studio_Windows_64-9.2.0\Katalon_Studio_Windows_64-9.2.0\configuration\resources\lib\proxy-vole-1.0.4-SNAPSHOT-jar-with-dependencies.jar;C:\Users\Admin\.katalon\packages\Katalon_Studio_Windows_64-9.2.0\Katalon_Studio_Windows_64-9.2.0\configuration\resources\lib\repackaged-sikuli-api-1.0.2-standalone.jar;C:\Users\Admin\.katalon\packages\Katalon_Studio_Windows_64-9.2.0\Katalon_Studio_Windows_64-9.2.0\configuration\resources\lib\selenium-leg-rc-3.141.59.jar;C:\Users\Admin\.katalon\packages\Katalon_Studio_Windows_64-9.2.0\Katalon_Studio_Windows_64-9.2.0\configuration\resources\lib\selenium-server-standalone-3.141.59.jar;C:\Users\Admin\.katalon\packages\Katalon_Studio_Windows_64-9.2.0\Katalon_Studio_Windows_64-9.2.0\configuration\resources\lib\selenium-shutterbug-1.1.jar;C:\Users\Admin\.katalon\packages\Katalon_Studio_Windows_64-9.2.0\Katalon_Studio_Windows_64-9.2.0\configuration\resources\lib\slf4j-api-1.7.25.jar;C:\Users\Admin\.katalon\packages\Katalon_Studio_Windows_64-9.2.0\Katalon_Studio_Windows_64-9.2.0\configuration\resources\lib\soap-builder-1.0.0.jar;C:\Users\Admin\.katalon\packages\Katalon_Studio_Windows_64-9.2.0\Katalon_Studio_Windows_64-9.2.0\configuration\resources\lib\soap-common-1.0.0.jar;C:\Users\Admin\.katalon\packages\Katalon_Studio_Windows_64-9.2.0\Katalon_Studio_Windows_64-9.2.0\configuration\resources\lib\soap-legacy-1.0.0.jar;C:\Users\Admin\.katalon\packages\Katalon_Studio_Windows_64-9.2.0\Katalon_Studio_Windows_64-9.2.0\configuration\resources\lib\spring-context-5.3.19.jar;C:\Users\Admin\.katalon\packages\Katalon_Studio_Windows_64-9.2.0\Katalon_Studio_Windows_64-9.2.0\configuration\resources\lib\stax2-api-4.0.0.jar;C:\Users\Admin\.katalon\packages\Katalon_Studio_Windows_64-9.2.0\Katalon_Studio_Windows_64-9.2.0\configuration\resources\lib\su.jar;C:\Users\Admin\.katalon\packages\Katalon_Studio_Windows_64-9.2.0\Katalon_Studio_Windows_64-9.2.0\configuration\resources\lib\testng-7.8.0.jar;C:\Users\Admin\.katalon\packages\Katalon_Studio_Windows_64-9.2.0\Katalon_Studio_Windows_64-9.2.0\configuration\resources\lib\wadl.jar;C:\Users\Admin\.katalon\packages\Katalon_Studio_Windows_64-9.2.0\Katalon_Studio_Windows_64-9.2.0\configuration\resources\lib\xmlbeans-3.1.0.jar;C:\Users\Admin\.katalon\packages\Katalon_Studio_Windows_64-9.2.0\Katalon_Studio_Windows_64-9.2.0\plugins\net.sf.supercsv.super-csv_2.1.0.jar;C:\Users\Admin\.katalon\packages\Katalon_Studio_Windows_64-9.2.0\Katalon_Studio_Windows_64-9.2.0\plugins\org.apache.commons.io_2.4.0.jar;C:\Users\Admin\.katalon\packages\Katalon_Studio_Windows_64-9.2.0\Katalon_Studio_Windows_64-9.2.0\plugins\org.apache.commons.lang_2.6.0.jar;C:\Users\Admin\.katalon\packages\Katalon_Studio_Windows_64-9.2.0\Katalon_Studio_Windows_64-9.2.0\plugins\com.google.gson_2.10.1.v20230109-0753.jar;C:\Users\Admin\.katalon\packages\Katalon_Studio_Windows_64-9.2.0\Katalon_Studio_Windows_64-9.2.0\plugins\org.jsoup_1.14.3.jar;C:\Users\Admin\.katalon\packages\Katalon_Studio_Windows_64-9.2.0\Katalon_Studio_Windows_64-9.2.0\plugins\org.apache.commons.dbutils_1.6.0.jar;C:\Users\Admin\.katalon\packages\Katalon_Studio_Windows_64-9.2.0\Katalon_Studio_Windows_64-9.2.0\plugins\com.oracle.jdbc.ojdbc7_12.1.0.2.jar;C:\Users\Admin\.katalon\packages\Katalon_Studio_Windows_64-9.2.0\Katalon_Studio_Windows_64-9.2.0\plugins\org.postgresql.jdbc_42.4.1.jar;c:\Users\Admin\.katalon\packages\Katalon_Studio_Windows_64-9.2.0\Katalon_Studio_Windows_64-9.2.0\plugins\org.eclipse.osgi_3.18.300.v20230220-1352.jar;C:\Users\Admin\.katalon\packages\Katalon_Studio_Windows_64-9.2.0\Katalon_Studio_Windows_64-9.2.0\plugins\com.kms.katalon.constant_1.0.0.202312271622.jar;C:\Users\Admin\.katalon\packages\Katalon_Studio_Windows_64-9.2.0\Katalon_Studio_Windows_64-9.2.0\plugins\org.eclipse.persistence.eclipselink_2.7.11.jar;C:\Users\Admin\.katalon\packages\Katalon_Studio_Windows_64-9.2.0\Katalon_Studio_Windows_64-9.2.0\plugins\com.kms.katalon.selenium-standalone_1.0.0.202312271622.jar;C:\Users\Admin\.katalon\packages\Katalon_Studio_Windows_64-9.2.0\Katalon_Studio_Windows_64-9.2.0\plugins\atu.testrecorder.screen-recorder_2.1.0.jar;C:\Users\Admin\.katalon\packages\Katalon_Studio_Windows_64-9.2.0\Katalon_Studio_Windows_64-9.2.0\plugins\com.google.guava_23.0.0.jar;C:\Users\Admin\.katalon\packages\Katalon_Studio_Windows_64-9.2.0\Katalon_Studio_Windows_64-9.2.0\plugins\com.kms.katalon.util_1.0.0.202312271622.jar;C:\Users\Admin\.katalon\packages\Katalon_Studio_Windows_64-9.2.0\Katalon_Studio_Windows_64-9.2.0\plugins\org.apache.httpcomponents.httpclient_4.5.14.v20221207-1049.jar;C:\Users\Admin\.katalon\packages\Katalon_Studio_Windows_64-9.2.0\Katalon_Studio_Windows_64-9.2.0\plugins\org.apache.httpcomponents.httpcore_4.4.16.v20221207-1049.jar;C:\Users\Admin\.katalon\packages\Katalon_Studio_Windows_64-9.2.0\Katalon_Studio_Windows_64-9.2.0\plugins\org.apache.httpcomponents.httpmime_4.5.1.jar;C:\Users\Admin\.katalon\packages\Katalon_Studio_Windows_64-9.2.0\Katalon_Studio_Windows_64-9.2.0\plugins\org.apache.commons.lang3_3.7.0.jar;C:\Users\Admin\.katalon\packages\Katalon_Studio_Windows_64-9.2.0\Katalon_Studio_Windows_64-9.2.0\plugins\org.greenrobot.eventbus_3.1.1.jar;C:\Users\Admin\.katalon\packages\Katalon_Studio_Windows_64-9.2.0\Katalon_Studio_Windows_64-9.2.0\plugins\org.assertj.core_3.10.0.jar;C:\Users\Admin\.katalon\packages\Katalon_Studio_Windows_64-9.2.0\Katalon_Studio_Windows_64-9.2.0\plugins\org.junit_4.13.2.v20211018-1956.jar;C:\Users\Admin\.katalon\packages\Katalon_Studio_Windows_64-9.2.0\Katalon_Studio_Windows_64-9.2.0\plugins\com.fasterxml.jackson.core.jackson-databind_2.14.0.jar;C:\Users\Admin\.katalon\packages\Katalon_Studio_Windows_64-9.2.0\Katalon_Studio_Windows_64-9.2.0\plugins\com.fasterxml.jackson.core.jackson-core_2.14.0.jar;C:\Users\Admin\.katalon\packages\Katalon_Studio_Windows_64-9.2.0\Katalon_Studio_Windows_64-9.2.0\plugins\com.fasterxml.jackson.core.jackson-annotations_2.14.0.jar;C:\Users\Admin\.katalon\packages\Katalon_Studio_Windows_64-9.2.0\Katalon_Studio_Windows_64-9.2.0\plugins\ch.qos.logback.classic_1.2.3.jar;C:\Users\Admin\.katalon\packages\Katalon_Studio_Windows_64-9.2.0\Katalon_Studio_Windows_64-9.2.0\plugins\ch.qos.logback.core_1.2.3.jar;C:\Users\Admin\.katalon\packages\Katalon_Studio_Windows_64-9.2.0\Katalon_Studio_Windows_64-9.2.0\plugins\slf4j.api_1.7.36.jar;C:\Users\Admin\.katalon\packages\Katalon_Studio_Windows_64-9.2.0\Katalon_Studio_Windows_64-9.2.0\plugins\org.fusesource.jansi_1.17.1.jar;C:\Users\Admin\.katalon\packages\Katalon_Studio_Windows_64-9.2.0\Katalon_Studio_Windows_64-9.2.0\plugins\com.kms.katalon.netlightbody_1.0.0.202312271622.jar;C:\Users\Admin\.katalon\packages\Katalon_Studio_Windows_64-9.2.0\Katalon_Studio_Windows_64-9.2.0\plugins\com.kms.katalon.poi_1.0.0.202312271622.jar;C:\Users\Admin\.katalon\packages\Katalon_Studio_Windows_64-9.2.0\Katalon_Studio_Windows_64-9.2.0\plugins\org.apache.commons.commons-text_1.10.0.jar;C:\Users\Admin\.katalon\packages\Katalon_Studio_Windows_64-9.2.0\Katalon_Studio_Windows_64-9.2.0\plugins\com.kms.katalon.proxyvole_1.0.0.202312271622.jar;C:\Users\Admin\.katalon\packages\Katalon_Studio_Windows_64-9.2.0\Katalon_Studio_Windows_64-9.2.0\plugins\com.microsoft.sqlserver.mssql-jdbc_6.2.2.jre8.jar;C:\Users\Admin\.katalon\packages\Katalon_Studio_Windows_64-9.2.0\Katalon_Studio_Windows_64-9.2.0\plugins\com.github.kklisura.cdt.java-client_2.1.0.jar;C:\Users\Admin\.katalon\packages\Katalon_Studio_Windows_64-9.2.0\Katalon_Studio_Windows_64-9.2.0\plugins\javax.websocket-api_1.1.0.jar;C:\Users\Admin\.katalon\packages\Katalon_Studio_Windows_64-9.2.0\Katalon_Studio_Windows_64-9.2.0\plugins\org.glassfish.tyrus.container-grizzly-client_1.13.1.jar;C:\Users\Admin\.katalon\packages\Katalon_Studio_Windows_64-9.2.0\Katalon_Studio_Windows_64-9.2.0\plugins\org.glassfish.grizzly.http-server_2.3.25.jar;C:\Users\Admin\.katalon\packages\Katalon_Studio_Windows_64-9.2.0\Katalon_Studio_Windows_64-9.2.0\plugins\org.glassfish.grizzly.framework_2.3.25.jar;C:\Users\Admin\.katalon\packages\Katalon_Studio_Windows_64-9.2.0\Katalon_Studio_Windows_64-9.2.0\plugins\org.glassfish.grizzly.http_2.3.25.jar;C:\Users\Admin\.katalon\packages\Katalon_Studio_Windows_64-9.2.0\Katalon_Studio_Windows_64-9.2.0\plugins\org.glassfish.tyrus.client_1.13.1.jar;C:\Users\Admin\.katalon\packages\Katalon_Studio_Windows_64-9.2.0\Katalon_Studio_Windows_64-9.2.0\plugins\org.glassfish.tyrus.core_1.13.1.jar;C:\Users\Admin\.katalon\packages\Katalon_Studio_Windows_64-9.2.0\Katalon_Studio_Windows_64-9.2.0\plugins\org.glassfish.tyrus.spi_1.13.1.jar;C:\Users\Admin\.katalon\packages\Katalon_Studio_Windows_64-9.2.0\Katalon_Studio_Windows_64-9.2.0\plugins\javassist_3.28.0.GA.jar;C:\Users\Admin\.katalon\packages\Katalon_Studio_Windows_64-9.2.0\Katalon_Studio_Windows_64-9.2.0\plugins\com.graphql-java_16.2.0.jar;C:\Users\Admin\.katalon\packages\Katalon_Studio_Windows_64-9.2.0\Katalon_Studio_Windows_64-9.2.0\plugins\org.glassfish.jaxb.runtime_2.3.6.jar;C:\Users\Admin\.katalon\packages\Katalon_Studio_Windows_64-9.2.0\Katalon_Studio_Windows_64-9.2.0\plugins\org.glassfish.jaxb.txw2_2.3.6.jar;C:\Users\Admin\.katalon\packages\Katalon_Studio_Windows_64-9.2.0\Katalon_Studio_Windows_64-9.2.0\plugins\org.dom4j_1.6.1.v201312101416.jar;C:\Users\Admin\.katalon\packages\Katalon_Studio_Windows_64-9.2.0\Katalon_Studio_Windows_64-9.2.0\plugins\com.kms.katalon.groovy-extended_1.0.0.202312271622.jar;C:\Users\Admin\.katalon\packages\Katalon_Studio_Windows_64-9.2.0\Katalon_Studio_Windows_64-9.2.0\plugins\com.sun.activation.javax.activation_1.2.0.jar;C:\Users\Admin\.katalon\packages\Katalon_Studio_Windows_64-9.2.0\Katalon_Studio_Windows_64-9.2.0\plugins\jakarta.xml.bind-api_2.3.3.jar;C:\Users\Admin\.katalon\packages\Katalon_Studio_Windows_64-9.2.0\Katalon_Studio_Windows_64-9.2.0\plugins\com.sun.xml.bind.jaxb-impl_2.3.6.jar;C:\Users\Admin\.katalon\packages\Katalon_Studio_Windows_64-9.2.0\Katalon_Studio_Windows_64-9.2.0\plugins\org.apache.commons.logging_1.2.0.v20180409-1502.jar;C:\Users\Admin\.katalon\packages\Katalon_Studio_Windows_64-9.2.0\Katalon_Studio_Windows_64-9.2.0\plugins\org.hamcrest.core_1.3.0.v20180420-1519.jar;C:\Users\Admin\.katalon\packages\Katalon_Studio_Windows_64-9.2.0\Katalon_Studio_Windows_64-9.2.0\plugins\org.beanshell.bsh_2.0.0.0b4.jar;C:\Users\Admin\.katalon\packages\Katalon_Studio_Windows_64-9.2.0\Katalon_Studio_Windows_64-9.2.0\plugins\org.apache.ant.launcher_1.9.6.jar;C:\Users\Admin\.katalon\packages\Katalon_Studio_Windows_64-9.2.0\Katalon_Studio_Windows_64-9.2.0\plugins\com.kms.katalon.core.appium_1.0.0.202312271622.jar;C:\Users\Admin\.katalon\packages\Katalon_Studio_Windows_64-9.2.0\Katalon_Studio_Windows_64-9.2.0\plugins\com.kms.katalon.logging_1.0.0.202312271622.jar;C:\Users\Admin\.katalon\packages\Katalon_Studio_Windows_64-9.2.0\Katalon_Studio_Windows_64-9.2.0\plugins\org.eclipse.equinox.common_3.17.100.v20230202-1341.jar;C:\Users\Admin\.katalon\packages\Katalon_Studio_Windows_64-9.2.0\Katalon_Studio_Windows_64-9.2.0\plugins\com.kms.katalon.core.webui_1.0.0.202312271622.jar;C:\Users\Admin\.katalon\packages\Katalon_Studio_Windows_64-9.2.0\Katalon_Studio_Windows_64-9.2.0\plugins\org.json_20140107.0.0.jar;C:\Users\Admin\.katalon\packages\Katalon_Studio_Windows_64-9.2.0\Katalon_Studio_Windows_64-9.2.0\plugins\org.eclipse.e4.core.contexts_1.11.0.v20220716-0839.jar;C:\Users\Admin\.katalon\packages\Katalon_Studio_Windows_64-9.2.0\Katalon_Studio_Windows_64-9.2.0\plugins\org.eclipse.e4.core.services_2.3.400.v20220915-1347.jar;C:\Users\Admin\.katalon\packages\Katalon_Studio_Windows_64-9.2.0\Katalon_Studio_Windows_64-9.2.0\plugins\com.kms.katalon.core.mobile_1.0.0.202312271622.jar;C:\Users\Admin\.katalon\packages\Katalon_Studio_Windows_64-9.2.0\Katalon_Studio_Windows_64-9.2.0\plugins\org.apache.commons.commons-validator_1.7.0.jar;C:\Users\Admin\.katalon\packages\Katalon_Studio_Windows_64-9.2.0\Katalon_Studio_Windows_64-9.2.0\plugins\com.kms.katalon.core.cucumber_1.0.0.202312271622.jar;C:\Users\Admin\.katalon\packages\Katalon_Studio_Windows_64-9.2.0\Katalon_Studio_Windows_64-9.2.0\plugins\io.cucumber.core_3.0.2.jar;C:\Users\Admin\.katalon\packages\Katalon_Studio_Windows_64-9.2.0\Katalon_Studio_Windows_64-9.2.0\plugins\io.cucumber.datatable_1.0.3.jar;C:\Users\Admin\.katalon\packages\Katalon_Studio_Windows_64-9.2.0\Katalon_Studio_Windows_64-9.2.0\plugins\io.cucumber.datatable-dependencies_1.0.3.jar;C:\Users\Admin\.katalon\packages\Katalon_Studio_Windows_64-9.2.0\Katalon_Studio_Windows_64-9.2.0\plugins\io.cucumber.expressions_5.0.19.jar;C:\Users\Admin\.katalon\packages\Katalon_Studio_Windows_64-9.2.0\Katalon_Studio_Windows_64-9.2.0\plugins\io.cucumber.gherkin_5.0.0.jar;C:\Users\Admin\.katalon\packages\Katalon_Studio_Windows_64-9.2.0\Katalon_Studio_Windows_64-9.2.0\plugins\io.cucumber.html_0.2.7.jar;C:\Users\Admin\.katalon\packages\Katalon_Studio_Windows_64-9.2.0\Katalon_Studio_Windows_64-9.2.0\plugins\io.cucumber.java_3.0.2.jar;C:\Users\Admin\.katalon\packages\Katalon_Studio_Windows_64-9.2.0\Katalon_Studio_Windows_64-9.2.0\plugins\io.cucumber.tag-expressions_1.1.1.jar;C:\Users\Admin\.katalon\packages\Katalon_Studio_Windows_64-9.2.0\Katalon_Studio_Windows_64-9.2.0\plugins\io.cucumber.junit_3.0.2.jar;C:\Users\Admin\.katalon\packages\Katalon_Studio_Windows_64-9.2.0\Katalon_Studio_Windows_64-9.2.0\plugins\com.kms.katalon.core.webservice_1.0.0.202312271622.jar;C:\Users\Admin\.katalon\packages\Katalon_Studio_Windows_64-9.2.0\Katalon_Studio_Windows_64-9.2.0\plugins\wsdl4j_1.6.2.jar;C:\Users\Admin\.katalon\packages\Katalon_Studio_Windows_64-9.2.0\Katalon_Studio_Windows_64-9.2.0\plugins\com.google.oauth-client.google-oauth-client_1.22.0.jar;C:\Users\Admin\.katalon\packages\Katalon_Studio_Windows_64-9.2.0\Katalon_Studio_Windows_64-9.2.0\plugins\com.google.http-client.google-http-client_1.22.0.jar;C:\Users\Admin\.katalon\packages\Katalon_Studio_Windows_64-9.2.0\Katalon_Studio_Windows_64-9.2.0\plugins\ca.juliusdavies.not-yet-commons-ssl_0.3.11.jar;C:\Users\Admin\.katalon\packages\Katalon_Studio_Windows_64-9.2.0\Katalon_Studio_Windows_64-9.2.0\plugins\com.kms.katalon.preferences_1.0.0.202312271622.jar;C:\Users\Admin\.katalon\packages\Katalon_Studio_Windows_64-9.2.0\Katalon_Studio_Windows_64-9.2.0\plugins\org.apache.xmlbeans_3.1.0.jar;C:\Users\Admin\.katalon\packages\Katalon_Studio_Windows_64-9.2.0\Katalon_Studio_Windows_64-9.2.0\plugins\com.kms.katalon.entity_1.0.0.202312271622.jar;C:\Users\Admin\.katalon\packages\Katalon_Studio_Windows_64-9.2.0\Katalon_Studio_Windows_64-9.2.0\plugins\org.antlr.antlr4-runtime_4.8.0.jar;C:\Users\Admin\.katalon\packages\Katalon_Studio_Windows_64-9.2.0\Katalon_Studio_Windows_64-9.2.0\plugins\com.networknt.json-schema-validator_1.0.66.jar;C:\Users\Admin\.katalon\packages\Katalon_Studio_Windows_64-9.2.0\Katalon_Studio_Windows_64-9.2.0\plugins\jakarta.xml.ws-api_2.3.3.jar;C:\Users\Admin\.katalon\packages\Katalon_Studio_Windows_64-9.2.0\Katalon_Studio_Windows_64-9.2.0\plugins\javax.xml.soap-api_1.4.0.jar;C:\Users\Admin\.katalon\packages\Katalon_Studio_Windows_64-9.2.0\Katalon_Studio_Windows_64-9.2.0\plugins\com.kms.katalon.core.windows_1.0.0.202312271622.jar;C:\Users\Admin\.katalon\packages\Katalon_Studio_Windows_64-9.2.0\Katalon_Studio_Windows_64-9.2.0\plugins\com.kms.katalon.core.testng_1.0.0.202312271622.jar;C:\Users\Admin\.katalon\packages\Katalon_Studio_Windows_64-9.2.0\Katalon_Studio_Windows_64-9.2.0\configuration\org.eclipse.osgi\27\0\.cp\resources\basic-report\katalon-studio-report-plugin.jar;C:\Users\Admin\.katalon\packages\Katalon_Studio_Windows_64-9.2.0\Katalon_Studio_Windows_64-9.2.0\plugins\org.codehaus.groovy_3.0.17.v202303311542-e2303\lib\groovy-3.0.17-indy.jar;C:\Users\Admin\.katalon\packages\Katalon_Studio_Windows_64-9.2.0\Katalon_Studio_Windows_64-9.2.0\plugins\org.codehaus.groovy_3.0.17.v202303311542-e2303\lib\ivy-2.5.1.jar --main groovy.ui.GroovyMain --encoding UTF-8 --indy D:\Katalon Studio\Final_Project_Testing\Libs\TempTestCaseBinding1704987140793.groovy

Host: Intel(R) Core(TM) i3 CPU       M 380  @ 2.53GHz, 4 cores, 3G,  Windows 10 , 64 bit Build 16299 (10.0.16299.431)
Time: Thu Jan 11 22:32:34 2024 SE Asia Standard Time elapsed time: 12.026351 seconds (0d 0h 0m 12s)

---------------  T H R E A D  ---------------

Current thread (0x000001f324079df0):  JavaThread "C2 CompilerThread0" daemon [_thread_in_native, id=10228, stack(0x0000005697700000,0x0000005697800000)]


Current CompileTask:
C2:  12026 5241  s!   4       jdk.internal.loader.URLClassPath::getLoader (194 bytes)

Stack: [0x0000005697700000,0x0000005697800000]
Native frames: (J=compiled Java code, j=interpreted, Vv=VM code, C=native code)
V  [jvm.dll+0x67754a]
V  [jvm.dll+0x834304]
V  [jvm.dll+0x835aae]
V  [jvm.dll+0x836113]
V  [jvm.dll+0x24696f]
V  [jvm.dll+0xac0ac]
V  [jvm.dll+0xac67c]
V  [jvm.dll+0x364de2]
V  [jvm.dll+0x1bcc02]
V  [jvm.dll+0x219799]
V  [jvm.dll+0x218a61]
V  [jvm.dll+0x1a4d8d]
V  [jvm.dll+0x2284da]
V  [jvm.dll+0x226615]
V  [jvm.dll+0x7ea90b]
V  [jvm.dll+0x7e4e7a]
V  [jvm.dll+0x676395]
C  [ucrtbase.dll+0x1dab5]
C  [KERNEL32.DLL+0x11fe4]
C  [ntdll.dll+0x6cb81]


---------------  P R O C E S S  ---------------

Threads class SMR info:
_java_thread_list=0x000001f32991bb40, length=16, elements={
0x000001f30a8aaba0, 0x000001f32404b620, 0x000001f32404d5d0, 0x000001f324035a00,
0x000001f3240372d0, 0x000001f324075780, 0x000001f324075c50, 0x000001f324079df0,
0x000001f3240912c0, 0x000001f3240f0ee0, 0x000001f3242f9970, 0x000001f324d3e460,
0x000001f329812cf0, 0x000001f32b5b7b40, 0x000001f3294ba900, 0x000001f32a8cee80
}

Java Threads: ( => current thread )
  0x000001f30a8aaba0 JavaThread "Forwarding newSession on session null to remote" [_thread_blocked, id=8120, stack(0x0000005696a00000,0x0000005696b00000)]
  0x000001f32404b620 JavaThread "Reference Handler" daemon [_thread_blocked, id=8200, stack(0x0000005697100000,0x0000005697200000)]
  0x000001f32404d5d0 JavaThread "Finalizer" daemon [_thread_blocked, id=5152, stack(0x0000005697200000,0x0000005697300000)]
  0x000001f324035a00 JavaThread "Signal Dispatcher" daemon [_thread_blocked, id=14268, stack(0x0000005697300000,0x0000005697400000)]
  0x000001f3240372d0 JavaThread "Attach Listener" daemon [_thread_blocked, id=3244, stack(0x0000005697400000,0x0000005697500000)]
  0x000001f324075780 JavaThread "Service Thread" daemon [_thread_blocked, id=1728, stack(0x0000005697500000,0x0000005697600000)]
  0x000001f324075c50 JavaThread "Monitor Deflation Thread" daemon [_thread_blocked, id=13924, stack(0x0000005697600000,0x0000005697700000)]
=>0x000001f324079df0 JavaThread "C2 CompilerThread0" daemon [_thread_in_native, id=10228, stack(0x0000005697700000,0x0000005697800000)]
  0x000001f3240912c0 JavaThread "C1 CompilerThread0" daemon [_thread_blocked, id=13712, stack(0x0000005697800000,0x0000005697900000)]
  0x000001f3240f0ee0 JavaThread "Sweeper thread" daemon [_thread_blocked, id=13688, stack(0x0000005697900000,0x0000005697a00000)]
  0x000001f3242f9970 JavaThread "Common-Cleaner" daemon [_thread_blocked, id=7824, stack(0x0000005697a00000,0x0000005697b00000)]
  0x000001f324d3e460 JavaThread "Notification Thread" daemon [_thread_blocked, id=9636, stack(0x0000005697d00000,0x0000005697e00000)]
  0x000001f329812cf0 JavaThread "Exec Default Executor" daemon [_thread_in_native, id=14204, stack(0x0000005698100000,0x0000005698200000)]
  0x000001f32b5b7b40 JavaThread "UrlChecker-2" daemon [_thread_blocked, id=4888, stack(0x0000005698200000,0x0000005698300000)]
  0x000001f3294ba900 JavaThread "Exec Stream Pumper" daemon [_thread_in_native, id=7996, stack(0x0000005698300000,0x0000005698400000)]
  0x000001f32a8cee80 JavaThread "Exec Stream Pumper" daemon [_thread_in_native, id=6088, stack(0x0000005698400000,0x0000005698500000)]

Other Threads:
  0x000001f324028890 VMThread "VM Thread" [stack: 0x0000005697000000,0x0000005697100000] [id=1432]
  0x000001f324bafe50 WatcherThread [stack: 0x0000005697e00000,0x0000005697f00000] [id=12800]
  0x000001f30a905530 GCTaskThread "GC Thread#0" [stack: 0x0000005696b00000,0x0000005696c00000] [id=5404]
  0x000001f324778b60 GCTaskThread "GC Thread#1" [stack: 0x0000005697c00000,0x0000005697d00000] [id=908]
  0x000001f3292fa500 GCTaskThread "GC Thread#2" [stack: 0x0000005697f00000,0x0000005698000000] [id=9392]
  0x000001f3298c8930 GCTaskThread "GC Thread#3" [stack: 0x0000005698000000,0x0000005698100000] [id=4608]
  0x000001f30a916370 ConcurrentGCThread "G1 Main Marker" [stack: 0x0000005696c00000,0x0000005696d00000] [id=4820]
  0x000001f30a917980 ConcurrentGCThread "G1 Conc#0" [stack: 0x0000005696d00000,0x0000005696e00000] [id=6344]
  0x000001f323e74940 ConcurrentGCThread "G1 Refine#0" [stack: 0x0000005696e00000,0x0000005696f00000] [id=7696]
  0x000001f30a92ebc0 ConcurrentGCThread "G1 Service" [stack: 0x0000005696f00000,0x0000005697000000] [id=3236]

Threads with active compile tasks:
C2 CompilerThread0    12058 5241  s!   4       jdk.internal.loader.URLClassPath::getLoader (194 bytes)

VM state: not at safepoint (normal execution)

VM Mutex/Monitor currently owned by a thread: None

Heap address: 0x0000000080000000, size: 2048 MB, Compressed Oops mode: 32-bit

CDS archive(s) not mapped
Compressed class space mapped at: 0x0000000100000000-0x0000000140000000, reserved size: 1073741824
Narrow klass base: 0x0000000000000000, Narrow klass shift: 3, Narrow klass range: 0x140000000

GC Precious Log:
 CPUs: 4 total, 4 available
 Memory: 3766M
 Large Page Support: Disabled
 NUMA Support: Disabled
 Compressed Oops: Enabled (32-bit)
 Heap Region Size: 1M
 Heap Min Capacity: 8M
 Heap Initial Capacity: 60M
 Heap Max Capacity: 2G
 Pre-touch: Disabled
 Parallel Workers: 4
 Concurrent Workers: 1
 Concurrent Refinement Workers: 4
 Periodic GC: Disabled

Heap:
 garbage-first heap   total 89088K, used 71897K [0x0000000080000000, 0x0000000100000000)
  region size 1024K, 45 young (46080K), 5 survivors (5120K)
 Metaspace       used 40776K, committed 41216K, reserved 1114112K
  class space    used 4413K, committed 4608K, reserved 1048576K

Heap Regions: E=young(eden), S=young(survivor), O=old, HS=humongous(starts), HC=humongous(continues), CS=collection set, F=free, OA=open archive, CA=closed archive, TAMS=top-at-mark-start (previous, next)
|   0|0x0000000080000000, 0x0000000080100000, 0x0000000080100000|100%|HS|  |TAMS 0x0000000080100000, 0x0000000080000000| Complete 
|   1|0x0000000080100000, 0x0000000080200000, 0x0000000080200000|100%|HS|  |TAMS 0x0000000080200000, 0x0000000080100000| Complete 
|   2|0x0000000080200000, 0x0000000080300000, 0x0000000080300000|100%| O|  |TAMS 0x0000000080300000, 0x0000000080200000| Untracked 
|   3|0x0000000080300000, 0x0000000080400000, 0x0000000080400000|100%| O|  |TAMS 0x0000000080400000, 0x0000000080300000| Untracked 
|   4|0x0000000080400000, 0x0000000080500000, 0x0000000080500000|100%| O|  |TAMS 0x0000000080500000, 0x0000000080400000| Untracked 
|   5|0x0000000080500000, 0x0000000080600000, 0x0000000080600000|100%| O|  |TAMS 0x0000000080600000, 0x0000000080500000| Untracked 
|   6|0x0000000080600000, 0x0000000080700000, 0x0000000080700000|100%| O|  |TAMS 0x0000000080700000, 0x0000000080600000| Untracked 
|   7|0x0000000080700000, 0x0000000080800000, 0x0000000080800000|100%| O|  |TAMS 0x0000000080800000, 0x0000000080700000| Untracked 
|   8|0x0000000080800000, 0x0000000080900000, 0x0000000080900000|100%| O|  |TAMS 0x0000000080900000, 0x0000000080800000| Untracked 
|   9|0x0000000080900000, 0x0000000080a00000, 0x0000000080a00000|100%|HS|  |TAMS 0x0000000080a00000, 0x0000000080900000| Complete 
|  10|0x0000000080a00000, 0x0000000080b00000, 0x0000000080b00000|100%|HC|  |TAMS 0x0000000080b00000, 0x0000000080a00000| Complete 
|  11|0x0000000080b00000, 0x0000000080c00000, 0x0000000080c00000|100%| O|  |TAMS 0x0000000080c00000, 0x0000000080b00000| Untracked 
|  12|0x0000000080c00000, 0x0000000080d00000, 0x0000000080d00000|100%| O|  |TAMS 0x0000000080d00000, 0x0000000080c00000| Untracked 
|  13|0x0000000080d00000, 0x0000000080e00000, 0x0000000080e00000|100%| O|  |TAMS 0x0000000080e00000, 0x0000000080d00000| Untracked 
|  14|0x0000000080e00000, 0x0000000080f00000, 0x0000000080f00000|100%| O|  |TAMS 0x0000000080f00000, 0x0000000080e00000| Untracked 
|  15|0x0000000080f00000, 0x0000000081000000, 0x0000000081000000|100%| O|  |TAMS 0x0000000081000000, 0x0000000080f00000| Untracked 
|  16|0x0000000081000000, 0x0000000081100000, 0x0000000081100000|100%| O|  |TAMS 0x0000000081100000, 0x0000000081000000| Untracked 
|  17|0x0000000081100000, 0x0000000081200000, 0x0000000081200000|100%| O|  |TAMS 0x0000000081200000, 0x0000000081100000| Untracked 
|  18|0x0000000081200000, 0x0000000081300000, 0x0000000081300000|100%| O|  |TAMS 0x0000000081300000, 0x0000000081200000| Untracked 
|  19|0x0000000081300000, 0x0000000081400000, 0x0000000081400000|100%| O|  |TAMS 0x0000000081400000, 0x0000000081300000| Untracked 
|  20|0x0000000081400000, 0x0000000081500000, 0x0000000081500000|100%| O|  |TAMS 0x0000000081500000, 0x0000000081400000| Untracked 
|  21|0x0000000081500000, 0x0000000081600000, 0x0000000081600000|100%| O|  |TAMS 0x0000000081600000, 0x0000000081500000| Untracked 
|  22|0x0000000081600000, 0x0000000081700000, 0x0000000081700000|100%| O|  |TAMS 0x0000000081700000, 0x0000000081600000| Untracked 
|  23|0x0000000081700000, 0x0000000081800000, 0x0000000081800000|100%| O|  |TAMS 0x0000000081700000, 0x0000000081700000| Untracked 
|  24|0x0000000081800000, 0x0000000081873000, 0x0000000081900000| 44%| O|  |TAMS 0x0000000081800000, 0x0000000081800000| Untracked 
|  25|0x0000000081900000, 0x0000000081900000, 0x0000000081a00000|  0%| F|  |TAMS 0x0000000081900000, 0x0000000081900000| Untracked 
|  26|0x0000000081a00000, 0x0000000081b00000, 0x0000000081b00000|100%| O|  |TAMS 0x0000000081b00000, 0x0000000081a00000| Untracked 
|  27|0x0000000081b00000, 0x0000000081c00000, 0x0000000081c00000|100%| O|  |TAMS 0x0000000081c00000, 0x0000000081b00000| Untracked 
|  28|0x0000000081c00000, 0x0000000081c00000, 0x0000000081d00000|  0%| F|  |TAMS 0x0000000081c00000, 0x0000000081c00000| Untracked 
|  29|0x0000000081d00000, 0x0000000081d00000, 0x0000000081e00000|  0%| F|  |TAMS 0x0000000081d00000, 0x0000000081d00000| Untracked 
|  30|0x0000000081e00000, 0x0000000081e00000, 0x0000000081f00000|  0%| F|  |TAMS 0x0000000081e00000, 0x0000000081e00000| Untracked 
|  31|0x0000000081f00000, 0x0000000081f00000, 0x0000000082000000|  0%| F|  |TAMS 0x0000000081f00000, 0x0000000081f00000| Untracked 
|  32|0x0000000082000000, 0x0000000082000000, 0x0000000082100000|  0%| F|  |TAMS 0x0000000082000000, 0x0000000082000000| Untracked 
|  33|0x0000000082100000, 0x0000000082100000, 0x0000000082200000|  0%| F|  |TAMS 0x0000000082100000, 0x0000000082100000| Untracked 
|  34|0x0000000082200000, 0x0000000082200000, 0x0000000082300000|  0%| F|  |TAMS 0x0000000082200000, 0x0000000082200000| Untracked 
|  35|0x0000000082300000, 0x0000000082300000, 0x0000000082400000|  0%| F|  |TAMS 0x0000000082300000, 0x0000000082300000| Untracked 
|  36|0x0000000082400000, 0x0000000082400000, 0x0000000082500000|  0%| F|  |TAMS 0x0000000082400000, 0x0000000082400000| Untracked 
|  37|0x0000000082500000, 0x0000000082500000, 0x0000000082600000|  0%| F|  |TAMS 0x0000000082500000, 0x0000000082500000| Untracked 
|  38|0x0000000082600000, 0x0000000082600000, 0x0000000082700000|  0%| F|  |TAMS 0x0000000082600000, 0x0000000082600000| Untracked 
|  39|0x0000000082700000, 0x0000000082700000, 0x0000000082800000|  0%| F|  |TAMS 0x0000000082700000, 0x0000000082700000| Untracked 
|  40|0x0000000082800000, 0x0000000082800000, 0x0000000082900000|  0%| F|  |TAMS 0x0000000082800000, 0x0000000082800000| Untracked 
|  41|0x0000000082900000, 0x0000000082900000, 0x0000000082a00000|  0%| F|  |TAMS 0x0000000082900000, 0x0000000082900000| Untracked 
|  42|0x0000000082a00000, 0x0000000082a67270, 0x0000000082b00000| 40%| E|  |TAMS 0x0000000082a00000, 0x0000000082a00000| Complete 
|  43|0x0000000082b00000, 0x0000000082c00000, 0x0000000082c00000|100%| E|CS|TAMS 0x0000000082b00000, 0x0000000082b00000| Complete 
|  44|0x0000000082c00000, 0x0000000082d00000, 0x0000000082d00000|100%| E|CS|TAMS 0x0000000082c00000, 0x0000000082c00000| Complete 
|  45|0x0000000082d00000, 0x0000000082e00000, 0x0000000082e00000|100%| E|CS|TAMS 0x0000000082d00000, 0x0000000082d00000| Complete 
|  46|0x0000000082e00000, 0x0000000082f00000, 0x0000000082f00000|100%| E|CS|TAMS 0x0000000082e00000, 0x0000000082e00000| Complete 
|  47|0x0000000082f00000, 0x0000000082fc3710, 0x0000000083000000| 76%| S|CS|TAMS 0x0000000082f00000, 0x0000000082f00000| Complete 
|  48|0x0000000083000000, 0x0000000083100000, 0x0000000083100000|100%| S|CS|TAMS 0x0000000083000000, 0x0000000083000000| Complete 
|  49|0x0000000083100000, 0x0000000083200000, 0x0000000083200000|100%| S|CS|TAMS 0x0000000083100000, 0x0000000083100000| Complete 
|  50|0x0000000083200000, 0x0000000083300000, 0x0000000083300000|100%| S|CS|TAMS 0x0000000083200000, 0x0000000083200000| Complete 
|  51|0x0000000083300000, 0x0000000083400000, 0x0000000083400000|100%| S|CS|TAMS 0x0000000083300000, 0x0000000083300000| Complete 
|  52|0x0000000083400000, 0x0000000083500000, 0x0000000083500000|100%| E|CS|TAMS 0x0000000083400000, 0x0000000083400000| Complete 
|  53|0x0000000083500000, 0x0000000083600000, 0x0000000083600000|100%| E|CS|TAMS 0x0000000083500000, 0x0000000083500000| Complete 
|  54|0x0000000083600000, 0x0000000083700000, 0x0000000083700000|100%| E|CS|TAMS 0x0000000083600000, 0x0000000083600000| Complete 
|  55|0x0000000083700000, 0x0000000083800000, 0x0000000083800000|100%| E|CS|TAMS 0x0000000083700000, 0x0000000083700000| Complete 
|  56|0x0000000083800000, 0x0000000083900000, 0x0000000083900000|100%| E|CS|TAMS 0x0000000083800000, 0x0000000083800000| Complete 
|  57|0x0000000083900000, 0x0000000083a00000, 0x0000000083a00000|100%| E|CS|TAMS 0x0000000083900000, 0x0000000083900000| Complete 
|  58|0x0000000083a00000, 0x0000000083b00000, 0x0000000083b00000|100%| E|CS|TAMS 0x0000000083a00000, 0x0000000083a00000| Complete 
|  59|0x0000000083b00000, 0x0000000083c00000, 0x0000000083c00000|100%| E|CS|TAMS 0x0000000083b00000, 0x0000000083b00000| Complete 
|  60|0x0000000083c00000, 0x0000000083d00000, 0x0000000083d00000|100%| E|CS|TAMS 0x0000000083c00000, 0x0000000083c00000| Complete 
|  61|0x0000000083d00000, 0x0000000083e00000, 0x0000000083e00000|100%| E|CS|TAMS 0x0000000083d00000, 0x0000000083d00000| Complete 
|  62|0x0000000083e00000, 0x0000000083f00000, 0x0000000083f00000|100%| E|CS|TAMS 0x0000000083e00000, 0x0000000083e00000| Complete 
|  63|0x0000000083f00000, 0x0000000084000000, 0x0000000084000000|100%| E|CS|TAMS 0x0000000083f00000, 0x0000000083f00000| Complete 
|  64|0x0000000084000000, 0x0000000084100000, 0x0000000084100000|100%| E|CS|TAMS 0x0000000084000000, 0x0000000084000000| Complete 
|  65|0x0000000084100000, 0x0000000084200000, 0x0000000084200000|100%| E|CS|TAMS 0x0000000084100000, 0x0000000084100000| Complete 
|  66|0x0000000084200000, 0x0000000084300000, 0x0000000084300000|100%| E|CS|TAMS 0x0000000084200000, 0x0000000084200000| Complete 
|  67|0x0000000084300000, 0x0000000084400000, 0x0000000084400000|100%| E|CS|TAMS 0x0000000084300000, 0x0000000084300000| Complete 
|  68|0x0000000084400000, 0x0000000084500000, 0x0000000084500000|100%| E|CS|TAMS 0x0000000084400000, 0x0000000084400000| Complete 
|  69|0x0000000084500000, 0x0000000084600000, 0x0000000084600000|100%| E|CS|TAMS 0x0000000084500000, 0x0000000084500000| Complete 
|  70|0x0000000084600000, 0x0000000084700000, 0x0000000084700000|100%| E|CS|TAMS 0x0000000084600000, 0x0000000084600000| Complete 
|  71|0x0000000084700000, 0x0000000084800000, 0x0000000084800000|100%| E|CS|TAMS 0x0000000084700000, 0x0000000084700000| Complete 
|  72|0x0000000084800000, 0x0000000084900000, 0x0000000084900000|100%| E|CS|TAMS 0x0000000084800000, 0x0000000084800000| Complete 
|  73|0x0000000084900000, 0x0000000084a00000, 0x0000000084a00000|100%| E|CS|TAMS 0x0000000084900000, 0x0000000084900000| Complete 
|  74|0x0000000084a00000, 0x0000000084b00000, 0x0000000084b00000|100%| E|CS|TAMS 0x0000000084a00000, 0x0000000084a00000| Complete 
|  75|0x0000000084b00000, 0x0000000084c00000, 0x0000000084c00000|100%| E|CS|TAMS 0x0000000084b00000, 0x0000000084b00000| Complete 
|  76|0x0000000084c00000, 0x0000000084d00000, 0x0000000084d00000|100%| E|CS|TAMS 0x0000000084c00000, 0x0000000084c00000| Complete 
|  77|0x0000000084d00000, 0x0000000084e00000, 0x0000000084e00000|100%| E|CS|TAMS 0x0000000084d00000, 0x0000000084d00000| Complete 
|  78|0x0000000084e00000, 0x0000000084f00000, 0x0000000084f00000|100%| E|CS|TAMS 0x0000000084e00000, 0x0000000084e00000| Complete 
|  79|0x0000000084f00000, 0x0000000085000000, 0x0000000085000000|100%| E|CS|TAMS 0x0000000084f00000, 0x0000000084f00000| Complete 
|  80|0x0000000085000000, 0x0000000085100000, 0x0000000085100000|100%| E|CS|TAMS 0x0000000085000000, 0x0000000085000000| Complete 
|  81|0x0000000085100000, 0x0000000085200000, 0x0000000085200000|100%| E|CS|TAMS 0x0000000085100000, 0x0000000085100000| Complete 
|  82|0x0000000085200000, 0x0000000085300000, 0x0000000085300000|100%| E|CS|TAMS 0x0000000085200000, 0x0000000085200000| Complete 
|  83|0x0000000085300000, 0x0000000085400000, 0x0000000085400000|100%| E|CS|TAMS 0x0000000085300000, 0x0000000085300000| Complete 
|  84|0x0000000085400000, 0x0000000085500000, 0x0000000085500000|100%| E|CS|TAMS 0x0000000085400000, 0x0000000085400000| Complete 
|  85|0x0000000085500000, 0x0000000085600000, 0x0000000085600000|100%| E|CS|TAMS 0x0000000085500000, 0x0000000085500000| Complete 
|  86|0x0000000085600000, 0x0000000085700000, 0x0000000085700000|100%| E|CS|TAMS 0x0000000085600000, 0x0000000085600000| Complete 

Card table byte_map: [0x000001f31d320000,0x000001f31d720000] _byte_map_base: 0x000001f31cf20000

Marking Bits (Prev, Next): (CMBitMap*) 0x000001f30a905a40, (CMBitMap*) 0x000001f30a905a80
 Prev Bits: [0x000001f31db20000, 0x000001f31fb20000)
 Next Bits: [0x000001f31fb20000, 0x000001f321b20000)

Polling page: 0x000001f3087c0000

Metaspace:

Usage:
  Non-class:     35.51 MB used.
      Class:      4.31 MB used.
       Both:     39.82 MB used.

Virtual space:
  Non-class space:       64.00 MB reserved,      35.75 MB ( 56%) committed,  1 nodes.
      Class space:        1.00 GB reserved,       4.50 MB ( <1%) committed,  1 nodes.
             Both:        1.06 GB reserved,      40.25 MB (  4%) committed. 

Chunk freelists:
   Non-Class:  12.08 MB
       Class:  11.51 MB
        Both:  23.59 MB

MaxMetaspaceSize: unlimited
CompressedClassSpaceSize: 1.00 GB
Initial GC threshold: 21.00 MB
Current GC threshold: 58.75 MB
CDS: off
MetaspaceReclaimPolicy: balanced
 - commit_granule_bytes: 65536.
 - commit_granule_words: 8192.
 - virtual_space_node_default_size: 8388608.
 - enlarge_chunks_in_place: 1.
 - new_chunks_are_fully_committed: 0.
 - uncommit_free_chunks: 1.
 - use_allocation_guard: 0.
 - handle_deallocations: 1.


Internal statistics:

num_allocs_failed_limit: 6.
num_arena_births: 564.
num_arena_deaths: 0.
num_vsnodes_births: 2.
num_vsnodes_deaths: 0.
num_space_committed: 644.
num_space_uncommitted: 0.
num_chunks_returned_to_freelist: 6.
num_chunks_taken_from_freelist: 1499.
num_chunk_merges: 6.
num_chunk_splits: 1023.
num_chunks_enlarged: 686.
num_inconsistent_stats: 0.

CodeHeap 'non-profiled nmethods': size=120000Kb used=1383Kb max_used=1822Kb free=118616Kb
 bounds [0x000001f3159f0000, 0x000001f315c60000, 0x000001f31cf20000]
CodeHeap 'profiled nmethods': size=120000Kb used=6754Kb max_used=9098Kb free=113245Kb
 bounds [0x000001f30df20000, 0x000001f30e810000, 0x000001f315450000]
CodeHeap 'non-nmethods': size=5760Kb used=2294Kb max_used=2334Kb free=3465Kb
 bounds [0x000001f315450000, 0x000001f3156c0000, 0x000001f3159f0000]
 total_blobs=4897 nmethods=4086 adapters=724
 compilation: enabled
              stopped_count=0, restarted_count=0
 full_count=0

Compilation events (20 events):
Event: 11.874 Thread 0x000001f3240912c0 5300       2       java.lang.ProcessEnvironment$CheckedEntry::getKey (5 bytes)
Event: 11.874 Thread 0x000001f3240912c0 nmethod 5300 0x000001f30e137090 code [0x000001f30e137240, 0x000001f30e1373a8]
Event: 11.874 Thread 0x000001f3240912c0 5301       2       java.lang.ProcessEnvironment$CheckedEntry::getKey (13 bytes)
Event: 11.874 Thread 0x000001f3240912c0 nmethod 5301 0x000001f30e147a10 code [0x000001f30e147bc0, 0x000001f30e147d28]
Event: 11.877 Thread 0x000001f3240912c0 5302       3       java.lang.String::replace (42 bytes)
Event: 11.878 Thread 0x000001f3240912c0 nmethod 5302 0x000001f30e352d10 code [0x000001f30e352ee0, 0x000001f30e353218]
Event: 11.890 Thread 0x000001f3240912c0 5305       2       jdk.internal.org.objectweb.asm.Type::getType (10 bytes)
Event: 11.890 Thread 0x000001f3240912c0 nmethod 5305 0x000001f30e148a10 code [0x000001f30e148ba0, 0x000001f30e148cc8]
Event: 11.893 Thread 0x000001f3240912c0 5307       2       java.util.Properties::getProperty (16 bytes)
Event: 11.893 Thread 0x000001f3240912c0 nmethod 5307 0x000001f30e3a7b10 code [0x000001f30e3a7ca0, 0x000001f30e3a7de8]
Event: 11.893 Thread 0x000001f3240912c0 5308       2       java.util.List::of (9 bytes)
Event: 11.894 Thread 0x000001f3240912c0 nmethod 5308 0x000001f30e29c890 code [0x000001f30e29ca40, 0x000001f30e29cd08]
Event: 11.898 Thread 0x000001f3240912c0 5310       1       java.util.concurrent.locks.AbstractOwnableSynchronizer::setExclusiveOwnerThread (6 bytes)
Event: 11.898 Thread 0x000001f3240912c0 nmethod 5310 0x000001f3159f7590 code [0x000001f3159f7720, 0x000001f3159f7838]
Event: 11.999 Thread 0x000001f3240912c0 5311       2       java.io.PrintStream::ensureOpen (18 bytes)
Event: 12.000 Thread 0x000001f3240912c0 nmethod 5311 0x000001f30e3a0810 code [0x000001f30e3a09c0, 0x000001f30e3a0b88]
Event: 12.000 Thread 0x000001f3240912c0 5312       2       org.openqa.selenium.io.MultiOutputStream::write (24 bytes)
Event: 12.000 Thread 0x000001f3240912c0 nmethod 5312 0x000001f30e173f90 code [0x000001f30e174140, 0x000001f30e1742b8]
Event: 12.000 Thread 0x000001f3240912c0 5313  s    2       org.openqa.selenium.io.CircularOutputStream::write (87 bytes)
Event: 12.001 Thread 0x000001f3240912c0 nmethod 5313 0x000001f30e3ca090 code [0x000001f30e3ca220, 0x000001f30e3ca458]

GC Heap History (20 events):
Event: 3.888 GC heap before
{Heap before GC invocations=5 (full 0):
 garbage-first heap   total 61440K, used 40659K [0x0000000080000000, 0x0000000100000000)
  region size 1024K, 22 young (22528K), 3 survivors (3072K)
 Metaspace       used 18558K, committed 18752K, reserved 1114112K
  class space    used 1751K, committed 1856K, reserved 1048576K
}
Event: 3.903 GC heap after
{Heap after GC invocations=6 (full 0):
 garbage-first heap   total 73728K, used 22455K [0x0000000080000000, 0x0000000100000000)
  region size 1024K, 2 young (2048K), 2 survivors (2048K)
 Metaspace       used 18558K, committed 18752K, reserved 1114112K
  class space    used 1751K, committed 1856K, reserved 1048576K
}
Event: 4.547 GC heap before
{Heap before GC invocations=6 (full 0):
 garbage-first heap   total 73728K, used 38839K [0x0000000080000000, 0x0000000100000000)
  region size 1024K, 19 young (19456K), 2 survivors (2048K)
 Metaspace       used 21330K, committed 21504K, reserved 1114112K
  class space    used 2234K, committed 2304K, reserved 1048576K
}
Event: 4.555 GC heap after
{Heap after GC invocations=7 (full 0):
 garbage-first heap   total 73728K, used 23303K [0x0000000080000000, 0x0000000100000000)
  region size 1024K, 3 young (3072K), 3 survivors (3072K)
 Metaspace       used 21330K, committed 21504K, reserved 1114112K
  class space    used 2234K, committed 2304K, reserved 1048576K
}
Event: 5.158 GC heap before
{Heap before GC invocations=8 (full 0):
 garbage-first heap   total 73728K, used 46855K [0x0000000080000000, 0x0000000100000000)
  region size 1024K, 28 young (28672K), 3 survivors (3072K)
 Metaspace       used 22106K, committed 22400K, reserved 1114112K
  class space    used 2312K, committed 2432K, reserved 1048576K
}
Event: 5.168 GC heap after
{Heap after GC invocations=9 (full 0):
 garbage-first heap   total 73728K, used 22262K [0x0000000080000000, 0x0000000100000000)
  region size 1024K, 2 young (2048K), 2 survivors (2048K)
 Metaspace       used 22106K, committed 22400K, reserved 1114112K
  class space    used 2312K, committed 2432K, reserved 1048576K
}
Event: 5.587 GC heap before
{Heap before GC invocations=9 (full 0):
 garbage-first heap   total 73728K, used 49910K [0x0000000080000000, 0x0000000100000000)
  region size 1024K, 29 young (29696K), 2 survivors (2048K)
 Metaspace       used 22898K, committed 23104K, reserved 1114112K
  class space    used 2382K, committed 2496K, reserved 1048576K
}
Event: 5.596 GC heap after
{Heap after GC invocations=10 (full 0):
 garbage-first heap   total 73728K, used 23263K [0x0000000080000000, 0x0000000100000000)
  region size 1024K, 3 young (3072K), 3 survivors (3072K)
 Metaspace       used 22898K, committed 23104K, reserved 1114112K
  class space    used 2382K, committed 2496K, reserved 1048576K
}
Event: 7.266 GC heap before
{Heap before GC invocations=10 (full 0):
 garbage-first heap   total 73728K, used 57055K [0x0000000080000000, 0x0000000100000000)
  region size 1024K, 36 young (36864K), 3 survivors (3072K)
 Metaspace       used 27917K, committed 28224K, reserved 1114112K
  class space    used 2911K, committed 3072K, reserved 1048576K
}
Event: 7.283 GC heap after
{Heap after GC invocations=11 (full 0):
 garbage-first heap   total 73728K, used 25750K [0x0000000080000000, 0x0000000100000000)
  region size 1024K, 5 young (5120K), 5 survivors (5120K)
 Metaspace       used 27917K, committed 28224K, reserved 1114112K
  class space    used 2911K, committed 3072K, reserved 1048576K
}
Event: 8.052 GC heap before
{Heap before GC invocations=11 (full 0):
 garbage-first heap   total 73728K, used 56470K [0x0000000080000000, 0x0000000100000000)
  region size 1024K, 35 young (35840K), 5 survivors (5120K)
 Metaspace       used 31572K, committed 31936K, reserved 1114112K
  class space    used 3368K, committed 3520K, reserved 1048576K
}
Event: 8.070 GC heap after
{Heap after GC invocations=12 (full 0):
 garbage-first heap   total 73728K, used 27485K [0x0000000080000000, 0x0000000100000000)
  region size 1024K, 5 young (5120K), 5 survivors (5120K)
 Metaspace       used 31572K, committed 31936K, reserved 1114112K
  class space    used 3368K, committed 3520K, reserved 1048576K
}
Event: 8.338 GC heap before
{Heap before GC invocations=12 (full 0):
 garbage-first heap   total 73728K, used 58205K [0x0000000080000000, 0x0000000100000000)
  region size 1024K, 33 young (33792K), 5 survivors (5120K)
 Metaspace       used 32704K, committed 33152K, reserved 1114112K
  class space    used 3444K, committed 3648K, reserved 1048576K
}
Event: 8.350 GC heap after
{Heap after GC invocations=13 (full 0):
 garbage-first heap   total 89088K, used 28034K [0x0000000080000000, 0x0000000100000000)
  region size 1024K, 3 young (3072K), 3 survivors (3072K)
 Metaspace       used 32704K, committed 33152K, reserved 1114112K
  class space    used 3444K, committed 3648K, reserved 1048576K
}
Event: 9.258 GC heap before
{Heap before GC invocations=13 (full 0):
 garbage-first heap   total 89088K, used 72066K [0x0000000080000000, 0x0000000100000000)
  region size 1024K, 46 young (47104K), 3 survivors (3072K)
 Metaspace       used 34916K, committed 35328K, reserved 1114112K
  class space    used 3666K, committed 3840K, reserved 1048576K
}
Event: 9.269 GC heap after
{Heap after GC invocations=14 (full 0):
 garbage-first heap   total 89088K, used 28904K [0x0000000080000000, 0x0000000100000000)
  region size 1024K, 4 young (4096K), 4 survivors (4096K)
 Metaspace       used 34916K, committed 35328K, reserved 1114112K
  class space    used 3666K, committed 3840K, reserved 1048576K
}
Event: 10.038 GC heap before
{Heap before GC invocations=14 (full 0):
 garbage-first heap   total 89088K, used 71912K [0x0000000080000000, 0x0000000100000000)
  region size 1024K, 46 young (47104K), 4 survivors (4096K)
 Metaspace       used 35232K, committed 35584K, reserved 1114112K
  class space    used 3690K, committed 3840K, reserved 1048576K
}
Event: 10.052 GC heap after
{Heap after GC invocations=15 (full 0):
 garbage-first heap   total 89088K, used 30265K [0x0000000080000000, 0x0000000100000000)
  region size 1024K, 5 young (5120K), 5 survivors (5120K)
 Metaspace       used 35232K, committed 35584K, reserved 1114112K
  class space    used 3690K, committed 3840K, reserved 1048576K
}
Event: 10.307 GC heap before
{Heap before GC invocations=15 (full 0):
 garbage-first heap   total 89088K, used 65081K [0x0000000080000000, 0x0000000100000000)
  region size 1024K, 40 young (40960K), 5 survivors (5120K)
 Metaspace       used 35544K, committed 35968K, reserved 1114112K
  class space    used 3722K, committed 3904K, reserved 1048576K
}
Event: 10.327 GC heap after
{Heap after GC invocations=16 (full 0):
 garbage-first heap   total 89088K, used 31961K [0x0000000080000000, 0x0000000100000000)
  region size 1024K, 5 young (5120K), 5 survivors (5120K)
 Metaspace       used 35544K, committed 35968K, reserved 1114112K
  class space    used 3722K, committed 3904K, reserved 1048576K
}

Dll operation events (7 events):
Event: 0.015 Loaded shared library C:\Users\Admin\.katalon\packages\Katalon_Studio_Windows_64-9.2.0\Katalon_Studio_Windows_64-9.2.0\jre\bin\java.dll
Event: 0.388 Loaded shared library C:\Users\Admin\.katalon\packages\Katalon_Studio_Windows_64-9.2.0\Katalon_Studio_Windows_64-9.2.0\jre\bin\net.dll
Event: 0.390 Loaded shared library C:\Users\Admin\.katalon\packages\Katalon_Studio_Windows_64-9.2.0\Katalon_Studio_Windows_64-9.2.0\jre\bin\nio.dll
Event: 0.404 Loaded shared library C:\Users\Admin\.katalon\packages\Katalon_Studio_Windows_64-9.2.0\Katalon_Studio_Windows_64-9.2.0\jre\bin\zip.dll
Event: 1.180 Loaded shared library C:\Users\Admin\.katalon\packages\Katalon_Studio_Windows_64-9.2.0\Katalon_Studio_Windows_64-9.2.0\jre\bin\verify.dll
Event: 1.653 Loaded shared library C:\Users\Admin\.katalon\packages\Katalon_Studio_Windows_64-9.2.0\Katalon_Studio_Windows_64-9.2.0\jre\bin\jimage.dll
Event: 11.415 Loaded shared library C:\Users\Admin\.katalon\packages\Katalon_Studio_Windows_64-9.2.0\Katalon_Studio_Windows_64-9.2.0\jre\bin\sunmscapi.dll

Deoptimization events (20 events):
Event: 11.776 Thread 0x000001f30a8aaba0 Uncommon trap: trap_request=0xffffff45 fr.pc=0x000001f315b49e20 relative=0x0000000000001340
Event: 11.776 Thread 0x000001f30a8aaba0 Uncommon trap: reason=unstable_if action=reinterpret pc=0x000001f315b49e20 method=java.lang.String.<init>([BIILjava/nio/charset/Charset;)V @ 62 c2
Event: 11.776 Thread 0x000001f30a8aaba0 DEOPT PACKING pc=0x000001f315b49e20 sp=0x0000005696afb8a0
Event: 11.776 Thread 0x000001f30a8aaba0 DEOPT UNPACKING pc=0x000001f3154a699d sp=0x0000005696afb848 mode 2
Event: 11.776 Thread 0x000001f30a8aaba0 Uncommon trap: trap_request=0xffffff45 fr.pc=0x000001f3159fe514 relative=0x0000000000000114
Event: 11.776 Thread 0x000001f30a8aaba0 Uncommon trap: reason=unstable_if action=reinterpret pc=0x000001f3159fe514 method=java.lang.StringLatin1.canEncode(I)Z @ 4 c2
Event: 11.776 Thread 0x000001f30a8aaba0 DEOPT PACKING pc=0x000001f3159fe514 sp=0x0000005696afb940
Event: 11.776 Thread 0x000001f30a8aaba0 DEOPT UNPACKING pc=0x000001f3154a699d sp=0x0000005696afb870 mode 2
Event: 11.778 Thread 0x000001f30a8aaba0 Uncommon trap: trap_request=0xffffff45 fr.pc=0x000001f315aa6940 relative=0x00000000000000c0
Event: 11.778 Thread 0x000001f30a8aaba0 Uncommon trap: reason=unstable_if action=reinterpret pc=0x000001f315aa6940 method=java.lang.String.getBytes([BIB)V @ 5 c2
Event: 11.778 Thread 0x000001f30a8aaba0 DEOPT PACKING pc=0x000001f315aa6940 sp=0x0000005696afb9d0
Event: 11.778 Thread 0x000001f30a8aaba0 DEOPT UNPACKING pc=0x000001f3154a699d sp=0x0000005696afb978 mode 2
Event: 11.778 Thread 0x000001f30a8aaba0 Uncommon trap: trap_request=0xffffff45 fr.pc=0x000001f3159f7138 relative=0x0000000000000038
Event: 11.778 Thread 0x000001f30a8aaba0 Uncommon trap: reason=unstable_if action=reinterpret pc=0x000001f3159f7138 method=java.lang.StringLatin1.canEncode(I)Z @ 4 c2
Event: 11.778 Thread 0x000001f30a8aaba0 DEOPT PACKING pc=0x000001f3159f7138 sp=0x0000005696afb8f0
Event: 11.778 Thread 0x000001f30a8aaba0 DEOPT UNPACKING pc=0x000001f3154a699d sp=0x0000005696afb880 mode 2
Event: 11.856 Thread 0x000001f30a8aaba0 Uncommon trap: trap_request=0xffffff45 fr.pc=0x000001f315aa8b34 relative=0x0000000000000594
Event: 11.856 Thread 0x000001f30a8aaba0 Uncommon trap: reason=unstable_if action=reinterpret pc=0x000001f315aa8b34 method=java.lang.String.replace(CC)Ljava/lang/String; @ 2 c2
Event: 11.856 Thread 0x000001f30a8aaba0 DEOPT PACKING pc=0x000001f315aa8b34 sp=0x0000005696afbd70
Event: 11.856 Thread 0x000001f30a8aaba0 DEOPT UNPACKING pc=0x000001f3154a699d sp=0x0000005696afbd20 mode 2

Classes unloaded (0 events):
No events

Classes redefined (0 events):
No events

Internal exceptions (20 events):
Event: 10.949 Thread 0x000001f30a8aaba0 Exception <a 'java/lang/ClassNotFoundException'{0x00000000843b0d78}: groovy/lang/ReferenceCustomizer> (0x00000000843b0d78) 
thrown [s\src\hotspot\share\classfile\systemDictionary.cpp, line 256]
Event: 11.046 Thread 0x000001f30a8aaba0 Exception <a 'java/lang/ClassNotFoundException'{0x0000000084011a50}: sun/util/logging/resources/spi/loggingProvider> (0x0000000084011a50) 
thrown [s\src\hotspot\share\classfile\systemDictionary.cpp, line 256]
Event: 11.207 Thread 0x000001f30a8aaba0 Exception <a 'java/net/SocketException'{0x0000000083e8acd8}: Socket is not connected: shutdown> (0x0000000083e8acd8) 
thrown [s\src\hotspot\share\prims\jni.cpp, line 535]
Event: 11.592 Thread 0x000001f30a8aaba0 Exception <a 'sun/nio/fs/WindowsException'{0x0000000083476a80}> (0x0000000083476a80) 
thrown [s\src\hotspot\share\prims\jni.cpp, line 516]
Event: 11.672 Thread 0x000001f30a8aaba0 Exception <a 'java/lang/NoSuchMethodError'{0x0000000082e3f588}: 'java.lang.Object java.lang.invoke.DirectMethodHandle$Holder.invokeStaticInit(java.lang.Object, int, int, int, int)'> (0x0000000082e3f588) 
thrown [s\src\hotspot\share\interpreter\linkResolver.cpp, line 759]
Event: 11.758 Thread 0x000001f30a8aaba0 Exception <a 'java/lang/NoSuchMethodError'{0x0000000082d15150}: 'java.lang.Object java.lang.invoke.DirectMethodHandle$Holder.invokeStaticInit(java.lang.Object, java.lang.Object, int, int, int, int)'> (0x0000000082d15150) 
thrown [s\src\hotspot\share\interpreter\linkResolver.cpp, line 759]
Event: 11.888 Thread 0x000001f329812cf0 Exception <a 'java/lang/NoSuchMethodError'{0x0000000082b992d8}: 'void java.lang.invoke.DirectMethodHandle$Holder.invokeStatic(java.lang.Object, long)'> (0x0000000082b992d8) 
thrown [s\src\hotspot\share\interpreter\linkResolver.cpp, line 759]
Event: 11.889 Thread 0x000001f329812cf0 Exception <a 'java/lang/NoSuchMethodError'{0x0000000082b9e680}: 'java.lang.Object java.lang.invoke.DirectMethodHandle$Holder.newInvokeSpecial(java.lang.Object, long)'> (0x0000000082b9e680) 
thrown [s\src\hotspot\share\interpreter\linkResolver.cpp, line 759]
Event: 11.892 Thread 0x000001f329812cf0 Exception <a 'java/lang/NoSuchMethodError'{0x0000000082ba5128}: 'java.lang.Object java.lang.invoke.DirectMethodHandle$Holder.invokeStatic(java.lang.Object, java.lang.Object, long, java.lang.Object)'> (0x0000000082ba5128) 
thrown [s\src\hotspot\share\interpreter\linkResolver.cpp, line 759]
Event: 11.893 Thread 0x000001f329812cf0 Exception <a 'java/lang/NoSuchMethodError'{0x0000000082ba8918}: 'java.lang.Object java.lang.invoke.DirectMethodHandle$Holder.invokeStaticInit(java.lang.Object, java.lang.Object, long, java.lang.Object)'> (0x0000000082ba8918) 
thrown [s\src\hotspot\share\interpreter\linkResolver.cpp, line 759]
Event: 11.894 Thread 0x000001f329812cf0 Exception <a 'java/lang/NoSuchMethodError'{0x0000000082bae9a0}: 'java.lang.Object java.lang.invoke.DirectMethodHandle$Holder.newInvokeSpecial(java.lang.Object, java.lang.Object, long)'> (0x0000000082bae9a0) 
thrown [s\src\hotspot\share\interpreter\linkResolver.cpp, line 759]
Event: 11.895 Thread 0x000001f329812cf0 Exception <a 'java/lang/NoSuchMethodError'{0x0000000082bb2510}: 'java.lang.Object java.lang.invoke.Invokers$Holder.linkToTargetMethod(java.lang.Object, long, java.lang.Object)'> (0x0000000082bb2510) 
thrown [s\src\hotspot\share\interpreter\linkResolver.cpp, line 759]
Event: 11.904 Thread 0x000001f32b5b7b40 Exception <a 'java/net/ConnectException'{0x0000000082bf2b38}: Connection refused: no further information> (0x0000000082bf2b38) 
thrown [s\src\hotspot\share\prims\jni.cpp, line 535]
Event: 11.905 Thread 0x000001f32b5b7b40 Exception <a 'java/net/SocketException'{0x0000000082bf2e70}: Socket is not connected: shutdown> (0x0000000082bf2e70) 
thrown [s\src\hotspot\share\prims\jni.cpp, line 535]
Event: 11.926 Thread 0x000001f32b5b7b40 Exception <a 'java/net/ConnectException'{0x0000000082bf3ed8}: Connection refused: no further information> (0x0000000082bf3ed8) 
thrown [s\src\hotspot\share\prims\jni.cpp, line 535]
Event: 11.926 Thread 0x000001f32b5b7b40 Exception <a 'java/net/SocketException'{0x0000000082bf4210}: Socket is not connected: shutdown> (0x0000000082bf4210) 
thrown [s\src\hotspot\share\prims\jni.cpp, line 535]
Event: 11.948 Thread 0x000001f32b5b7b40 Exception <a 'java/net/ConnectException'{0x0000000082bf51a8}: Connection refused: no further information> (0x0000000082bf51a8) 
thrown [s\src\hotspot\share\prims\jni.cpp, line 535]
Event: 11.948 Thread 0x000001f32b5b7b40 Exception <a 'java/net/SocketException'{0x0000000082bf54e0}: Socket is not connected: shutdown> (0x0000000082bf54e0) 
thrown [s\src\hotspot\share\prims\jni.cpp, line 535]
Event: 11.994 Thread 0x000001f32b5b7b40 Exception <a 'java/net/ConnectException'{0x0000000082bf6478}: Connection refused: no further information> (0x0000000082bf6478) 
thrown [s\src\hotspot\share\prims\jni.cpp, line 535]
Event: 11.994 Thread 0x000001f32b5b7b40 Exception <a 'java/net/SocketException'{0x0000000082bf67b0}: Socket is not connected: shutdown> (0x0000000082bf67b0) 
thrown [s\src\hotspot\share\prims\jni.cpp, line 535]

VM Operations (20 events):
Event: 10.429 Executing VM operation: G1Concurrent
Event: 10.429 Executing VM operation: G1Concurrent done
Event: 11.078 Executing VM operation: HandshakeAllThreads
Event: 11.078 Executing VM operation: HandshakeAllThreads done
Event: 11.261 Executing VM operation: HandshakeAllThreads
Event: 11.261 Executing VM operation: HandshakeAllThreads done
Event: 11.261 Executing VM operation: HandshakeAllThreads
Event: 11.261 Executing VM operation: HandshakeAllThreads done
Event: 11.406 Executing VM operation: HandshakeAllThreads
Event: 11.406 Executing VM operation: HandshakeAllThreads done
Event: 11.406 Executing VM operation: HandshakeAllThreads
Event: 11.406 Executing VM operation: HandshakeAllThreads done
Event: 11.423 Executing VM operation: HandshakeAllThreads
Event: 11.424 Executing VM operation: HandshakeAllThreads done
Event: 11.596 Executing VM operation: HandshakeAllThreads
Event: 11.596 Executing VM operation: HandshakeAllThreads done
Event: 11.596 Executing VM operation: Cleanup
Event: 11.596 Executing VM operation: Cleanup done
Event: 11.598 Executing VM operation: HandshakeAllThreads
Event: 11.598 Executing VM operation: HandshakeAllThreads done

Events (20 events):
Event: 11.896 loading class sun/net/NetworkClient done
Event: 11.896 loading class sun/net/www/http/HttpClient done
Event: 11.896 loading class sun/net/NetworkClient$1
Event: 11.897 loading class sun/net/NetworkClient$1 done
Event: 11.897 loading class java/io/FileOutputStream$1
Event: 11.897 loading class sun/net/www/http/KeepAliveCache
Event: 11.897 loading class java/io/FileOutputStream$1 done
Event: 11.897 loading class sun/net/www/http/KeepAliveCache done
Event: 11.898 loading class java/io/PipedOutputStream
Event: 11.898 loading class java/io/PipedOutputStream done
Event: 11.899 loading class sun/net/www/http/KeepAliveKey
Event: 11.899 loading class sun/net/www/http/KeepAliveKey done
Event: 11.899 loading class sun/net/www/http/HttpCapture
Event: 11.899 Thread 0x000001f3294ba900 Thread added: 0x000001f3294ba900
Event: 11.900 Thread 0x000001f32a8cee80 Thread added: 0x000001f32a8cee80
Event: 11.900 loading class sun/net/www/http/HttpCapture done
Event: 11.900 loading class sun/net/www/http/HttpCapture$1
Event: 11.900 loading class sun/net/www/http/HttpCapture$1 done
Event: 11.905 loading class sun/net/util/SocketExceptions
Event: 11.905 loading class sun/net/util/SocketExceptions done


Dynamic libraries:
0x00007ff630c90000 - 0x00007ff630c9e000 	C:\Users\Admin\.katalon\packages\Katalon_Studio_Windows_64-9.2.0\Katalon_Studio_Windows_64-9.2.0\jre\bin\javaw.exe
0x00007ff913300000 - 0x00007ff9134e0000 	C:\Windows\SYSTEM32\ntdll.dll
0x00007ff910fc0000 - 0x00007ff91106e000 	C:\Windows\System32\KERNEL32.DLL
0x00007ff90f700000 - 0x00007ff90f966000 	C:\Windows\System32\KERNELBASE.dll
0x00007ff90fbc0000 - 0x00007ff90fcb5000 	C:\Windows\System32\ucrtbase.dll
0x00007ff907530000 - 0x00007ff907547000 	C:\Users\Admin\.katalon\packages\Katalon_Studio_Windows_64-9.2.0\Katalon_Studio_Windows_64-9.2.0\jre\bin\jli.dll
0x00007ff9118d0000 - 0x00007ff911a5f000 	C:\Windows\System32\USER32.dll
0x00007ff90f970000 - 0x00007ff90f990000 	C:\Windows\System32\win32u.dll
0x00007ff9109a0000 - 0x00007ff9109c8000 	C:\Windows\System32\GDI32.dll
0x00007ff9105b0000 - 0x00007ff910743000 	C:\Windows\System32\gdi32full.dll
0x00007ff910510000 - 0x00007ff9105ab000 	C:\Windows\System32\msvcp_win.dll
0x00007ff905350000 - 0x00007ff905369000 	C:\Users\Admin\.katalon\packages\Katalon_Studio_Windows_64-9.2.0\Katalon_Studio_Windows_64-9.2.0\jre\bin\VCRUNTIME140.dll
0x00007ff902c70000 - 0x00007ff902ed9000 	C:\Windows\WinSxS\amd64_microsoft.windows.common-controls_6595b64144ccf1df_6.0.16299.785_none_15cbda149361fcd9\COMCTL32.dll
0x00007ff9107d0000 - 0x00007ff91086d000 	C:\Windows\System32\msvcrt.dll
0x00007ff911250000 - 0x00007ff911556000 	C:\Windows\System32\combase.dll
0x00007ff910870000 - 0x00007ff91098f000 	C:\Windows\System32\RPCRT4.dll
0x00007ff910750000 - 0x00007ff9107c2000 	C:\Windows\System32\bcryptPrimitives.dll
0x00007ff911070000 - 0x00007ff91109d000 	C:\Windows\System32\IMM32.DLL
0x00007ff90c250000 - 0x00007ff90c25c000 	C:\Users\Admin\.katalon\packages\Katalon_Studio_Windows_64-9.2.0\Katalon_Studio_Windows_64-9.2.0\jre\bin\vcruntime140_1.dll
0x00007ff8ff540000 - 0x00007ff8ff5d1000 	C:\Users\Admin\.katalon\packages\Katalon_Studio_Windows_64-9.2.0\Katalon_Studio_Windows_64-9.2.0\jre\bin\msvcp140.dll
0x00007ff8dd6c0000 - 0x00007ff8de308000 	C:\Users\Admin\.katalon\packages\Katalon_Studio_Windows_64-9.2.0\Katalon_Studio_Windows_64-9.2.0\jre\bin\server\jvm.dll
0x00007ff911b60000 - 0x00007ff911c01000 	C:\Windows\System32\ADVAPI32.dll
0x00007ff911b00000 - 0x00007ff911b5b000 	C:\Windows\System32\sechost.dll
0x00007ff90c2e0000 - 0x00007ff90c2e9000 	C:\Windows\SYSTEM32\WSOCK32.dll
0x00007ff911860000 - 0x00007ff9118cc000 	C:\Windows\System32\WS2_32.dll
0x00007ff90c3e0000 - 0x00007ff90c403000 	C:\Windows\SYSTEM32\WINMM.dll
0x00007ff906650000 - 0x00007ff90665a000 	C:\Windows\SYSTEM32\VERSION.dll
0x00007ff90c3b0000 - 0x00007ff90c3da000 	C:\Windows\SYSTEM32\WINMMBASE.dll
0x00007ff90fcc0000 - 0x00007ff90fd0a000 	C:\Windows\System32\cfgmgr32.dll
0x00007ff90f650000 - 0x00007ff90f661000 	C:\Windows\System32\kernel.appcore.dll
0x00007ff90bcf0000 - 0x00007ff90bcfa000 	C:\Users\Admin\.katalon\packages\Katalon_Studio_Windows_64-9.2.0\Katalon_Studio_Windows_64-9.2.0\jre\bin\jimage.dll
0x00007ff8f0510000 - 0x00007ff8f06d8000 	C:\Windows\SYSTEM32\DBGHELP.DLL
0x00007ff8f4fe0000 - 0x00007ff8f5009000 	C:\Windows\SYSTEM32\dbgcore.DLL
0x00007ff909530000 - 0x00007ff909555000 	C:\Users\Admin\.katalon\packages\Katalon_Studio_Windows_64-9.2.0\Katalon_Studio_Windows_64-9.2.0\jre\bin\java.dll
0x00007ff90b460000 - 0x00007ff90b478000 	C:\Users\Admin\.katalon\packages\Katalon_Studio_Windows_64-9.2.0\Katalon_Studio_Windows_64-9.2.0\jre\bin\zip.dll
0x00007ff911c10000 - 0x00007ff913048000 	C:\Windows\System32\SHELL32.dll
0x00007ff9115c0000 - 0x00007ff911666000 	C:\Windows\System32\shcore.dll
0x00007ff90fdc0000 - 0x00007ff910507000 	C:\Windows\System32\windows.storage.dll
0x00007ff911560000 - 0x00007ff9115b1000 	C:\Windows\System32\shlwapi.dll
0x00007ff90f6b0000 - 0x00007ff90f6fc000 	C:\Windows\System32\powrprof.dll
0x00007ff90f690000 - 0x00007ff90f6ab000 	C:\Windows\System32\profapi.dll
0x00007ff90acd0000 - 0x00007ff90ace9000 	C:\Users\Admin\.katalon\packages\Katalon_Studio_Windows_64-9.2.0\Katalon_Studio_Windows_64-9.2.0\jre\bin\net.dll
0x00007ff909880000 - 0x00007ff90995e000 	C:\Windows\SYSTEM32\WINHTTP.dll
0x00007ff90eee0000 - 0x00007ff90ef46000 	C:\Windows\system32\mswsock.dll
0x00007ff909510000 - 0x00007ff909525000 	C:\Users\Admin\.katalon\packages\Katalon_Studio_Windows_64-9.2.0\Katalon_Studio_Windows_64-9.2.0\jre\bin\nio.dll
0x00007ff90b6a0000 - 0x00007ff90b6b0000 	C:\Users\Admin\.katalon\packages\Katalon_Studio_Windows_64-9.2.0\Katalon_Studio_Windows_64-9.2.0\jre\bin\verify.dll
0x00007ff90ecb0000 - 0x00007ff90ed66000 	C:\Windows\SYSTEM32\DNSAPI.dll
0x00007ff911240000 - 0x00007ff911248000 	C:\Windows\System32\NSI.dll
0x00007ff90ec70000 - 0x00007ff90eca9000 	C:\Windows\SYSTEM32\IPHLPAPI.DLL
0x00007ff908390000 - 0x00007ff90839a000 	C:\Windows\System32\rasadhlp.dll
0x00007ff909a70000 - 0x00007ff909ae0000 	C:\Windows\System32\fwpuclnt.dll
0x00007ff90f1b0000 - 0x00007ff90f1d5000 	C:\Windows\SYSTEM32\bcrypt.dll
0x00007ff909500000 - 0x00007ff90950e000 	C:\Users\Admin\.katalon\packages\Katalon_Studio_Windows_64-9.2.0\Katalon_Studio_Windows_64-9.2.0\jre\bin\sunmscapi.dll
0x00007ff90f990000 - 0x00007ff90fb5e000 	C:\Windows\System32\CRYPT32.dll
0x00007ff90f670000 - 0x00007ff90f682000 	C:\Windows\System32\MSASN1.dll
0x00007ff90f180000 - 0x00007ff90f1a6000 	C:\Windows\SYSTEM32\ncrypt.dll
0x00007ff90f140000 - 0x00007ff90f176000 	C:\Windows\SYSTEM32\NTASN1.dll
0x00007ff90f0a0000 - 0x00007ff90f0b7000 	C:\Windows\SYSTEM32\CRYPTSP.dll
0x00007ff90eae0000 - 0x00007ff90eb13000 	C:\Windows\system32\rsaenh.dll
0x00007ff90f550000 - 0x00007ff90f579000 	C:\Windows\SYSTEM32\USERENV.dll
0x00007ff90f0c0000 - 0x00007ff90f0cb000 	C:\Windows\SYSTEM32\CRYPTBASE.dll
0x00007ff909f40000 - 0x00007ff909f56000 	C:\Windows\SYSTEM32\dhcpcsvc6.DLL
0x00007ff90a4c0000 - 0x00007ff90a4da000 	C:\Windows\SYSTEM32\dhcpcsvc.DLL

dbghelp: loaded successfully - version: 4.0.5 - missing functions: none
symbol engine: initialized successfully - sym options: 0x614 - pdb path: .;C:\Users\Admin\.katalon\packages\Katalon_Studio_Windows_64-9.2.0\Katalon_Studio_Windows_64-9.2.0\jre\bin;C:\Windows\SYSTEM32;C:\Windows\WinSxS\amd64_microsoft.windows.common-controls_6595b64144ccf1df_6.0.16299.785_none_15cbda149361fcd9;C:\Users\Admin\.katalon\packages\Katalon_Studio_Windows_64-9.2.0\Katalon_Studio_Windows_64-9.2.0\jre\bin\server

VM Arguments:
jvm_args: -Dgroovy.home=C:\Users\Admin/.groovy -Djava.system.class.loader=groovy.lang.GroovyClassLoader -Xmx2048m -Dfile.encoding=UTF-8 -XX:+ShowCodeDetailsInExceptionMessages 
java_command: org.codehaus.groovy.tools.GroovyStarter --classpath D:\Katalon Studio\Final_Project_Testing\bin\keyword;D:\Katalon Studio\Final_Project_Testing\Keywords;D:\Katalon Studio\Final_Project_Testing\bin\listener;D:\Katalon Studio\Final_Project_Testing\Test Listeners;D:\Katalon Studio\Final_Project_Testing\bin\lib;D:\Katalon Studio\Final_Project_Testing\Libs;D:\Katalon Studio\Final_Project_Testing\bin\groovy;D:\Katalon Studio\Final_Project_Testing\Include\scripts\groovy;C:\Users\Admin\.katalon\packages\Katalon_Studio_Windows_64-9.2.0\Katalon_Studio_Windows_64-9.2.0\plugins\com.kms.katalon.core_1.0.0.202312271622.jar;C:\Users\Admin\.katalon\packages\Katalon_Studio_Windows_64-9.2.0\Katalon_Studio_Windows_64-9.2.0\configuration\resources\lib\aalto-xml-1.0.0.jar;C:\Users\Admin\.katalon\packages\Katalon_Studio_Windows_64-9.2.0\Katalon_Studio_Windows_64-9.2.0\configuration\resources\lib\aspectjweaver-1.9.1.jar;C:\Users\Admin\.katalon\packages\Katalon_Studio_Windows_64-9.2.0\Katalon_Studio_Windows_64-9.2.0\configuration\resources\lib\bcpkix-jdk15on-1.64.jar;C:\Users\Admin\.katalon\packages\Katalon_Studio_Windows_64-9.2.0\Katalon_Studio_Windows_64-9.2.0\configuration\resources\lib\bcprov-jdk15on-1.64.jar;C:\Users\Admin\.katalon\packages\Katalon_Studio_Windows_64-9.2.0\Katalon_Studio_Windows_64-9.2.0\configuration\resources\lib\browsermob-core-2.1.5.jar;C:\Users\Admin\.katalon\packages\Katalon_Studio_Windows_64-9.2.0\Katalon_Studio_Windows_64-9.2.0\configuration\resources\lib\cglib-3.2.10.jar;C:\Users\Admin\.katalon\packages\Katalon_Studio_Windows_64-9.2.0\Katalon_Studio_Windows_64-9.2.0\configuration\resources\lib\commons-codec-1.10.jar;C:\Users\Admin\.katalon\packages\Katalon_Studio_Windows_64-9.2.0\Katalon_Studio_Windows_64-9.2.0\configuration\resources\lib\commons-collections4-4.1.jar;C:\Users\Admin\.katalon\packages\Katalon_Studio_Windows_64-9.2.0\Katalon_Studio_Windows_64-9.2.0\configuration\resources\lib\commons-validator-1.6.jar;C:\Users\Admin\.katalon\packa
java_class_path (initial): D:\Katalon Studio\Final_Project_Testing\bin\keyword;D:\Katalon Studio\Final_Project_Testing\bin\listener;D:\Katalon Studio\Final_Project_Testing\bin\lib;D:\Katalon Studio\Final_Project_Testing\bin\groovy;D:\Katalon Studio\Final_Project_Testing\bin;C:\Users\Admin\.katalon\packages\Katalon_Studio_Windows_64-9.2.0\Katalon_Studio_Windows_64-9.2.0\plugins\com.kms.katalon.core_1.0.0.202312271622.jar;C:\Users\Admin\.katalon\packages\Katalon_Studio_Windows_64-9.2.0\Katalon_Studio_Windows_64-9.2.0\configuration\resources\lib\aalto-xml-1.0.0.jar;C:\Users\Admin\.katalon\packages\Katalon_Studio_Windows_64-9.2.0\Katalon_Studio_Windows_64-9.2.0\configuration\resources\lib\aspectjweaver-1.9.1.jar;C:\Users\Admin\.katalon\packages\Katalon_Studio_Windows_64-9.2.0\Katalon_Studio_Windows_64-9.2.0\configuration\resources\lib\bcpkix-jdk15on-1.64.jar;C:\Users\Admin\.katalon\packages\Katalon_Studio_Windows_64-9.2.0\Katalon_Studio_Windows_64-9.2.0\configuration\resources\lib\bcprov-jdk15on-1.64.jar;C:\Users\Admin\.katalon\packages\Katalon_Studio_Windows_64-9.2.0\Katalon_Studio_Windows_64-9.2.0\configuration\resources\lib\browsermob-core-2.1.5.jar;C:\Users\Admin\.katalon\packages\Katalon_Studio_Windows_64-9.2.0\Katalon_Studio_Windows_64-9.2.0\configuration\resources\lib\cglib-3.2.10.jar;C:\Users\Admin\.katalon\packages\Katalon_Studio_Windows_64-9.2.0\Katalon_Studio_Windows_64-9.2.0\configuration\resources\lib\commons-codec-1.10.jar;C:\Users\Admin\.katalon\packages\Katalon_Studio_Windows_64-9.2.0\Katalon_Studio_Windows_64-9.2.0\configuration\resources\lib\commons-collections4-4.1.jar;C:\Users\Admin\.katalon\packages\Katalon_Studio_Windows_64-9.2.0\Katalon_Studio_Windows_64-9.2.0\configuration\resources\lib\commons-validator-1.6.jar;C:\Users\Admin\.katalon\packages\Katalon_Studio_Windows_64-9.2.0\Katalon_Studio_Windows_64-9.2.0\configuration\resources\lib\curvesapi-1.04.jar;C:\Users\Admin\.katalon\packages\Katalon_Studio_Windows_64-9.2.0\Katalon_Studio_Windows_64-9
Launcher Type: SUN_STANDARD

[Global flags]
     intx CICompilerCount                          = 3                                         {product} {ergonomic}
     uint ConcGCThreads                            = 1                                         {product} {ergonomic}
     uint G1ConcRefinementThreads                  = 4                                         {product} {ergonomic}
   size_t G1HeapRegionSize                         = 1048576                                   {product} {ergonomic}
    uintx GCDrainStackTargetSize                   = 64                                        {product} {ergonomic}
   size_t InitialHeapSize                          = 62914560                                  {product} {ergonomic}
   size_t MarkStackSize                            = 4194304                                   {product} {ergonomic}
   size_t MaxHeapSize                              = 2147483648                                {product} {command line}
   size_t MaxNewSize                               = 1287651328                                {product} {ergonomic}
   size_t MinHeapDeltaBytes                        = 1048576                                   {product} {ergonomic}
   size_t MinHeapSize                              = 8388608                                   {product} {ergonomic}
    uintx NonNMethodCodeHeapSize                   = 5832780                                {pd product} {ergonomic}
    uintx NonProfiledCodeHeapSize                  = 122912730                              {pd product} {ergonomic}
    uintx ProfiledCodeHeapSize                     = 122912730                              {pd product} {ergonomic}
    uintx ReservedCodeCacheSize                    = 251658240                              {pd product} {ergonomic}
     bool SegmentedCodeCache                       = true                                      {product} {ergonomic}
     bool ShowCodeDetailsInExceptionMessages       = true                                   {manageable} {command line}
   size_t SoftMaxHeapSize                          = 2147483648                             {manageable} {ergonomic}
     bool UseCompressedClassPointers               = true                           {product lp64_product} {ergonomic}
     bool UseCompressedOops                        = true                           {product lp64_product} {ergonomic}
     bool UseG1GC                                  = true                                      {product} {ergonomic}
     bool UseLargePagesIndividualAllocation        = false                                  {pd product} {ergonomic}

Logging:
Log output configuration:
 #0: stdout all=warning uptime,level,tags
 #1: stderr all=off uptime,level,tags

Environment Variables:
PATH=C:/Users/Admin/.katalon/packages/Katalon_Studio_Windows_64-9.2.0/Katalon_Studio_Windows_64-9.2.0/jre/bin/server;C:/Users/Admin/.katalon/packages/Katalon_Studio_Windows_64-9.2.0/Katalon_Studio_Windows_64-9.2.0/jre/bin;C:\Program Files\Common Files\Oracle\Java\javapath;C:\Windows\system32;C:\Windows;C:\Windows\System32\Wbem;C:\Windows\System32\WindowsPowerShell\v1.0\;C:\xampp\php;C:\composer;C:\Program Files\nodejs\;C:\Program Files\Git\cmd;C:\Users\Admin\AppData\Local\Microsoft\WindowsApps;C:\Users\Admin\AppData\Local\GitHubDesktop\bin;C:\Users\Admin\AppData\Local\Programs\Microsoft VS Code\bin;C:\Users\Admin\AppData\Roaming\Composer\vendor\bin;C:\Users\Admin\AppData\Roaming\npm;C:\Program Files\JetBrains\IntelliJ IDEA Community Edition 2023.3.2\bin;;C:\Users\Admin\.katalon\packages\Katalon_Studio_Windows_64-9.2.0\Katalon_Studio_Windows_64-9.2.0;
USERNAME=Admin
OS=Windows_NT
PROCESSOR_IDENTIFIER=Intel64 Family 6 Model 37 Stepping 5, GenuineIntel
TMP=C:\Users\Admin\AppData\Local\Temp
TEMP=C:\Windows\TEMP



---------------  S Y S T E M  ---------------

OS:
 Windows 10 , 64 bit Build 16299 (10.0.16299.431)
OS uptime: 0 days 5:56 hours

CPU: total 4 (initial active 4) (2 cores per cpu, 2 threads per core) family 6 model 37 stepping 5 microcode 0x4, cx8, cmov, fxsr, ht, mmx, sse, sse2, sse3, ssse3, sse4.1, sse4.2, popcnt, tsc, tscinvbit, clflush

Memory: 4k page, system-wide physical 3766M (166M free)
TotalPageFile size 10363M (AvailPageFile size 5M)
current process WorkingSet (physical memory assigned to process): 213M, peak: 215M
current process commit charge ("private bytes"): 241M, peak: 245M

vm_info: OpenJDK 64-Bit Server VM (17.0.7+7) for windows-amd64 JRE (17.0.7+7), built on Apr 18 2023 22:10:42 by "temurin" with MS VC++ 16.7 (VS2019)

END.
