#
# There is insufficient memory for the Java Runtime Environment to continue.
# Native memory allocation (malloc) failed to allocate 365456 bytes for Chunk::new
# Possible reasons:
#   The system is out of physical RAM or swap space
#   The process is running with CompressedOops enabled, and the Java Heap may be blocking the growth of the native heap
# Possible solutions:
#   Reduce memory load on the system
#   Increase physical memory or swap space
#   Check if swap backing store is full
#   Decrease Java heap size (-Xmx/-Xms)
#   Decrease number of Java threads
#   Decrease Java thread stack sizes (-Xss)
#   Set larger code cache with -XX:ReservedCodeCacheSize=
#   JVM is running with Unscaled Compressed Oops mode in which the Java heap is
#     placed in the first 4GB address space. The Java Heap base address is the
#     maximum limit for the native heap growth. Please use -XX:HeapBaseMinAddress
#     to set the Java Heap base and to place the Java Heap above 4GB virtual address.
# This output file may be truncated or incomplete.
#
#  Out of Memory Error (arena.cpp:189), pid=9324, tid=8284
#
# JRE version: OpenJDK Runtime Environment Temurin-17.0.7+7 (17.0.7+7) (build 17.0.7+7)
# Java VM: OpenJDK 64-Bit Server VM Temurin-17.0.7+7 (17.0.7+7, mixed mode, tiered, compressed oops, compressed class ptrs, g1 gc, windows-amd64)
# No core dump will be written. Minidumps are not enabled by default on client versions of Windows
#

---------------  S U M M A R Y ------------

Command Line: -Dgroovy.home=C:\Users\Admin/.groovy -Djava.system.class.loader=groovy.lang.GroovyClassLoader -Xmx2048m -Dfile.encoding=UTF-8 -XX:+ShowCodeDetailsInExceptionMessages org.codehaus.groovy.tools.GroovyStarter --classpath D:\Katalon Studio\Final_Project_Testing\bin\keyword;D:\Katalon Studio\Final_Project_Testing\Keywords;D:\Katalon Studio\Final_Project_Testing\bin\listener;D:\Katalon Studio\Final_Project_Testing\Test Listeners;D:\Katalon Studio\Final_Project_Testing\bin\lib;D:\Katalon Studio\Final_Project_Testing\Libs;D:\Katalon Studio\Final_Project_Testing\bin\groovy;D:\Katalon Studio\Final_Project_Testing\Include\scripts\groovy;C:\Users\Admin\.katalon\packages\Katalon_Studio_Windows_64-9.2.0\Katalon_Studio_Windows_64-9.2.0\plugins\com.kms.katalon.core_1.0.0.202312271622.jar;C:\Users\Admin\.katalon\packages\Katalon_Studio_Windows_64-9.2.0\Katalon_Studio_Windows_64-9.2.0\configuration\resources\lib\aalto-xml-1.0.0.jar;C:\Users\Admin\.katalon\packages\Katalon_Studio_Windows_64-9.2.0\Katalon_Studio_Windows_64-9.2.0\configuration\resources\lib\aspectjweaver-1.9.1.jar;C:\Users\Admin\.katalon\packages\Katalon_Studio_Windows_64-9.2.0\Katalon_Studio_Windows_64-9.2.0\configuration\resources\lib\bcpkix-jdk15on-1.64.jar;C:\Users\Admin\.katalon\packages\Katalon_Studio_Windows_64-9.2.0\Katalon_Studio_Windows_64-9.2.0\configuration\resources\lib\bcprov-jdk15on-1.64.jar;C:\Users\Admin\.katalon\packages\Katalon_Studio_Windows_64-9.2.0\Katalon_Studio_Windows_64-9.2.0\configuration\resources\lib\browsermob-core-2.1.5.jar;C:\Users\Admin\.katalon\packages\Katalon_Studio_Windows_64-9.2.0\Katalon_Studio_Windows_64-9.2.0\configuration\resources\lib\cglib-3.2.10.jar;C:\Users\Admin\.katalon\packages\Katalon_Studio_Windows_64-9.2.0\Katalon_Studio_Windows_64-9.2.0\configuration\resources\lib\commons-codec-1.10.jar;C:\Users\Admin\.katalon\packages\Katalon_Studio_Windows_64-9.2.0\Katalon_Studio_Windows_64-9.2.0\configuration\resources\lib\commons-collections4-4.1.jar;C:\Users\Admin\.katalon\packages\Katalon_Studio_Windows_64-9.2.0\Katalon_Studio_Windows_64-9.2.0\configuration\resources\lib\commons-validator-1.6.jar;C:\Users\Admin\.katalon\packages\Katalon_Studio_Windows_64-9.2.0\Katalon_Studio_Windows_64-9.2.0\configuration\resources\lib\curvesapi-1.04.jar;C:\Users\Admin\.katalon\packages\Katalon_Studio_Windows_64-9.2.0\Katalon_Studio_Windows_64-9.2.0\configuration\resources\lib\dnsjava-2.1.8.jar;C:\Users\Admin\.katalon\packages\Katalon_Studio_Windows_64-9.2.0\Katalon_Studio_Windows_64-9.2.0\configuration\resources\lib\groovy-ant-3.0.17.jar;C:\Users\Admin\.katalon\packages\Katalon_Studio_Windows_64-9.2.0\Katalon_Studio_Windows_64-9.2.0\configuration\resources\lib\groovy-astbuilder-3.0.17.jar;C:\Users\Admin\.katalon\packages\Katalon_Studio_Windows_64-9.2.0\Katalon_Studio_Windows_64-9.2.0\configuration\resources\lib\groovy-cli-picocli-3.0.17.jar;C:\Users\Admin\.katalon\packages\Katalon_Studio_Windows_64-9.2.0\Katalon_Studio_Windows_64-9.2.0\configuration\resources\lib\groovy-console-3.0.17.jar;C:\Users\Admin\.katalon\packages\Katalon_Studio_Windows_64-9.2.0\Katalon_Studio_Windows_64-9.2.0\configuration\resources\lib\groovy-datetime-3.0.17.jar;C:\Users\Admin\.katalon\packages\Katalon_Studio_Windows_64-9.2.0\Katalon_Studio_Windows_64-9.2.0\configuration\resources\lib\groovy-dateutil-3.0.17.jar;C:\Users\Admin\.katalon\packages\Katalon_Studio_Windows_64-9.2.0\Katalon_Studio_Windows_64-9.2.0\configuration\resources\lib\groovy-docgenerator-3.0.17.jar;C:\Users\Admin\.katalon\packages\Katalon_Studio_Windows_64-9.2.0\Katalon_Studio_Windows_64-9.2.0\configuration\resources\lib\groovy-groovydoc-3.0.17.jar;C:\Users\Admin\.katalon\packages\Katalon_Studio_Windows_64-9.2.0\Katalon_Studio_Windows_64-9.2.0\configuration\resources\lib\groovy-groovysh-3.0.17.jar;C:\Users\Admin\.katalon\packages\Katalon_Studio_Windows_64-9.2.0\Katalon_Studio_Windows_64-9.2.0\configuration\resources\lib\groovy-jmx-3.0.17.jar;C:\Users\Admin\.katalon\packages\Katalon_Studio_Windows_64-9.2.0\Katalon_Studio_Windows_64-9.2.0\configuration\resources\lib\groovy-json-3.0.17.jar;C:\Users\Admin\.katalon\packages\Katalon_Studio_Windows_64-9.2.0\Katalon_Studio_Windows_64-9.2.0\configuration\resources\lib\groovy-jsr223-3.0.17.jar;C:\Users\Admin\.katalon\packages\Katalon_Studio_Windows_64-9.2.0\Katalon_Studio_Windows_64-9.2.0\configuration\resources\lib\groovy-macro-3.0.17.jar;C:\Users\Admin\.katalon\packages\Katalon_Studio_Windows_64-9.2.0\Katalon_Studio_Windows_64-9.2.0\configuration\resources\lib\groovy-nio-3.0.17.jar;C:\Users\Admin\.katalon\packages\Katalon_Studio_Windows_64-9.2.0\Katalon_Studio_Windows_64-9.2.0\configuration\resources\lib\groovy-servlet-3.0.17.jar;C:\Users\Admin\.katalon\packages\Katalon_Studio_Windows_64-9.2.0\Katalon_Studio_Windows_64-9.2.0\configuration\resources\lib\groovy-sql-3.0.17.jar;C:\Users\Admin\.katalon\packages\Katalon_Studio_Windows_64-9.2.0\Katalon_Studio_Windows_64-9.2.0\configuration\resources\lib\groovy-swing-3.0.17.jar;C:\Users\Admin\.katalon\packages\Katalon_Studio_Windows_64-9.2.0\Katalon_Studio_Windows_64-9.2.0\configuration\resources\lib\groovy-templates-3.0.17.jar;C:\Users\Admin\.katalon\packages\Katalon_Studio_Windows_64-9.2.0\Katalon_Studio_Windows_64-9.2.0\configuration\resources\lib\groovy-test-3.0.17.jar;C:\Users\Admin\.katalon\packages\Katalon_Studio_Windows_64-9.2.0\Katalon_Studio_Windows_64-9.2.0\configuration\resources\lib\groovy-test-junit5-3.0.17.jar;C:\Users\Admin\.katalon\packages\Katalon_Studio_Windows_64-9.2.0\Katalon_Studio_Windows_64-9.2.0\configuration\resources\lib\groovy-testng-3.0.17.jar;C:\Users\Admin\.katalon\packages\Katalon_Studio_Windows_64-9.2.0\Katalon_Studio_Windows_64-9.2.0\configuration\resources\lib\groovy-xml-3.0.17.jar;C:\Users\Admin\.katalon\packages\Katalon_Studio_Windows_64-9.2.0\Katalon_Studio_Windows_64-9.2.0\configuration\resources\lib\java-client-7.0.0.jar;C:\Users\Admin\.katalon\packages\Katalon_Studio_Windows_64-9.2.0\Katalon_Studio_Windows_64-9.2.0\configuration\resources\lib\javax.servlet-api_3.1.0.jar;C:\Users\Admin\.katalon\packages\Katalon_Studio_Windows_64-9.2.0\Katalon_Studio_Windows_64-9.2.0\configuration\resources\lib\jna-5.12.1.jar;C:\Users\Admin\.katalon\packages\Katalon_Studio_Windows_64-9.2.0\Katalon_Studio_Windows_64-9.2.0\configuration\resources\lib\jna-platform-5.12.1.jar;C:\Users\Admin\.katalon\packages\Katalon_Studio_Windows_64-9.2.0\Katalon_Studio_Windows_64-9.2.0\configuration\resources\lib\jzlib-1.1.3.jar;C:\Users\Admin\.katalon\packages\Katalon_Studio_Windows_64-9.2.0\Katalon_Studio_Windows_64-9.2.0\configuration\resources\lib\kat-server.jar;C:\Users\Admin\.katalon\packages\Katalon_Studio_Windows_64-9.2.0\Katalon_Studio_Windows_64-9.2.0\configuration\resources\lib\littleproxy-1.1.0-beta-bmp-17.jar;C:\Users\Admin\.katalon\packages\Katalon_Studio_Windows_64-9.2.0\Katalon_Studio_Windows_64-9.2.0\configuration\resources\lib\log4j-1.2-api-2.17.1.jar;C:\Users\Admin\.katalon\packages\Katalon_Studio_Windows_64-9.2.0\Katalon_Studio_Windows_64-9.2.0\configuration\resources\lib\log4j-api-2.17.1.jar;C:\Users\Admin\.katalon\packages\Katalon_Studio_Windows_64-9.2.0\Katalon_Studio_Windows_64-9.2.0\configuration\resources\lib\log4j-core-2.17.1.jar;C:\Users\Admin\.katalon\packages\Katalon_Studio_Windows_64-9.2.0\Katalon_Studio_Windows_64-9.2.0\configuration\resources\lib\mitm-2.1.5.jar;C:\Users\Admin\.katalon\packages\Katalon_Studio_Windows_64-9.2.0\Katalon_Studio_Windows_64-9.2.0\configuration\resources\lib\netty-all-4.1.70.Final.jar;C:\Users\Admin\.katalon\packages\Katalon_Studio_Windows_64-9.2.0\Katalon_Studio_Windows_64-9.2.0\configuration\resources\lib\poi-3.17.jar;C:\Users\Admin\.katalon\packages\Katalon_Studio_Windows_64-9.2.0\Katalon_Studio_Windows_64-9.2.0\configuration\resources\lib\poi-ooxml-3.17.jar;C:\Users\Admin\.katalon\packages\Katalon_Studio_Windows_64-9.2.0\Katalon_Studio_Windows_64-9.2.0\configuration\resources\lib\poi-ooxml-schemas-3.17.jar;C:\Users\Admin\.katalon\packages\Katalon_Studio_Windows_64-9.2.0\Katalon_Studio_Windows_64-9.2.0\configuration\resources\lib\proxy-vole-1.0.4-SNAPSHOT-jar-with-dependencies.jar;C:\Users\Admin\.katalon\packages\Katalon_Studio_Windows_64-9.2.0\Katalon_Studio_Windows_64-9.2.0\configuration\resources\lib\repackaged-sikuli-api-1.0.2-standalone.jar;C:\Users\Admin\.katalon\packages\Katalon_Studio_Windows_64-9.2.0\Katalon_Studio_Windows_64-9.2.0\configuration\resources\lib\selenium-leg-rc-3.141.59.jar;C:\Users\Admin\.katalon\packages\Katalon_Studio_Windows_64-9.2.0\Katalon_Studio_Windows_64-9.2.0\configuration\resources\lib\selenium-server-standalone-3.141.59.jar;C:\Users\Admin\.katalon\packages\Katalon_Studio_Windows_64-9.2.0\Katalon_Studio_Windows_64-9.2.0\configuration\resources\lib\selenium-shutterbug-1.1.jar;C:\Users\Admin\.katalon\packages\Katalon_Studio_Windows_64-9.2.0\Katalon_Studio_Windows_64-9.2.0\configuration\resources\lib\slf4j-api-1.7.25.jar;C:\Users\Admin\.katalon\packages\Katalon_Studio_Windows_64-9.2.0\Katalon_Studio_Windows_64-9.2.0\configuration\resources\lib\soap-builder-1.0.0.jar;C:\Users\Admin\.katalon\packages\Katalon_Studio_Windows_64-9.2.0\Katalon_Studio_Windows_64-9.2.0\configuration\resources\lib\soap-common-1.0.0.jar;C:\Users\Admin\.katalon\packages\Katalon_Studio_Windows_64-9.2.0\Katalon_Studio_Windows_64-9.2.0\configuration\resources\lib\soap-legacy-1.0.0.jar;C:\Users\Admin\.katalon\packages\Katalon_Studio_Windows_64-9.2.0\Katalon_Studio_Windows_64-9.2.0\configuration\resources\lib\spring-context-5.3.19.jar;C:\Users\Admin\.katalon\packages\Katalon_Studio_Windows_64-9.2.0\Katalon_Studio_Windows_64-9.2.0\configuration\resources\lib\stax2-api-4.0.0.jar;C:\Users\Admin\.katalon\packages\Katalon_Studio_Windows_64-9.2.0\Katalon_Studio_Windows_64-9.2.0\configuration\resources\lib\su.jar;C:\Users\Admin\.katalon\packages\Katalon_Studio_Windows_64-9.2.0\Katalon_Studio_Windows_64-9.2.0\configuration\resources\lib\testng-7.8.0.jar;C:\Users\Admin\.katalon\packages\Katalon_Studio_Windows_64-9.2.0\Katalon_Studio_Windows_64-9.2.0\configuration\resources\lib\wadl.jar;C:\Users\Admin\.katalon\packages\Katalon_Studio_Windows_64-9.2.0\Katalon_Studio_Windows_64-9.2.0\configuration\resources\lib\xmlbeans-3.1.0.jar;C:\Users\Admin\.katalon\packages\Katalon_Studio_Windows_64-9.2.0\Katalon_Studio_Windows_64-9.2.0\plugins\net.sf.supercsv.super-csv_2.1.0.jar;C:\Users\Admin\.katalon\packages\Katalon_Studio_Windows_64-9.2.0\Katalon_Studio_Windows_64-9.2.0\plugins\org.apache.commons.io_2.4.0.jar;C:\Users\Admin\.katalon\packages\Katalon_Studio_Windows_64-9.2.0\Katalon_Studio_Windows_64-9.2.0\plugins\org.apache.commons.lang_2.6.0.jar;C:\Users\Admin\.katalon\packages\Katalon_Studio_Windows_64-9.2.0\Katalon_Studio_Windows_64-9.2.0\plugins\com.google.gson_2.10.1.v20230109-0753.jar;C:\Users\Admin\.katalon\packages\Katalon_Studio_Windows_64-9.2.0\Katalon_Studio_Windows_64-9.2.0\plugins\org.jsoup_1.14.3.jar;C:\Users\Admin\.katalon\packages\Katalon_Studio_Windows_64-9.2.0\Katalon_Studio_Windows_64-9.2.0\plugins\org.apache.commons.dbutils_1.6.0.jar;C:\Users\Admin\.katalon\packages\Katalon_Studio_Windows_64-9.2.0\Katalon_Studio_Windows_64-9.2.0\plugins\com.oracle.jdbc.ojdbc7_12.1.0.2.jar;C:\Users\Admin\.katalon\packages\Katalon_Studio_Windows_64-9.2.0\Katalon_Studio_Windows_64-9.2.0\plugins\org.postgresql.jdbc_42.4.1.jar;c:\Users\Admin\.katalon\packages\Katalon_Studio_Windows_64-9.2.0\Katalon_Studio_Windows_64-9.2.0\plugins\org.eclipse.osgi_3.18.300.v20230220-1352.jar;C:\Users\Admin\.katalon\packages\Katalon_Studio_Windows_64-9.2.0\Katalon_Studio_Windows_64-9.2.0\plugins\com.kms.katalon.constant_1.0.0.202312271622.jar;C:\Users\Admin\.katalon\packages\Katalon_Studio_Windows_64-9.2.0\Katalon_Studio_Windows_64-9.2.0\plugins\org.eclipse.persistence.eclipselink_2.7.11.jar;C:\Users\Admin\.katalon\packages\Katalon_Studio_Windows_64-9.2.0\Katalon_Studio_Windows_64-9.2.0\plugins\com.kms.katalon.selenium-standalone_1.0.0.202312271622.jar;C:\Users\Admin\.katalon\packages\Katalon_Studio_Windows_64-9.2.0\Katalon_Studio_Windows_64-9.2.0\plugins\atu.testrecorder.screen-recorder_2.1.0.jar;C:\Users\Admin\.katalon\packages\Katalon_Studio_Windows_64-9.2.0\Katalon_Studio_Windows_64-9.2.0\plugins\com.google.guava_23.0.0.jar;C:\Users\Admin\.katalon\packages\Katalon_Studio_Windows_64-9.2.0\Katalon_Studio_Windows_64-9.2.0\plugins\com.kms.katalon.util_1.0.0.202312271622.jar;C:\Users\Admin\.katalon\packages\Katalon_Studio_Windows_64-9.2.0\Katalon_Studio_Windows_64-9.2.0\plugins\org.apache.httpcomponents.httpclient_4.5.14.v20221207-1049.jar;C:\Users\Admin\.katalon\packages\Katalon_Studio_Windows_64-9.2.0\Katalon_Studio_Windows_64-9.2.0\plugins\org.apache.httpcomponents.httpcore_4.4.16.v20221207-1049.jar;C:\Users\Admin\.katalon\packages\Katalon_Studio_Windows_64-9.2.0\Katalon_Studio_Windows_64-9.2.0\plugins\org.apache.httpcomponents.httpmime_4.5.1.jar;C:\Users\Admin\.katalon\packages\Katalon_Studio_Windows_64-9.2.0\Katalon_Studio_Windows_64-9.2.0\plugins\org.apache.commons.lang3_3.7.0.jar;C:\Users\Admin\.katalon\packages\Katalon_Studio_Windows_64-9.2.0\Katalon_Studio_Windows_64-9.2.0\plugins\org.greenrobot.eventbus_3.1.1.jar;C:\Users\Admin\.katalon\packages\Katalon_Studio_Windows_64-9.2.0\Katalon_Studio_Windows_64-9.2.0\plugins\org.assertj.core_3.10.0.jar;C:\Users\Admin\.katalon\packages\Katalon_Studio_Windows_64-9.2.0\Katalon_Studio_Windows_64-9.2.0\plugins\org.junit_4.13.2.v20211018-1956.jar;C:\Users\Admin\.katalon\packages\Katalon_Studio_Windows_64-9.2.0\Katalon_Studio_Windows_64-9.2.0\plugins\com.fasterxml.jackson.core.jackson-databind_2.14.0.jar;C:\Users\Admin\.katalon\packages\Katalon_Studio_Windows_64-9.2.0\Katalon_Studio_Windows_64-9.2.0\plugins\com.fasterxml.jackson.core.jackson-core_2.14.0.jar;C:\Users\Admin\.katalon\packages\Katalon_Studio_Windows_64-9.2.0\Katalon_Studio_Windows_64-9.2.0\plugins\com.fasterxml.jackson.core.jackson-annotations_2.14.0.jar;C:\Users\Admin\.katalon\packages\Katalon_Studio_Windows_64-9.2.0\Katalon_Studio_Windows_64-9.2.0\plugins\ch.qos.logback.classic_1.2.3.jar;C:\Users\Admin\.katalon\packages\Katalon_Studio_Windows_64-9.2.0\Katalon_Studio_Windows_64-9.2.0\plugins\ch.qos.logback.core_1.2.3.jar;C:\Users\Admin\.katalon\packages\Katalon_Studio_Windows_64-9.2.0\Katalon_Studio_Windows_64-9.2.0\plugins\slf4j.api_1.7.36.jar;C:\Users\Admin\.katalon\packages\Katalon_Studio_Windows_64-9.2.0\Katalon_Studio_Windows_64-9.2.0\plugins\org.fusesource.jansi_1.17.1.jar;C:\Users\Admin\.katalon\packages\Katalon_Studio_Windows_64-9.2.0\Katalon_Studio_Windows_64-9.2.0\plugins\com.kms.katalon.netlightbody_1.0.0.202312271622.jar;C:\Users\Admin\.katalon\packages\Katalon_Studio_Windows_64-9.2.0\Katalon_Studio_Windows_64-9.2.0\plugins\com.kms.katalon.poi_1.0.0.202312271622.jar;C:\Users\Admin\.katalon\packages\Katalon_Studio_Windows_64-9.2.0\Katalon_Studio_Windows_64-9.2.0\plugins\org.apache.commons.commons-text_1.10.0.jar;C:\Users\Admin\.katalon\packages\Katalon_Studio_Windows_64-9.2.0\Katalon_Studio_Windows_64-9.2.0\plugins\com.kms.katalon.proxyvole_1.0.0.202312271622.jar;C:\Users\Admin\.katalon\packages\Katalon_Studio_Windows_64-9.2.0\Katalon_Studio_Windows_64-9.2.0\plugins\com.microsoft.sqlserver.mssql-jdbc_6.2.2.jre8.jar;C:\Users\Admin\.katalon\packages\Katalon_Studio_Windows_64-9.2.0\Katalon_Studio_Windows_64-9.2.0\plugins\com.github.kklisura.cdt.java-client_2.1.0.jar;C:\Users\Admin\.katalon\packages\Katalon_Studio_Windows_64-9.2.0\Katalon_Studio_Windows_64-9.2.0\plugins\javax.websocket-api_1.1.0.jar;C:\Users\Admin\.katalon\packages\Katalon_Studio_Windows_64-9.2.0\Katalon_Studio_Windows_64-9.2.0\plugins\org.glassfish.tyrus.container-grizzly-client_1.13.1.jar;C:\Users\Admin\.katalon\packages\Katalon_Studio_Windows_64-9.2.0\Katalon_Studio_Windows_64-9.2.0\plugins\org.glassfish.grizzly.http-server_2.3.25.jar;C:\Users\Admin\.katalon\packages\Katalon_Studio_Windows_64-9.2.0\Katalon_Studio_Windows_64-9.2.0\plugins\org.glassfish.grizzly.framework_2.3.25.jar;C:\Users\Admin\.katalon\packages\Katalon_Studio_Windows_64-9.2.0\Katalon_Studio_Windows_64-9.2.0\plugins\org.glassfish.grizzly.http_2.3.25.jar;C:\Users\Admin\.katalon\packages\Katalon_Studio_Windows_64-9.2.0\Katalon_Studio_Windows_64-9.2.0\plugins\org.glassfish.tyrus.client_1.13.1.jar;C:\Users\Admin\.katalon\packages\Katalon_Studio_Windows_64-9.2.0\Katalon_Studio_Windows_64-9.2.0\plugins\org.glassfish.tyrus.core_1.13.1.jar;C:\Users\Admin\.katalon\packages\Katalon_Studio_Windows_64-9.2.0\Katalon_Studio_Windows_64-9.2.0\plugins\org.glassfish.tyrus.spi_1.13.1.jar;C:\Users\Admin\.katalon\packages\Katalon_Studio_Windows_64-9.2.0\Katalon_Studio_Windows_64-9.2.0\plugins\javassist_3.28.0.GA.jar;C:\Users\Admin\.katalon\packages\Katalon_Studio_Windows_64-9.2.0\Katalon_Studio_Windows_64-9.2.0\plugins\com.graphql-java_16.2.0.jar;C:\Users\Admin\.katalon\packages\Katalon_Studio_Windows_64-9.2.0\Katalon_Studio_Windows_64-9.2.0\plugins\org.glassfish.jaxb.runtime_2.3.6.jar;C:\Users\Admin\.katalon\packages\Katalon_Studio_Windows_64-9.2.0\Katalon_Studio_Windows_64-9.2.0\plugins\org.glassfish.jaxb.txw2_2.3.6.jar;C:\Users\Admin\.katalon\packages\Katalon_Studio_Windows_64-9.2.0\Katalon_Studio_Windows_64-9.2.0\plugins\org.dom4j_1.6.1.v201312101416.jar;C:\Users\Admin\.katalon\packages\Katalon_Studio_Windows_64-9.2.0\Katalon_Studio_Windows_64-9.2.0\plugins\com.kms.katalon.groovy-extended_1.0.0.202312271622.jar;C:\Users\Admin\.katalon\packages\Katalon_Studio_Windows_64-9.2.0\Katalon_Studio_Windows_64-9.2.0\plugins\com.sun.activation.javax.activation_1.2.0.jar;C:\Users\Admin\.katalon\packages\Katalon_Studio_Windows_64-9.2.0\Katalon_Studio_Windows_64-9.2.0\plugins\jakarta.xml.bind-api_2.3.3.jar;C:\Users\Admin\.katalon\packages\Katalon_Studio_Windows_64-9.2.0\Katalon_Studio_Windows_64-9.2.0\plugins\com.sun.xml.bind.jaxb-impl_2.3.6.jar;C:\Users\Admin\.katalon\packages\Katalon_Studio_Windows_64-9.2.0\Katalon_Studio_Windows_64-9.2.0\plugins\org.apache.commons.logging_1.2.0.v20180409-1502.jar;C:\Users\Admin\.katalon\packages\Katalon_Studio_Windows_64-9.2.0\Katalon_Studio_Windows_64-9.2.0\plugins\org.hamcrest.core_1.3.0.v20180420-1519.jar;C:\Users\Admin\.katalon\packages\Katalon_Studio_Windows_64-9.2.0\Katalon_Studio_Windows_64-9.2.0\plugins\org.beanshell.bsh_2.0.0.0b4.jar;C:\Users\Admin\.katalon\packages\Katalon_Studio_Windows_64-9.2.0\Katalon_Studio_Windows_64-9.2.0\plugins\org.apache.ant.launcher_1.9.6.jar;C:\Users\Admin\.katalon\packages\Katalon_Studio_Windows_64-9.2.0\Katalon_Studio_Windows_64-9.2.0\plugins\com.kms.katalon.core.appium_1.0.0.202312271622.jar;C:\Users\Admin\.katalon\packages\Katalon_Studio_Windows_64-9.2.0\Katalon_Studio_Windows_64-9.2.0\plugins\com.kms.katalon.logging_1.0.0.202312271622.jar;C:\Users\Admin\.katalon\packages\Katalon_Studio_Windows_64-9.2.0\Katalon_Studio_Windows_64-9.2.0\plugins\org.eclipse.equinox.common_3.17.100.v20230202-1341.jar;C:\Users\Admin\.katalon\packages\Katalon_Studio_Windows_64-9.2.0\Katalon_Studio_Windows_64-9.2.0\plugins\com.kms.katalon.core.webui_1.0.0.202312271622.jar;C:\Users\Admin\.katalon\packages\Katalon_Studio_Windows_64-9.2.0\Katalon_Studio_Windows_64-9.2.0\plugins\org.json_20140107.0.0.jar;C:\Users\Admin\.katalon\packages\Katalon_Studio_Windows_64-9.2.0\Katalon_Studio_Windows_64-9.2.0\plugins\org.eclipse.e4.core.contexts_1.11.0.v20220716-0839.jar;C:\Users\Admin\.katalon\packages\Katalon_Studio_Windows_64-9.2.0\Katalon_Studio_Windows_64-9.2.0\plugins\org.eclipse.e4.core.services_2.3.400.v20220915-1347.jar;C:\Users\Admin\.katalon\packages\Katalon_Studio_Windows_64-9.2.0\Katalon_Studio_Windows_64-9.2.0\plugins\com.kms.katalon.core.mobile_1.0.0.202312271622.jar;C:\Users\Admin\.katalon\packages\Katalon_Studio_Windows_64-9.2.0\Katalon_Studio_Windows_64-9.2.0\plugins\org.apache.commons.commons-validator_1.7.0.jar;C:\Users\Admin\.katalon\packages\Katalon_Studio_Windows_64-9.2.0\Katalon_Studio_Windows_64-9.2.0\plugins\com.kms.katalon.core.cucumber_1.0.0.202312271622.jar;C:\Users\Admin\.katalon\packages\Katalon_Studio_Windows_64-9.2.0\Katalon_Studio_Windows_64-9.2.0\plugins\io.cucumber.core_3.0.2.jar;C:\Users\Admin\.katalon\packages\Katalon_Studio_Windows_64-9.2.0\Katalon_Studio_Windows_64-9.2.0\plugins\io.cucumber.datatable_1.0.3.jar;C:\Users\Admin\.katalon\packages\Katalon_Studio_Windows_64-9.2.0\Katalon_Studio_Windows_64-9.2.0\plugins\io.cucumber.datatable-dependencies_1.0.3.jar;C:\Users\Admin\.katalon\packages\Katalon_Studio_Windows_64-9.2.0\Katalon_Studio_Windows_64-9.2.0\plugins\io.cucumber.expressions_5.0.19.jar;C:\Users\Admin\.katalon\packages\Katalon_Studio_Windows_64-9.2.0\Katalon_Studio_Windows_64-9.2.0\plugins\io.cucumber.gherkin_5.0.0.jar;C:\Users\Admin\.katalon\packages\Katalon_Studio_Windows_64-9.2.0\Katalon_Studio_Windows_64-9.2.0\plugins\io.cucumber.html_0.2.7.jar;C:\Users\Admin\.katalon\packages\Katalon_Studio_Windows_64-9.2.0\Katalon_Studio_Windows_64-9.2.0\plugins\io.cucumber.java_3.0.2.jar;C:\Users\Admin\.katalon\packages\Katalon_Studio_Windows_64-9.2.0\Katalon_Studio_Windows_64-9.2.0\plugins\io.cucumber.tag-expressions_1.1.1.jar;C:\Users\Admin\.katalon\packages\Katalon_Studio_Windows_64-9.2.0\Katalon_Studio_Windows_64-9.2.0\plugins\io.cucumber.junit_3.0.2.jar;C:\Users\Admin\.katalon\packages\Katalon_Studio_Windows_64-9.2.0\Katalon_Studio_Windows_64-9.2.0\plugins\com.kms.katalon.core.webservice_1.0.0.202312271622.jar;C:\Users\Admin\.katalon\packages\Katalon_Studio_Windows_64-9.2.0\Katalon_Studio_Windows_64-9.2.0\plugins\wsdl4j_1.6.2.jar;C:\Users\Admin\.katalon\packages\Katalon_Studio_Windows_64-9.2.0\Katalon_Studio_Windows_64-9.2.0\plugins\com.google.oauth-client.google-oauth-client_1.22.0.jar;C:\Users\Admin\.katalon\packages\Katalon_Studio_Windows_64-9.2.0\Katalon_Studio_Windows_64-9.2.0\plugins\com.google.http-client.google-http-client_1.22.0.jar;C:\Users\Admin\.katalon\packages\Katalon_Studio_Windows_64-9.2.0\Katalon_Studio_Windows_64-9.2.0\plugins\ca.juliusdavies.not-yet-commons-ssl_0.3.11.jar;C:\Users\Admin\.katalon\packages\Katalon_Studio_Windows_64-9.2.0\Katalon_Studio_Windows_64-9.2.0\plugins\com.kms.katalon.preferences_1.0.0.202312271622.jar;C:\Users\Admin\.katalon\packages\Katalon_Studio_Windows_64-9.2.0\Katalon_Studio_Windows_64-9.2.0\plugins\org.apache.xmlbeans_3.1.0.jar;C:\Users\Admin\.katalon\packages\Katalon_Studio_Windows_64-9.2.0\Katalon_Studio_Windows_64-9.2.0\plugins\com.kms.katalon.entity_1.0.0.202312271622.jar;C:\Users\Admin\.katalon\packages\Katalon_Studio_Windows_64-9.2.0\Katalon_Studio_Windows_64-9.2.0\plugins\org.antlr.antlr4-runtime_4.8.0.jar;C:\Users\Admin\.katalon\packages\Katalon_Studio_Windows_64-9.2.0\Katalon_Studio_Windows_64-9.2.0\plugins\com.networknt.json-schema-validator_1.0.66.jar;C:\Users\Admin\.katalon\packages\Katalon_Studio_Windows_64-9.2.0\Katalon_Studio_Windows_64-9.2.0\plugins\jakarta.xml.ws-api_2.3.3.jar;C:\Users\Admin\.katalon\packages\Katalon_Studio_Windows_64-9.2.0\Katalon_Studio_Windows_64-9.2.0\plugins\javax.xml.soap-api_1.4.0.jar;C:\Users\Admin\.katalon\packages\Katalon_Studio_Windows_64-9.2.0\Katalon_Studio_Windows_64-9.2.0\plugins\com.kms.katalon.core.windows_1.0.0.202312271622.jar;C:\Users\Admin\.katalon\packages\Katalon_Studio_Windows_64-9.2.0\Katalon_Studio_Windows_64-9.2.0\plugins\com.kms.katalon.core.testng_1.0.0.202312271622.jar;C:\Users\Admin\.katalon\packages\Katalon_Studio_Windows_64-9.2.0\Katalon_Studio_Windows_64-9.2.0\configuration\org.eclipse.osgi\27\0\.cp\resources\basic-report\katalon-studio-report-plugin.jar;C:\Users\Admin\.katalon\packages\Katalon_Studio_Windows_64-9.2.0\Katalon_Studio_Windows_64-9.2.0\plugins\org.codehaus.groovy_3.0.17.v202303311542-e2303\lib\groovy-3.0.17-indy.jar;C:\Users\Admin\.katalon\packages\Katalon_Studio_Windows_64-9.2.0\Katalon_Studio_Windows_64-9.2.0\plugins\org.codehaus.groovy_3.0.17.v202303311542-e2303\lib\ivy-2.5.1.jar --main groovy.ui.GroovyMain --encoding UTF-8 --indy D:\Katalon Studio\Final_Project_Testing\Libs\TempTestCase1704985780395.groovy

Host: Intel(R) Core(TM) i3 CPU       M 380  @ 2.53GHz, 4 cores, 3G,  Windows 10 , 64 bit Build 16299 (10.0.16299.431)
Time: Thu Jan 11 22:10:04 2024 SE Asia Standard Time elapsed time: 22.895308 seconds (0d 0h 0m 22s)

---------------  T H R E A D  ---------------

Current thread (0x000002617e9f3d80):  JavaThread "C2 CompilerThread0" daemon [_thread_in_native, id=8284, stack(0x000000a66f100000,0x000000a66f200000)]


Current CompileTask:
C2:  22895 5586       4       java.lang.String::valueOf (15 bytes)

Stack: [0x000000a66f100000,0x000000a66f200000]
Native frames: (J=compiled Java code, j=interpreted, Vv=VM code, C=native code)
V  [jvm.dll+0x67754a]
V  [jvm.dll+0x834304]
V  [jvm.dll+0x835aae]
V  [jvm.dll+0x836113]
V  [jvm.dll+0x24696f]
V  [jvm.dll+0xac0ac]
V  [jvm.dll+0xac67c]
V  [jvm.dll+0x364de2]
V  [jvm.dll+0x1bcc02]
V  [jvm.dll+0x219799]
V  [jvm.dll+0x218a61]
V  [jvm.dll+0x1a4d8d]
V  [jvm.dll+0x2284da]
V  [jvm.dll+0x226615]
V  [jvm.dll+0x7ea90b]
V  [jvm.dll+0x7e4e7a]
V  [jvm.dll+0x676395]
C  [ucrtbase.dll+0x1dab5]
C  [KERNEL32.DLL+0x11fe4]
C  [ntdll.dll+0x6cb81]


---------------  P R O C E S S  ---------------

Threads class SMR info:
_java_thread_list=0x0000026119fd1020, length=20, elements={
0x00000261782caba0, 0x000002617e9cb620, 0x000002617e9cd350, 0x000002617e9f0290,
0x000002617e9f0b50, 0x000002617e9f2820, 0x000002617e9f30e0, 0x000002617e9f3d80,
0x000002617ea64a20, 0x000002617ea67b00, 0x000002617eb00c90, 0x000002611907ff80,
0x000002611b5423a0, 0x000002611b542870, 0x000002611b541ed0, 0x000002611b544080,
0x000002611b544a20, 0x000002611b541530, 0x000002611b542d40, 0x000002611b543210
}

Java Threads: ( => current thread )
  0x00000261782caba0 JavaThread "Forwarding findElements on session 2854c24e4309f83f38a461d0c921f6ec to remote" [_thread_in_native, id=4196, stack(0x000000a66e400000,0x000000a66e500000)]
  0x000002617e9cb620 JavaThread "Reference Handler" daemon [_thread_blocked, id=10016, stack(0x000000a66eb00000,0x000000a66ec00000)]
  0x000002617e9cd350 JavaThread "Finalizer" daemon [_thread_blocked, id=8900, stack(0x000000a66ec00000,0x000000a66ed00000)]
  0x000002617e9f0290 JavaThread "Signal Dispatcher" daemon [_thread_blocked, id=8220, stack(0x000000a66ed00000,0x000000a66ee00000)]
  0x000002617e9f0b50 JavaThread "Attach Listener" daemon [_thread_blocked, id=7712, stack(0x000000a66ee00000,0x000000a66ef00000)]
  0x000002617e9f2820 JavaThread "Service Thread" daemon [_thread_blocked, id=14068, stack(0x000000a66ef00000,0x000000a66f000000)]
  0x000002617e9f30e0 JavaThread "Monitor Deflation Thread" daemon [_thread_blocked, id=10532, stack(0x000000a66f000000,0x000000a66f100000)]
=>0x000002617e9f3d80 JavaThread "C2 CompilerThread0" daemon [_thread_in_native, id=8284, stack(0x000000a66f100000,0x000000a66f200000)]
  0x000002617ea64a20 JavaThread "C1 CompilerThread0" daemon [_thread_blocked, id=4296, stack(0x000000a66f200000,0x000000a66f300000)]
  0x000002617ea67b00 JavaThread "Sweeper thread" daemon [_thread_blocked, id=6328, stack(0x000000a66f300000,0x000000a66f400000)]
  0x000002617eb00c90 JavaThread "Common-Cleaner" daemon [_thread_blocked, id=5340, stack(0x000000a66f400000,0x000000a66f500000)]
  0x000002611907ff80 JavaThread "Notification Thread" daemon [_thread_blocked, id=13380, stack(0x000000a66f700000,0x000000a66f800000)]
  0x000002611b5423a0 JavaThread "Exec Default Executor" daemon [_thread_in_native, id=1652, stack(0x000000a66fb00000,0x000000a66fc00000)]
  0x000002611b542870 JavaThread "UrlChecker-2" daemon [_thread_blocked, id=5156, stack(0x000000a66fc00000,0x000000a66fd00000)]
  0x000002611b541ed0 JavaThread "Exec Stream Pumper" daemon [_thread_in_native, id=7596, stack(0x000000a66fe00000,0x000000a66ff00000)]
  0x000002611b544080 JavaThread "Exec Stream Pumper" daemon [_thread_in_native, id=744, stack(0x000000a66ff00000,0x000000a670000000)]
  0x000002611b544a20 JavaThread "ForkJoinPool.commonPool-worker-1" daemon [_thread_blocked, id=10920, stack(0x000000a670100000,0x000000a670200000)]
  0x000002611b541530 JavaThread "ForkJoinPool.commonPool-worker-2" daemon [_thread_blocked, id=8340, stack(0x000000a670200000,0x000000a670300000)]
  0x000002611b542d40 JavaThread "OkHttp ConnectionPool" daemon [_thread_blocked, id=13260, stack(0x000000a670300000,0x000000a670400000)]
  0x000002611b543210 JavaThread "Okio Watchdog" daemon [_thread_blocked, id=12980, stack(0x000000a670400000,0x000000a670500000)]

Other Threads:
  0x000002617e9a8890 VMThread "VM Thread" [stack: 0x000000a66ea00000,0x000000a66eb00000] [id=12232]
  0x0000026119084860 WatcherThread [stack: 0x000000a66f800000,0x000000a66f900000] [id=12120]
  0x0000026178325530 GCTaskThread "GC Thread#0" [stack: 0x000000a66e500000,0x000000a66e600000] [id=8376]
  0x000002617f0122e0 GCTaskThread "GC Thread#1" [stack: 0x000000a66f600000,0x000000a66f700000] [id=13832]
  0x000002617f49f0d0 GCTaskThread "GC Thread#2" [stack: 0x000000a66f900000,0x000000a66fa00000] [id=8876]
  0x000002611a0a4d80 GCTaskThread "GC Thread#3" [stack: 0x000000a66fa00000,0x000000a66fb00000] [id=9828]
  0x0000026178336370 ConcurrentGCThread "G1 Main Marker" [stack: 0x000000a66e600000,0x000000a66e700000] [id=580]
  0x0000026178337980 ConcurrentGCThread "G1 Conc#0" [stack: 0x000000a66e700000,0x000000a66e800000] [id=8232]
  0x000002617e7f4940 ConcurrentGCThread "G1 Refine#0" [stack: 0x000000a66e800000,0x000000a66e900000] [id=5424]
  0x000002617e7f5a30 ConcurrentGCThread "G1 Service" [stack: 0x000000a66e900000,0x000000a66ea00000] [id=7224]

Threads with active compile tasks:
C2 CompilerThread0    22936 5586       4       java.lang.String::valueOf (15 bytes)

VM state: not at safepoint (normal execution)

VM Mutex/Monitor currently owned by a thread: None

Heap address: 0x0000000080000000, size: 2048 MB, Compressed Oops mode: 32-bit

CDS archive(s) not mapped
Compressed class space mapped at: 0x0000000100000000-0x0000000140000000, reserved size: 1073741824
Narrow klass base: 0x0000000000000000, Narrow klass shift: 3, Narrow klass range: 0x140000000

GC Precious Log:
 CPUs: 4 total, 4 available
 Memory: 3766M
 Large Page Support: Disabled
 NUMA Support: Disabled
 Compressed Oops: Enabled (32-bit)
 Heap Region Size: 1M
 Heap Min Capacity: 8M
 Heap Initial Capacity: 60M
 Heap Max Capacity: 2G
 Pre-touch: Disabled
 Parallel Workers: 4
 Concurrent Workers: 1
 Concurrent Refinement Workers: 4
 Periodic GC: Disabled

Heap:
 garbage-first heap   total 103424K, used 59735K [0x0000000080000000, 0x0000000100000000)
  region size 1024K, 31 young (31744K), 6 survivors (6144K)
 Metaspace       used 44156K, committed 44672K, reserved 1114112K
  class space    used 4900K, committed 5120K, reserved 1048576K

Heap Regions: E=young(eden), S=young(survivor), O=old, HS=humongous(starts), HC=humongous(continues), CS=collection set, F=free, OA=open archive, CA=closed archive, TAMS=top-at-mark-start (previous, next)
|   0|0x0000000080000000, 0x0000000080100000, 0x0000000080100000|100%|HS|  |TAMS 0x0000000080100000, 0x0000000080000000| Complete 
|   1|0x0000000080100000, 0x0000000080200000, 0x0000000080200000|100%|HS|  |TAMS 0x0000000080200000, 0x0000000080100000| Complete 
|   2|0x0000000080200000, 0x0000000080300000, 0x0000000080300000|100%| O|  |TAMS 0x0000000080300000, 0x0000000080200000| Untracked 
|   3|0x0000000080300000, 0x0000000080400000, 0x0000000080400000|100%| O|  |TAMS 0x0000000080400000, 0x0000000080300000| Untracked 
|   4|0x0000000080400000, 0x0000000080500000, 0x0000000080500000|100%| O|  |TAMS 0x0000000080500000, 0x0000000080400000| Untracked 
|   5|0x0000000080500000, 0x0000000080600000, 0x0000000080600000|100%| O|  |TAMS 0x0000000080600000, 0x0000000080500000| Untracked 
|   6|0x0000000080600000, 0x0000000080700000, 0x0000000080700000|100%| O|  |TAMS 0x0000000080700000, 0x0000000080600000| Untracked 
|   7|0x0000000080700000, 0x0000000080800000, 0x0000000080800000|100%| O|  |TAMS 0x0000000080800000, 0x0000000080700000| Untracked 
|   8|0x0000000080800000, 0x0000000080900000, 0x0000000080900000|100%| O|  |TAMS 0x0000000080900000, 0x0000000080800000| Untracked 
|   9|0x0000000080900000, 0x0000000080a00000, 0x0000000080a00000|100%|HS|  |TAMS 0x0000000080a00000, 0x0000000080900000| Complete 
|  10|0x0000000080a00000, 0x0000000080b00000, 0x0000000080b00000|100%|HC|  |TAMS 0x0000000080b00000, 0x0000000080a00000| Complete 
|  11|0x0000000080b00000, 0x0000000080c00000, 0x0000000080c00000|100%| O|  |TAMS 0x0000000080c00000, 0x0000000080b00000| Untracked 
|  12|0x0000000080c00000, 0x0000000080d00000, 0x0000000080d00000|100%| O|  |TAMS 0x0000000080d00000, 0x0000000080c00000| Untracked 
|  13|0x0000000080d00000, 0x0000000080e00000, 0x0000000080e00000|100%| O|  |TAMS 0x0000000080e00000, 0x0000000080d00000| Untracked 
|  14|0x0000000080e00000, 0x0000000080f00000, 0x0000000080f00000|100%| O|  |TAMS 0x0000000080f00000, 0x0000000080e00000| Untracked 
|  15|0x0000000080f00000, 0x0000000081000000, 0x0000000081000000|100%| O|  |TAMS 0x0000000081000000, 0x0000000080f00000| Untracked 
|  16|0x0000000081000000, 0x0000000081100000, 0x0000000081100000|100%| O|  |TAMS 0x0000000081100000, 0x0000000081000000| Untracked 
|  17|0x0000000081100000, 0x0000000081200000, 0x0000000081200000|100%| O|  |TAMS 0x0000000081200000, 0x0000000081100000| Untracked 
|  18|0x0000000081200000, 0x0000000081300000, 0x0000000081300000|100%| O|  |TAMS 0x0000000081300000, 0x0000000081200000| Untracked 
|  19|0x0000000081300000, 0x0000000081400000, 0x0000000081400000|100%| O|  |TAMS 0x0000000081400000, 0x0000000081300000| Untracked 
|  20|0x0000000081400000, 0x0000000081500000, 0x0000000081500000|100%| O|  |TAMS 0x0000000081500000, 0x0000000081400000| Untracked 
|  21|0x0000000081500000, 0x0000000081600000, 0x0000000081600000|100%| O|  |TAMS 0x0000000081600000, 0x0000000081500000| Untracked 
|  22|0x0000000081600000, 0x0000000081700000, 0x0000000081700000|100%| O|  |TAMS 0x0000000081600000, 0x0000000081600000| Untracked 
|  23|0x0000000081700000, 0x0000000081800000, 0x0000000081800000|100%| O|  |TAMS 0x0000000081700000, 0x0000000081700000| Untracked 
|  24|0x0000000081800000, 0x0000000081800000, 0x0000000081900000|  0%| F|  |TAMS 0x0000000081800000, 0x0000000081800000| Untracked 
|  25|0x0000000081900000, 0x0000000081a00000, 0x0000000081a00000|100%| O|  |TAMS 0x0000000081a00000, 0x0000000081900000| Untracked 
|  26|0x0000000081a00000, 0x0000000081b00000, 0x0000000081b00000|100%| O|  |TAMS 0x0000000081b00000, 0x0000000081a00000| Untracked 
|  27|0x0000000081b00000, 0x0000000081c00000, 0x0000000081c00000|100%| O|  |TAMS 0x0000000081c00000, 0x0000000081b00000| Untracked 
|  28|0x0000000081c00000, 0x0000000081d00000, 0x0000000081d00000|100%| O|  |TAMS 0x0000000081d00000, 0x0000000081c00000| Untracked 
|  29|0x0000000081d00000, 0x0000000081e00000, 0x0000000081e00000|100%| O|  |TAMS 0x0000000081deb800, 0x0000000081d00000| Untracked 
|  30|0x0000000081e00000, 0x0000000081e00000, 0x0000000081f00000|  0%| F|  |TAMS 0x0000000081e00000, 0x0000000081e00000| Untracked 
|  31|0x0000000081f00000, 0x0000000081f00000, 0x0000000082000000|  0%| F|  |TAMS 0x0000000081f00000, 0x0000000081f00000| Untracked 
|  32|0x0000000082000000, 0x0000000082000000, 0x0000000082100000|  0%| F|  |TAMS 0x0000000082000000, 0x0000000082000000| Untracked 
|  33|0x0000000082100000, 0x0000000082100000, 0x0000000082200000|  0%| F|  |TAMS 0x0000000082100000, 0x0000000082100000| Untracked 
|  34|0x0000000082200000, 0x0000000082200000, 0x0000000082300000|  0%| F|  |TAMS 0x0000000082200000, 0x0000000082200000| Untracked 
|  35|0x0000000082300000, 0x0000000082300000, 0x0000000082400000|  0%| F|  |TAMS 0x0000000082300000, 0x0000000082300000| Untracked 
|  36|0x0000000082400000, 0x0000000082400000, 0x0000000082500000|  0%| F|  |TAMS 0x0000000082400000, 0x0000000082400000| Untracked 
|  37|0x0000000082500000, 0x0000000082500000, 0x0000000082600000|  0%| F|  |TAMS 0x0000000082500000, 0x0000000082500000| Untracked 
|  38|0x0000000082600000, 0x0000000082600000, 0x0000000082700000|  0%| F|  |TAMS 0x0000000082600000, 0x0000000082600000| Untracked 
|  39|0x0000000082700000, 0x0000000082700000, 0x0000000082800000|  0%| F|  |TAMS 0x0000000082700000, 0x0000000082700000| Untracked 
|  40|0x0000000082800000, 0x0000000082800000, 0x0000000082900000|  0%| F|  |TAMS 0x0000000082800000, 0x0000000082800000| Untracked 
|  41|0x0000000082900000, 0x0000000082900000, 0x0000000082a00000|  0%| F|  |TAMS 0x0000000082900000, 0x0000000082900000| Untracked 
|  42|0x0000000082a00000, 0x0000000082a00000, 0x0000000082b00000|  0%| F|  |TAMS 0x0000000082a00000, 0x0000000082a00000| Untracked 
|  43|0x0000000082b00000, 0x0000000082b00000, 0x0000000082c00000|  0%| F|  |TAMS 0x0000000082b00000, 0x0000000082b00000| Untracked 
|  44|0x0000000082c00000, 0x0000000082c00000, 0x0000000082d00000|  0%| F|  |TAMS 0x0000000082c00000, 0x0000000082c00000| Untracked 
|  45|0x0000000082d00000, 0x0000000082d00000, 0x0000000082e00000|  0%| F|  |TAMS 0x0000000082d00000, 0x0000000082d00000| Untracked 
|  46|0x0000000082e00000, 0x0000000082e00000, 0x0000000082f00000|  0%| F|  |TAMS 0x0000000082e00000, 0x0000000082e00000| Untracked 
|  47|0x0000000082f00000, 0x0000000082f00000, 0x0000000083000000|  0%| F|  |TAMS 0x0000000082f00000, 0x0000000082f00000| Untracked 
|  48|0x0000000083000000, 0x0000000083000000, 0x0000000083100000|  0%| F|  |TAMS 0x0000000083000000, 0x0000000083000000| Untracked 
|  49|0x0000000083100000, 0x0000000083100000, 0x0000000083200000|  0%| F|  |TAMS 0x0000000083100000, 0x0000000083100000| Untracked 
|  50|0x0000000083200000, 0x0000000083255e78, 0x0000000083300000| 33%| S|CS|TAMS 0x0000000083200000, 0x0000000083200000| Complete 
|  51|0x0000000083300000, 0x0000000083400000, 0x0000000083400000|100%| S|CS|TAMS 0x0000000083300000, 0x0000000083300000| Complete 
|  52|0x0000000083400000, 0x0000000083500000, 0x0000000083500000|100%| S|CS|TAMS 0x0000000083400000, 0x0000000083400000| Complete 
|  53|0x0000000083500000, 0x0000000083600000, 0x0000000083600000|100%| S|CS|TAMS 0x0000000083500000, 0x0000000083500000| Complete 
|  54|0x0000000083600000, 0x0000000083700000, 0x0000000083700000|100%| S|CS|TAMS 0x0000000083600000, 0x0000000083600000| Complete 
|  55|0x0000000083700000, 0x0000000083800000, 0x0000000083800000|100%| S|CS|TAMS 0x0000000083700000, 0x0000000083700000| Complete 
|  56|0x0000000083800000, 0x0000000083800000, 0x0000000083900000|  0%| F|  |TAMS 0x0000000083800000, 0x0000000083800000| Untracked 
|  57|0x0000000083900000, 0x0000000083900000, 0x0000000083a00000|  0%| F|  |TAMS 0x0000000083900000, 0x0000000083900000| Untracked 
|  58|0x0000000083a00000, 0x0000000083a00000, 0x0000000083b00000|  0%| F|  |TAMS 0x0000000083a00000, 0x0000000083a00000| Untracked 
|  59|0x0000000083b00000, 0x0000000083b00000, 0x0000000083c00000|  0%| F|  |TAMS 0x0000000083b00000, 0x0000000083b00000| Untracked 
|  60|0x0000000083c00000, 0x0000000083c00000, 0x0000000083d00000|  0%| F|  |TAMS 0x0000000083c00000, 0x0000000083c00000| Untracked 
|  61|0x0000000083d00000, 0x0000000083d00000, 0x0000000083e00000|  0%| F|  |TAMS 0x0000000083d00000, 0x0000000083d00000| Untracked 
|  62|0x0000000083e00000, 0x0000000083e00000, 0x0000000083f00000|  0%| F|  |TAMS 0x0000000083e00000, 0x0000000083e00000| Untracked 
|  63|0x0000000083f00000, 0x0000000083f00000, 0x0000000084000000|  0%| F|  |TAMS 0x0000000083f00000, 0x0000000083f00000| Untracked 
|  64|0x0000000084000000, 0x0000000084000000, 0x0000000084100000|  0%| F|  |TAMS 0x0000000084000000, 0x0000000084000000| Untracked 
|  65|0x0000000084100000, 0x0000000084100000, 0x0000000084200000|  0%| F|  |TAMS 0x0000000084100000, 0x0000000084100000| Untracked 
|  66|0x0000000084200000, 0x0000000084200000, 0x0000000084300000|  0%| F|  |TAMS 0x0000000084200000, 0x0000000084200000| Untracked 
|  67|0x0000000084300000, 0x0000000084300000, 0x0000000084400000|  0%| F|  |TAMS 0x0000000084300000, 0x0000000084300000| Untracked 
|  68|0x0000000084400000, 0x0000000084400000, 0x0000000084500000|  0%| F|  |TAMS 0x0000000084400000, 0x0000000084400000| Untracked 
|  69|0x0000000084500000, 0x0000000084500000, 0x0000000084600000|  0%| F|  |TAMS 0x0000000084500000, 0x0000000084500000| Untracked 
|  70|0x0000000084600000, 0x0000000084600000, 0x0000000084700000|  0%| F|  |TAMS 0x0000000084600000, 0x0000000084600000| Untracked 
|  71|0x0000000084700000, 0x0000000084700000, 0x0000000084800000|  0%| F|  |TAMS 0x0000000084700000, 0x0000000084700000| Untracked 
|  72|0x0000000084800000, 0x0000000084800000, 0x0000000084900000|  0%| F|  |TAMS 0x0000000084800000, 0x0000000084800000| Untracked 
|  73|0x0000000084900000, 0x0000000084900000, 0x0000000084a00000|  0%| F|  |TAMS 0x0000000084900000, 0x0000000084900000| Untracked 
|  74|0x0000000084a00000, 0x0000000084a00000, 0x0000000084b00000|  0%| F|  |TAMS 0x0000000084a00000, 0x0000000084a00000| Untracked 
|  75|0x0000000084b00000, 0x0000000084b00000, 0x0000000084c00000|  0%| F|  |TAMS 0x0000000084b00000, 0x0000000084b00000| Untracked 
|  76|0x0000000084c00000, 0x0000000084c82010, 0x0000000084d00000| 50%| E|  |TAMS 0x0000000084c00000, 0x0000000084c00000| Complete 
|  77|0x0000000084d00000, 0x0000000084e00000, 0x0000000084e00000|100%| E|CS|TAMS 0x0000000084d00000, 0x0000000084d00000| Complete 
|  78|0x0000000084e00000, 0x0000000084f00000, 0x0000000084f00000|100%| E|CS|TAMS 0x0000000084e00000, 0x0000000084e00000| Complete 
|  79|0x0000000084f00000, 0x0000000085000000, 0x0000000085000000|100%| E|CS|TAMS 0x0000000084f00000, 0x0000000084f00000| Complete 
|  80|0x0000000085000000, 0x0000000085100000, 0x0000000085100000|100%| E|CS|TAMS 0x0000000085000000, 0x0000000085000000| Complete 
|  81|0x0000000085100000, 0x0000000085200000, 0x0000000085200000|100%| E|CS|TAMS 0x0000000085100000, 0x0000000085100000| Complete 
|  82|0x0000000085200000, 0x0000000085300000, 0x0000000085300000|100%| E|CS|TAMS 0x0000000085200000, 0x0000000085200000| Complete 
|  83|0x0000000085300000, 0x0000000085400000, 0x0000000085400000|100%| E|CS|TAMS 0x0000000085300000, 0x0000000085300000| Complete 
|  84|0x0000000085400000, 0x0000000085500000, 0x0000000085500000|100%| E|CS|TAMS 0x0000000085400000, 0x0000000085400000| Complete 
|  85|0x0000000085500000, 0x0000000085600000, 0x0000000085600000|100%| E|CS|TAMS 0x0000000085500000, 0x0000000085500000| Complete 
|  86|0x0000000085600000, 0x0000000085700000, 0x0000000085700000|100%| E|CS|TAMS 0x0000000085600000, 0x0000000085600000| Complete 
|  87|0x0000000085700000, 0x0000000085800000, 0x0000000085800000|100%| E|CS|TAMS 0x0000000085700000, 0x0000000085700000| Complete 
|  88|0x0000000085800000, 0x0000000085900000, 0x0000000085900000|100%| E|CS|TAMS 0x0000000085800000, 0x0000000085800000| Complete 
|  89|0x0000000085900000, 0x0000000085a00000, 0x0000000085a00000|100%| E|CS|TAMS 0x0000000085900000, 0x0000000085900000| Complete 
|  90|0x0000000085a00000, 0x0000000085b00000, 0x0000000085b00000|100%| E|CS|TAMS 0x0000000085a00000, 0x0000000085a00000| Complete 
|  91|0x0000000085b00000, 0x0000000085c00000, 0x0000000085c00000|100%| E|CS|TAMS 0x0000000085b00000, 0x0000000085b00000| Complete 
|  92|0x0000000085c00000, 0x0000000085d00000, 0x0000000085d00000|100%| E|CS|TAMS 0x0000000085c00000, 0x0000000085c00000| Complete 
|  93|0x0000000085d00000, 0x0000000085e00000, 0x0000000085e00000|100%| E|CS|TAMS 0x0000000085d00000, 0x0000000085d00000| Complete 
|  94|0x0000000085e00000, 0x0000000085f00000, 0x0000000085f00000|100%| E|CS|TAMS 0x0000000085e00000, 0x0000000085e00000| Complete 
|  95|0x0000000085f00000, 0x0000000086000000, 0x0000000086000000|100%| E|CS|TAMS 0x0000000085f00000, 0x0000000085f00000| Complete 
|  96|0x0000000086000000, 0x0000000086100000, 0x0000000086100000|100%| E|CS|TAMS 0x0000000086000000, 0x0000000086000000| Complete 
|  97|0x0000000086100000, 0x0000000086200000, 0x0000000086200000|100%| E|CS|TAMS 0x0000000086100000, 0x0000000086100000| Complete 
|  98|0x0000000086200000, 0x0000000086300000, 0x0000000086300000|100%| E|CS|TAMS 0x0000000086200000, 0x0000000086200000| Complete 
|  99|0x0000000086300000, 0x0000000086400000, 0x0000000086400000|100%| E|CS|TAMS 0x0000000086300000, 0x0000000086300000| Complete 
| 100|0x0000000086400000, 0x0000000086500000, 0x0000000086500000|100%| E|CS|TAMS 0x0000000086400000, 0x0000000086400000| Complete 

Card table byte_map: [0x000002617db40000,0x000002617df40000] _byte_map_base: 0x000002617d740000

Marking Bits (Prev, Next): (CMBitMap*) 0x0000026178325a40, (CMBitMap*) 0x0000026178325a80
 Prev Bits: [0x000002610f000000, 0x0000026111000000)
 Next Bits: [0x0000026111000000, 0x0000026113000000)

Polling page: 0x0000026178140000

Metaspace:

Usage:
  Non-class:     38.34 MB used.
      Class:      4.79 MB used.
       Both:     43.12 MB used.

Virtual space:
  Non-class space:       64.00 MB reserved,      38.63 MB ( 60%) committed,  1 nodes.
      Class space:        1.00 GB reserved,       5.00 MB ( <1%) committed,  1 nodes.
             Both:        1.06 GB reserved,      43.63 MB (  4%) committed. 

Chunk freelists:
   Non-Class:  8.75 MB
       Class:  10.83 MB
        Both:  19.58 MB

MaxMetaspaceSize: unlimited
CompressedClassSpaceSize: 1.00 GB
Initial GC threshold: 21.00 MB
Current GC threshold: 58.88 MB
CDS: off
MetaspaceReclaimPolicy: balanced
 - commit_granule_bytes: 65536.
 - commit_granule_words: 8192.
 - virtual_space_node_default_size: 8388608.
 - enlarge_chunks_in_place: 1.
 - new_chunks_are_fully_committed: 0.
 - uncommit_free_chunks: 1.
 - use_allocation_guard: 0.
 - handle_deallocations: 1.


Internal statistics:

num_allocs_failed_limit: 6.
num_arena_births: 624.
num_arena_deaths: 0.
num_vsnodes_births: 2.
num_vsnodes_deaths: 0.
num_space_committed: 698.
num_space_uncommitted: 0.
num_chunks_returned_to_freelist: 6.
num_chunks_taken_from_freelist: 1690.
num_chunk_merges: 6.
num_chunk_splits: 1151.
num_chunks_enlarged: 794.
num_inconsistent_stats: 0.

CodeHeap 'non-profiled nmethods': size=120000Kb used=2101Kb max_used=2101Kb free=117898Kb
 bounds [0x0000026107ad0000, 0x0000026107d40000, 0x000002610f000000]
CodeHeap 'profiled nmethods': size=120000Kb used=8014Kb max_used=8748Kb free=111986Kb
 bounds [0x0000026100000000, 0x0000026100890000, 0x0000026107530000]
CodeHeap 'non-nmethods': size=5760Kb used=2306Kb max_used=2359Kb free=3453Kb
 bounds [0x0000026107530000, 0x00000261077a0000, 0x0000026107ad0000]
 total_blobs=5312 nmethods=4487 adapters=738
 compilation: enabled
              stopped_count=0, restarted_count=0
 full_count=0

Compilation events (20 events):
Event: 22.874 Thread 0x000002617ea64a20 5623       3       java.util.Formatter::ensureOpen (16 bytes)
Event: 22.875 Thread 0x000002617ea64a20 nmethod 5623 0x000002610055dd90 code [0x000002610055df40, 0x000002610055e108]
Event: 22.875 Thread 0x000002617ea64a20 5624       3       java.util.stream.Collectors$$Lambda$96/0x00000001001c5ea0::accept (14 bytes)
Event: 22.875 Thread 0x000002617ea64a20 nmethod 5624 0x000002610055d690 code [0x000002610055d840, 0x000002610055dc48]
Event: 22.875 Thread 0x000002617ea64a20 5625       3       java.util.StringJoiner::add (110 bytes)
Event: 22.876 Thread 0x000002617ea64a20 nmethod 5625 0x000002610006c590 code [0x000002610006c7e0, 0x000002610006d258]
Event: 22.876 Thread 0x000002617ea64a20 5626       3       java.util.Comparator$$Lambda$62/0x000000010012b320::compare (10 bytes)
Event: 22.877 Thread 0x000002617ea64a20 nmethod 5626 0x000002610055cc90 code [0x000002610055ce60, 0x000002610055d328]
Event: 22.877 Thread 0x000002617ea64a20 5627       3       java.util.Comparator::lambda$comparing$77a9974f$1 (23 bytes)
Event: 22.877 Thread 0x000002617ea64a20 nmethod 5627 0x000002610006be10 code [0x000002610006bfe0, 0x000002610006c428]
Event: 22.877 Thread 0x000002617ea64a20 5628       3       okhttp3.HttpUrl::percentDecode (83 bytes)
Event: 22.879 Thread 0x000002617ea64a20 nmethod 5628 0x000002610006ad90 code [0x000002610006b000, 0x000002610006b998]
Event: 22.879 Thread 0x000002617ea64a20 5629       3       com.google.common.collect.CollectSpliterators$1$$Lambda$550/0x0000000100507228::accept (13 bytes)
Event: 22.879 Thread 0x000002617ea64a20 nmethod 5629 0x000002610006a790 code [0x000002610006a940, 0x000002610006ac38]
Event: 22.879 Thread 0x000002617ea64a20 5631       3       java.nio.MappedByteBuffer::limit (6 bytes)
Event: 22.879 Thread 0x000002617ea64a20 nmethod 5631 0x0000026100215c90 code [0x0000026100215e40, 0x0000026100216048]
Event: 22.879 Thread 0x000002617ea64a20 5630       3       com.google.common.collect.CollectSpliterators$1::lambda$forEachRemaining$1 (14 bytes)
Event: 22.879 Thread 0x000002617ea64a20 nmethod 5630 0x0000026100215710 code [0x00000261002158c0, 0x0000026100215b38]
Event: 22.879 Thread 0x000002617ea64a20 5632       3       java.lang.Math::min (12 bytes)
Event: 22.880 Thread 0x000002617ea64a20 nmethod 5632 0x000002610006a390 code [0x000002610006a520, 0x000002610006a658]

GC Heap History (20 events):
Event: 8.209 GC heap before
{Heap before GC invocations=10 (full 0):
 garbage-first heap   total 61440K, used 44599K [0x0000000080000000, 0x0000000100000000)
  region size 1024K, 24 young (24576K), 2 survivors (2048K)
 Metaspace       used 22133K, committed 22400K, reserved 1114112K
  class space    used 2310K, committed 2432K, reserved 1048576K
}
Event: 8.216 GC heap after
{Heap after GC invocations=11 (full 0):
 garbage-first heap   total 61440K, used 22308K [0x0000000080000000, 0x0000000100000000)
  region size 1024K, 2 young (2048K), 2 survivors (2048K)
 Metaspace       used 22133K, committed 22400K, reserved 1114112K
  class space    used 2310K, committed 2432K, reserved 1048576K
}
Event: 9.391 GC heap before
{Heap before GC invocations=11 (full 0):
 garbage-first heap   total 61440K, used 44836K [0x0000000080000000, 0x0000000100000000)
  region size 1024K, 25 young (25600K), 2 survivors (2048K)
 Metaspace       used 24393K, committed 24640K, reserved 1114112K
  class space    used 2524K, committed 2624K, reserved 1048576K
}
Event: 9.403 GC heap after
{Heap after GC invocations=12 (full 0):
 garbage-first heap   total 73728K, used 23949K [0x0000000080000000, 0x0000000100000000)
  region size 1024K, 3 young (3072K), 3 survivors (3072K)
 Metaspace       used 24393K, committed 24640K, reserved 1114112K
  class space    used 2524K, committed 2624K, reserved 1048576K
}
Event: 11.858 GC heap before
{Heap before GC invocations=12 (full 0):
 garbage-first heap   total 73728K, used 58765K [0x0000000080000000, 0x0000000100000000)
  region size 1024K, 37 young (37888K), 3 survivors (3072K)
 Metaspace       used 31535K, committed 31936K, reserved 1114112K
  class space    used 3362K, committed 3520K, reserved 1048576K
}
Event: 11.876 GC heap after
{Heap after GC invocations=13 (full 0):
 garbage-first heap   total 73728K, used 26901K [0x0000000080000000, 0x0000000100000000)
  region size 1024K, 5 young (5120K), 5 survivors (5120K)
 Metaspace       used 31535K, committed 31936K, reserved 1114112K
  class space    used 3362K, committed 3520K, reserved 1048576K
}
Event: 12.251 GC heap before
{Heap before GC invocations=13 (full 0):
 garbage-first heap   total 73728K, used 56597K [0x0000000080000000, 0x0000000100000000)
  region size 1024K, 32 young (32768K), 5 survivors (5120K)
 Metaspace       used 32700K, committed 33024K, reserved 1114112K
  class space    used 3437K, committed 3584K, reserved 1048576K
}
Event: 12.268 GC heap after
{Heap after GC invocations=14 (full 0):
 garbage-first heap   total 73728K, used 27771K [0x0000000080000000, 0x0000000100000000)
  region size 1024K, 1 young (1024K), 1 survivors (1024K)
 Metaspace       used 32700K, committed 33024K, reserved 1114112K
  class space    used 3437K, committed 3584K, reserved 1048576K
}
Event: 12.449 GC heap before
{Heap before GC invocations=14 (full 0):
 garbage-first heap   total 73728K, used 55419K [0x0000000080000000, 0x0000000100000000)
  region size 1024K, 28 young (28672K), 1 survivors (1024K)
 Metaspace       used 32762K, committed 33152K, reserved 1114112K
  class space    used 3444K, committed 3648K, reserved 1048576K
}
Event: 12.453 GC heap after
{Heap after GC invocations=15 (full 0):
 garbage-first heap   total 73728K, used 27632K [0x0000000080000000, 0x0000000100000000)
  region size 1024K, 1 young (1024K), 1 survivors (1024K)
 Metaspace       used 32762K, committed 33152K, reserved 1114112K
  class space    used 3444K, committed 3648K, reserved 1048576K
}
Event: 13.301 GC heap before
{Heap before GC invocations=15 (full 0):
 garbage-first heap   total 73728K, used 57328K [0x0000000080000000, 0x0000000100000000)
  region size 1024K, 30 young (30720K), 1 survivors (1024K)
 Metaspace       used 34622K, committed 35008K, reserved 1114112K
  class space    used 3659K, committed 3840K, reserved 1048576K
}
Event: 13.308 GC heap after
{Heap after GC invocations=16 (full 0):
 garbage-first heap   total 73728K, used 28457K [0x0000000080000000, 0x0000000100000000)
  region size 1024K, 2 young (2048K), 2 survivors (2048K)
 Metaspace       used 34622K, committed 35008K, reserved 1114112K
  class space    used 3659K, committed 3840K, reserved 1048576K
}
Event: 14.132 GC heap before
{Heap before GC invocations=16 (full 0):
 garbage-first heap   total 73728K, used 58153K [0x0000000080000000, 0x0000000100000000)
  region size 1024K, 31 young (31744K), 2 survivors (2048K)
 Metaspace       used 35036K, committed 35392K, reserved 1114112K
  class space    used 3689K, committed 3840K, reserved 1048576K
}
Event: 14.142 GC heap after
{Heap after GC invocations=17 (full 0):
 garbage-first heap   total 73728K, used 29626K [0x0000000080000000, 0x0000000100000000)
  region size 1024K, 3 young (3072K), 3 survivors (3072K)
 Metaspace       used 35036K, committed 35392K, reserved 1114112K
  class space    used 3689K, committed 3840K, reserved 1048576K
}
Event: 14.260 GC heap before
{Heap before GC invocations=17 (full 0):
 garbage-first heap   total 73728K, used 58298K [0x0000000080000000, 0x0000000100000000)
  region size 1024K, 31 young (31744K), 3 survivors (3072K)
 Metaspace       used 35046K, committed 35456K, reserved 1114112K
  class space    used 3689K, committed 3840K, reserved 1048576K
}
Event: 14.271 GC heap after
{Heap after GC invocations=18 (full 0):
 garbage-first heap   total 73728K, used 30592K [0x0000000080000000, 0x0000000100000000)
  region size 1024K, 3 young (3072K), 3 survivors (3072K)
 Metaspace       used 35046K, committed 35456K, reserved 1114112K
  class space    used 3689K, committed 3840K, reserved 1048576K
}
Event: 14.830 GC heap before
{Heap before GC invocations=18 (full 0):
 garbage-first heap   total 73728K, used 40832K [0x0000000080000000, 0x0000000100000000)
  region size 1024K, 14 young (14336K), 3 survivors (3072K)
 Metaspace       used 35604K, committed 35968K, reserved 1114112K
  class space    used 3747K, committed 3904K, reserved 1048576K
}
Event: 14.846 GC heap after
{Heap after GC invocations=19 (full 0):
 garbage-first heap   total 103424K, used 32417K [0x0000000080000000, 0x0000000100000000)
  region size 1024K, 4 young (4096K), 4 survivors (4096K)
 Metaspace       used 35604K, committed 35968K, reserved 1114112K
  class space    used 3747K, committed 3904K, reserved 1048576K
}
Event: 17.566 GC heap before
{Heap before GC invocations=20 (full 0):
 garbage-first heap   total 103424K, used 74401K [0x0000000080000000, 0x0000000100000000)
  region size 1024K, 45 young (46080K), 4 survivors (4096K)
 Metaspace       used 41625K, committed 42176K, reserved 1114112K
  class space    used 4576K, committed 4864K, reserved 1048576K
}
Event: 17.587 GC heap after
{Heap after GC invocations=21 (full 0):
 garbage-first heap   total 103424K, used 35159K [0x0000000080000000, 0x0000000100000000)
  region size 1024K, 6 young (6144K), 6 survivors (6144K)
 Metaspace       used 41625K, committed 42176K, reserved 1114112K
  class space    used 4576K, committed 4864K, reserved 1048576K
}

Dll operation events (7 events):
Event: 0.036 Loaded shared library C:\Users\Admin\.katalon\packages\Katalon_Studio_Windows_64-9.2.0\Katalon_Studio_Windows_64-9.2.0\jre\bin\java.dll
Event: 0.941 Loaded shared library C:\Users\Admin\.katalon\packages\Katalon_Studio_Windows_64-9.2.0\Katalon_Studio_Windows_64-9.2.0\jre\bin\net.dll
Event: 0.946 Loaded shared library C:\Users\Admin\.katalon\packages\Katalon_Studio_Windows_64-9.2.0\Katalon_Studio_Windows_64-9.2.0\jre\bin\nio.dll
Event: 0.968 Loaded shared library C:\Users\Admin\.katalon\packages\Katalon_Studio_Windows_64-9.2.0\Katalon_Studio_Windows_64-9.2.0\jre\bin\zip.dll
Event: 2.107 Loaded shared library C:\Users\Admin\.katalon\packages\Katalon_Studio_Windows_64-9.2.0\Katalon_Studio_Windows_64-9.2.0\jre\bin\verify.dll
Event: 2.762 Loaded shared library C:\Users\Admin\.katalon\packages\Katalon_Studio_Windows_64-9.2.0\Katalon_Studio_Windows_64-9.2.0\jre\bin\jimage.dll
Event: 16.529 Loaded shared library C:\Users\Admin\.katalon\packages\Katalon_Studio_Windows_64-9.2.0\Katalon_Studio_Windows_64-9.2.0\jre\bin\sunmscapi.dll

Deoptimization events (20 events):
Event: 21.701 Thread 0x00000261782caba0 DEOPT PACKING pc=0x000002610046ccba sp=0x000000a66e4fc550
Event: 21.701 Thread 0x00000261782caba0 DEOPT UNPACKING pc=0x0000026107587124 sp=0x000000a66e4fb9f0 mode 0
Event: 22.392 Thread 0x00000261782caba0 DEOPT PACKING pc=0x0000026100743868 sp=0x000000a66e4fbb40
Event: 22.392 Thread 0x00000261782caba0 DEOPT UNPACKING pc=0x0000026107587124 sp=0x000000a66e4faf68 mode 0
Event: 22.535 Thread 0x00000261782caba0 Uncommon trap: trap_request=0xffffff45 fr.pc=0x0000026107aee58c relative=0x000000000000010c
Event: 22.535 Thread 0x00000261782caba0 Uncommon trap: reason=unstable_if action=reinterpret pc=0x0000026107aee58c method=java.lang.String.indexOf(II)I @ 4 c2
Event: 22.535 Thread 0x00000261782caba0 DEOPT PACKING pc=0x0000026107aee58c sp=0x000000a66e4fc790
Event: 22.535 Thread 0x00000261782caba0 DEOPT UNPACKING pc=0x000002610758699d sp=0x000000a66e4fc6c0 mode 2
Event: 22.537 Thread 0x00000261782caba0 Uncommon trap: trap_request=0xffffff45 fr.pc=0x0000026107ae7960 relative=0x0000000000000140
Event: 22.537 Thread 0x00000261782caba0 Uncommon trap: reason=unstable_if action=reinterpret pc=0x0000026107ae7960 method=java.lang.String.isLatin1()Z @ 10 c2
Event: 22.537 Thread 0x00000261782caba0 DEOPT PACKING pc=0x0000026107ae7960 sp=0x000000a66e4fc720
Event: 22.537 Thread 0x00000261782caba0 DEOPT UNPACKING pc=0x000002610758699d sp=0x000000a66e4fc660 mode 2
Event: 22.674 Thread 0x00000261782caba0 Uncommon trap: trap_request=0xffffff45 fr.pc=0x0000026107bb96d0 relative=0x00000000000017d0
Event: 22.674 Thread 0x00000261782caba0 Uncommon trap: reason=unstable_if action=reinterpret pc=0x0000026107bb96d0 method=java.util.StringJoiner.add(Ljava/lang/CharSequence;)Ljava/util/StringJoiner; @ 33 c2
Event: 22.674 Thread 0x00000261782caba0 DEOPT PACKING pc=0x0000026107bb96d0 sp=0x000000a66e4fa3a0
Event: 22.674 Thread 0x00000261782caba0 DEOPT UNPACKING pc=0x000002610758699d sp=0x000000a66e4fa390 mode 2
Event: 22.725 Thread 0x00000261782caba0 Uncommon trap: trap_request=0xffffffcc fr.pc=0x0000026107c043dc relative=0x000000000000033c
Event: 22.725 Thread 0x00000261782caba0 Uncommon trap: reason=intrinsic_or_type_checked_inlining action=make_not_entrant pc=0x0000026107c043dc method=java.util.Arrays.copyOf([Ljava/lang/Object;ILjava/lang/Class;)[Ljava/lang/Object; @ 35 c2
Event: 22.725 Thread 0x00000261782caba0 DEOPT PACKING pc=0x0000026107c043dc sp=0x000000a66e4fb280
Event: 22.725 Thread 0x00000261782caba0 DEOPT UNPACKING pc=0x000002610758699d sp=0x000000a66e4fb228 mode 2

Classes unloaded (0 events):
No events

Classes redefined (0 events):
No events

Internal exceptions (20 events):
Event: 17.317 Thread 0x00000261782caba0 Exception <a 'java/lang/NoSuchMethodError'{0x00000000840d6610}: 'double java.lang.invoke.DirectMethodHandle$Holder.invokeVirtual(java.lang.Object, java.lang.Object)'> (0x00000000840d6610) 
thrown [s\src\hotspot\share\interpreter\linkResolver.cpp, line 759]
Event: 17.321 Thread 0x00000261782caba0 Exception <a 'java/lang/NoSuchMethodError'{0x00000000840dd038}: 'float java.lang.invoke.DirectMethodHandle$Holder.invokeVirtual(java.lang.Object, java.lang.Object)'> (0x00000000840dd038) 
thrown [s\src\hotspot\share\interpreter\linkResolver.cpp, line 759]
Event: 17.324 Thread 0x00000261782caba0 Exception <a 'java/lang/NoSuchMethodError'{0x00000000840e62d8}: 'long java.lang.invoke.DirectMethodHandle$Holder.invokeVirtual(java.lang.Object, java.lang.Object)'> (0x00000000840e62d8) 
thrown [s\src\hotspot\share\interpreter\linkResolver.cpp, line 759]
Event: 17.639 Thread 0x00000261782caba0 Implicit null exception at 0x0000026107bef3cb to 0x0000026107bef3f0
Event: 17.703 Thread 0x00000261782caba0 Exception <a 'java/lang/NoSuchMethodError'{0x00000000864fa1e8}: 'void java.lang.invoke.DirectMethodHandle$Holder.invokeInterface(java.lang.Object, java.lang.Object, java.lang.Object)'> (0x00000000864fa1e8) 
thrown [s\src\hotspot\share\interpreter\linkResolver.cpp, line 759]
Event: 21.216 Thread 0x00000261782caba0 Exception <a 'java/lang/NoSuchMethodError'{0x0000000085a1f5e0}: 'java.lang.Object java.lang.invoke.DirectMethodHandle$Holder.invokeSpecialIFC(java.lang.Object, java.lang.Object, java.lang.Object)'> (0x0000000085a1f5e0) 
thrown [s\src\hotspot\share\interpreter\linkResolver.cpp, line 759]
Event: 21.640 Thread 0x00000261782caba0 Exception <a 'java/lang/ClassNotFoundException'{0x00000000856b4c90}: com/kms/katalon/core/webui/keyword/builtin/NavigateToUrlKeywordBeanInfo> (0x00000000856b4c90) 
thrown [s\src\hotspot\share\classfile\systemDictionary.cpp, line 256]
Event: 21.683 Thread 0x00000261782caba0 Exception <a 'java/lang/ClassNotFoundException'{0x00000000856e80f8}: com/kms/katalon/core/webui/keyword/builtin/NavigateToUrlKeywordCustomizer> (0x00000000856e80f8) 
thrown [s\src\hotspot\share\classfile\systemDictionary.cpp, line 256]
Event: 22.313 Thread 0x00000261782caba0 Exception <a 'java/lang/ClassNotFoundException'{0x000000008549a170}: com/kms/katalon/core/testobject/ObjectRepositoryBeanInfo> (0x000000008549a170) 
thrown [s\src\hotspot\share\classfile\systemDictionary.cpp, line 256]
Event: 22.320 Thread 0x00000261782caba0 Exception <a 'java/lang/ClassNotFoundException'{0x00000000854ca400}: com/kms/katalon/core/testobject/ObjectRepositoryCustomizer> (0x00000000854ca400) 
thrown [s\src\hotspot\share\classfile\systemDictionary.cpp, line 256]
Event: 22.485 Thread 0x00000261782caba0 Exception <a 'java/lang/ClassNotFoundException'{0x000000008516ae88}: Script1BeanInfo> (0x000000008516ae88) 
thrown [s\src\hotspot\share\classfile\systemDictionary.cpp, line 256]
Event: 22.496 Thread 0x00000261782caba0 Exception <a 'java/lang/ClassNotFoundException'{0x000000008519a6f8}: Script1Customizer> (0x000000008519a6f8) 
thrown [s\src\hotspot\share\classfile\systemDictionary.cpp, line 256]
Event: 22.561 Thread 0x00000261782caba0 Exception <a 'java/lang/ClassNotFoundException'{0x0000000084f19f20}: com/kms/katalon/core/webui/keyword/builtin/ClickKeywordBeanInfo> (0x0000000084f19f20) 
thrown [s\src\hotspot\share\classfile\systemDictionary.cpp, line 256]
Event: 22.572 Thread 0x00000261782caba0 Exception <a 'java/lang/ClassNotFoundException'{0x0000000084f4c100}: com/kms/katalon/core/webui/keyword/builtin/ClickKeywordCustomizer> (0x0000000084f4c100) 
thrown [s\src\hotspot\share\classfile\systemDictionary.cpp, line 256]
Event: 22.672 Thread 0x00000261782caba0 Exception <a 'java/lang/ClassNotFoundException'{0x0000000084e89158}: sun/misc/SharedSecrets> (0x0000000084e89158) 
thrown [s\src\hotspot\share\classfile\systemDictionary.cpp, line 256]
Event: 22.676 Thread 0x00000261782caba0 Exception <a 'java/lang/reflect/InvocationTargetException'{0x0000000084e9a468}> (0x0000000084e9a468) 
thrown [s\src\hotspot\share\runtime\reflection.cpp, line 1121]
Event: 22.750 Thread 0x00000261782caba0 Exception <a 'java/lang/reflect/InvocationTargetException'{0x0000000084d2c870}> (0x0000000084d2c870) 
thrown [s\src\hotspot\share\runtime\reflection.cpp, line 1121]
Event: 22.789 Thread 0x00000261782caba0 Exception <a 'java/lang/reflect/InvocationTargetException'{0x0000000084d80220}> (0x0000000084d80220) 
thrown [s\src\hotspot\share\runtime\reflection.cpp, line 1121]
Event: 22.829 Thread 0x00000261782caba0 Exception <a 'java/lang/reflect/InvocationTargetException'{0x0000000084dd4878}> (0x0000000084dd4878) 
thrown [s\src\hotspot\share\runtime\reflection.cpp, line 1121]
Event: 22.875 Thread 0x00000261782caba0 Exception <a 'java/lang/reflect/InvocationTargetException'{0x0000000084c29e00}> (0x0000000084c29e00) 
thrown [s\src\hotspot\share\runtime\reflection.cpp, line 1121]

VM Operations (20 events):
Event: 16.569 Executing VM operation: HandshakeAllThreads
Event: 16.570 Executing VM operation: HandshakeAllThreads done
Event: 17.192 Executing VM operation: HandshakeAllThreads
Event: 17.192 Executing VM operation: HandshakeAllThreads done
Event: 17.192 Executing VM operation: Cleanup
Event: 17.192 Executing VM operation: Cleanup done
Event: 17.194 Executing VM operation: HandshakeAllThreads
Event: 17.194 Executing VM operation: HandshakeAllThreads done
Event: 17.197 Executing VM operation: HandshakeAllThreads
Event: 17.197 Executing VM operation: HandshakeAllThreads done
Event: 17.566 Executing VM operation: G1CollectForAllocation
Event: 17.587 Executing VM operation: G1CollectForAllocation done
Event: 18.587 Executing VM operation: Cleanup
Event: 18.587 Executing VM operation: Cleanup done
Event: 21.407 Executing VM operation: HandshakeAllThreads
Event: 21.407 Executing VM operation: HandshakeAllThreads done
Event: 21.407 Executing VM operation: Cleanup
Event: 21.408 Executing VM operation: Cleanup done
Event: 22.375 Executing VM operation: HandshakeAllThreads
Event: 22.375 Executing VM operation: HandshakeAllThreads done

Events (20 events):
Event: 21.595 loading class java/lang/StackTraceElement$HashedModules done
Event: 21.728 loading class sun/net/www/protocol/https/Handler
Event: 21.728 loading class sun/net/www/protocol/https/Handler done
Event: 22.197 Thread 0x000002611b544ef0 Thread exited: 0x000002611b544ef0
Event: 22.651 loading class java/util/stream/SortedOps
Event: 22.652 loading class java/util/stream/SortedOps done
Event: 22.652 loading class java/util/stream/SortedOps$OfRef
Event: 22.653 loading class java/util/stream/SortedOps$OfRef done
Event: 22.653 loading class java/util/stream/SortedOps$RefSortingSink
Event: 22.653 loading class java/util/stream/SortedOps$AbstractRefSortingSink
Event: 22.653 loading class java/util/stream/SortedOps$AbstractRefSortingSink done
Event: 22.653 loading class java/util/stream/SortedOps$RefSortingSink done
Event: 22.666 loading class java/net/InetAddress$CachedLocalHost
Event: 22.667 loading class java/net/InetAddress$CachedLocalHost done
Event: 22.672 loading class sun/misc/SharedSecrets
Event: 22.672 loading class sun/misc/SharedSecrets done
Event: 22.673 loading class java/util/stream/SortedOps$SizedRefSortingSink
Event: 22.674 loading class java/util/stream/SortedOps$SizedRefSortingSink done
Event: 22.787 loading class jdk/internal/access/foreign/MemorySegmentProxy
Event: 22.787 loading class jdk/internal/access/foreign/MemorySegmentProxy done


Dynamic libraries:
0x00007ff7723c0000 - 0x00007ff7723ce000 	C:\Users\Admin\.katalon\packages\Katalon_Studio_Windows_64-9.2.0\Katalon_Studio_Windows_64-9.2.0\jre\bin\javaw.exe
0x00007ff913300000 - 0x00007ff9134e0000 	C:\Windows\SYSTEM32\ntdll.dll
0x00007ff910fc0000 - 0x00007ff91106e000 	C:\Windows\System32\KERNEL32.DLL
0x00007ff90f700000 - 0x00007ff90f966000 	C:\Windows\System32\KERNELBASE.dll
0x00007ff90fbc0000 - 0x00007ff90fcb5000 	C:\Windows\System32\ucrtbase.dll
0x00007ff907530000 - 0x00007ff907547000 	C:\Users\Admin\.katalon\packages\Katalon_Studio_Windows_64-9.2.0\Katalon_Studio_Windows_64-9.2.0\jre\bin\jli.dll
0x00007ff9118d0000 - 0x00007ff911a5f000 	C:\Windows\System32\USER32.dll
0x00007ff90f970000 - 0x00007ff90f990000 	C:\Windows\System32\win32u.dll
0x00007ff9109a0000 - 0x00007ff9109c8000 	C:\Windows\System32\GDI32.dll
0x00007ff9105b0000 - 0x00007ff910743000 	C:\Windows\System32\gdi32full.dll
0x00007ff910510000 - 0x00007ff9105ab000 	C:\Windows\System32\msvcp_win.dll
0x00007ff905350000 - 0x00007ff905369000 	C:\Users\Admin\.katalon\packages\Katalon_Studio_Windows_64-9.2.0\Katalon_Studio_Windows_64-9.2.0\jre\bin\VCRUNTIME140.dll
0x00007ff902c70000 - 0x00007ff902ed9000 	C:\Windows\WinSxS\amd64_microsoft.windows.common-controls_6595b64144ccf1df_6.0.16299.785_none_15cbda149361fcd9\COMCTL32.dll
0x00007ff9107d0000 - 0x00007ff91086d000 	C:\Windows\System32\msvcrt.dll
0x00007ff911250000 - 0x00007ff911556000 	C:\Windows\System32\combase.dll
0x00007ff910870000 - 0x00007ff91098f000 	C:\Windows\System32\RPCRT4.dll
0x00007ff910750000 - 0x00007ff9107c2000 	C:\Windows\System32\bcryptPrimitives.dll
0x00007ff911070000 - 0x00007ff91109d000 	C:\Windows\System32\IMM32.DLL
0x00007ff90c250000 - 0x00007ff90c25c000 	C:\Users\Admin\.katalon\packages\Katalon_Studio_Windows_64-9.2.0\Katalon_Studio_Windows_64-9.2.0\jre\bin\vcruntime140_1.dll
0x00007ff8f1520000 - 0x00007ff8f15b1000 	C:\Users\Admin\.katalon\packages\Katalon_Studio_Windows_64-9.2.0\Katalon_Studio_Windows_64-9.2.0\jre\bin\msvcp140.dll
0x00007ff8dd6c0000 - 0x00007ff8de308000 	C:\Users\Admin\.katalon\packages\Katalon_Studio_Windows_64-9.2.0\Katalon_Studio_Windows_64-9.2.0\jre\bin\server\jvm.dll
0x00007ff911b60000 - 0x00007ff911c01000 	C:\Windows\System32\ADVAPI32.dll
0x00007ff911b00000 - 0x00007ff911b5b000 	C:\Windows\System32\sechost.dll
0x00007ff90c2e0000 - 0x00007ff90c2e9000 	C:\Windows\SYSTEM32\WSOCK32.dll
0x00007ff911860000 - 0x00007ff9118cc000 	C:\Windows\System32\WS2_32.dll
0x00007ff90c3e0000 - 0x00007ff90c403000 	C:\Windows\SYSTEM32\WINMM.dll
0x00007ff906650000 - 0x00007ff90665a000 	C:\Windows\SYSTEM32\VERSION.dll
0x00007ff90c3b0000 - 0x00007ff90c3da000 	C:\Windows\SYSTEM32\WINMMBASE.dll
0x00007ff90fcc0000 - 0x00007ff90fd0a000 	C:\Windows\System32\cfgmgr32.dll
0x00007ff90f650000 - 0x00007ff90f661000 	C:\Windows\System32\kernel.appcore.dll
0x00007ff90bcf0000 - 0x00007ff90bcfa000 	C:\Users\Admin\.katalon\packages\Katalon_Studio_Windows_64-9.2.0\Katalon_Studio_Windows_64-9.2.0\jre\bin\jimage.dll
0x00007ff8f0510000 - 0x00007ff8f06d8000 	C:\Windows\SYSTEM32\DBGHELP.DLL
0x00007ff8f4fe0000 - 0x00007ff8f5009000 	C:\Windows\SYSTEM32\dbgcore.DLL
0x00007ff909530000 - 0x00007ff909555000 	C:\Users\Admin\.katalon\packages\Katalon_Studio_Windows_64-9.2.0\Katalon_Studio_Windows_64-9.2.0\jre\bin\java.dll
0x00007ff90b460000 - 0x00007ff90b478000 	C:\Users\Admin\.katalon\packages\Katalon_Studio_Windows_64-9.2.0\Katalon_Studio_Windows_64-9.2.0\jre\bin\zip.dll
0x00007ff911c10000 - 0x00007ff913048000 	C:\Windows\System32\SHELL32.dll
0x00007ff9115c0000 - 0x00007ff911666000 	C:\Windows\System32\shcore.dll
0x00007ff90fdc0000 - 0x00007ff910507000 	C:\Windows\System32\windows.storage.dll
0x00007ff911560000 - 0x00007ff9115b1000 	C:\Windows\System32\shlwapi.dll
0x00007ff90f6b0000 - 0x00007ff90f6fc000 	C:\Windows\System32\powrprof.dll
0x00007ff90f690000 - 0x00007ff90f6ab000 	C:\Windows\System32\profapi.dll
0x00007ff90acd0000 - 0x00007ff90ace9000 	C:\Users\Admin\.katalon\packages\Katalon_Studio_Windows_64-9.2.0\Katalon_Studio_Windows_64-9.2.0\jre\bin\net.dll
0x00007ff909880000 - 0x00007ff90995e000 	C:\Windows\SYSTEM32\WINHTTP.dll
0x00007ff90eee0000 - 0x00007ff90ef46000 	C:\Windows\system32\mswsock.dll
0x00007ff909510000 - 0x00007ff909525000 	C:\Users\Admin\.katalon\packages\Katalon_Studio_Windows_64-9.2.0\Katalon_Studio_Windows_64-9.2.0\jre\bin\nio.dll
0x00007ff90b6a0000 - 0x00007ff90b6b0000 	C:\Users\Admin\.katalon\packages\Katalon_Studio_Windows_64-9.2.0\Katalon_Studio_Windows_64-9.2.0\jre\bin\verify.dll
0x00007ff90ecb0000 - 0x00007ff90ed66000 	C:\Windows\SYSTEM32\DNSAPI.dll
0x00007ff911240000 - 0x00007ff911248000 	C:\Windows\System32\NSI.dll
0x00007ff90ec70000 - 0x00007ff90eca9000 	C:\Windows\SYSTEM32\IPHLPAPI.DLL
0x00007ff908390000 - 0x00007ff90839a000 	C:\Windows\System32\rasadhlp.dll
0x00007ff909a70000 - 0x00007ff909ae0000 	C:\Windows\System32\fwpuclnt.dll
0x00007ff90f1b0000 - 0x00007ff90f1d5000 	C:\Windows\SYSTEM32\bcrypt.dll
0x00007ff909500000 - 0x00007ff90950e000 	C:\Users\Admin\.katalon\packages\Katalon_Studio_Windows_64-9.2.0\Katalon_Studio_Windows_64-9.2.0\jre\bin\sunmscapi.dll
0x00007ff90f990000 - 0x00007ff90fb5e000 	C:\Windows\System32\CRYPT32.dll
0x00007ff90f670000 - 0x00007ff90f682000 	C:\Windows\System32\MSASN1.dll
0x00007ff90f180000 - 0x00007ff90f1a6000 	C:\Windows\SYSTEM32\ncrypt.dll
0x00007ff90f140000 - 0x00007ff90f176000 	C:\Windows\SYSTEM32\NTASN1.dll
0x00007ff90f0a0000 - 0x00007ff90f0b7000 	C:\Windows\SYSTEM32\CRYPTSP.dll
0x00007ff90eae0000 - 0x00007ff90eb13000 	C:\Windows\system32\rsaenh.dll
0x00007ff90f550000 - 0x00007ff90f579000 	C:\Windows\SYSTEM32\USERENV.dll
0x00007ff90f0c0000 - 0x00007ff90f0cb000 	C:\Windows\SYSTEM32\CRYPTBASE.dll
0x00007ff909f40000 - 0x00007ff909f56000 	C:\Windows\SYSTEM32\dhcpcsvc6.DLL
0x00007ff90a4c0000 - 0x00007ff90a4da000 	C:\Windows\SYSTEM32\dhcpcsvc.DLL
0x00007ff909600000 - 0x00007ff909616000 	C:\Windows\system32\napinsp.dll
0x00007ff9095e0000 - 0x00007ff9095fa000 	C:\Windows\system32\pnrpnsp.dll
0x00007ff90d890000 - 0x00007ff90d8a8000 	C:\Windows\system32\NLAapi.dll
0x00007ff9094c0000 - 0x00007ff9094ce000 	C:\Windows\System32\winrnr.dll
0x00007ff90c500000 - 0x00007ff90c515000 	C:\Windows\System32\wshbth.dll

dbghelp: loaded successfully - version: 4.0.5 - missing functions: none
symbol engine: initialized successfully - sym options: 0x614 - pdb path: .;C:\Users\Admin\.katalon\packages\Katalon_Studio_Windows_64-9.2.0\Katalon_Studio_Windows_64-9.2.0\jre\bin;C:\Windows\SYSTEM32;C:\Windows\WinSxS\amd64_microsoft.windows.common-controls_6595b64144ccf1df_6.0.16299.785_none_15cbda149361fcd9;C:\Users\Admin\.katalon\packages\Katalon_Studio_Windows_64-9.2.0\Katalon_Studio_Windows_64-9.2.0\jre\bin\server

VM Arguments:
jvm_args: -Dgroovy.home=C:\Users\Admin/.groovy -Djava.system.class.loader=groovy.lang.GroovyClassLoader -Xmx2048m -Dfile.encoding=UTF-8 -XX:+ShowCodeDetailsInExceptionMessages 
java_command: org.codehaus.groovy.tools.GroovyStarter --classpath D:\Katalon Studio\Final_Project_Testing\bin\keyword;D:\Katalon Studio\Final_Project_Testing\Keywords;D:\Katalon Studio\Final_Project_Testing\bin\listener;D:\Katalon Studio\Final_Project_Testing\Test Listeners;D:\Katalon Studio\Final_Project_Testing\bin\lib;D:\Katalon Studio\Final_Project_Testing\Libs;D:\Katalon Studio\Final_Project_Testing\bin\groovy;D:\Katalon Studio\Final_Project_Testing\Include\scripts\groovy;C:\Users\Admin\.katalon\packages\Katalon_Studio_Windows_64-9.2.0\Katalon_Studio_Windows_64-9.2.0\plugins\com.kms.katalon.core_1.0.0.202312271622.jar;C:\Users\Admin\.katalon\packages\Katalon_Studio_Windows_64-9.2.0\Katalon_Studio_Windows_64-9.2.0\configuration\resources\lib\aalto-xml-1.0.0.jar;C:\Users\Admin\.katalon\packages\Katalon_Studio_Windows_64-9.2.0\Katalon_Studio_Windows_64-9.2.0\configuration\resources\lib\aspectjweaver-1.9.1.jar;C:\Users\Admin\.katalon\packages\Katalon_Studio_Windows_64-9.2.0\Katalon_Studio_Windows_64-9.2.0\configuration\resources\lib\bcpkix-jdk15on-1.64.jar;C:\Users\Admin\.katalon\packages\Katalon_Studio_Windows_64-9.2.0\Katalon_Studio_Windows_64-9.2.0\configuration\resources\lib\bcprov-jdk15on-1.64.jar;C:\Users\Admin\.katalon\packages\Katalon_Studio_Windows_64-9.2.0\Katalon_Studio_Windows_64-9.2.0\configuration\resources\lib\browsermob-core-2.1.5.jar;C:\Users\Admin\.katalon\packages\Katalon_Studio_Windows_64-9.2.0\Katalon_Studio_Windows_64-9.2.0\configuration\resources\lib\cglib-3.2.10.jar;C:\Users\Admin\.katalon\packages\Katalon_Studio_Windows_64-9.2.0\Katalon_Studio_Windows_64-9.2.0\configuration\resources\lib\commons-codec-1.10.jar;C:\Users\Admin\.katalon\packages\Katalon_Studio_Windows_64-9.2.0\Katalon_Studio_Windows_64-9.2.0\configuration\resources\lib\commons-collections4-4.1.jar;C:\Users\Admin\.katalon\packages\Katalon_Studio_Windows_64-9.2.0\Katalon_Studio_Windows_64-9.2.0\configuration\resources\lib\commons-validator-1.6.jar;C:\Users\Admin\.katalon\packa
java_class_path (initial): D:\Katalon Studio\Final_Project_Testing\bin\keyword;D:\Katalon Studio\Final_Project_Testing\bin\listener;D:\Katalon Studio\Final_Project_Testing\bin\lib;D:\Katalon Studio\Final_Project_Testing\bin\groovy;D:\Katalon Studio\Final_Project_Testing\bin;C:\Users\Admin\.katalon\packages\Katalon_Studio_Windows_64-9.2.0\Katalon_Studio_Windows_64-9.2.0\plugins\com.kms.katalon.core_1.0.0.202312271622.jar;C:\Users\Admin\.katalon\packages\Katalon_Studio_Windows_64-9.2.0\Katalon_Studio_Windows_64-9.2.0\configuration\resources\lib\aalto-xml-1.0.0.jar;C:\Users\Admin\.katalon\packages\Katalon_Studio_Windows_64-9.2.0\Katalon_Studio_Windows_64-9.2.0\configuration\resources\lib\aspectjweaver-1.9.1.jar;C:\Users\Admin\.katalon\packages\Katalon_Studio_Windows_64-9.2.0\Katalon_Studio_Windows_64-9.2.0\configuration\resources\lib\bcpkix-jdk15on-1.64.jar;C:\Users\Admin\.katalon\packages\Katalon_Studio_Windows_64-9.2.0\Katalon_Studio_Windows_64-9.2.0\configuration\resources\lib\bcprov-jdk15on-1.64.jar;C:\Users\Admin\.katalon\packages\Katalon_Studio_Windows_64-9.2.0\Katalon_Studio_Windows_64-9.2.0\configuration\resources\lib\browsermob-core-2.1.5.jar;C:\Users\Admin\.katalon\packages\Katalon_Studio_Windows_64-9.2.0\Katalon_Studio_Windows_64-9.2.0\configuration\resources\lib\cglib-3.2.10.jar;C:\Users\Admin\.katalon\packages\Katalon_Studio_Windows_64-9.2.0\Katalon_Studio_Windows_64-9.2.0\configuration\resources\lib\commons-codec-1.10.jar;C:\Users\Admin\.katalon\packages\Katalon_Studio_Windows_64-9.2.0\Katalon_Studio_Windows_64-9.2.0\configuration\resources\lib\commons-collections4-4.1.jar;C:\Users\Admin\.katalon\packages\Katalon_Studio_Windows_64-9.2.0\Katalon_Studio_Windows_64-9.2.0\configuration\resources\lib\commons-validator-1.6.jar;C:\Users\Admin\.katalon\packages\Katalon_Studio_Windows_64-9.2.0\Katalon_Studio_Windows_64-9.2.0\configuration\resources\lib\curvesapi-1.04.jar;C:\Users\Admin\.katalon\packages\Katalon_Studio_Windows_64-9.2.0\Katalon_Studio_Windows_64-9
Launcher Type: SUN_STANDARD

[Global flags]
     intx CICompilerCount                          = 3                                         {product} {ergonomic}
     uint ConcGCThreads                            = 1                                         {product} {ergonomic}
     uint G1ConcRefinementThreads                  = 4                                         {product} {ergonomic}
   size_t G1HeapRegionSize                         = 1048576                                   {product} {ergonomic}
    uintx GCDrainStackTargetSize                   = 64                                        {product} {ergonomic}
   size_t InitialHeapSize                          = 62914560                                  {product} {ergonomic}
   size_t MarkStackSize                            = 4194304                                   {product} {ergonomic}
   size_t MaxHeapSize                              = 2147483648                                {product} {command line}
   size_t MaxNewSize                               = 1287651328                                {product} {ergonomic}
   size_t MinHeapDeltaBytes                        = 1048576                                   {product} {ergonomic}
   size_t MinHeapSize                              = 8388608                                   {product} {ergonomic}
    uintx NonNMethodCodeHeapSize                   = 5832780                                {pd product} {ergonomic}
    uintx NonProfiledCodeHeapSize                  = 122912730                              {pd product} {ergonomic}
    uintx ProfiledCodeHeapSize                     = 122912730                              {pd product} {ergonomic}
    uintx ReservedCodeCacheSize                    = 251658240                              {pd product} {ergonomic}
     bool SegmentedCodeCache                       = true                                      {product} {ergonomic}
     bool ShowCodeDetailsInExceptionMessages       = true                                   {manageable} {command line}
   size_t SoftMaxHeapSize                          = 2147483648                             {manageable} {ergonomic}
     bool UseCompressedClassPointers               = true                           {product lp64_product} {ergonomic}
     bool UseCompressedOops                        = true                           {product lp64_product} {ergonomic}
     bool UseG1GC                                  = true                                      {product} {ergonomic}
     bool UseLargePagesIndividualAllocation        = false                                  {pd product} {ergonomic}

Logging:
Log output configuration:
 #0: stdout all=warning uptime,level,tags
 #1: stderr all=off uptime,level,tags

Environment Variables:
PATH=C:/Users/Admin/.katalon/packages/Katalon_Studio_Windows_64-9.2.0/Katalon_Studio_Windows_64-9.2.0/jre/bin/server;C:/Users/Admin/.katalon/packages/Katalon_Studio_Windows_64-9.2.0/Katalon_Studio_Windows_64-9.2.0/jre/bin;C:\Program Files\Common Files\Oracle\Java\javapath;C:\Windows\system32;C:\Windows;C:\Windows\System32\Wbem;C:\Windows\System32\WindowsPowerShell\v1.0\;C:\xampp\php;C:\composer;C:\Program Files\nodejs\;C:\Program Files\Git\cmd;C:\Users\Admin\AppData\Local\Microsoft\WindowsApps;C:\Users\Admin\AppData\Local\GitHubDesktop\bin;C:\Users\Admin\AppData\Local\Programs\Microsoft VS Code\bin;C:\Users\Admin\AppData\Roaming\Composer\vendor\bin;C:\Users\Admin\AppData\Roaming\npm;C:\Program Files\JetBrains\IntelliJ IDEA Community Edition 2023.3.2\bin;;C:\Users\Admin\.katalon\packages\Katalon_Studio_Windows_64-9.2.0\Katalon_Studio_Windows_64-9.2.0;
USERNAME=Admin
OS=Windows_NT
PROCESSOR_IDENTIFIER=Intel64 Family 6 Model 37 Stepping 5, GenuineIntel
TMP=C:\Users\Admin\AppData\Local\Temp
TEMP=C:\Windows\TEMP



---------------  S Y S T E M  ---------------

OS:
 Windows 10 , 64 bit Build 16299 (10.0.16299.431)
OS uptime: 0 days 5:33 hours

CPU: total 4 (initial active 4) (2 cores per cpu, 2 threads per core) family 6 model 37 stepping 5 microcode 0x4, cx8, cmov, fxsr, ht, mmx, sse, sse2, sse3, ssse3, sse4.1, sse4.2, popcnt, tsc, tscinvbit, clflush

Memory: 4k page, system-wide physical 3766M (182M free)
TotalPageFile size 10363M (AvailPageFile size 4M)
current process WorkingSet (physical memory assigned to process): 237M, peak: 250M
current process commit charge ("private bytes"): 263M, peak: 276M

vm_info: OpenJDK 64-Bit Server VM (17.0.7+7) for windows-amd64 JRE (17.0.7+7), built on Apr 18 2023 22:10:42 by "temurin" with MS VC++ 16.7 (VS2019)

END.
