#
# There is insufficient memory for the Java Runtime Environment to continue.
# Native memory allocation (malloc) failed to allocate 845520 bytes for Chunk::new
# Possible reasons:
#   The system is out of physical RAM or swap space
#   The process is running with CompressedOops enabled, and the Java Heap may be blocking the growth of the native heap
# Possible solutions:
#   Reduce memory load on the system
#   Increase physical memory or swap space
#   Check if swap backing store is full
#   Decrease Java heap size (-Xmx/-Xms)
#   Decrease number of Java threads
#   Decrease Java thread stack sizes (-Xss)
#   Set larger code cache with -XX:ReservedCodeCacheSize=
#   JVM is running with Unscaled Compressed Oops mode in which the Java heap is
#     placed in the first 4GB address space. The Java Heap base address is the
#     maximum limit for the native heap growth. Please use -XX:HeapBaseMinAddress
#     to set the Java Heap base and to place the Java Heap above 4GB virtual address.
# This output file may be truncated or incomplete.
#
#  Out of Memory Error (arena.cpp:189), pid=14200, tid=14324
#
# JRE version: OpenJDK Runtime Environment Temurin-17.0.7+7 (17.0.7+7) (build 17.0.7+7)
# Java VM: OpenJDK 64-Bit Server VM Temurin-17.0.7+7 (17.0.7+7, mixed mode, tiered, compressed oops, compressed class ptrs, g1 gc, windows-amd64)
# No core dump will be written. Minidumps are not enabled by default on client versions of Windows
#

---------------  S U M M A R Y ------------

Command Line: -Dgroovy.home=C:\Users\Admin/.groovy -Djava.system.class.loader=groovy.lang.GroovyClassLoader -Xmx2048m -Dfile.encoding=UTF-8 -XX:+ShowCodeDetailsInExceptionMessages org.codehaus.groovy.tools.GroovyStarter --classpath D:\Katalon Studio\Final_Project_Testing\bin\keyword;D:\Katalon Studio\Final_Project_Testing\Keywords;D:\Katalon Studio\Final_Project_Testing\bin\listener;D:\Katalon Studio\Final_Project_Testing\Test Listeners;D:\Katalon Studio\Final_Project_Testing\bin\lib;D:\Katalon Studio\Final_Project_Testing\Libs;D:\Katalon Studio\Final_Project_Testing\bin\groovy;D:\Katalon Studio\Final_Project_Testing\Include\scripts\groovy;C:\Users\Admin\.katalon\packages\Katalon_Studio_Windows_64-9.2.0\Katalon_Studio_Windows_64-9.2.0\plugins\com.kms.katalon.core_1.0.0.202312271622.jar;C:\Users\Admin\.katalon\packages\Katalon_Studio_Windows_64-9.2.0\Katalon_Studio_Windows_64-9.2.0\configuration\resources\lib\aalto-xml-1.0.0.jar;C:\Users\Admin\.katalon\packages\Katalon_Studio_Windows_64-9.2.0\Katalon_Studio_Windows_64-9.2.0\configuration\resources\lib\aspectjweaver-1.9.1.jar;C:\Users\Admin\.katalon\packages\Katalon_Studio_Windows_64-9.2.0\Katalon_Studio_Windows_64-9.2.0\configuration\resources\lib\bcpkix-jdk15on-1.64.jar;C:\Users\Admin\.katalon\packages\Katalon_Studio_Windows_64-9.2.0\Katalon_Studio_Windows_64-9.2.0\configuration\resources\lib\bcprov-jdk15on-1.64.jar;C:\Users\Admin\.katalon\packages\Katalon_Studio_Windows_64-9.2.0\Katalon_Studio_Windows_64-9.2.0\configuration\resources\lib\browsermob-core-2.1.5.jar;C:\Users\Admin\.katalon\packages\Katalon_Studio_Windows_64-9.2.0\Katalon_Studio_Windows_64-9.2.0\configuration\resources\lib\cglib-3.2.10.jar;C:\Users\Admin\.katalon\packages\Katalon_Studio_Windows_64-9.2.0\Katalon_Studio_Windows_64-9.2.0\configuration\resources\lib\commons-codec-1.10.jar;C:\Users\Admin\.katalon\packages\Katalon_Studio_Windows_64-9.2.0\Katalon_Studio_Windows_64-9.2.0\configuration\resources\lib\commons-collections4-4.1.jar;C:\Users\Admin\.katalon\packages\Katalon_Studio_Windows_64-9.2.0\Katalon_Studio_Windows_64-9.2.0\configuration\resources\lib\commons-validator-1.6.jar;C:\Users\Admin\.katalon\packages\Katalon_Studio_Windows_64-9.2.0\Katalon_Studio_Windows_64-9.2.0\configuration\resources\lib\curvesapi-1.04.jar;C:\Users\Admin\.katalon\packages\Katalon_Studio_Windows_64-9.2.0\Katalon_Studio_Windows_64-9.2.0\configuration\resources\lib\dnsjava-2.1.8.jar;C:\Users\Admin\.katalon\packages\Katalon_Studio_Windows_64-9.2.0\Katalon_Studio_Windows_64-9.2.0\configuration\resources\lib\groovy-ant-3.0.17.jar;C:\Users\Admin\.katalon\packages\Katalon_Studio_Windows_64-9.2.0\Katalon_Studio_Windows_64-9.2.0\configuration\resources\lib\groovy-astbuilder-3.0.17.jar;C:\Users\Admin\.katalon\packages\Katalon_Studio_Windows_64-9.2.0\Katalon_Studio_Windows_64-9.2.0\configuration\resources\lib\groovy-cli-picocli-3.0.17.jar;C:\Users\Admin\.katalon\packages\Katalon_Studio_Windows_64-9.2.0\Katalon_Studio_Windows_64-9.2.0\configuration\resources\lib\groovy-console-3.0.17.jar;C:\Users\Admin\.katalon\packages\Katalon_Studio_Windows_64-9.2.0\Katalon_Studio_Windows_64-9.2.0\configuration\resources\lib\groovy-datetime-3.0.17.jar;C:\Users\Admin\.katalon\packages\Katalon_Studio_Windows_64-9.2.0\Katalon_Studio_Windows_64-9.2.0\configuration\resources\lib\groovy-dateutil-3.0.17.jar;C:\Users\Admin\.katalon\packages\Katalon_Studio_Windows_64-9.2.0\Katalon_Studio_Windows_64-9.2.0\configuration\resources\lib\groovy-docgenerator-3.0.17.jar;C:\Users\Admin\.katalon\packages\Katalon_Studio_Windows_64-9.2.0\Katalon_Studio_Windows_64-9.2.0\configuration\resources\lib\groovy-groovydoc-3.0.17.jar;C:\Users\Admin\.katalon\packages\Katalon_Studio_Windows_64-9.2.0\Katalon_Studio_Windows_64-9.2.0\configuration\resources\lib\groovy-groovysh-3.0.17.jar;C:\Users\Admin\.katalon\packages\Katalon_Studio_Windows_64-9.2.0\Katalon_Studio_Windows_64-9.2.0\configuration\resources\lib\groovy-jmx-3.0.17.jar;C:\Users\Admin\.katalon\packages\Katalon_Studio_Windows_64-9.2.0\Katalon_Studio_Windows_64-9.2.0\configuration\resources\lib\groovy-json-3.0.17.jar;C:\Users\Admin\.katalon\packages\Katalon_Studio_Windows_64-9.2.0\Katalon_Studio_Windows_64-9.2.0\configuration\resources\lib\groovy-jsr223-3.0.17.jar;C:\Users\Admin\.katalon\packages\Katalon_Studio_Windows_64-9.2.0\Katalon_Studio_Windows_64-9.2.0\configuration\resources\lib\groovy-macro-3.0.17.jar;C:\Users\Admin\.katalon\packages\Katalon_Studio_Windows_64-9.2.0\Katalon_Studio_Windows_64-9.2.0\configuration\resources\lib\groovy-nio-3.0.17.jar;C:\Users\Admin\.katalon\packages\Katalon_Studio_Windows_64-9.2.0\Katalon_Studio_Windows_64-9.2.0\configuration\resources\lib\groovy-servlet-3.0.17.jar;C:\Users\Admin\.katalon\packages\Katalon_Studio_Windows_64-9.2.0\Katalon_Studio_Windows_64-9.2.0\configuration\resources\lib\groovy-sql-3.0.17.jar;C:\Users\Admin\.katalon\packages\Katalon_Studio_Windows_64-9.2.0\Katalon_Studio_Windows_64-9.2.0\configuration\resources\lib\groovy-swing-3.0.17.jar;C:\Users\Admin\.katalon\packages\Katalon_Studio_Windows_64-9.2.0\Katalon_Studio_Windows_64-9.2.0\configuration\resources\lib\groovy-templates-3.0.17.jar;C:\Users\Admin\.katalon\packages\Katalon_Studio_Windows_64-9.2.0\Katalon_Studio_Windows_64-9.2.0\configuration\resources\lib\groovy-test-3.0.17.jar;C:\Users\Admin\.katalon\packages\Katalon_Studio_Windows_64-9.2.0\Katalon_Studio_Windows_64-9.2.0\configuration\resources\lib\groovy-test-junit5-3.0.17.jar;C:\Users\Admin\.katalon\packages\Katalon_Studio_Windows_64-9.2.0\Katalon_Studio_Windows_64-9.2.0\configuration\resources\lib\groovy-testng-3.0.17.jar;C:\Users\Admin\.katalon\packages\Katalon_Studio_Windows_64-9.2.0\Katalon_Studio_Windows_64-9.2.0\configuration\resources\lib\groovy-xml-3.0.17.jar;C:\Users\Admin\.katalon\packages\Katalon_Studio_Windows_64-9.2.0\Katalon_Studio_Windows_64-9.2.0\configuration\resources\lib\java-client-7.0.0.jar;C:\Users\Admin\.katalon\packages\Katalon_Studio_Windows_64-9.2.0\Katalon_Studio_Windows_64-9.2.0\configuration\resources\lib\javax.servlet-api_3.1.0.jar;C:\Users\Admin\.katalon\packages\Katalon_Studio_Windows_64-9.2.0\Katalon_Studio_Windows_64-9.2.0\configuration\resources\lib\jna-5.12.1.jar;C:\Users\Admin\.katalon\packages\Katalon_Studio_Windows_64-9.2.0\Katalon_Studio_Windows_64-9.2.0\configuration\resources\lib\jna-platform-5.12.1.jar;C:\Users\Admin\.katalon\packages\Katalon_Studio_Windows_64-9.2.0\Katalon_Studio_Windows_64-9.2.0\configuration\resources\lib\jzlib-1.1.3.jar;C:\Users\Admin\.katalon\packages\Katalon_Studio_Windows_64-9.2.0\Katalon_Studio_Windows_64-9.2.0\configuration\resources\lib\kat-server.jar;C:\Users\Admin\.katalon\packages\Katalon_Studio_Windows_64-9.2.0\Katalon_Studio_Windows_64-9.2.0\configuration\resources\lib\littleproxy-1.1.0-beta-bmp-17.jar;C:\Users\Admin\.katalon\packages\Katalon_Studio_Windows_64-9.2.0\Katalon_Studio_Windows_64-9.2.0\configuration\resources\lib\log4j-1.2-api-2.17.1.jar;C:\Users\Admin\.katalon\packages\Katalon_Studio_Windows_64-9.2.0\Katalon_Studio_Windows_64-9.2.0\configuration\resources\lib\log4j-api-2.17.1.jar;C:\Users\Admin\.katalon\packages\Katalon_Studio_Windows_64-9.2.0\Katalon_Studio_Windows_64-9.2.0\configuration\resources\lib\log4j-core-2.17.1.jar;C:\Users\Admin\.katalon\packages\Katalon_Studio_Windows_64-9.2.0\Katalon_Studio_Windows_64-9.2.0\configuration\resources\lib\mitm-2.1.5.jar;C:\Users\Admin\.katalon\packages\Katalon_Studio_Windows_64-9.2.0\Katalon_Studio_Windows_64-9.2.0\configuration\resources\lib\netty-all-4.1.70.Final.jar;C:\Users\Admin\.katalon\packages\Katalon_Studio_Windows_64-9.2.0\Katalon_Studio_Windows_64-9.2.0\configuration\resources\lib\poi-3.17.jar;C:\Users\Admin\.katalon\packages\Katalon_Studio_Windows_64-9.2.0\Katalon_Studio_Windows_64-9.2.0\configuration\resources\lib\poi-ooxml-3.17.jar;C:\Users\Admin\.katalon\packages\Katalon_Studio_Windows_64-9.2.0\Katalon_Studio_Windows_64-9.2.0\configuration\resources\lib\poi-ooxml-schemas-3.17.jar;C:\Users\Admin\.katalon\packages\Katalon_Studio_Windows_64-9.2.0\Katalon_Studio_Windows_64-9.2.0\configuration\resources\lib\proxy-vole-1.0.4-SNAPSHOT-jar-with-dependencies.jar;C:\Users\Admin\.katalon\packages\Katalon_Studio_Windows_64-9.2.0\Katalon_Studio_Windows_64-9.2.0\configuration\resources\lib\repackaged-sikuli-api-1.0.2-standalone.jar;C:\Users\Admin\.katalon\packages\Katalon_Studio_Windows_64-9.2.0\Katalon_Studio_Windows_64-9.2.0\configuration\resources\lib\selenium-leg-rc-3.141.59.jar;C:\Users\Admin\.katalon\packages\Katalon_Studio_Windows_64-9.2.0\Katalon_Studio_Windows_64-9.2.0\configuration\resources\lib\selenium-server-standalone-3.141.59.jar;C:\Users\Admin\.katalon\packages\Katalon_Studio_Windows_64-9.2.0\Katalon_Studio_Windows_64-9.2.0\configuration\resources\lib\selenium-shutterbug-1.1.jar;C:\Users\Admin\.katalon\packages\Katalon_Studio_Windows_64-9.2.0\Katalon_Studio_Windows_64-9.2.0\configuration\resources\lib\slf4j-api-1.7.25.jar;C:\Users\Admin\.katalon\packages\Katalon_Studio_Windows_64-9.2.0\Katalon_Studio_Windows_64-9.2.0\configuration\resources\lib\soap-builder-1.0.0.jar;C:\Users\Admin\.katalon\packages\Katalon_Studio_Windows_64-9.2.0\Katalon_Studio_Windows_64-9.2.0\configuration\resources\lib\soap-common-1.0.0.jar;C:\Users\Admin\.katalon\packages\Katalon_Studio_Windows_64-9.2.0\Katalon_Studio_Windows_64-9.2.0\configuration\resources\lib\soap-legacy-1.0.0.jar;C:\Users\Admin\.katalon\packages\Katalon_Studio_Windows_64-9.2.0\Katalon_Studio_Windows_64-9.2.0\configuration\resources\lib\spring-context-5.3.19.jar;C:\Users\Admin\.katalon\packages\Katalon_Studio_Windows_64-9.2.0\Katalon_Studio_Windows_64-9.2.0\configuration\resources\lib\stax2-api-4.0.0.jar;C:\Users\Admin\.katalon\packages\Katalon_Studio_Windows_64-9.2.0\Katalon_Studio_Windows_64-9.2.0\configuration\resources\lib\su.jar;C:\Users\Admin\.katalon\packages\Katalon_Studio_Windows_64-9.2.0\Katalon_Studio_Windows_64-9.2.0\configuration\resources\lib\testng-7.8.0.jar;C:\Users\Admin\.katalon\packages\Katalon_Studio_Windows_64-9.2.0\Katalon_Studio_Windows_64-9.2.0\configuration\resources\lib\wadl.jar;C:\Users\Admin\.katalon\packages\Katalon_Studio_Windows_64-9.2.0\Katalon_Studio_Windows_64-9.2.0\configuration\resources\lib\xmlbeans-3.1.0.jar;C:\Users\Admin\.katalon\packages\Katalon_Studio_Windows_64-9.2.0\Katalon_Studio_Windows_64-9.2.0\plugins\net.sf.supercsv.super-csv_2.1.0.jar;C:\Users\Admin\.katalon\packages\Katalon_Studio_Windows_64-9.2.0\Katalon_Studio_Windows_64-9.2.0\plugins\org.apache.commons.io_2.4.0.jar;C:\Users\Admin\.katalon\packages\Katalon_Studio_Windows_64-9.2.0\Katalon_Studio_Windows_64-9.2.0\plugins\org.apache.commons.lang_2.6.0.jar;C:\Users\Admin\.katalon\packages\Katalon_Studio_Windows_64-9.2.0\Katalon_Studio_Windows_64-9.2.0\plugins\com.google.gson_2.10.1.v20230109-0753.jar;C:\Users\Admin\.katalon\packages\Katalon_Studio_Windows_64-9.2.0\Katalon_Studio_Windows_64-9.2.0\plugins\org.jsoup_1.14.3.jar;C:\Users\Admin\.katalon\packages\Katalon_Studio_Windows_64-9.2.0\Katalon_Studio_Windows_64-9.2.0\plugins\org.apache.commons.dbutils_1.6.0.jar;C:\Users\Admin\.katalon\packages\Katalon_Studio_Windows_64-9.2.0\Katalon_Studio_Windows_64-9.2.0\plugins\com.oracle.jdbc.ojdbc7_12.1.0.2.jar;C:\Users\Admin\.katalon\packages\Katalon_Studio_Windows_64-9.2.0\Katalon_Studio_Windows_64-9.2.0\plugins\org.postgresql.jdbc_42.4.1.jar;c:\Users\Admin\.katalon\packages\Katalon_Studio_Windows_64-9.2.0\Katalon_Studio_Windows_64-9.2.0\plugins\org.eclipse.osgi_3.18.300.v20230220-1352.jar;C:\Users\Admin\.katalon\packages\Katalon_Studio_Windows_64-9.2.0\Katalon_Studio_Windows_64-9.2.0\plugins\com.kms.katalon.constant_1.0.0.202312271622.jar;C:\Users\Admin\.katalon\packages\Katalon_Studio_Windows_64-9.2.0\Katalon_Studio_Windows_64-9.2.0\plugins\org.eclipse.persistence.eclipselink_2.7.11.jar;C:\Users\Admin\.katalon\packages\Katalon_Studio_Windows_64-9.2.0\Katalon_Studio_Windows_64-9.2.0\plugins\com.kms.katalon.selenium-standalone_1.0.0.202312271622.jar;C:\Users\Admin\.katalon\packages\Katalon_Studio_Windows_64-9.2.0\Katalon_Studio_Windows_64-9.2.0\plugins\atu.testrecorder.screen-recorder_2.1.0.jar;C:\Users\Admin\.katalon\packages\Katalon_Studio_Windows_64-9.2.0\Katalon_Studio_Windows_64-9.2.0\plugins\com.google.guava_23.0.0.jar;C:\Users\Admin\.katalon\packages\Katalon_Studio_Windows_64-9.2.0\Katalon_Studio_Windows_64-9.2.0\plugins\com.kms.katalon.util_1.0.0.202312271622.jar;C:\Users\Admin\.katalon\packages\Katalon_Studio_Windows_64-9.2.0\Katalon_Studio_Windows_64-9.2.0\plugins\org.apache.httpcomponents.httpclient_4.5.14.v20221207-1049.jar;C:\Users\Admin\.katalon\packages\Katalon_Studio_Windows_64-9.2.0\Katalon_Studio_Windows_64-9.2.0\plugins\org.apache.httpcomponents.httpcore_4.4.16.v20221207-1049.jar;C:\Users\Admin\.katalon\packages\Katalon_Studio_Windows_64-9.2.0\Katalon_Studio_Windows_64-9.2.0\plugins\org.apache.httpcomponents.httpmime_4.5.1.jar;C:\Users\Admin\.katalon\packages\Katalon_Studio_Windows_64-9.2.0\Katalon_Studio_Windows_64-9.2.0\plugins\org.apache.commons.lang3_3.7.0.jar;C:\Users\Admin\.katalon\packages\Katalon_Studio_Windows_64-9.2.0\Katalon_Studio_Windows_64-9.2.0\plugins\org.greenrobot.eventbus_3.1.1.jar;C:\Users\Admin\.katalon\packages\Katalon_Studio_Windows_64-9.2.0\Katalon_Studio_Windows_64-9.2.0\plugins\org.assertj.core_3.10.0.jar;C:\Users\Admin\.katalon\packages\Katalon_Studio_Windows_64-9.2.0\Katalon_Studio_Windows_64-9.2.0\plugins\org.junit_4.13.2.v20211018-1956.jar;C:\Users\Admin\.katalon\packages\Katalon_Studio_Windows_64-9.2.0\Katalon_Studio_Windows_64-9.2.0\plugins\com.fasterxml.jackson.core.jackson-databind_2.14.0.jar;C:\Users\Admin\.katalon\packages\Katalon_Studio_Windows_64-9.2.0\Katalon_Studio_Windows_64-9.2.0\plugins\com.fasterxml.jackson.core.jackson-core_2.14.0.jar;C:\Users\Admin\.katalon\packages\Katalon_Studio_Windows_64-9.2.0\Katalon_Studio_Windows_64-9.2.0\plugins\com.fasterxml.jackson.core.jackson-annotations_2.14.0.jar;C:\Users\Admin\.katalon\packages\Katalon_Studio_Windows_64-9.2.0\Katalon_Studio_Windows_64-9.2.0\plugins\ch.qos.logback.classic_1.2.3.jar;C:\Users\Admin\.katalon\packages\Katalon_Studio_Windows_64-9.2.0\Katalon_Studio_Windows_64-9.2.0\plugins\ch.qos.logback.core_1.2.3.jar;C:\Users\Admin\.katalon\packages\Katalon_Studio_Windows_64-9.2.0\Katalon_Studio_Windows_64-9.2.0\plugins\slf4j.api_1.7.36.jar;C:\Users\Admin\.katalon\packages\Katalon_Studio_Windows_64-9.2.0\Katalon_Studio_Windows_64-9.2.0\plugins\org.fusesource.jansi_1.17.1.jar;C:\Users\Admin\.katalon\packages\Katalon_Studio_Windows_64-9.2.0\Katalon_Studio_Windows_64-9.2.0\plugins\com.kms.katalon.netlightbody_1.0.0.202312271622.jar;C:\Users\Admin\.katalon\packages\Katalon_Studio_Windows_64-9.2.0\Katalon_Studio_Windows_64-9.2.0\plugins\com.kms.katalon.poi_1.0.0.202312271622.jar;C:\Users\Admin\.katalon\packages\Katalon_Studio_Windows_64-9.2.0\Katalon_Studio_Windows_64-9.2.0\plugins\org.apache.commons.commons-text_1.10.0.jar;C:\Users\Admin\.katalon\packages\Katalon_Studio_Windows_64-9.2.0\Katalon_Studio_Windows_64-9.2.0\plugins\com.kms.katalon.proxyvole_1.0.0.202312271622.jar;C:\Users\Admin\.katalon\packages\Katalon_Studio_Windows_64-9.2.0\Katalon_Studio_Windows_64-9.2.0\plugins\com.microsoft.sqlserver.mssql-jdbc_6.2.2.jre8.jar;C:\Users\Admin\.katalon\packages\Katalon_Studio_Windows_64-9.2.0\Katalon_Studio_Windows_64-9.2.0\plugins\com.github.kklisura.cdt.java-client_2.1.0.jar;C:\Users\Admin\.katalon\packages\Katalon_Studio_Windows_64-9.2.0\Katalon_Studio_Windows_64-9.2.0\plugins\javax.websocket-api_1.1.0.jar;C:\Users\Admin\.katalon\packages\Katalon_Studio_Windows_64-9.2.0\Katalon_Studio_Windows_64-9.2.0\plugins\org.glassfish.tyrus.container-grizzly-client_1.13.1.jar;C:\Users\Admin\.katalon\packages\Katalon_Studio_Windows_64-9.2.0\Katalon_Studio_Windows_64-9.2.0\plugins\org.glassfish.grizzly.http-server_2.3.25.jar;C:\Users\Admin\.katalon\packages\Katalon_Studio_Windows_64-9.2.0\Katalon_Studio_Windows_64-9.2.0\plugins\org.glassfish.grizzly.framework_2.3.25.jar;C:\Users\Admin\.katalon\packages\Katalon_Studio_Windows_64-9.2.0\Katalon_Studio_Windows_64-9.2.0\plugins\org.glassfish.grizzly.http_2.3.25.jar;C:\Users\Admin\.katalon\packages\Katalon_Studio_Windows_64-9.2.0\Katalon_Studio_Windows_64-9.2.0\plugins\org.glassfish.tyrus.client_1.13.1.jar;C:\Users\Admin\.katalon\packages\Katalon_Studio_Windows_64-9.2.0\Katalon_Studio_Windows_64-9.2.0\plugins\org.glassfish.tyrus.core_1.13.1.jar;C:\Users\Admin\.katalon\packages\Katalon_Studio_Windows_64-9.2.0\Katalon_Studio_Windows_64-9.2.0\plugins\org.glassfish.tyrus.spi_1.13.1.jar;C:\Users\Admin\.katalon\packages\Katalon_Studio_Windows_64-9.2.0\Katalon_Studio_Windows_64-9.2.0\plugins\javassist_3.28.0.GA.jar;C:\Users\Admin\.katalon\packages\Katalon_Studio_Windows_64-9.2.0\Katalon_Studio_Windows_64-9.2.0\plugins\com.graphql-java_16.2.0.jar;C:\Users\Admin\.katalon\packages\Katalon_Studio_Windows_64-9.2.0\Katalon_Studio_Windows_64-9.2.0\plugins\org.glassfish.jaxb.runtime_2.3.6.jar;C:\Users\Admin\.katalon\packages\Katalon_Studio_Windows_64-9.2.0\Katalon_Studio_Windows_64-9.2.0\plugins\org.glassfish.jaxb.txw2_2.3.6.jar;C:\Users\Admin\.katalon\packages\Katalon_Studio_Windows_64-9.2.0\Katalon_Studio_Windows_64-9.2.0\plugins\org.dom4j_1.6.1.v201312101416.jar;C:\Users\Admin\.katalon\packages\Katalon_Studio_Windows_64-9.2.0\Katalon_Studio_Windows_64-9.2.0\plugins\com.kms.katalon.groovy-extended_1.0.0.202312271622.jar;C:\Users\Admin\.katalon\packages\Katalon_Studio_Windows_64-9.2.0\Katalon_Studio_Windows_64-9.2.0\plugins\com.sun.activation.javax.activation_1.2.0.jar;C:\Users\Admin\.katalon\packages\Katalon_Studio_Windows_64-9.2.0\Katalon_Studio_Windows_64-9.2.0\plugins\jakarta.xml.bind-api_2.3.3.jar;C:\Users\Admin\.katalon\packages\Katalon_Studio_Windows_64-9.2.0\Katalon_Studio_Windows_64-9.2.0\plugins\com.sun.xml.bind.jaxb-impl_2.3.6.jar;C:\Users\Admin\.katalon\packages\Katalon_Studio_Windows_64-9.2.0\Katalon_Studio_Windows_64-9.2.0\plugins\org.apache.commons.logging_1.2.0.v20180409-1502.jar;C:\Users\Admin\.katalon\packages\Katalon_Studio_Windows_64-9.2.0\Katalon_Studio_Windows_64-9.2.0\plugins\org.hamcrest.core_1.3.0.v20180420-1519.jar;C:\Users\Admin\.katalon\packages\Katalon_Studio_Windows_64-9.2.0\Katalon_Studio_Windows_64-9.2.0\plugins\org.beanshell.bsh_2.0.0.0b4.jar;C:\Users\Admin\.katalon\packages\Katalon_Studio_Windows_64-9.2.0\Katalon_Studio_Windows_64-9.2.0\plugins\org.apache.ant.launcher_1.9.6.jar;C:\Users\Admin\.katalon\packages\Katalon_Studio_Windows_64-9.2.0\Katalon_Studio_Windows_64-9.2.0\plugins\com.kms.katalon.core.appium_1.0.0.202312271622.jar;C:\Users\Admin\.katalon\packages\Katalon_Studio_Windows_64-9.2.0\Katalon_Studio_Windows_64-9.2.0\plugins\com.kms.katalon.logging_1.0.0.202312271622.jar;C:\Users\Admin\.katalon\packages\Katalon_Studio_Windows_64-9.2.0\Katalon_Studio_Windows_64-9.2.0\plugins\org.eclipse.equinox.common_3.17.100.v20230202-1341.jar;C:\Users\Admin\.katalon\packages\Katalon_Studio_Windows_64-9.2.0\Katalon_Studio_Windows_64-9.2.0\plugins\com.kms.katalon.core.webui_1.0.0.202312271622.jar;C:\Users\Admin\.katalon\packages\Katalon_Studio_Windows_64-9.2.0\Katalon_Studio_Windows_64-9.2.0\plugins\org.json_20140107.0.0.jar;C:\Users\Admin\.katalon\packages\Katalon_Studio_Windows_64-9.2.0\Katalon_Studio_Windows_64-9.2.0\plugins\org.eclipse.e4.core.contexts_1.11.0.v20220716-0839.jar;C:\Users\Admin\.katalon\packages\Katalon_Studio_Windows_64-9.2.0\Katalon_Studio_Windows_64-9.2.0\plugins\org.eclipse.e4.core.services_2.3.400.v20220915-1347.jar;C:\Users\Admin\.katalon\packages\Katalon_Studio_Windows_64-9.2.0\Katalon_Studio_Windows_64-9.2.0\plugins\com.kms.katalon.core.mobile_1.0.0.202312271622.jar;C:\Users\Admin\.katalon\packages\Katalon_Studio_Windows_64-9.2.0\Katalon_Studio_Windows_64-9.2.0\plugins\org.apache.commons.commons-validator_1.7.0.jar;C:\Users\Admin\.katalon\packages\Katalon_Studio_Windows_64-9.2.0\Katalon_Studio_Windows_64-9.2.0\plugins\com.kms.katalon.core.cucumber_1.0.0.202312271622.jar;C:\Users\Admin\.katalon\packages\Katalon_Studio_Windows_64-9.2.0\Katalon_Studio_Windows_64-9.2.0\plugins\io.cucumber.core_3.0.2.jar;C:\Users\Admin\.katalon\packages\Katalon_Studio_Windows_64-9.2.0\Katalon_Studio_Windows_64-9.2.0\plugins\io.cucumber.datatable_1.0.3.jar;C:\Users\Admin\.katalon\packages\Katalon_Studio_Windows_64-9.2.0\Katalon_Studio_Windows_64-9.2.0\plugins\io.cucumber.datatable-dependencies_1.0.3.jar;C:\Users\Admin\.katalon\packages\Katalon_Studio_Windows_64-9.2.0\Katalon_Studio_Windows_64-9.2.0\plugins\io.cucumber.expressions_5.0.19.jar;C:\Users\Admin\.katalon\packages\Katalon_Studio_Windows_64-9.2.0\Katalon_Studio_Windows_64-9.2.0\plugins\io.cucumber.gherkin_5.0.0.jar;C:\Users\Admin\.katalon\packages\Katalon_Studio_Windows_64-9.2.0\Katalon_Studio_Windows_64-9.2.0\plugins\io.cucumber.html_0.2.7.jar;C:\Users\Admin\.katalon\packages\Katalon_Studio_Windows_64-9.2.0\Katalon_Studio_Windows_64-9.2.0\plugins\io.cucumber.java_3.0.2.jar;C:\Users\Admin\.katalon\packages\Katalon_Studio_Windows_64-9.2.0\Katalon_Studio_Windows_64-9.2.0\plugins\io.cucumber.tag-expressions_1.1.1.jar;C:\Users\Admin\.katalon\packages\Katalon_Studio_Windows_64-9.2.0\Katalon_Studio_Windows_64-9.2.0\plugins\io.cucumber.junit_3.0.2.jar;C:\Users\Admin\.katalon\packages\Katalon_Studio_Windows_64-9.2.0\Katalon_Studio_Windows_64-9.2.0\plugins\com.kms.katalon.core.webservice_1.0.0.202312271622.jar;C:\Users\Admin\.katalon\packages\Katalon_Studio_Windows_64-9.2.0\Katalon_Studio_Windows_64-9.2.0\plugins\wsdl4j_1.6.2.jar;C:\Users\Admin\.katalon\packages\Katalon_Studio_Windows_64-9.2.0\Katalon_Studio_Windows_64-9.2.0\plugins\com.google.oauth-client.google-oauth-client_1.22.0.jar;C:\Users\Admin\.katalon\packages\Katalon_Studio_Windows_64-9.2.0\Katalon_Studio_Windows_64-9.2.0\plugins\com.google.http-client.google-http-client_1.22.0.jar;C:\Users\Admin\.katalon\packages\Katalon_Studio_Windows_64-9.2.0\Katalon_Studio_Windows_64-9.2.0\plugins\ca.juliusdavies.not-yet-commons-ssl_0.3.11.jar;C:\Users\Admin\.katalon\packages\Katalon_Studio_Windows_64-9.2.0\Katalon_Studio_Windows_64-9.2.0\plugins\com.kms.katalon.preferences_1.0.0.202312271622.jar;C:\Users\Admin\.katalon\packages\Katalon_Studio_Windows_64-9.2.0\Katalon_Studio_Windows_64-9.2.0\plugins\org.apache.xmlbeans_3.1.0.jar;C:\Users\Admin\.katalon\packages\Katalon_Studio_Windows_64-9.2.0\Katalon_Studio_Windows_64-9.2.0\plugins\com.kms.katalon.entity_1.0.0.202312271622.jar;C:\Users\Admin\.katalon\packages\Katalon_Studio_Windows_64-9.2.0\Katalon_Studio_Windows_64-9.2.0\plugins\org.antlr.antlr4-runtime_4.8.0.jar;C:\Users\Admin\.katalon\packages\Katalon_Studio_Windows_64-9.2.0\Katalon_Studio_Windows_64-9.2.0\plugins\com.networknt.json-schema-validator_1.0.66.jar;C:\Users\Admin\.katalon\packages\Katalon_Studio_Windows_64-9.2.0\Katalon_Studio_Windows_64-9.2.0\plugins\jakarta.xml.ws-api_2.3.3.jar;C:\Users\Admin\.katalon\packages\Katalon_Studio_Windows_64-9.2.0\Katalon_Studio_Windows_64-9.2.0\plugins\javax.xml.soap-api_1.4.0.jar;C:\Users\Admin\.katalon\packages\Katalon_Studio_Windows_64-9.2.0\Katalon_Studio_Windows_64-9.2.0\plugins\com.kms.katalon.core.windows_1.0.0.202312271622.jar;C:\Users\Admin\.katalon\packages\Katalon_Studio_Windows_64-9.2.0\Katalon_Studio_Windows_64-9.2.0\plugins\com.kms.katalon.core.testng_1.0.0.202312271622.jar;C:\Users\Admin\.katalon\packages\Katalon_Studio_Windows_64-9.2.0\Katalon_Studio_Windows_64-9.2.0\configuration\org.eclipse.osgi\27\0\.cp\resources\basic-report\katalon-studio-report-plugin.jar;C:\Users\Admin\.katalon\packages\Katalon_Studio_Windows_64-9.2.0\Katalon_Studio_Windows_64-9.2.0\plugins\org.codehaus.groovy_3.0.17.v202303311542-e2303\lib\groovy-3.0.17-indy.jar;C:\Users\Admin\.katalon\packages\Katalon_Studio_Windows_64-9.2.0\Katalon_Studio_Windows_64-9.2.0\plugins\org.codehaus.groovy_3.0.17.v202303311542-e2303\lib\ivy-2.5.1.jar --main groovy.ui.GroovyMain --encoding UTF-8 --indy D:\Katalon Studio\Final_Project_Testing\Libs\TempTestCase1704983065192.groovy

Host: Intel(R) Core(TM) i3 CPU       M 380  @ 2.53GHz, 4 cores, 3G,  Windows 10 , 64 bit Build 16299 (10.0.16299.431)
Time: Thu Jan 11 21:25:01 2024 SE Asia Standard Time elapsed time: 35.195833 seconds (0d 0h 0m 35s)

---------------  T H R E A D  ---------------

Current thread (0x000001ce36c21b90):  JavaThread "C2 CompilerThread0" daemon [_thread_in_native, id=14324, stack(0x0000003977200000,0x0000003977300000)]


Current CompileTask:
C2:  35195 5309       4       groovy.lang.MetaMethod::getMopName (105 bytes)

Stack: [0x0000003977200000,0x0000003977300000]
Native frames: (J=compiled Java code, j=interpreted, Vv=VM code, C=native code)
V  [jvm.dll+0x67754a]
V  [jvm.dll+0x834304]
V  [jvm.dll+0x835aae]
V  [jvm.dll+0x836113]
V  [jvm.dll+0x24696f]
V  [jvm.dll+0xac0ac]
V  [jvm.dll+0xac67c]
V  [jvm.dll+0x364e37]
V  [jvm.dll+0x32f6b1]
V  [jvm.dll+0x32eb5a]
V  [jvm.dll+0x219641]
V  [jvm.dll+0x218a61]
V  [jvm.dll+0x1a4d8d]
V  [jvm.dll+0x2284da]
V  [jvm.dll+0x226615]
V  [jvm.dll+0x7ea90b]
V  [jvm.dll+0x7e4e7a]
V  [jvm.dll+0x676395]
C  [ucrtbase.dll+0x1dab5]
C  [KERNEL32.DLL+0x11fe4]
C  [ntdll.dll+0x6cb81]


---------------  P R O C E S S  ---------------

Threads class SMR info:
_java_thread_list=0x000001ce3d69a880, length=20, elements={
0x000001ce1b54a530, 0x000001ce36bcfd10, 0x000001ce36bd1b80, 0x000001ce36bdc290,
0x000001ce36bdcb50, 0x000001ce36bdd830, 0x000001ce36bde0f0, 0x000001ce36c21b90,
0x000001ce36c30590, 0x000001ce36c392a0, 0x000001ce36ed0c70, 0x000001ce3b7013b0,
0x000001ce3e43ee20, 0x000001ce3beb34a0, 0x000001ce36fd6880, 0x000001ce3baef210,
0x000001ce3ccb35c0, 0x000001ce3c962ff0, 0x000001ce3cb3f3d0, 0x000001ce3d7060a0
}

Java Threads: ( => current thread )
  0x000001ce1b54a530 JavaThread "main" [_thread_in_vm, id=14312, stack(0x0000003976500000,0x0000003976600000)]
  0x000001ce36bcfd10 JavaThread "Reference Handler" daemon [_thread_blocked, id=10684, stack(0x0000003976c00000,0x0000003976d00000)]
  0x000001ce36bd1b80 JavaThread "Finalizer" daemon [_thread_blocked, id=13536, stack(0x0000003976d00000,0x0000003976e00000)]
  0x000001ce36bdc290 JavaThread "Signal Dispatcher" daemon [_thread_blocked, id=13560, stack(0x0000003976e00000,0x0000003976f00000)]
  0x000001ce36bdcb50 JavaThread "Attach Listener" daemon [_thread_blocked, id=4668, stack(0x0000003976f00000,0x0000003977000000)]
  0x000001ce36bdd830 JavaThread "Service Thread" daemon [_thread_blocked, id=13320, stack(0x0000003977000000,0x0000003977100000)]
  0x000001ce36bde0f0 JavaThread "Monitor Deflation Thread" daemon [_thread_blocked, id=14328, stack(0x0000003977100000,0x0000003977200000)]
=>0x000001ce36c21b90 JavaThread "C2 CompilerThread0" daemon [_thread_in_native, id=14324, stack(0x0000003977200000,0x0000003977300000)]
  0x000001ce36c30590 JavaThread "C1 CompilerThread0" daemon [_thread_blocked, id=14320, stack(0x0000003977300000,0x0000003977400000)]
  0x000001ce36c392a0 JavaThread "Sweeper thread" daemon [_thread_blocked, id=5368, stack(0x0000003977400000,0x0000003977500000)]
  0x000001ce36ed0c70 JavaThread "Common-Cleaner" daemon [_thread_blocked, id=13388, stack(0x0000003977500000,0x0000003977600000)]
  0x000001ce3b7013b0 JavaThread "Notification Thread" daemon [_thread_blocked, id=14232, stack(0x0000003977700000,0x0000003977800000)]
  0x000001ce3e43ee20 JavaThread "Exec Default Executor" daemon [_thread_in_native, id=6576, stack(0x0000003978100000,0x0000003978200000)]
  0x000001ce3beb34a0 JavaThread "UrlChecker-2" daemon [_thread_blocked, id=12588, stack(0x0000003978200000,0x0000003978300000)]
  0x000001ce36fd6880 JavaThread "Exec Stream Pumper" daemon [_thread_in_native, id=11352, stack(0x0000003978400000,0x0000003978500000)]
  0x000001ce3baef210 JavaThread "Exec Stream Pumper" daemon [_thread_in_native, id=14112, stack(0x0000003978500000,0x0000003978600000)]
  0x000001ce3ccb35c0 JavaThread "ForkJoinPool.commonPool-worker-1" daemon [_thread_blocked, id=13552, stack(0x0000003978700000,0x0000003978800000)]
  0x000001ce3c962ff0 JavaThread "ForkJoinPool.commonPool-worker-2" daemon [_thread_blocked, id=7456, stack(0x0000003978800000,0x0000003978900000)]
  0x000001ce3cb3f3d0 JavaThread "OkHttp ConnectionPool" daemon [_thread_blocked, id=6832, stack(0x0000003978a00000,0x0000003978b00000)]
  0x000001ce3d7060a0 JavaThread "Okio Watchdog" daemon [_thread_blocked, id=13524, stack(0x0000003978b00000,0x0000003978c00000)]

Other Threads:
  0x000001ce36bcc630 VMThread "VM Thread" [stack: 0x0000003976b00000,0x0000003976c00000] [id=14072]
  0x000001ce1b5c2ae0 WatcherThread [stack: 0x0000003977800000,0x0000003977900000] [id=14124]
  0x000001ce1b5a65d0 GCTaskThread "GC Thread#0" [stack: 0x0000003976600000,0x0000003976700000] [id=14184]
  0x000001ce3b334b50 GCTaskThread "GC Thread#1" [stack: 0x0000003977600000,0x0000003977700000] [id=13924]
  0x000001ce3bec51d0 GCTaskThread "GC Thread#2" [stack: 0x0000003977a00000,0x0000003977b00000] [id=2564]
  0x000001ce3c8e8440 GCTaskThread "GC Thread#3" [stack: 0x0000003977b00000,0x0000003977c00000] [id=14292]
  0x000001ce1b5b7320 ConcurrentGCThread "G1 Main Marker" [stack: 0x0000003976700000,0x0000003976800000] [id=7704]
  0x000001ce1b5b7b40 ConcurrentGCThread "G1 Conc#0" [stack: 0x0000003976800000,0x0000003976900000] [id=13528]
  0x000001ce1b5ce980 ConcurrentGCThread "G1 Refine#0" [stack: 0x0000003976900000,0x0000003976a00000] [id=12708]
  0x000001ce36a08590 ConcurrentGCThread "G1 Service" [stack: 0x0000003976a00000,0x0000003976b00000] [id=9536]

Threads with active compile tasks:
C2 CompilerThread0    35233 5309       4       groovy.lang.MetaMethod::getMopName (105 bytes)

VM state: not at safepoint (normal execution)

VM Mutex/Monitor currently owned by a thread: None

Heap address: 0x0000000080000000, size: 2048 MB, Compressed Oops mode: 32-bit

CDS archive(s) not mapped
Compressed class space mapped at: 0x0000000100000000-0x0000000140000000, reserved size: 1073741824
Narrow klass base: 0x0000000000000000, Narrow klass shift: 3, Narrow klass range: 0x140000000

GC Precious Log:
 CPUs: 4 total, 4 available
 Memory: 3766M
 Large Page Support: Disabled
 NUMA Support: Disabled
 Compressed Oops: Enabled (32-bit)
 Heap Region Size: 1M
 Heap Min Capacity: 8M
 Heap Initial Capacity: 60M
 Heap Max Capacity: 2G
 Pre-touch: Disabled
 Parallel Workers: 4
 Concurrent Workers: 1
 Concurrent Refinement Workers: 4
 Periodic GC: Disabled

Heap:
 garbage-first heap   total 130048K, used 57161K [0x0000000080000000, 0x0000000100000000)
  region size 1024K, 25 young (25600K), 3 survivors (3072K)
 Metaspace       used 44216K, committed 44736K, reserved 1114112K
  class space    used 4897K, committed 5120K, reserved 1048576K

Heap Regions: E=young(eden), S=young(survivor), O=old, HS=humongous(starts), HC=humongous(continues), CS=collection set, F=free, OA=open archive, CA=closed archive, TAMS=top-at-mark-start (previous, next)
|   0|0x0000000080000000, 0x0000000080100000, 0x0000000080100000|100%|HS|  |TAMS 0x0000000080100000, 0x0000000080000000| Complete 
|   1|0x0000000080100000, 0x0000000080200000, 0x0000000080200000|100%|HS|  |TAMS 0x0000000080200000, 0x0000000080100000| Complete 
|   2|0x0000000080200000, 0x0000000080300000, 0x0000000080300000|100%| O|  |TAMS 0x0000000080300000, 0x0000000080200000| Untracked 
|   3|0x0000000080300000, 0x0000000080400000, 0x0000000080400000|100%| O|  |TAMS 0x0000000080400000, 0x0000000080300000| Untracked 
|   4|0x0000000080400000, 0x0000000080500000, 0x0000000080500000|100%| O|  |TAMS 0x0000000080500000, 0x0000000080400000| Untracked 
|   5|0x0000000080500000, 0x0000000080600000, 0x0000000080600000|100%| O|  |TAMS 0x0000000080600000, 0x0000000080500000| Untracked 
|   6|0x0000000080600000, 0x0000000080700000, 0x0000000080700000|100%| O|  |TAMS 0x0000000080700000, 0x0000000080600000| Untracked 
|   7|0x0000000080700000, 0x0000000080800000, 0x0000000080800000|100%| O|  |TAMS 0x0000000080800000, 0x0000000080700000| Untracked 
|   8|0x0000000080800000, 0x0000000080900000, 0x0000000080900000|100%| O|  |TAMS 0x0000000080900000, 0x0000000080800000| Untracked 
|   9|0x0000000080900000, 0x0000000080a00000, 0x0000000080a00000|100%|HS|  |TAMS 0x0000000080a00000, 0x0000000080900000| Complete 
|  10|0x0000000080a00000, 0x0000000080b00000, 0x0000000080b00000|100%|HC|  |TAMS 0x0000000080b00000, 0x0000000080a00000| Complete 
|  11|0x0000000080b00000, 0x0000000080c00000, 0x0000000080c00000|100%| O|  |TAMS 0x0000000080c00000, 0x0000000080b00000| Untracked 
|  12|0x0000000080c00000, 0x0000000080d00000, 0x0000000080d00000|100%| O|  |TAMS 0x0000000080d00000, 0x0000000080c00000| Untracked 
|  13|0x0000000080d00000, 0x0000000080e00000, 0x0000000080e00000|100%| O|  |TAMS 0x0000000080e00000, 0x0000000080d00000| Untracked 
|  14|0x0000000080e00000, 0x0000000080e00000, 0x0000000080f00000|  0%| F|  |TAMS 0x0000000080e00000, 0x0000000080e00000| Untracked 
|  15|0x0000000080f00000, 0x0000000081000000, 0x0000000081000000|100%| O|  |TAMS 0x0000000081000000, 0x0000000080f00000| Untracked 
|  16|0x0000000081000000, 0x0000000081100000, 0x0000000081100000|100%| O|  |TAMS 0x0000000081100000, 0x0000000081000000| Untracked 
|  17|0x0000000081100000, 0x0000000081200000, 0x0000000081200000|100%| O|  |TAMS 0x0000000081200000, 0x0000000081100000| Untracked 
|  18|0x0000000081200000, 0x0000000081300000, 0x0000000081300000|100%| O|  |TAMS 0x0000000081300000, 0x0000000081200000| Untracked 
|  19|0x0000000081300000, 0x0000000081400000, 0x0000000081400000|100%| O|  |TAMS 0x0000000081400000, 0x0000000081300000| Untracked 
|  20|0x0000000081400000, 0x0000000081500000, 0x0000000081500000|100%| O|  |TAMS 0x0000000081500000, 0x0000000081400000| Untracked 
|  21|0x0000000081500000, 0x0000000081600000, 0x0000000081600000|100%| O|  |TAMS 0x0000000081600000, 0x0000000081500000| Untracked 
|  22|0x0000000081600000, 0x0000000081700000, 0x0000000081700000|100%| O|  |TAMS 0x0000000081700000, 0x0000000081600000| Untracked 
|  23|0x0000000081700000, 0x0000000081800000, 0x0000000081800000|100%| O|  |TAMS 0x0000000081800000, 0x0000000081700000| Untracked 
|  24|0x0000000081800000, 0x0000000081900000, 0x0000000081900000|100%| O|  |TAMS 0x0000000081900000, 0x0000000081800000| Untracked 
|  25|0x0000000081900000, 0x0000000081a00000, 0x0000000081a00000|100%| O|  |TAMS 0x0000000081a00000, 0x0000000081900000| Untracked 
|  26|0x0000000081a00000, 0x0000000081b00000, 0x0000000081b00000|100%| O|  |TAMS 0x0000000081b00000, 0x0000000081a00000| Untracked 
|  27|0x0000000081b00000, 0x0000000081c00000, 0x0000000081c00000|100%| O|  |TAMS 0x0000000081c00000, 0x0000000081b00000| Untracked 
|  28|0x0000000081c00000, 0x0000000081d00000, 0x0000000081d00000|100%| O|  |TAMS 0x0000000081d00000, 0x0000000081c00000| Untracked 
|  29|0x0000000081d00000, 0x0000000081e00000, 0x0000000081e00000|100%| O|  |TAMS 0x0000000081e00000, 0x0000000081d00000| Untracked 
|  30|0x0000000081e00000, 0x0000000081f00000, 0x0000000081f00000|100%| O|  |TAMS 0x0000000081f00000, 0x0000000081e00000| Untracked 
|  31|0x0000000081f00000, 0x0000000082000000, 0x0000000082000000|100%| O|  |TAMS 0x0000000082000000, 0x0000000081f00000| Untracked 
|  32|0x0000000082000000, 0x0000000082100000, 0x0000000082100000|100%| O|  |TAMS 0x0000000082100000, 0x0000000082000000| Untracked 
|  33|0x0000000082100000, 0x00000000821c2000, 0x0000000082200000| 75%| O|  |TAMS 0x00000000821c2000, 0x0000000082100000| Complete 
|  34|0x0000000082200000, 0x0000000082200000, 0x0000000082300000|  0%| F|  |TAMS 0x0000000082200000, 0x0000000082200000| Untracked 
|  35|0x0000000082300000, 0x0000000082300000, 0x0000000082400000|  0%| F|  |TAMS 0x0000000082300000, 0x0000000082300000| Untracked 
|  36|0x0000000082400000, 0x0000000082400000, 0x0000000082500000|  0%| F|  |TAMS 0x0000000082400000, 0x0000000082400000| Untracked 
|  37|0x0000000082500000, 0x0000000082500000, 0x0000000082600000|  0%| F|  |TAMS 0x0000000082500000, 0x0000000082500000| Untracked 
|  38|0x0000000082600000, 0x0000000082600000, 0x0000000082700000|  0%| F|  |TAMS 0x0000000082600000, 0x0000000082600000| Untracked 
|  39|0x0000000082700000, 0x0000000082700000, 0x0000000082800000|  0%| F|  |TAMS 0x0000000082700000, 0x0000000082700000| Untracked 
|  40|0x0000000082800000, 0x0000000082800000, 0x0000000082900000|  0%| F|  |TAMS 0x0000000082800000, 0x0000000082800000| Untracked 
|  41|0x0000000082900000, 0x0000000082900000, 0x0000000082a00000|  0%| F|  |TAMS 0x0000000082900000, 0x0000000082900000| Untracked 
|  42|0x0000000082a00000, 0x0000000082a00000, 0x0000000082b00000|  0%| F|  |TAMS 0x0000000082a00000, 0x0000000082a00000| Untracked 
|  43|0x0000000082b00000, 0x0000000082b00000, 0x0000000082c00000|  0%| F|  |TAMS 0x0000000082b00000, 0x0000000082b00000| Untracked 
|  44|0x0000000082c00000, 0x0000000082c10768, 0x0000000082d00000|  6%| S|CS|TAMS 0x0000000082c00000, 0x0000000082c00000| Complete 
|  45|0x0000000082d00000, 0x0000000082e00000, 0x0000000082e00000|100%| S|CS|TAMS 0x0000000082d00000, 0x0000000082d00000| Complete 
|  46|0x0000000082e00000, 0x0000000082f00000, 0x0000000082f00000|100%| S|CS|TAMS 0x0000000082e00000, 0x0000000082e00000| Complete 
|  47|0x0000000082f00000, 0x0000000082f00000, 0x0000000083000000|  0%| F|  |TAMS 0x0000000082f00000, 0x0000000082f00000| Untracked 
|  48|0x0000000083000000, 0x0000000083000000, 0x0000000083100000|  0%| F|  |TAMS 0x0000000083000000, 0x0000000083000000| Untracked 
|  49|0x0000000083100000, 0x0000000083100000, 0x0000000083200000|  0%| F|  |TAMS 0x0000000083100000, 0x0000000083100000| Untracked 
|  50|0x0000000083200000, 0x0000000083200000, 0x0000000083300000|  0%| F|  |TAMS 0x0000000083200000, 0x0000000083200000| Untracked 
|  51|0x0000000083300000, 0x0000000083300000, 0x0000000083400000|  0%| F|  |TAMS 0x0000000083300000, 0x0000000083300000| Untracked 
|  52|0x0000000083400000, 0x0000000083400000, 0x0000000083500000|  0%| F|  |TAMS 0x0000000083400000, 0x0000000083400000| Untracked 
|  53|0x0000000083500000, 0x0000000083500000, 0x0000000083600000|  0%| F|  |TAMS 0x0000000083500000, 0x0000000083500000| Untracked 
|  54|0x0000000083600000, 0x0000000083600000, 0x0000000083700000|  0%| F|  |TAMS 0x0000000083600000, 0x0000000083600000| Untracked 
|  55|0x0000000083700000, 0x0000000083700000, 0x0000000083800000|  0%| F|  |TAMS 0x0000000083700000, 0x0000000083700000| Untracked 
|  56|0x0000000083800000, 0x0000000083800000, 0x0000000083900000|  0%| F|  |TAMS 0x0000000083800000, 0x0000000083800000| Untracked 
|  57|0x0000000083900000, 0x0000000083900000, 0x0000000083a00000|  0%| F|  |TAMS 0x0000000083900000, 0x0000000083900000| Untracked 
|  58|0x0000000083a00000, 0x0000000083a00000, 0x0000000083b00000|  0%| F|  |TAMS 0x0000000083a00000, 0x0000000083a00000| Untracked 
|  59|0x0000000083b00000, 0x0000000083b00000, 0x0000000083c00000|  0%| F|  |TAMS 0x0000000083b00000, 0x0000000083b00000| Untracked 
|  60|0x0000000083c00000, 0x0000000083c00000, 0x0000000083d00000|  0%| F|  |TAMS 0x0000000083c00000, 0x0000000083c00000| Untracked 
|  61|0x0000000083d00000, 0x0000000083d00000, 0x0000000083e00000|  0%| F|  |TAMS 0x0000000083d00000, 0x0000000083d00000| Untracked 
|  62|0x0000000083e00000, 0x0000000083e00000, 0x0000000083f00000|  0%| F|  |TAMS 0x0000000083e00000, 0x0000000083e00000| Untracked 
|  63|0x0000000083f00000, 0x0000000083f00000, 0x0000000084000000|  0%| F|  |TAMS 0x0000000083f00000, 0x0000000083f00000| Untracked 
|  64|0x0000000084000000, 0x0000000084000000, 0x0000000084100000|  0%| F|  |TAMS 0x0000000084000000, 0x0000000084000000| Untracked 
|  65|0x0000000084100000, 0x0000000084100000, 0x0000000084200000|  0%| F|  |TAMS 0x0000000084100000, 0x0000000084100000| Untracked 
|  66|0x0000000084200000, 0x0000000084200000, 0x0000000084300000|  0%| F|  |TAMS 0x0000000084200000, 0x0000000084200000| Untracked 
|  67|0x0000000084300000, 0x0000000084300000, 0x0000000084400000|  0%| F|  |TAMS 0x0000000084300000, 0x0000000084300000| Untracked 
|  68|0x0000000084400000, 0x0000000084400000, 0x0000000084500000|  0%| F|  |TAMS 0x0000000084400000, 0x0000000084400000| Untracked 
|  69|0x0000000084500000, 0x0000000084500000, 0x0000000084600000|  0%| F|  |TAMS 0x0000000084500000, 0x0000000084500000| Untracked 
|  70|0x0000000084600000, 0x0000000084600000, 0x0000000084700000|  0%| F|  |TAMS 0x0000000084600000, 0x0000000084600000| Untracked 
|  71|0x0000000084700000, 0x0000000084700000, 0x0000000084800000|  0%| F|  |TAMS 0x0000000084700000, 0x0000000084700000| Untracked 
|  72|0x0000000084800000, 0x0000000084800000, 0x0000000084900000|  0%| F|  |TAMS 0x0000000084800000, 0x0000000084800000| Untracked 
|  73|0x0000000084900000, 0x0000000084900000, 0x0000000084a00000|  0%| F|  |TAMS 0x0000000084900000, 0x0000000084900000| Untracked 
|  74|0x0000000084a00000, 0x0000000084a00000, 0x0000000084b00000|  0%| F|  |TAMS 0x0000000084a00000, 0x0000000084a00000| Untracked 
|  75|0x0000000084b00000, 0x0000000084b00000, 0x0000000084c00000|  0%| F|  |TAMS 0x0000000084b00000, 0x0000000084b00000| Untracked 
|  76|0x0000000084c00000, 0x0000000084c00000, 0x0000000084d00000|  0%| F|  |TAMS 0x0000000084c00000, 0x0000000084c00000| Untracked 
|  77|0x0000000084d00000, 0x0000000084d00000, 0x0000000084e00000|  0%| F|  |TAMS 0x0000000084d00000, 0x0000000084d00000| Untracked 
|  78|0x0000000084e00000, 0x0000000084e00000, 0x0000000084f00000|  0%| F|  |TAMS 0x0000000084e00000, 0x0000000084e00000| Untracked 
|  79|0x0000000084f00000, 0x0000000084f00000, 0x0000000085000000|  0%| F|  |TAMS 0x0000000084f00000, 0x0000000084f00000| Untracked 
|  80|0x0000000085000000, 0x0000000085000000, 0x0000000085100000|  0%| F|  |TAMS 0x0000000085000000, 0x0000000085000000| Untracked 
|  81|0x0000000085100000, 0x0000000085100000, 0x0000000085200000|  0%| F|  |TAMS 0x0000000085100000, 0x0000000085100000| Untracked 
|  82|0x0000000085200000, 0x0000000085200000, 0x0000000085300000|  0%| F|  |TAMS 0x0000000085200000, 0x0000000085200000| Untracked 
|  83|0x0000000085300000, 0x0000000085300000, 0x0000000085400000|  0%| F|  |TAMS 0x0000000085300000, 0x0000000085300000| Untracked 
|  84|0x0000000085400000, 0x0000000085400000, 0x0000000085500000|  0%| F|  |TAMS 0x0000000085400000, 0x0000000085400000| Untracked 
|  85|0x0000000085500000, 0x0000000085500000, 0x0000000085600000|  0%| F|  |TAMS 0x0000000085500000, 0x0000000085500000| Untracked 
|  86|0x0000000085600000, 0x0000000085600000, 0x0000000085700000|  0%| F|  |TAMS 0x0000000085600000, 0x0000000085600000| Untracked 
|  87|0x0000000085700000, 0x0000000085700000, 0x0000000085800000|  0%| F|  |TAMS 0x0000000085700000, 0x0000000085700000| Untracked 
|  88|0x0000000085800000, 0x0000000085800000, 0x0000000085900000|  0%| F|  |TAMS 0x0000000085800000, 0x0000000085800000| Untracked 
|  89|0x0000000085900000, 0x0000000085900000, 0x0000000085a00000|  0%| F|  |TAMS 0x0000000085900000, 0x0000000085900000| Untracked 
|  90|0x0000000085a00000, 0x0000000085a00000, 0x0000000085b00000|  0%| F|  |TAMS 0x0000000085a00000, 0x0000000085a00000| Untracked 
|  91|0x0000000085b00000, 0x0000000085b00000, 0x0000000085c00000|  0%| F|  |TAMS 0x0000000085b00000, 0x0000000085b00000| Untracked 
|  92|0x0000000085c00000, 0x0000000085c00000, 0x0000000085d00000|  0%| F|  |TAMS 0x0000000085c00000, 0x0000000085c00000| Untracked 
|  93|0x0000000085d00000, 0x0000000085d00000, 0x0000000085e00000|  0%| F|  |TAMS 0x0000000085d00000, 0x0000000085d00000| Untracked 
|  94|0x0000000085e00000, 0x0000000085e00000, 0x0000000085f00000|  0%| F|  |TAMS 0x0000000085e00000, 0x0000000085e00000| Untracked 
|  95|0x0000000085f00000, 0x0000000085f00000, 0x0000000086000000|  0%| F|  |TAMS 0x0000000085f00000, 0x0000000085f00000| Untracked 
|  96|0x0000000086000000, 0x0000000086000000, 0x0000000086100000|  0%| F|  |TAMS 0x0000000086000000, 0x0000000086000000| Untracked 
|  97|0x0000000086100000, 0x0000000086100000, 0x0000000086200000|  0%| F|  |TAMS 0x0000000086100000, 0x0000000086100000| Untracked 
|  98|0x0000000086200000, 0x0000000086200000, 0x0000000086300000|  0%| F|  |TAMS 0x0000000086200000, 0x0000000086200000| Untracked 
|  99|0x0000000086300000, 0x0000000086300000, 0x0000000086400000|  0%| F|  |TAMS 0x0000000086300000, 0x0000000086300000| Untracked 
| 100|0x0000000086400000, 0x0000000086400000, 0x0000000086500000|  0%| F|  |TAMS 0x0000000086400000, 0x0000000086400000| Untracked 
| 101|0x0000000086500000, 0x0000000086500000, 0x0000000086600000|  0%| F|  |TAMS 0x0000000086500000, 0x0000000086500000| Untracked 
| 102|0x0000000086600000, 0x0000000086600000, 0x0000000086700000|  0%| F|  |TAMS 0x0000000086600000, 0x0000000086600000| Untracked 
| 103|0x0000000086700000, 0x0000000086700000, 0x0000000086800000|  0%| F|  |TAMS 0x0000000086700000, 0x0000000086700000| Untracked 
| 104|0x0000000086800000, 0x0000000086800000, 0x0000000086900000|  0%| F|  |TAMS 0x0000000086800000, 0x0000000086800000| Untracked 
| 105|0x0000000086900000, 0x0000000086980800, 0x0000000086a00000| 50%| E|  |TAMS 0x0000000086900000, 0x0000000086900000| Complete 
| 106|0x0000000086a00000, 0x0000000086b00000, 0x0000000086b00000|100%| E|CS|TAMS 0x0000000086a00000, 0x0000000086a00000| Complete 
| 107|0x0000000086b00000, 0x0000000086c00000, 0x0000000086c00000|100%| E|CS|TAMS 0x0000000086b00000, 0x0000000086b00000| Complete 
| 108|0x0000000086c00000, 0x0000000086d00000, 0x0000000086d00000|100%| E|CS|TAMS 0x0000000086c00000, 0x0000000086c00000| Complete 
| 109|0x0000000086d00000, 0x0000000086e00000, 0x0000000086e00000|100%| E|CS|TAMS 0x0000000086d00000, 0x0000000086d00000| Complete 
| 110|0x0000000086e00000, 0x0000000086f00000, 0x0000000086f00000|100%| E|CS|TAMS 0x0000000086e00000, 0x0000000086e00000| Complete 
| 111|0x0000000086f00000, 0x0000000087000000, 0x0000000087000000|100%| E|CS|TAMS 0x0000000086f00000, 0x0000000086f00000| Complete 
| 112|0x0000000087000000, 0x0000000087100000, 0x0000000087100000|100%| E|CS|TAMS 0x0000000087000000, 0x0000000087000000| Complete 
| 113|0x0000000087100000, 0x0000000087200000, 0x0000000087200000|100%| E|CS|TAMS 0x0000000087100000, 0x0000000087100000| Complete 
| 114|0x0000000087200000, 0x0000000087300000, 0x0000000087300000|100%| E|CS|TAMS 0x0000000087200000, 0x0000000087200000| Complete 
| 115|0x0000000087300000, 0x0000000087400000, 0x0000000087400000|100%| E|CS|TAMS 0x0000000087300000, 0x0000000087300000| Complete 
| 116|0x0000000087400000, 0x0000000087500000, 0x0000000087500000|100%| E|CS|TAMS 0x0000000087400000, 0x0000000087400000| Complete 
| 117|0x0000000087500000, 0x0000000087600000, 0x0000000087600000|100%| E|CS|TAMS 0x0000000087500000, 0x0000000087500000| Complete 
| 118|0x0000000087600000, 0x0000000087700000, 0x0000000087700000|100%| E|CS|TAMS 0x0000000087600000, 0x0000000087600000| Complete 
| 119|0x0000000087700000, 0x0000000087800000, 0x0000000087800000|100%| E|CS|TAMS 0x0000000087700000, 0x0000000087700000| Complete 
| 120|0x0000000087800000, 0x0000000087900000, 0x0000000087900000|100%| E|CS|TAMS 0x0000000087800000, 0x0000000087800000| Complete 
| 121|0x0000000087900000, 0x0000000087a00000, 0x0000000087a00000|100%| E|CS|TAMS 0x0000000087900000, 0x0000000087900000| Complete 
| 122|0x0000000087a00000, 0x0000000087b00000, 0x0000000087b00000|100%| E|CS|TAMS 0x0000000087a00000, 0x0000000087a00000| Complete 
| 123|0x0000000087b00000, 0x0000000087c00000, 0x0000000087c00000|100%| E|CS|TAMS 0x0000000087b00000, 0x0000000087b00000| Complete 
| 124|0x0000000087c00000, 0x0000000087d00000, 0x0000000087d00000|100%| E|CS|TAMS 0x0000000087c00000, 0x0000000087c00000| Complete 
| 143|0x0000000088f00000, 0x0000000089000000, 0x0000000089000000|100%| E|CS|TAMS 0x0000000088f00000, 0x0000000088f00000| Complete 
| 144|0x0000000089000000, 0x0000000089100000, 0x0000000089100000|100%| E|CS|TAMS 0x0000000089000000, 0x0000000089000000| Complete 

Card table byte_map: [0x000001ce2fd90000,0x000001ce30190000] _byte_map_base: 0x000001ce2f990000

Marking Bits (Prev, Next): (CMBitMap*) 0x000001ce1b5a6a30, (CMBitMap*) 0x000001ce1b5a69f0
 Prev Bits: [0x000001ce32590000, 0x000001ce34590000)
 Next Bits: [0x000001ce30590000, 0x000001ce32590000)

Polling page: 0x000001ce1b320000

Metaspace:

Usage:
  Non-class:     38.40 MB used.
      Class:      4.78 MB used.
       Both:     43.18 MB used.

Virtual space:
  Non-class space:       64.00 MB reserved,      38.69 MB ( 60%) committed,  1 nodes.
      Class space:        1.00 GB reserved,       5.00 MB ( <1%) committed,  1 nodes.
             Both:        1.06 GB reserved,      43.69 MB (  4%) committed. 

Chunk freelists:
   Non-Class:  8.84 MB
       Class:  10.82 MB
        Both:  19.66 MB

MaxMetaspaceSize: unlimited
CompressedClassSpaceSize: 1.00 GB
Initial GC threshold: 21.00 MB
Current GC threshold: 71.69 MB
CDS: off
MetaspaceReclaimPolicy: balanced
 - commit_granule_bytes: 65536.
 - commit_granule_words: 8192.
 - virtual_space_node_default_size: 8388608.
 - enlarge_chunks_in_place: 1.
 - new_chunks_are_fully_committed: 0.
 - uncommit_free_chunks: 1.
 - use_allocation_guard: 0.
 - handle_deallocations: 1.


Internal statistics:

num_allocs_failed_limit: 6.
num_arena_births: 640.
num_arena_deaths: 0.
num_vsnodes_births: 2.
num_vsnodes_deaths: 0.
num_space_committed: 699.
num_space_uncommitted: 0.
num_chunks_returned_to_freelist: 6.
num_chunks_taken_from_freelist: 1705.
num_chunk_merges: 6.
num_chunk_splits: 1156.
num_chunks_enlarged: 795.
num_inconsistent_stats: 0.

CodeHeap 'non-profiled nmethods': size=120000Kb used=2900Kb max_used=2900Kb free=117099Kb
 bounds [0x000001ce27e40000, 0x000001ce28120000, 0x000001ce2f370000]
CodeHeap 'profiled nmethods': size=120000Kb used=9070Kb max_used=9070Kb free=110929Kb
 bounds [0x000001ce20370000, 0x000001ce20c50000, 0x000001ce278a0000]
CodeHeap 'non-nmethods': size=5760Kb used=2305Kb max_used=2354Kb free=3454Kb
 bounds [0x000001ce278a0000, 0x000001ce27b10000, 0x000001ce27e40000]
 total_blobs=5383 nmethods=4558 adapters=738
 compilation: enabled
              stopped_count=0, restarted_count=0
 full_count=0

Compilation events (20 events):
Event: 35.083 Thread 0x000001ce36c30590 nmethod 5305 0x000001ce20c45890 code [0x000001ce20c45ac0, 0x000001ce20c46218]
Event: 35.083 Thread 0x000001ce36c30590 5306       3       java.util.stream.Collectors$$Lambda$96/0x00000001001c6090::accept (14 bytes)
Event: 35.084 Thread 0x000001ce36c30590 nmethod 5306 0x000001ce20c46510 code [0x000001ce20c466c0, 0x000001ce20c46ac8]
Event: 35.101 Thread 0x000001ce36c21b90 5307       4       groovy.lang.MetaMethod::isStatic (16 bytes)
Event: 35.102 Thread 0x000001ce36c21b90 nmethod 5307 0x000001ce28114490 code [0x000001ce28114620, 0x000001ce281146d8]
Event: 35.104 Thread 0x000001ce36c21b90 5308       4       org.codehaus.groovy.reflection.CachedMethod::isStatic (8 bytes)
Event: 35.105 Thread 0x000001ce36c21b90 nmethod 5308 0x000001ce28114790 code [0x000001ce28114900, 0x000001ce28114998]
Event: 35.106 Thread 0x000001ce36c21b90 5309       4       groovy.lang.MetaMethod::getMopName (105 bytes)
Event: 35.127 Thread 0x000001ce36c30590 5311       1       java.beans.GenericBeanInfo::getPropertyDescriptors (5 bytes)
Event: 35.128 Thread 0x000001ce36c30590 nmethod 5311 0x000001ce28114a90 code [0x000001ce28114c20, 0x000001ce28114cf8]
Event: 35.128 Thread 0x000001ce36c30590 5312       1       java.beans.GenericBeanInfo::getEventSetDescriptors (5 bytes)
Event: 35.128 Thread 0x000001ce36c30590 nmethod 5312 0x000001ce28114d90 code [0x000001ce28114f20, 0x000001ce28114ff8]
Event: 35.131 Thread 0x000001ce36c30590 5313       3       java.lang.invoke.LambdaFormBuffer::replaceName (124 bytes)
Event: 35.132 Thread 0x000001ce36c30590 nmethod 5313 0x000001ce20c46c10 code [0x000001ce20c46dc0, 0x000001ce20c46f68]
Event: 35.133 Thread 0x000001ce36c30590 5314       3       java.util.AbstractList::equals (117 bytes)
Event: 35.134 Thread 0x000001ce36c30590 nmethod 5314 0x000001ce20c47090 code [0x000001ce20c47300, 0x000001ce20c48008]
Event: 35.134 Thread 0x000001ce36c30590 5315       3       java.lang.invoke.MethodHandles::dropArgumentsToMatch (288 bytes)
Event: 35.138 Thread 0x000001ce36c30590 nmethod 5315 0x000001ce20c48290 code [0x000001ce20c48680, 0x000001ce20c4a478]
Event: 35.138 Thread 0x000001ce36c30590 5317       3       java.util.regex.Pattern$BnM::<init> (26 bytes)
Event: 35.139 Thread 0x000001ce36c30590 nmethod 5317 0x000001ce20c4ae90 code [0x000001ce20c4b040, 0x000001ce20c4b3d8]

GC Heap History (20 events):
Event: 12.176 GC heap before
{Heap before GC invocations=13 (full 0):
 garbage-first heap   total 61440K, used 47191K [0x0000000080000000, 0x0000000100000000)
  region size 1024K, 23 young (23552K), 2 survivors (2048K)
 Metaspace       used 31538K, committed 31936K, reserved 1114112K
  class space    used 3360K, committed 3520K, reserved 1048576K
}
Event: 12.186 GC heap after
{Heap after GC invocations=14 (full 0):
 garbage-first heap   total 61440K, used 27144K [0x0000000080000000, 0x0000000100000000)
  region size 1024K, 2 young (2048K), 2 survivors (2048K)
 Metaspace       used 31538K, committed 31936K, reserved 1114112K
  class space    used 3360K, committed 3520K, reserved 1048576K
}
Event: 12.263 GC heap before
{Heap before GC invocations=14 (full 0):
 garbage-first heap   total 61440K, used 40456K [0x0000000080000000, 0x0000000100000000)
  region size 1024K, 16 young (16384K), 2 survivors (2048K)
 Metaspace       used 31540K, committed 31936K, reserved 1114112K
  class space    used 3360K, committed 3520K, reserved 1048576K
}
Event: 12.268 GC heap after
{Heap after GC invocations=15 (full 0):
 garbage-first heap   total 61440K, used 28052K [0x0000000080000000, 0x0000000100000000)
  region size 1024K, 2 young (2048K), 2 survivors (2048K)
 Metaspace       used 31540K, committed 31936K, reserved 1114112K
  class space    used 3360K, committed 3520K, reserved 1048576K
}
Event: 12.751 GC heap before
{Heap before GC invocations=15 (full 0):
 garbage-first heap   total 61440K, used 51604K [0x0000000080000000, 0x0000000100000000)
  region size 1024K, 23 young (23552K), 2 survivors (2048K)
 Metaspace       used 32721K, committed 33152K, reserved 1114112K
  class space    used 3437K, committed 3648K, reserved 1048576K
}
Event: 12.758 GC heap after
{Heap after GC invocations=16 (full 0):
 garbage-first heap   total 61440K, used 27515K [0x0000000080000000, 0x0000000100000000)
  region size 1024K, 2 young (2048K), 2 survivors (2048K)
 Metaspace       used 32721K, committed 33152K, reserved 1114112K
  class space    used 3437K, committed 3648K, reserved 1048576K
}
Event: 12.903 GC heap before
{Heap before GC invocations=16 (full 0):
 garbage-first heap   total 61440K, used 50043K [0x0000000080000000, 0x0000000100000000)
  region size 1024K, 24 young (24576K), 2 survivors (2048K)
 Metaspace       used 32741K, committed 33152K, reserved 1114112K
  class space    used 3441K, committed 3648K, reserved 1048576K
}
Event: 12.910 GC heap after
{Heap after GC invocations=17 (full 0):
 garbage-first heap   total 73728K, used 27619K [0x0000000080000000, 0x0000000100000000)
  region size 1024K, 1 young (1024K), 1 survivors (1024K)
 Metaspace       used 32741K, committed 33152K, reserved 1114112K
  class space    used 3441K, committed 3648K, reserved 1048576K
}
Event: 14.617 GC heap before
{Heap before GC invocations=17 (full 0):
 garbage-first heap   total 73728K, used 58339K [0x0000000080000000, 0x0000000100000000)
  region size 1024K, 31 young (31744K), 1 survivors (1024K)
 Metaspace       used 34906K, committed 35328K, reserved 1114112K
  class space    used 3679K, committed 3840K, reserved 1048576K
}
Event: 14.625 GC heap after
{Heap after GC invocations=18 (full 0):
 garbage-first heap   total 73728K, used 28616K [0x0000000080000000, 0x0000000100000000)
  region size 1024K, 2 young (2048K), 2 survivors (2048K)
 Metaspace       used 34906K, committed 35328K, reserved 1114112K
  class space    used 3679K, committed 3840K, reserved 1048576K
}
Event: 15.120 GC heap before
{Heap before GC invocations=18 (full 0):
 garbage-first heap   total 73728K, used 59336K [0x0000000080000000, 0x0000000100000000)
  region size 1024K, 32 young (32768K), 2 survivors (2048K)
 Metaspace       used 35040K, committed 35392K, reserved 1114112K
  class space    used 3686K, committed 3840K, reserved 1048576K
}
Event: 15.129 GC heap after
{Heap after GC invocations=19 (full 0):
 garbage-first heap   total 73728K, used 29479K [0x0000000080000000, 0x0000000100000000)
  region size 1024K, 3 young (3072K), 3 survivors (3072K)
 Metaspace       used 35040K, committed 35392K, reserved 1114112K
  class space    used 3686K, committed 3840K, reserved 1048576K
}
Event: 15.953 GC heap before
{Heap before GC invocations=19 (full 0):
 garbage-first heap   total 73728K, used 54055K [0x0000000080000000, 0x0000000100000000)
  region size 1024K, 28 young (28672K), 3 survivors (3072K)
 Metaspace       used 35570K, committed 35968K, reserved 1114112K
  class space    used 3743K, committed 3904K, reserved 1048576K
}
Event: 15.972 GC heap after
{Heap after GC invocations=20 (full 0):
 garbage-first heap   total 73728K, used 31877K [0x0000000080000000, 0x0000000100000000)
  region size 1024K, 4 young (4096K), 4 survivors (4096K)
 Metaspace       used 35570K, committed 35968K, reserved 1114112K
  class space    used 3743K, committed 3904K, reserved 1048576K
}
Event: 17.688 GC heap before
{Heap before GC invocations=21 (full 0):
 garbage-first heap   total 73728K, used 58501K [0x0000000080000000, 0x0000000100000000)
  region size 1024K, 30 young (30720K), 4 survivors (4096K)
 Metaspace       used 39010K, committed 39552K, reserved 1114112K
  class space    used 4234K, committed 4480K, reserved 1048576K
}
Event: 17.707 GC heap after
{Heap after GC invocations=22 (full 0):
 garbage-first heap   total 73728K, used 33930K [0x0000000080000000, 0x0000000100000000)
  region size 1024K, 2 young (2048K), 2 survivors (2048K)
 Metaspace       used 39010K, committed 39552K, reserved 1114112K
  class space    used 4234K, committed 4480K, reserved 1048576K
}
Event: 17.720 GC heap before
{Heap before GC invocations=22 (full 0):
 garbage-first heap   total 73728K, used 34954K [0x0000000080000000, 0x0000000100000000)
  region size 1024K, 3 young (3072K), 2 survivors (2048K)
 Metaspace       used 39016K, committed 39552K, reserved 1114112K
  class space    used 4234K, committed 4480K, reserved 1048576K
}
Event: 17.731 GC heap after
{Heap after GC invocations=23 (full 0):
 garbage-first heap   total 73728K, used 34132K [0x0000000080000000, 0x0000000100000000)
  region size 1024K, 1 young (1024K), 1 survivors (1024K)
 Metaspace       used 39016K, committed 39552K, reserved 1114112K
  class space    used 4234K, committed 4480K, reserved 1048576K
}
Event: 20.896 GC heap before
{Heap before GC invocations=23 (full 0):
 garbage-first heap   total 73728K, used 57684K [0x0000000080000000, 0x0000000100000000)
  region size 1024K, 25 young (25600K), 1 survivors (1024K)
 Metaspace       used 43442K, committed 43968K, reserved 1114112K
  class space    used 4831K, committed 5056K, reserved 1048576K
}
Event: 20.906 GC heap after
{Heap after GC invocations=24 (full 0):
 garbage-first heap   total 148480K, used 35657K [0x0000000080000000, 0x0000000100000000)
  region size 1024K, 3 young (3072K), 3 survivors (3072K)
 Metaspace       used 43442K, committed 43968K, reserved 1114112K
  class space    used 4831K, committed 5056K, reserved 1048576K
}

Dll operation events (7 events):
Event: 0.043 Loaded shared library C:\Users\Admin\.katalon\packages\Katalon_Studio_Windows_64-9.2.0\Katalon_Studio_Windows_64-9.2.0\jre\bin\java.dll
Event: 0.595 Loaded shared library C:\Users\Admin\.katalon\packages\Katalon_Studio_Windows_64-9.2.0\Katalon_Studio_Windows_64-9.2.0\jre\bin\net.dll
Event: 0.600 Loaded shared library C:\Users\Admin\.katalon\packages\Katalon_Studio_Windows_64-9.2.0\Katalon_Studio_Windows_64-9.2.0\jre\bin\nio.dll
Event: 0.621 Loaded shared library C:\Users\Admin\.katalon\packages\Katalon_Studio_Windows_64-9.2.0\Katalon_Studio_Windows_64-9.2.0\jre\bin\zip.dll
Event: 1.800 Loaded shared library C:\Users\Admin\.katalon\packages\Katalon_Studio_Windows_64-9.2.0\Katalon_Studio_Windows_64-9.2.0\jre\bin\verify.dll
Event: 2.735 Loaded shared library C:\Users\Admin\.katalon\packages\Katalon_Studio_Windows_64-9.2.0\Katalon_Studio_Windows_64-9.2.0\jre\bin\jimage.dll
Event: 17.432 Loaded shared library C:\Users\Admin\.katalon\packages\Katalon_Studio_Windows_64-9.2.0\Katalon_Studio_Windows_64-9.2.0\jre\bin\sunmscapi.dll

Deoptimization events (20 events):
Event: 30.238 Thread 0x000001ce1b54a530 Uncommon trap: trap_request=0xffffff45 fr.pc=0x000001ce27e56de0 relative=0x0000000000000140
Event: 30.238 Thread 0x000001ce1b54a530 Uncommon trap: reason=unstable_if action=reinterpret pc=0x000001ce27e56de0 method=java.lang.String.isLatin1()Z @ 10 c2
Event: 30.238 Thread 0x000001ce1b54a530 DEOPT PACKING pc=0x000001ce27e56de0 sp=0x00000039765fc730
Event: 30.238 Thread 0x000001ce1b54a530 DEOPT UNPACKING pc=0x000001ce278f699d sp=0x00000039765fc670 mode 2
Event: 35.138 Thread 0x000001ce1b54a530 Uncommon trap: trap_request=0xffffffbe fr.pc=0x000001ce2810f448 relative=0x0000000000000308
Event: 35.138 Thread 0x000001ce1b54a530 Uncommon trap: reason=profile_predicate action=maybe_recompile pc=0x000001ce2810f448 method=java.util.regex.Pattern$BnM.optimize(Ljava/util/regex/Pattern$Node;)Ljava/util/regex/Pattern$Node; @ 67 c2
Event: 35.138 Thread 0x000001ce1b54a530 DEOPT PACKING pc=0x000001ce2810f448 sp=0x00000039765fc330
Event: 35.138 Thread 0x000001ce1b54a530 DEOPT UNPACKING pc=0x000001ce278f699d sp=0x00000039765fc2d8 mode 2
Event: 35.138 Thread 0x000001ce1b54a530 Uncommon trap: trap_request=0xffffffbe fr.pc=0x000001ce2810f448 relative=0x0000000000000308
Event: 35.138 Thread 0x000001ce1b54a530 Uncommon trap: reason=profile_predicate action=maybe_recompile pc=0x000001ce2810f448 method=java.util.regex.Pattern$BnM.optimize(Ljava/util/regex/Pattern$Node;)Ljava/util/regex/Pattern$Node; @ 67 c2
Event: 35.138 Thread 0x000001ce1b54a530 DEOPT PACKING pc=0x000001ce2810f448 sp=0x00000039765fc2f0
Event: 35.138 Thread 0x000001ce1b54a530 DEOPT UNPACKING pc=0x000001ce278f699d sp=0x00000039765fc298 mode 2
Event: 35.138 Thread 0x000001ce1b54a530 Uncommon trap: trap_request=0xffffffbe fr.pc=0x000001ce2810f448 relative=0x0000000000000308
Event: 35.138 Thread 0x000001ce1b54a530 Uncommon trap: reason=profile_predicate action=maybe_recompile pc=0x000001ce2810f448 method=java.util.regex.Pattern$BnM.optimize(Ljava/util/regex/Pattern$Node;)Ljava/util/regex/Pattern$Node; @ 67 c2
Event: 35.138 Thread 0x000001ce1b54a530 DEOPT PACKING pc=0x000001ce2810f448 sp=0x00000039765fc2f0
Event: 35.138 Thread 0x000001ce1b54a530 DEOPT UNPACKING pc=0x000001ce278f699d sp=0x00000039765fc298 mode 2
Event: 35.138 Thread 0x000001ce1b54a530 Uncommon trap: trap_request=0xffffffbe fr.pc=0x000001ce2810f448 relative=0x0000000000000308
Event: 35.138 Thread 0x000001ce1b54a530 Uncommon trap: reason=profile_predicate action=maybe_recompile pc=0x000001ce2810f448 method=java.util.regex.Pattern$BnM.optimize(Ljava/util/regex/Pattern$Node;)Ljava/util/regex/Pattern$Node; @ 67 c2
Event: 35.138 Thread 0x000001ce1b54a530 DEOPT PACKING pc=0x000001ce2810f448 sp=0x00000039765fc2f0
Event: 35.138 Thread 0x000001ce1b54a530 DEOPT UNPACKING pc=0x000001ce278f699d sp=0x00000039765fc298 mode 2

Classes unloaded (0 events):
No events

Classes redefined (0 events):
No events

Internal exceptions (20 events):
Event: 18.936 Thread 0x000001ce1b54a530 Exception <a 'java/lang/NoSuchMethodError'{0x0000000083efa178}: 'float java.lang.invoke.DirectMethodHandle$Holder.invokeVirtual(java.lang.Object, java.lang.Object)'> (0x0000000083efa178) 
thrown [s\src\hotspot\share\interpreter\linkResolver.cpp, line 759]
Event: 18.939 Thread 0x000001ce1b54a530 Exception <a 'java/lang/NoSuchMethodError'{0x0000000083d038a8}: 'long java.lang.invoke.DirectMethodHandle$Holder.invokeVirtual(java.lang.Object, java.lang.Object)'> (0x0000000083d038a8) 
thrown [s\src\hotspot\share\interpreter\linkResolver.cpp, line 759]
Event: 19.138 Thread 0x000001ce1b54a530 Implicit null exception at 0x000001ce27f5b34b to 0x000001ce27f5b370
Event: 19.173 Thread 0x000001ce1b54a530 Exception <a 'java/lang/NoSuchMethodError'{0x0000000083814a70}: 'void java.lang.invoke.DirectMethodHandle$Holder.invokeInterface(java.lang.Object, java.lang.Object, java.lang.Object)'> (0x0000000083814a70) 
thrown [s\src\hotspot\share\interpreter\linkResolver.cpp, line 759]
Event: 20.755 Thread 0x000001ce1b54a530 Exception <a 'java/lang/NoSuchMethodError'{0x00000000830bb8a0}: 'java.lang.Object java.lang.invoke.DirectMethodHandle$Holder.invokeSpecialIFC(java.lang.Object, java.lang.Object, java.lang.Object)'> (0x00000000830bb8a0) 
thrown [s\src\hotspot\share\interpreter\linkResolver.cpp, line 759]
Event: 21.186 Thread 0x000001ce1b54a530 Exception <a 'java/lang/ClassNotFoundException'{0x0000000087ba32b0}: com/kms/katalon/core/webui/keyword/builtin/NavigateToUrlKeywordBeanInfo> (0x0000000087ba32b0) 
thrown [s\src\hotspot\share\classfile\systemDictionary.cpp, line 256]
Event: 21.194 Thread 0x000001ce1b54a530 Exception <a 'java/lang/ClassNotFoundException'{0x0000000087bd1da8}: com/kms/katalon/core/webui/keyword/builtin/NavigateToUrlKeywordCustomizer> (0x0000000087bd1da8) 
thrown [s\src\hotspot\share\classfile\systemDictionary.cpp, line 256]
Event: 27.051 Thread 0x000001ce1b54a530 Exception <a 'java/lang/ClassNotFoundException'{0x000000008797c2a8}: com/kms/katalon/core/testobject/ObjectRepositoryBeanInfo> (0x000000008797c2a8) 
thrown [s\src\hotspot\share\classfile\systemDictionary.cpp, line 256]
Event: 27.056 Thread 0x000001ce1b54a530 Exception <a 'java/lang/ClassNotFoundException'{0x00000000879a8090}: com/kms/katalon/core/testobject/ObjectRepositoryCustomizer> (0x00000000879a8090) 
thrown [s\src\hotspot\share\classfile\systemDictionary.cpp, line 256]
Event: 27.253 Thread 0x000001ce1b54a530 Exception <a 'java/lang/ClassNotFoundException'{0x0000000087637b20}: Script1BeanInfo> (0x0000000087637b20) 
thrown [s\src\hotspot\share\classfile\systemDictionary.cpp, line 256]
Event: 27.280 Thread 0x000001ce1b54a530 Exception <a 'java/lang/ClassNotFoundException'{0x0000000087662350}: Script1Customizer> (0x0000000087662350) 
thrown [s\src\hotspot\share\classfile\systemDictionary.cpp, line 256]
Event: 27.388 Thread 0x000001ce1b54a530 Exception <a 'java/lang/ClassNotFoundException'{0x00000000875dddb8}: com/kms/katalon/core/webui/keyword/builtin/ClickKeywordBeanInfo> (0x00000000875dddb8) 
thrown [s\src\hotspot\share\classfile\systemDictionary.cpp, line 256]
Event: 27.412 Thread 0x000001ce1b54a530 Exception <a 'java/lang/ClassNotFoundException'{0x000000008740bc58}: com/kms/katalon/core/webui/keyword/builtin/ClickKeywordCustomizer> (0x000000008740bc58) 
thrown [s\src\hotspot\share\classfile\systemDictionary.cpp, line 256]
Event: 27.927 Thread 0x000001ce1b54a530 Exception <a 'java/lang/ClassNotFoundException'{0x000000008721dba0}: org/openqa/selenium/support/events/EventFiringWebDriver$EventFiringWebElementBeanInfo> (0x000000008721dba0) 
thrown [s\src\hotspot\share\classfile\systemDictionary.cpp, line 256]
Event: 27.932 Thread 0x000001ce1b54a530 Exception <a 'java/lang/ClassNotFoundException'{0x000000008724f548}: org/openqa/selenium/support/events/EventFiringWebDriver$EventFiringWebElementCustomizer> (0x000000008724f548) 
thrown [s\src\hotspot\share\classfile\systemDictionary.cpp, line 256]
Event: 30.200 Thread 0x000001ce1b54a530 Exception <a 'java/lang/ClassNotFoundException'{0x00000000870e9120}: Script1BeanInfo> (0x00000000870e9120) 
thrown [s\src\hotspot\share\classfile\systemDictionary.cpp, line 256]
Event: 30.235 Thread 0x000001ce1b54a530 Exception <a 'java/lang/ClassNotFoundException'{0x0000000086f13cd0}: Script1Customizer> (0x0000000086f13cd0) 
thrown [s\src\hotspot\share\classfile\systemDictionary.cpp, line 256]
Event: 35.118 Thread 0x000001ce1b54a530 Exception <a 'java/lang/ClassNotFoundException'{0x0000000086b30cb8}: Script1BeanInfo> (0x0000000086b30cb8) 
thrown [s\src\hotspot\share\classfile\systemDictionary.cpp, line 256]
Event: 35.126 Thread 0x000001ce1b54a530 Exception <a 'java/lang/ClassNotFoundException'{0x0000000086b5b358}: Script1Customizer> (0x0000000086b5b358) 
thrown [s\src\hotspot\share\classfile\systemDictionary.cpp, line 256]
Event: 35.189 Thread 0x000001ce1b54a530 Exception <a 'java/lang/ClassNotFoundException'{0x0000000086a743c0}: com/kms/katalon/core/webui/keyword/builtin/SetTextKeywordBeanInfo> (0x0000000086a743c0) 
thrown [s\src\hotspot\share\classfile\systemDictionary.cpp, line 256]

VM Operations (20 events):
Event: 20.915 Executing VM operation: HandshakeAllThreads
Event: 20.915 Executing VM operation: HandshakeAllThreads done
Event: 21.008 Executing VM operation: G1Concurrent
Event: 21.016 Executing VM operation: G1Concurrent done
Event: 21.054 Executing VM operation: G1Concurrent
Event: 21.054 Executing VM operation: G1Concurrent done
Event: 22.054 Executing VM operation: Cleanup
Event: 22.054 Executing VM operation: Cleanup done
Event: 24.055 Executing VM operation: Cleanup
Event: 24.055 Executing VM operation: Cleanup done
Event: 27.057 Executing VM operation: Cleanup
Event: 27.057 Executing VM operation: Cleanup done
Event: 27.078 Executing VM operation: HandshakeAllThreads
Event: 27.078 Executing VM operation: HandshakeAllThreads done
Event: 28.078 Executing VM operation: Cleanup
Event: 28.079 Executing VM operation: Cleanup done
Event: 31.079 Executing VM operation: Cleanup
Event: 31.079 Executing VM operation: Cleanup done
Event: 35.081 Executing VM operation: Cleanup
Event: 35.082 Executing VM operation: Cleanup done

Events (20 events):
Event: 19.388 loading class jdk/internal/icu/impl/Trie2$UTrie2Header
Event: 19.388 loading class jdk/internal/icu/impl/Trie2$UTrie2Header done
Event: 19.466 loading class java/net/ProtocolException
Event: 19.466 loading class java/net/ProtocolException done
Event: 19.468 loading class java/net/HttpRetryException
Event: 19.468 loading class java/net/HttpRetryException done
Event: 19.517 loading class java/net/UnknownServiceException
Event: 19.517 loading class java/net/UnknownServiceException done
Event: 19.542 Thread 0x000001ce3cb3f3d0 Thread added: 0x000001ce3cb3f3d0
Event: 19.561 Thread 0x000001ce3d7060a0 Thread added: 0x000001ce3d7060a0
Event: 20.738 loading class jdk/internal/access/foreign/MemorySegmentProxy
Event: 20.738 loading class jdk/internal/access/foreign/MemorySegmentProxy done
Event: 20.838 loading class java/util/UUID$Holder
Event: 20.838 loading class java/util/UUID$Holder done
Event: 20.918 Thread 0x000001ce3d1a1f50 Thread exited: 0x000001ce3d1a1f50
Event: 21.138 loading class java/lang/StackTraceElement$HashedModules
Event: 21.138 loading class java/lang/StackTraceElement$HashedModules done
Event: 21.301 loading class sun/net/www/protocol/https/Handler
Event: 21.302 loading class sun/net/www/protocol/https/Handler done
Event: 23.843 Thread 0x000001ce3d6aaf30 Thread exited: 0x000001ce3d6aaf30


Dynamic libraries:
0x00007ff775790000 - 0x00007ff77579e000 	C:\Users\Admin\.katalon\packages\Katalon_Studio_Windows_64-9.2.0\Katalon_Studio_Windows_64-9.2.0\jre\bin\javaw.exe
0x00007ff913300000 - 0x00007ff9134e0000 	C:\Windows\SYSTEM32\ntdll.dll
0x00007ff910fc0000 - 0x00007ff91106e000 	C:\Windows\System32\KERNEL32.DLL
0x00007ff90f700000 - 0x00007ff90f966000 	C:\Windows\System32\KERNELBASE.dll
0x00007ff90fbc0000 - 0x00007ff90fcb5000 	C:\Windows\System32\ucrtbase.dll
0x00007ff907530000 - 0x00007ff907547000 	C:\Users\Admin\.katalon\packages\Katalon_Studio_Windows_64-9.2.0\Katalon_Studio_Windows_64-9.2.0\jre\bin\jli.dll
0x00007ff9118d0000 - 0x00007ff911a5f000 	C:\Windows\System32\USER32.dll
0x00007ff90f970000 - 0x00007ff90f990000 	C:\Windows\System32\win32u.dll
0x00007ff9109a0000 - 0x00007ff9109c8000 	C:\Windows\System32\GDI32.dll
0x00007ff9105b0000 - 0x00007ff910743000 	C:\Windows\System32\gdi32full.dll
0x00007ff910510000 - 0x00007ff9105ab000 	C:\Windows\System32\msvcp_win.dll
0x00007ff905350000 - 0x00007ff905369000 	C:\Users\Admin\.katalon\packages\Katalon_Studio_Windows_64-9.2.0\Katalon_Studio_Windows_64-9.2.0\jre\bin\VCRUNTIME140.dll
0x00007ff902c70000 - 0x00007ff902ed9000 	C:\Windows\WinSxS\amd64_microsoft.windows.common-controls_6595b64144ccf1df_6.0.16299.785_none_15cbda149361fcd9\COMCTL32.dll
0x00007ff9107d0000 - 0x00007ff91086d000 	C:\Windows\System32\msvcrt.dll
0x00007ff911250000 - 0x00007ff911556000 	C:\Windows\System32\combase.dll
0x00007ff910870000 - 0x00007ff91098f000 	C:\Windows\System32\RPCRT4.dll
0x00007ff910750000 - 0x00007ff9107c2000 	C:\Windows\System32\bcryptPrimitives.dll
0x00007ff911070000 - 0x00007ff91109d000 	C:\Windows\System32\IMM32.DLL
0x00007ff90c250000 - 0x00007ff90c25c000 	C:\Users\Admin\.katalon\packages\Katalon_Studio_Windows_64-9.2.0\Katalon_Studio_Windows_64-9.2.0\jre\bin\vcruntime140_1.dll
0x00007ff8f1520000 - 0x00007ff8f15b1000 	C:\Users\Admin\.katalon\packages\Katalon_Studio_Windows_64-9.2.0\Katalon_Studio_Windows_64-9.2.0\jre\bin\msvcp140.dll
0x00007ff8dd6c0000 - 0x00007ff8de308000 	C:\Users\Admin\.katalon\packages\Katalon_Studio_Windows_64-9.2.0\Katalon_Studio_Windows_64-9.2.0\jre\bin\server\jvm.dll
0x00007ff911b60000 - 0x00007ff911c01000 	C:\Windows\System32\ADVAPI32.dll
0x00007ff911b00000 - 0x00007ff911b5b000 	C:\Windows\System32\sechost.dll
0x00007ff90c2e0000 - 0x00007ff90c2e9000 	C:\Windows\SYSTEM32\WSOCK32.dll
0x00007ff911860000 - 0x00007ff9118cc000 	C:\Windows\System32\WS2_32.dll
0x00007ff90c3e0000 - 0x00007ff90c403000 	C:\Windows\SYSTEM32\WINMM.dll
0x00007ff906650000 - 0x00007ff90665a000 	C:\Windows\SYSTEM32\VERSION.dll
0x00007ff90c3b0000 - 0x00007ff90c3da000 	C:\Windows\SYSTEM32\WINMMBASE.dll
0x00007ff90fcc0000 - 0x00007ff90fd0a000 	C:\Windows\System32\cfgmgr32.dll
0x00007ff90f650000 - 0x00007ff90f661000 	C:\Windows\System32\kernel.appcore.dll
0x00007ff90bcf0000 - 0x00007ff90bcfa000 	C:\Users\Admin\.katalon\packages\Katalon_Studio_Windows_64-9.2.0\Katalon_Studio_Windows_64-9.2.0\jre\bin\jimage.dll
0x00007ff8f0510000 - 0x00007ff8f06d8000 	C:\Windows\SYSTEM32\DBGHELP.DLL
0x00007ff8f4fe0000 - 0x00007ff8f5009000 	C:\Windows\SYSTEM32\dbgcore.DLL
0x00007ff909530000 - 0x00007ff909555000 	C:\Users\Admin\.katalon\packages\Katalon_Studio_Windows_64-9.2.0\Katalon_Studio_Windows_64-9.2.0\jre\bin\java.dll
0x00007ff90b460000 - 0x00007ff90b478000 	C:\Users\Admin\.katalon\packages\Katalon_Studio_Windows_64-9.2.0\Katalon_Studio_Windows_64-9.2.0\jre\bin\zip.dll
0x00007ff911c10000 - 0x00007ff913048000 	C:\Windows\System32\SHELL32.dll
0x00007ff9115c0000 - 0x00007ff911666000 	C:\Windows\System32\shcore.dll
0x00007ff90fdc0000 - 0x00007ff910507000 	C:\Windows\System32\windows.storage.dll
0x00007ff911560000 - 0x00007ff9115b1000 	C:\Windows\System32\shlwapi.dll
0x00007ff90f6b0000 - 0x00007ff90f6fc000 	C:\Windows\System32\powrprof.dll
0x00007ff90f690000 - 0x00007ff90f6ab000 	C:\Windows\System32\profapi.dll
0x00007ff90acd0000 - 0x00007ff90ace9000 	C:\Users\Admin\.katalon\packages\Katalon_Studio_Windows_64-9.2.0\Katalon_Studio_Windows_64-9.2.0\jre\bin\net.dll
0x00007ff909880000 - 0x00007ff90995e000 	C:\Windows\SYSTEM32\WINHTTP.dll
0x00007ff90eee0000 - 0x00007ff90ef46000 	C:\Windows\system32\mswsock.dll
0x00007ff909510000 - 0x00007ff909525000 	C:\Users\Admin\.katalon\packages\Katalon_Studio_Windows_64-9.2.0\Katalon_Studio_Windows_64-9.2.0\jre\bin\nio.dll
0x00007ff90b6a0000 - 0x00007ff90b6b0000 	C:\Users\Admin\.katalon\packages\Katalon_Studio_Windows_64-9.2.0\Katalon_Studio_Windows_64-9.2.0\jre\bin\verify.dll
0x00007ff90ecb0000 - 0x00007ff90ed66000 	C:\Windows\SYSTEM32\DNSAPI.dll
0x00007ff911240000 - 0x00007ff911248000 	C:\Windows\System32\NSI.dll
0x00007ff90ec70000 - 0x00007ff90eca9000 	C:\Windows\SYSTEM32\IPHLPAPI.DLL
0x00007ff908390000 - 0x00007ff90839a000 	C:\Windows\System32\rasadhlp.dll
0x00007ff909a70000 - 0x00007ff909ae0000 	C:\Windows\System32\fwpuclnt.dll
0x00007ff90f1b0000 - 0x00007ff90f1d5000 	C:\Windows\SYSTEM32\bcrypt.dll
0x00007ff909500000 - 0x00007ff90950e000 	C:\Users\Admin\.katalon\packages\Katalon_Studio_Windows_64-9.2.0\Katalon_Studio_Windows_64-9.2.0\jre\bin\sunmscapi.dll
0x00007ff90f990000 - 0x00007ff90fb5e000 	C:\Windows\System32\CRYPT32.dll
0x00007ff90f670000 - 0x00007ff90f682000 	C:\Windows\System32\MSASN1.dll
0x00007ff90f180000 - 0x00007ff90f1a6000 	C:\Windows\SYSTEM32\ncrypt.dll
0x00007ff90f140000 - 0x00007ff90f176000 	C:\Windows\SYSTEM32\NTASN1.dll
0x00007ff90f0a0000 - 0x00007ff90f0b7000 	C:\Windows\SYSTEM32\CRYPTSP.dll
0x00007ff90eae0000 - 0x00007ff90eb13000 	C:\Windows\system32\rsaenh.dll
0x00007ff90f550000 - 0x00007ff90f579000 	C:\Windows\SYSTEM32\USERENV.dll
0x00007ff90f0c0000 - 0x00007ff90f0cb000 	C:\Windows\SYSTEM32\CRYPTBASE.dll
0x00007ff909f40000 - 0x00007ff909f56000 	C:\Windows\SYSTEM32\dhcpcsvc6.DLL
0x00007ff90a4c0000 - 0x00007ff90a4da000 	C:\Windows\SYSTEM32\dhcpcsvc.DLL

dbghelp: loaded successfully - version: 4.0.5 - missing functions: none
symbol engine: initialized successfully - sym options: 0x614 - pdb path: .;C:\Users\Admin\.katalon\packages\Katalon_Studio_Windows_64-9.2.0\Katalon_Studio_Windows_64-9.2.0\jre\bin;C:\Windows\SYSTEM32;C:\Windows\WinSxS\amd64_microsoft.windows.common-controls_6595b64144ccf1df_6.0.16299.785_none_15cbda149361fcd9;C:\Users\Admin\.katalon\packages\Katalon_Studio_Windows_64-9.2.0\Katalon_Studio_Windows_64-9.2.0\jre\bin\server

VM Arguments:
jvm_args: -Dgroovy.home=C:\Users\Admin/.groovy -Djava.system.class.loader=groovy.lang.GroovyClassLoader -Xmx2048m -Dfile.encoding=UTF-8 -XX:+ShowCodeDetailsInExceptionMessages 
java_command: org.codehaus.groovy.tools.GroovyStarter --classpath D:\Katalon Studio\Final_Project_Testing\bin\keyword;D:\Katalon Studio\Final_Project_Testing\Keywords;D:\Katalon Studio\Final_Project_Testing\bin\listener;D:\Katalon Studio\Final_Project_Testing\Test Listeners;D:\Katalon Studio\Final_Project_Testing\bin\lib;D:\Katalon Studio\Final_Project_Testing\Libs;D:\Katalon Studio\Final_Project_Testing\bin\groovy;D:\Katalon Studio\Final_Project_Testing\Include\scripts\groovy;C:\Users\Admin\.katalon\packages\Katalon_Studio_Windows_64-9.2.0\Katalon_Studio_Windows_64-9.2.0\plugins\com.kms.katalon.core_1.0.0.202312271622.jar;C:\Users\Admin\.katalon\packages\Katalon_Studio_Windows_64-9.2.0\Katalon_Studio_Windows_64-9.2.0\configuration\resources\lib\aalto-xml-1.0.0.jar;C:\Users\Admin\.katalon\packages\Katalon_Studio_Windows_64-9.2.0\Katalon_Studio_Windows_64-9.2.0\configuration\resources\lib\aspectjweaver-1.9.1.jar;C:\Users\Admin\.katalon\packages\Katalon_Studio_Windows_64-9.2.0\Katalon_Studio_Windows_64-9.2.0\configuration\resources\lib\bcpkix-jdk15on-1.64.jar;C:\Users\Admin\.katalon\packages\Katalon_Studio_Windows_64-9.2.0\Katalon_Studio_Windows_64-9.2.0\configuration\resources\lib\bcprov-jdk15on-1.64.jar;C:\Users\Admin\.katalon\packages\Katalon_Studio_Windows_64-9.2.0\Katalon_Studio_Windows_64-9.2.0\configuration\resources\lib\browsermob-core-2.1.5.jar;C:\Users\Admin\.katalon\packages\Katalon_Studio_Windows_64-9.2.0\Katalon_Studio_Windows_64-9.2.0\configuration\resources\lib\cglib-3.2.10.jar;C:\Users\Admin\.katalon\packages\Katalon_Studio_Windows_64-9.2.0\Katalon_Studio_Windows_64-9.2.0\configuration\resources\lib\commons-codec-1.10.jar;C:\Users\Admin\.katalon\packages\Katalon_Studio_Windows_64-9.2.0\Katalon_Studio_Windows_64-9.2.0\configuration\resources\lib\commons-collections4-4.1.jar;C:\Users\Admin\.katalon\packages\Katalon_Studio_Windows_64-9.2.0\Katalon_Studio_Windows_64-9.2.0\configuration\resources\lib\commons-validator-1.6.jar;C:\Users\Admin\.katalon\packa
java_class_path (initial): D:\Katalon Studio\Final_Project_Testing\bin\keyword;D:\Katalon Studio\Final_Project_Testing\bin\listener;D:\Katalon Studio\Final_Project_Testing\bin\lib;D:\Katalon Studio\Final_Project_Testing\bin\groovy;D:\Katalon Studio\Final_Project_Testing\bin;C:\Users\Admin\.katalon\packages\Katalon_Studio_Windows_64-9.2.0\Katalon_Studio_Windows_64-9.2.0\plugins\com.kms.katalon.core_1.0.0.202312271622.jar;C:\Users\Admin\.katalon\packages\Katalon_Studio_Windows_64-9.2.0\Katalon_Studio_Windows_64-9.2.0\configuration\resources\lib\aalto-xml-1.0.0.jar;C:\Users\Admin\.katalon\packages\Katalon_Studio_Windows_64-9.2.0\Katalon_Studio_Windows_64-9.2.0\configuration\resources\lib\aspectjweaver-1.9.1.jar;C:\Users\Admin\.katalon\packages\Katalon_Studio_Windows_64-9.2.0\Katalon_Studio_Windows_64-9.2.0\configuration\resources\lib\bcpkix-jdk15on-1.64.jar;C:\Users\Admin\.katalon\packages\Katalon_Studio_Windows_64-9.2.0\Katalon_Studio_Windows_64-9.2.0\configuration\resources\lib\bcprov-jdk15on-1.64.jar;C:\Users\Admin\.katalon\packages\Katalon_Studio_Windows_64-9.2.0\Katalon_Studio_Windows_64-9.2.0\configuration\resources\lib\browsermob-core-2.1.5.jar;C:\Users\Admin\.katalon\packages\Katalon_Studio_Windows_64-9.2.0\Katalon_Studio_Windows_64-9.2.0\configuration\resources\lib\cglib-3.2.10.jar;C:\Users\Admin\.katalon\packages\Katalon_Studio_Windows_64-9.2.0\Katalon_Studio_Windows_64-9.2.0\configuration\resources\lib\commons-codec-1.10.jar;C:\Users\Admin\.katalon\packages\Katalon_Studio_Windows_64-9.2.0\Katalon_Studio_Windows_64-9.2.0\configuration\resources\lib\commons-collections4-4.1.jar;C:\Users\Admin\.katalon\packages\Katalon_Studio_Windows_64-9.2.0\Katalon_Studio_Windows_64-9.2.0\configuration\resources\lib\commons-validator-1.6.jar;C:\Users\Admin\.katalon\packages\Katalon_Studio_Windows_64-9.2.0\Katalon_Studio_Windows_64-9.2.0\configuration\resources\lib\curvesapi-1.04.jar;C:\Users\Admin\.katalon\packages\Katalon_Studio_Windows_64-9.2.0\Katalon_Studio_Windows_64-9
Launcher Type: SUN_STANDARD

[Global flags]
     intx CICompilerCount                          = 3                                         {product} {ergonomic}
     uint ConcGCThreads                            = 1                                         {product} {ergonomic}
     uint G1ConcRefinementThreads                  = 4                                         {product} {ergonomic}
   size_t G1HeapRegionSize                         = 1048576                                   {product} {ergonomic}
    uintx GCDrainStackTargetSize                   = 64                                        {product} {ergonomic}
   size_t InitialHeapSize                          = 62914560                                  {product} {ergonomic}
   size_t MarkStackSize                            = 4194304                                   {product} {ergonomic}
   size_t MaxHeapSize                              = 2147483648                                {product} {command line}
   size_t MaxNewSize                               = 1287651328                                {product} {ergonomic}
   size_t MinHeapDeltaBytes                        = 1048576                                   {product} {ergonomic}
   size_t MinHeapSize                              = 8388608                                   {product} {ergonomic}
    uintx NonNMethodCodeHeapSize                   = 5832780                                {pd product} {ergonomic}
    uintx NonProfiledCodeHeapSize                  = 122912730                              {pd product} {ergonomic}
    uintx ProfiledCodeHeapSize                     = 122912730                              {pd product} {ergonomic}
    uintx ReservedCodeCacheSize                    = 251658240                              {pd product} {ergonomic}
     bool SegmentedCodeCache                       = true                                      {product} {ergonomic}
     bool ShowCodeDetailsInExceptionMessages       = true                                   {manageable} {command line}
   size_t SoftMaxHeapSize                          = 2147483648                             {manageable} {ergonomic}
     bool UseCompressedClassPointers               = true                           {product lp64_product} {ergonomic}
     bool UseCompressedOops                        = true                           {product lp64_product} {ergonomic}
     bool UseG1GC                                  = true                                      {product} {ergonomic}
     bool UseLargePagesIndividualAllocation        = false                                  {pd product} {ergonomic}

Logging:
Log output configuration:
 #0: stdout all=warning uptime,level,tags
 #1: stderr all=off uptime,level,tags

Environment Variables:
PATH=C:/Users/Admin/.katalon/packages/Katalon_Studio_Windows_64-9.2.0/Katalon_Studio_Windows_64-9.2.0/jre/bin/server;C:/Users/Admin/.katalon/packages/Katalon_Studio_Windows_64-9.2.0/Katalon_Studio_Windows_64-9.2.0/jre/bin;C:\Program Files\Common Files\Oracle\Java\javapath;C:\Windows\system32;C:\Windows;C:\Windows\System32\Wbem;C:\Windows\System32\WindowsPowerShell\v1.0\;C:\xampp\php;C:\composer;C:\Program Files\nodejs\;C:\Program Files\Git\cmd;C:\Users\Admin\AppData\Local\Microsoft\WindowsApps;C:\Users\Admin\AppData\Local\GitHubDesktop\bin;C:\Users\Admin\AppData\Local\Programs\Microsoft VS Code\bin;C:\Users\Admin\AppData\Roaming\Composer\vendor\bin;C:\Users\Admin\AppData\Roaming\npm;C:\Program Files\JetBrains\IntelliJ IDEA Community Edition 2023.3.2\bin;;C:\Users\Admin\.katalon\packages\Katalon_Studio_Windows_64-9.2.0\Katalon_Studio_Windows_64-9.2.0;
USERNAME=Admin
OS=Windows_NT
PROCESSOR_IDENTIFIER=Intel64 Family 6 Model 37 Stepping 5, GenuineIntel
TMP=C:\Users\Admin\AppData\Local\Temp
TEMP=C:\Windows\TEMP



---------------  S Y S T E M  ---------------

OS:
 Windows 10 , 64 bit Build 16299 (10.0.16299.431)
OS uptime: 0 days 4:48 hours

CPU: total 4 (initial active 4) (2 cores per cpu, 2 threads per core) family 6 model 37 stepping 5 microcode 0x4, cx8, cmov, fxsr, ht, mmx, sse, sse2, sse3, ssse3, sse4.1, sse4.2, popcnt, tsc, tscinvbit, clflush

Memory: 4k page, system-wide physical 3766M (210M free)
TotalPageFile size 10363M (AvailPageFile size 4M)
current process WorkingSet (physical memory assigned to process): 220M, peak: 231M
current process commit charge ("private bytes"): 280M, peak: 316M

vm_info: OpenJDK 64-Bit Server VM (17.0.7+7) for windows-amd64 JRE (17.0.7+7), built on Apr 18 2023 22:10:42 by "temurin" with MS VC++ 16.7 (VS2019)

END.
