#
# There is insufficient memory for the Java Runtime Environment to continue.
# Native memory allocation (malloc) failed to allocate 32744 bytes for ChunkPool::allocate
# Possible reasons:
#   The system is out of physical RAM or swap space
#   The process is running with CompressedOops enabled, and the Java Heap may be blocking the growth of the native heap
# Possible solutions:
#   Reduce memory load on the system
#   Increase physical memory or swap space
#   Check if swap backing store is full
#   Decrease Java heap size (-Xmx/-Xms)
#   Decrease number of Java threads
#   Decrease Java thread stack sizes (-Xss)
#   Set larger code cache with -XX:ReservedCodeCacheSize=
#   JVM is running with Unscaled Compressed Oops mode in which the Java heap is
#     placed in the first 4GB address space. The Java Heap base address is the
#     maximum limit for the native heap growth. Please use -XX:HeapBaseMinAddress
#     to set the Java Heap base and to place the Java Heap above 4GB virtual address.
# This output file may be truncated or incomplete.
#
#  Out of Memory Error (arena.cpp:78), pid=13856, tid=10312
#
# JRE version: OpenJDK Runtime Environment Temurin-17.0.7+7 (17.0.7+7) (build 17.0.7+7)
# Java VM: OpenJDK 64-Bit Server VM Temurin-17.0.7+7 (17.0.7+7, mixed mode, tiered, compressed oops, compressed class ptrs, g1 gc, windows-amd64)
# No core dump will be written. Minidumps are not enabled by default on client versions of Windows
#

---------------  S U M M A R Y ------------

Command Line: -Dgroovy.home=C:\Users\Admin/.groovy -Djava.system.class.loader=groovy.lang.GroovyClassLoader -Xmx2048m -Dfile.encoding=UTF-8 -XX:+ShowCodeDetailsInExceptionMessages org.codehaus.groovy.tools.GroovyStarter --classpath D:\Katalon Studio\Final_Project_Testing\bin\keyword;D:\Katalon Studio\Final_Project_Testing\Keywords;D:\Katalon Studio\Final_Project_Testing\bin\listener;D:\Katalon Studio\Final_Project_Testing\Test Listeners;D:\Katalon Studio\Final_Project_Testing\bin\lib;D:\Katalon Studio\Final_Project_Testing\Libs;D:\Katalon Studio\Final_Project_Testing\bin\groovy;D:\Katalon Studio\Final_Project_Testing\Include\scripts\groovy;C:\Users\Admin\.katalon\packages\Katalon_Studio_Windows_64-9.2.0\Katalon_Studio_Windows_64-9.2.0\plugins\com.kms.katalon.core_1.0.0.202312271622.jar;C:\Users\Admin\.katalon\packages\Katalon_Studio_Windows_64-9.2.0\Katalon_Studio_Windows_64-9.2.0\configuration\resources\lib\aalto-xml-1.0.0.jar;C:\Users\Admin\.katalon\packages\Katalon_Studio_Windows_64-9.2.0\Katalon_Studio_Windows_64-9.2.0\configuration\resources\lib\aspectjweaver-1.9.1.jar;C:\Users\Admin\.katalon\packages\Katalon_Studio_Windows_64-9.2.0\Katalon_Studio_Windows_64-9.2.0\configuration\resources\lib\bcpkix-jdk15on-1.64.jar;C:\Users\Admin\.katalon\packages\Katalon_Studio_Windows_64-9.2.0\Katalon_Studio_Windows_64-9.2.0\configuration\resources\lib\bcprov-jdk15on-1.64.jar;C:\Users\Admin\.katalon\packages\Katalon_Studio_Windows_64-9.2.0\Katalon_Studio_Windows_64-9.2.0\configuration\resources\lib\browsermob-core-2.1.5.jar;C:\Users\Admin\.katalon\packages\Katalon_Studio_Windows_64-9.2.0\Katalon_Studio_Windows_64-9.2.0\configuration\resources\lib\cglib-3.2.10.jar;C:\Users\Admin\.katalon\packages\Katalon_Studio_Windows_64-9.2.0\Katalon_Studio_Windows_64-9.2.0\configuration\resources\lib\commons-codec-1.10.jar;C:\Users\Admin\.katalon\packages\Katalon_Studio_Windows_64-9.2.0\Katalon_Studio_Windows_64-9.2.0\configuration\resources\lib\commons-collections4-4.1.jar;C:\Users\Admin\.katalon\packages\Katalon_Studio_Windows_64-9.2.0\Katalon_Studio_Windows_64-9.2.0\configuration\resources\lib\commons-validator-1.6.jar;C:\Users\Admin\.katalon\packages\Katalon_Studio_Windows_64-9.2.0\Katalon_Studio_Windows_64-9.2.0\configuration\resources\lib\curvesapi-1.04.jar;C:\Users\Admin\.katalon\packages\Katalon_Studio_Windows_64-9.2.0\Katalon_Studio_Windows_64-9.2.0\configuration\resources\lib\dnsjava-2.1.8.jar;C:\Users\Admin\.katalon\packages\Katalon_Studio_Windows_64-9.2.0\Katalon_Studio_Windows_64-9.2.0\configuration\resources\lib\groovy-ant-3.0.17.jar;C:\Users\Admin\.katalon\packages\Katalon_Studio_Windows_64-9.2.0\Katalon_Studio_Windows_64-9.2.0\configuration\resources\lib\groovy-astbuilder-3.0.17.jar;C:\Users\Admin\.katalon\packages\Katalon_Studio_Windows_64-9.2.0\Katalon_Studio_Windows_64-9.2.0\configuration\resources\lib\groovy-cli-picocli-3.0.17.jar;C:\Users\Admin\.katalon\packages\Katalon_Studio_Windows_64-9.2.0\Katalon_Studio_Windows_64-9.2.0\configuration\resources\lib\groovy-console-3.0.17.jar;C:\Users\Admin\.katalon\packages\Katalon_Studio_Windows_64-9.2.0\Katalon_Studio_Windows_64-9.2.0\configuration\resources\lib\groovy-datetime-3.0.17.jar;C:\Users\Admin\.katalon\packages\Katalon_Studio_Windows_64-9.2.0\Katalon_Studio_Windows_64-9.2.0\configuration\resources\lib\groovy-dateutil-3.0.17.jar;C:\Users\Admin\.katalon\packages\Katalon_Studio_Windows_64-9.2.0\Katalon_Studio_Windows_64-9.2.0\configuration\resources\lib\groovy-docgenerator-3.0.17.jar;C:\Users\Admin\.katalon\packages\Katalon_Studio_Windows_64-9.2.0\Katalon_Studio_Windows_64-9.2.0\configuration\resources\lib\groovy-groovydoc-3.0.17.jar;C:\Users\Admin\.katalon\packages\Katalon_Studio_Windows_64-9.2.0\Katalon_Studio_Windows_64-9.2.0\configuration\resources\lib\groovy-groovysh-3.0.17.jar;C:\Users\Admin\.katalon\packages\Katalon_Studio_Windows_64-9.2.0\Katalon_Studio_Windows_64-9.2.0\configuration\resources\lib\groovy-jmx-3.0.17.jar;C:\Users\Admin\.katalon\packages\Katalon_Studio_Windows_64-9.2.0\Katalon_Studio_Windows_64-9.2.0\configuration\resources\lib\groovy-json-3.0.17.jar;C:\Users\Admin\.katalon\packages\Katalon_Studio_Windows_64-9.2.0\Katalon_Studio_Windows_64-9.2.0\configuration\resources\lib\groovy-jsr223-3.0.17.jar;C:\Users\Admin\.katalon\packages\Katalon_Studio_Windows_64-9.2.0\Katalon_Studio_Windows_64-9.2.0\configuration\resources\lib\groovy-macro-3.0.17.jar;C:\Users\Admin\.katalon\packages\Katalon_Studio_Windows_64-9.2.0\Katalon_Studio_Windows_64-9.2.0\configuration\resources\lib\groovy-nio-3.0.17.jar;C:\Users\Admin\.katalon\packages\Katalon_Studio_Windows_64-9.2.0\Katalon_Studio_Windows_64-9.2.0\configuration\resources\lib\groovy-servlet-3.0.17.jar;C:\Users\Admin\.katalon\packages\Katalon_Studio_Windows_64-9.2.0\Katalon_Studio_Windows_64-9.2.0\configuration\resources\lib\groovy-sql-3.0.17.jar;C:\Users\Admin\.katalon\packages\Katalon_Studio_Windows_64-9.2.0\Katalon_Studio_Windows_64-9.2.0\configuration\resources\lib\groovy-swing-3.0.17.jar;C:\Users\Admin\.katalon\packages\Katalon_Studio_Windows_64-9.2.0\Katalon_Studio_Windows_64-9.2.0\configuration\resources\lib\groovy-templates-3.0.17.jar;C:\Users\Admin\.katalon\packages\Katalon_Studio_Windows_64-9.2.0\Katalon_Studio_Windows_64-9.2.0\configuration\resources\lib\groovy-test-3.0.17.jar;C:\Users\Admin\.katalon\packages\Katalon_Studio_Windows_64-9.2.0\Katalon_Studio_Windows_64-9.2.0\configuration\resources\lib\groovy-test-junit5-3.0.17.jar;C:\Users\Admin\.katalon\packages\Katalon_Studio_Windows_64-9.2.0\Katalon_Studio_Windows_64-9.2.0\configuration\resources\lib\groovy-testng-3.0.17.jar;C:\Users\Admin\.katalon\packages\Katalon_Studio_Windows_64-9.2.0\Katalon_Studio_Windows_64-9.2.0\configuration\resources\lib\groovy-xml-3.0.17.jar;C:\Users\Admin\.katalon\packages\Katalon_Studio_Windows_64-9.2.0\Katalon_Studio_Windows_64-9.2.0\configuration\resources\lib\java-client-7.0.0.jar;C:\Users\Admin\.katalon\packages\Katalon_Studio_Windows_64-9.2.0\Katalon_Studio_Windows_64-9.2.0\configuration\resources\lib\javax.servlet-api_3.1.0.jar;C:\Users\Admin\.katalon\packages\Katalon_Studio_Windows_64-9.2.0\Katalon_Studio_Windows_64-9.2.0\configuration\resources\lib\jna-5.12.1.jar;C:\Users\Admin\.katalon\packages\Katalon_Studio_Windows_64-9.2.0\Katalon_Studio_Windows_64-9.2.0\configuration\resources\lib\jna-platform-5.12.1.jar;C:\Users\Admin\.katalon\packages\Katalon_Studio_Windows_64-9.2.0\Katalon_Studio_Windows_64-9.2.0\configuration\resources\lib\jzlib-1.1.3.jar;C:\Users\Admin\.katalon\packages\Katalon_Studio_Windows_64-9.2.0\Katalon_Studio_Windows_64-9.2.0\configuration\resources\lib\kat-server.jar;C:\Users\Admin\.katalon\packages\Katalon_Studio_Windows_64-9.2.0\Katalon_Studio_Windows_64-9.2.0\configuration\resources\lib\littleproxy-1.1.0-beta-bmp-17.jar;C:\Users\Admin\.katalon\packages\Katalon_Studio_Windows_64-9.2.0\Katalon_Studio_Windows_64-9.2.0\configuration\resources\lib\log4j-1.2-api-2.17.1.jar;C:\Users\Admin\.katalon\packages\Katalon_Studio_Windows_64-9.2.0\Katalon_Studio_Windows_64-9.2.0\configuration\resources\lib\log4j-api-2.17.1.jar;C:\Users\Admin\.katalon\packages\Katalon_Studio_Windows_64-9.2.0\Katalon_Studio_Windows_64-9.2.0\configuration\resources\lib\log4j-core-2.17.1.jar;C:\Users\Admin\.katalon\packages\Katalon_Studio_Windows_64-9.2.0\Katalon_Studio_Windows_64-9.2.0\configuration\resources\lib\mitm-2.1.5.jar;C:\Users\Admin\.katalon\packages\Katalon_Studio_Windows_64-9.2.0\Katalon_Studio_Windows_64-9.2.0\configuration\resources\lib\netty-all-4.1.70.Final.jar;C:\Users\Admin\.katalon\packages\Katalon_Studio_Windows_64-9.2.0\Katalon_Studio_Windows_64-9.2.0\configuration\resources\lib\poi-3.17.jar;C:\Users\Admin\.katalon\packages\Katalon_Studio_Windows_64-9.2.0\Katalon_Studio_Windows_64-9.2.0\configuration\resources\lib\poi-ooxml-3.17.jar;C:\Users\Admin\.katalon\packages\Katalon_Studio_Windows_64-9.2.0\Katalon_Studio_Windows_64-9.2.0\configuration\resources\lib\poi-ooxml-schemas-3.17.jar;C:\Users\Admin\.katalon\packages\Katalon_Studio_Windows_64-9.2.0\Katalon_Studio_Windows_64-9.2.0\configuration\resources\lib\proxy-vole-1.0.4-SNAPSHOT-jar-with-dependencies.jar;C:\Users\Admin\.katalon\packages\Katalon_Studio_Windows_64-9.2.0\Katalon_Studio_Windows_64-9.2.0\configuration\resources\lib\repackaged-sikuli-api-1.0.2-standalone.jar;C:\Users\Admin\.katalon\packages\Katalon_Studio_Windows_64-9.2.0\Katalon_Studio_Windows_64-9.2.0\configuration\resources\lib\selenium-leg-rc-3.141.59.jar;C:\Users\Admin\.katalon\packages\Katalon_Studio_Windows_64-9.2.0\Katalon_Studio_Windows_64-9.2.0\configuration\resources\lib\selenium-server-standalone-3.141.59.jar;C:\Users\Admin\.katalon\packages\Katalon_Studio_Windows_64-9.2.0\Katalon_Studio_Windows_64-9.2.0\configuration\resources\lib\selenium-shutterbug-1.1.jar;C:\Users\Admin\.katalon\packages\Katalon_Studio_Windows_64-9.2.0\Katalon_Studio_Windows_64-9.2.0\configuration\resources\lib\slf4j-api-1.7.25.jar;C:\Users\Admin\.katalon\packages\Katalon_Studio_Windows_64-9.2.0\Katalon_Studio_Windows_64-9.2.0\configuration\resources\lib\soap-builder-1.0.0.jar;C:\Users\Admin\.katalon\packages\Katalon_Studio_Windows_64-9.2.0\Katalon_Studio_Windows_64-9.2.0\configuration\resources\lib\soap-common-1.0.0.jar;C:\Users\Admin\.katalon\packages\Katalon_Studio_Windows_64-9.2.0\Katalon_Studio_Windows_64-9.2.0\configuration\resources\lib\soap-legacy-1.0.0.jar;C:\Users\Admin\.katalon\packages\Katalon_Studio_Windows_64-9.2.0\Katalon_Studio_Windows_64-9.2.0\configuration\resources\lib\spring-context-5.3.19.jar;C:\Users\Admin\.katalon\packages\Katalon_Studio_Windows_64-9.2.0\Katalon_Studio_Windows_64-9.2.0\configuration\resources\lib\stax2-api-4.0.0.jar;C:\Users\Admin\.katalon\packages\Katalon_Studio_Windows_64-9.2.0\Katalon_Studio_Windows_64-9.2.0\configuration\resources\lib\su.jar;C:\Users\Admin\.katalon\packages\Katalon_Studio_Windows_64-9.2.0\Katalon_Studio_Windows_64-9.2.0\configuration\resources\lib\testng-7.8.0.jar;C:\Users\Admin\.katalon\packages\Katalon_Studio_Windows_64-9.2.0\Katalon_Studio_Windows_64-9.2.0\configuration\resources\lib\wadl.jar;C:\Users\Admin\.katalon\packages\Katalon_Studio_Windows_64-9.2.0\Katalon_Studio_Windows_64-9.2.0\configuration\resources\lib\xmlbeans-3.1.0.jar;C:\Users\Admin\.katalon\packages\Katalon_Studio_Windows_64-9.2.0\Katalon_Studio_Windows_64-9.2.0\plugins\net.sf.supercsv.super-csv_2.1.0.jar;C:\Users\Admin\.katalon\packages\Katalon_Studio_Windows_64-9.2.0\Katalon_Studio_Windows_64-9.2.0\plugins\org.apache.commons.io_2.4.0.jar;C:\Users\Admin\.katalon\packages\Katalon_Studio_Windows_64-9.2.0\Katalon_Studio_Windows_64-9.2.0\plugins\org.apache.commons.lang_2.6.0.jar;C:\Users\Admin\.katalon\packages\Katalon_Studio_Windows_64-9.2.0\Katalon_Studio_Windows_64-9.2.0\plugins\com.google.gson_2.10.1.v20230109-0753.jar;C:\Users\Admin\.katalon\packages\Katalon_Studio_Windows_64-9.2.0\Katalon_Studio_Windows_64-9.2.0\plugins\org.jsoup_1.14.3.jar;C:\Users\Admin\.katalon\packages\Katalon_Studio_Windows_64-9.2.0\Katalon_Studio_Windows_64-9.2.0\plugins\org.apache.commons.dbutils_1.6.0.jar;C:\Users\Admin\.katalon\packages\Katalon_Studio_Windows_64-9.2.0\Katalon_Studio_Windows_64-9.2.0\plugins\com.oracle.jdbc.ojdbc7_12.1.0.2.jar;C:\Users\Admin\.katalon\packages\Katalon_Studio_Windows_64-9.2.0\Katalon_Studio_Windows_64-9.2.0\plugins\org.postgresql.jdbc_42.4.1.jar;c:\Users\Admin\.katalon\packages\Katalon_Studio_Windows_64-9.2.0\Katalon_Studio_Windows_64-9.2.0\plugins\org.eclipse.osgi_3.18.300.v20230220-1352.jar;C:\Users\Admin\.katalon\packages\Katalon_Studio_Windows_64-9.2.0\Katalon_Studio_Windows_64-9.2.0\plugins\com.kms.katalon.constant_1.0.0.202312271622.jar;C:\Users\Admin\.katalon\packages\Katalon_Studio_Windows_64-9.2.0\Katalon_Studio_Windows_64-9.2.0\plugins\org.eclipse.persistence.eclipselink_2.7.11.jar;C:\Users\Admin\.katalon\packages\Katalon_Studio_Windows_64-9.2.0\Katalon_Studio_Windows_64-9.2.0\plugins\com.kms.katalon.selenium-standalone_1.0.0.202312271622.jar;C:\Users\Admin\.katalon\packages\Katalon_Studio_Windows_64-9.2.0\Katalon_Studio_Windows_64-9.2.0\plugins\atu.testrecorder.screen-recorder_2.1.0.jar;C:\Users\Admin\.katalon\packages\Katalon_Studio_Windows_64-9.2.0\Katalon_Studio_Windows_64-9.2.0\plugins\com.google.guava_23.0.0.jar;C:\Users\Admin\.katalon\packages\Katalon_Studio_Windows_64-9.2.0\Katalon_Studio_Windows_64-9.2.0\plugins\com.kms.katalon.util_1.0.0.202312271622.jar;C:\Users\Admin\.katalon\packages\Katalon_Studio_Windows_64-9.2.0\Katalon_Studio_Windows_64-9.2.0\plugins\org.apache.httpcomponents.httpclient_4.5.14.v20221207-1049.jar;C:\Users\Admin\.katalon\packages\Katalon_Studio_Windows_64-9.2.0\Katalon_Studio_Windows_64-9.2.0\plugins\org.apache.httpcomponents.httpcore_4.4.16.v20221207-1049.jar;C:\Users\Admin\.katalon\packages\Katalon_Studio_Windows_64-9.2.0\Katalon_Studio_Windows_64-9.2.0\plugins\org.apache.httpcomponents.httpmime_4.5.1.jar;C:\Users\Admin\.katalon\packages\Katalon_Studio_Windows_64-9.2.0\Katalon_Studio_Windows_64-9.2.0\plugins\org.apache.commons.lang3_3.7.0.jar;C:\Users\Admin\.katalon\packages\Katalon_Studio_Windows_64-9.2.0\Katalon_Studio_Windows_64-9.2.0\plugins\org.greenrobot.eventbus_3.1.1.jar;C:\Users\Admin\.katalon\packages\Katalon_Studio_Windows_64-9.2.0\Katalon_Studio_Windows_64-9.2.0\plugins\org.assertj.core_3.10.0.jar;C:\Users\Admin\.katalon\packages\Katalon_Studio_Windows_64-9.2.0\Katalon_Studio_Windows_64-9.2.0\plugins\org.junit_4.13.2.v20211018-1956.jar;C:\Users\Admin\.katalon\packages\Katalon_Studio_Windows_64-9.2.0\Katalon_Studio_Windows_64-9.2.0\plugins\com.fasterxml.jackson.core.jackson-databind_2.14.0.jar;C:\Users\Admin\.katalon\packages\Katalon_Studio_Windows_64-9.2.0\Katalon_Studio_Windows_64-9.2.0\plugins\com.fasterxml.jackson.core.jackson-core_2.14.0.jar;C:\Users\Admin\.katalon\packages\Katalon_Studio_Windows_64-9.2.0\Katalon_Studio_Windows_64-9.2.0\plugins\com.fasterxml.jackson.core.jackson-annotations_2.14.0.jar;C:\Users\Admin\.katalon\packages\Katalon_Studio_Windows_64-9.2.0\Katalon_Studio_Windows_64-9.2.0\plugins\ch.qos.logback.classic_1.2.3.jar;C:\Users\Admin\.katalon\packages\Katalon_Studio_Windows_64-9.2.0\Katalon_Studio_Windows_64-9.2.0\plugins\ch.qos.logback.core_1.2.3.jar;C:\Users\Admin\.katalon\packages\Katalon_Studio_Windows_64-9.2.0\Katalon_Studio_Windows_64-9.2.0\plugins\slf4j.api_1.7.36.jar;C:\Users\Admin\.katalon\packages\Katalon_Studio_Windows_64-9.2.0\Katalon_Studio_Windows_64-9.2.0\plugins\org.fusesource.jansi_1.17.1.jar;C:\Users\Admin\.katalon\packages\Katalon_Studio_Windows_64-9.2.0\Katalon_Studio_Windows_64-9.2.0\plugins\com.kms.katalon.netlightbody_1.0.0.202312271622.jar;C:\Users\Admin\.katalon\packages\Katalon_Studio_Windows_64-9.2.0\Katalon_Studio_Windows_64-9.2.0\plugins\com.kms.katalon.poi_1.0.0.202312271622.jar;C:\Users\Admin\.katalon\packages\Katalon_Studio_Windows_64-9.2.0\Katalon_Studio_Windows_64-9.2.0\plugins\org.apache.commons.commons-text_1.10.0.jar;C:\Users\Admin\.katalon\packages\Katalon_Studio_Windows_64-9.2.0\Katalon_Studio_Windows_64-9.2.0\plugins\com.kms.katalon.proxyvole_1.0.0.202312271622.jar;C:\Users\Admin\.katalon\packages\Katalon_Studio_Windows_64-9.2.0\Katalon_Studio_Windows_64-9.2.0\plugins\com.microsoft.sqlserver.mssql-jdbc_6.2.2.jre8.jar;C:\Users\Admin\.katalon\packages\Katalon_Studio_Windows_64-9.2.0\Katalon_Studio_Windows_64-9.2.0\plugins\com.github.kklisura.cdt.java-client_2.1.0.jar;C:\Users\Admin\.katalon\packages\Katalon_Studio_Windows_64-9.2.0\Katalon_Studio_Windows_64-9.2.0\plugins\javax.websocket-api_1.1.0.jar;C:\Users\Admin\.katalon\packages\Katalon_Studio_Windows_64-9.2.0\Katalon_Studio_Windows_64-9.2.0\plugins\org.glassfish.tyrus.container-grizzly-client_1.13.1.jar;C:\Users\Admin\.katalon\packages\Katalon_Studio_Windows_64-9.2.0\Katalon_Studio_Windows_64-9.2.0\plugins\org.glassfish.grizzly.http-server_2.3.25.jar;C:\Users\Admin\.katalon\packages\Katalon_Studio_Windows_64-9.2.0\Katalon_Studio_Windows_64-9.2.0\plugins\org.glassfish.grizzly.framework_2.3.25.jar;C:\Users\Admin\.katalon\packages\Katalon_Studio_Windows_64-9.2.0\Katalon_Studio_Windows_64-9.2.0\plugins\org.glassfish.grizzly.http_2.3.25.jar;C:\Users\Admin\.katalon\packages\Katalon_Studio_Windows_64-9.2.0\Katalon_Studio_Windows_64-9.2.0\plugins\org.glassfish.tyrus.client_1.13.1.jar;C:\Users\Admin\.katalon\packages\Katalon_Studio_Windows_64-9.2.0\Katalon_Studio_Windows_64-9.2.0\plugins\org.glassfish.tyrus.core_1.13.1.jar;C:\Users\Admin\.katalon\packages\Katalon_Studio_Windows_64-9.2.0\Katalon_Studio_Windows_64-9.2.0\plugins\org.glassfish.tyrus.spi_1.13.1.jar;C:\Users\Admin\.katalon\packages\Katalon_Studio_Windows_64-9.2.0\Katalon_Studio_Windows_64-9.2.0\plugins\javassist_3.28.0.GA.jar;C:\Users\Admin\.katalon\packages\Katalon_Studio_Windows_64-9.2.0\Katalon_Studio_Windows_64-9.2.0\plugins\com.graphql-java_16.2.0.jar;C:\Users\Admin\.katalon\packages\Katalon_Studio_Windows_64-9.2.0\Katalon_Studio_Windows_64-9.2.0\plugins\org.glassfish.jaxb.runtime_2.3.6.jar;C:\Users\Admin\.katalon\packages\Katalon_Studio_Windows_64-9.2.0\Katalon_Studio_Windows_64-9.2.0\plugins\org.glassfish.jaxb.txw2_2.3.6.jar;C:\Users\Admin\.katalon\packages\Katalon_Studio_Windows_64-9.2.0\Katalon_Studio_Windows_64-9.2.0\plugins\org.dom4j_1.6.1.v201312101416.jar;C:\Users\Admin\.katalon\packages\Katalon_Studio_Windows_64-9.2.0\Katalon_Studio_Windows_64-9.2.0\plugins\com.kms.katalon.groovy-extended_1.0.0.202312271622.jar;C:\Users\Admin\.katalon\packages\Katalon_Studio_Windows_64-9.2.0\Katalon_Studio_Windows_64-9.2.0\plugins\com.sun.activation.javax.activation_1.2.0.jar;C:\Users\Admin\.katalon\packages\Katalon_Studio_Windows_64-9.2.0\Katalon_Studio_Windows_64-9.2.0\plugins\jakarta.xml.bind-api_2.3.3.jar;C:\Users\Admin\.katalon\packages\Katalon_Studio_Windows_64-9.2.0\Katalon_Studio_Windows_64-9.2.0\plugins\com.sun.xml.bind.jaxb-impl_2.3.6.jar;C:\Users\Admin\.katalon\packages\Katalon_Studio_Windows_64-9.2.0\Katalon_Studio_Windows_64-9.2.0\plugins\org.apache.commons.logging_1.2.0.v20180409-1502.jar;C:\Users\Admin\.katalon\packages\Katalon_Studio_Windows_64-9.2.0\Katalon_Studio_Windows_64-9.2.0\plugins\org.hamcrest.core_1.3.0.v20180420-1519.jar;C:\Users\Admin\.katalon\packages\Katalon_Studio_Windows_64-9.2.0\Katalon_Studio_Windows_64-9.2.0\plugins\org.beanshell.bsh_2.0.0.0b4.jar;C:\Users\Admin\.katalon\packages\Katalon_Studio_Windows_64-9.2.0\Katalon_Studio_Windows_64-9.2.0\plugins\org.apache.ant.launcher_1.9.6.jar;C:\Users\Admin\.katalon\packages\Katalon_Studio_Windows_64-9.2.0\Katalon_Studio_Windows_64-9.2.0\plugins\com.kms.katalon.core.appium_1.0.0.202312271622.jar;C:\Users\Admin\.katalon\packages\Katalon_Studio_Windows_64-9.2.0\Katalon_Studio_Windows_64-9.2.0\plugins\com.kms.katalon.logging_1.0.0.202312271622.jar;C:\Users\Admin\.katalon\packages\Katalon_Studio_Windows_64-9.2.0\Katalon_Studio_Windows_64-9.2.0\plugins\org.eclipse.equinox.common_3.17.100.v20230202-1341.jar;C:\Users\Admin\.katalon\packages\Katalon_Studio_Windows_64-9.2.0\Katalon_Studio_Windows_64-9.2.0\plugins\com.kms.katalon.core.webui_1.0.0.202312271622.jar;C:\Users\Admin\.katalon\packages\Katalon_Studio_Windows_64-9.2.0\Katalon_Studio_Windows_64-9.2.0\plugins\org.json_20140107.0.0.jar;C:\Users\Admin\.katalon\packages\Katalon_Studio_Windows_64-9.2.0\Katalon_Studio_Windows_64-9.2.0\plugins\org.eclipse.e4.core.contexts_1.11.0.v20220716-0839.jar;C:\Users\Admin\.katalon\packages\Katalon_Studio_Windows_64-9.2.0\Katalon_Studio_Windows_64-9.2.0\plugins\org.eclipse.e4.core.services_2.3.400.v20220915-1347.jar;C:\Users\Admin\.katalon\packages\Katalon_Studio_Windows_64-9.2.0\Katalon_Studio_Windows_64-9.2.0\plugins\com.kms.katalon.core.mobile_1.0.0.202312271622.jar;C:\Users\Admin\.katalon\packages\Katalon_Studio_Windows_64-9.2.0\Katalon_Studio_Windows_64-9.2.0\plugins\org.apache.commons.commons-validator_1.7.0.jar;C:\Users\Admin\.katalon\packages\Katalon_Studio_Windows_64-9.2.0\Katalon_Studio_Windows_64-9.2.0\plugins\com.kms.katalon.core.cucumber_1.0.0.202312271622.jar;C:\Users\Admin\.katalon\packages\Katalon_Studio_Windows_64-9.2.0\Katalon_Studio_Windows_64-9.2.0\plugins\io.cucumber.core_3.0.2.jar;C:\Users\Admin\.katalon\packages\Katalon_Studio_Windows_64-9.2.0\Katalon_Studio_Windows_64-9.2.0\plugins\io.cucumber.datatable_1.0.3.jar;C:\Users\Admin\.katalon\packages\Katalon_Studio_Windows_64-9.2.0\Katalon_Studio_Windows_64-9.2.0\plugins\io.cucumber.datatable-dependencies_1.0.3.jar;C:\Users\Admin\.katalon\packages\Katalon_Studio_Windows_64-9.2.0\Katalon_Studio_Windows_64-9.2.0\plugins\io.cucumber.expressions_5.0.19.jar;C:\Users\Admin\.katalon\packages\Katalon_Studio_Windows_64-9.2.0\Katalon_Studio_Windows_64-9.2.0\plugins\io.cucumber.gherkin_5.0.0.jar;C:\Users\Admin\.katalon\packages\Katalon_Studio_Windows_64-9.2.0\Katalon_Studio_Windows_64-9.2.0\plugins\io.cucumber.html_0.2.7.jar;C:\Users\Admin\.katalon\packages\Katalon_Studio_Windows_64-9.2.0\Katalon_Studio_Windows_64-9.2.0\plugins\io.cucumber.java_3.0.2.jar;C:\Users\Admin\.katalon\packages\Katalon_Studio_Windows_64-9.2.0\Katalon_Studio_Windows_64-9.2.0\plugins\io.cucumber.tag-expressions_1.1.1.jar;C:\Users\Admin\.katalon\packages\Katalon_Studio_Windows_64-9.2.0\Katalon_Studio_Windows_64-9.2.0\plugins\io.cucumber.junit_3.0.2.jar;C:\Users\Admin\.katalon\packages\Katalon_Studio_Windows_64-9.2.0\Katalon_Studio_Windows_64-9.2.0\plugins\com.kms.katalon.core.webservice_1.0.0.202312271622.jar;C:\Users\Admin\.katalon\packages\Katalon_Studio_Windows_64-9.2.0\Katalon_Studio_Windows_64-9.2.0\plugins\wsdl4j_1.6.2.jar;C:\Users\Admin\.katalon\packages\Katalon_Studio_Windows_64-9.2.0\Katalon_Studio_Windows_64-9.2.0\plugins\com.google.oauth-client.google-oauth-client_1.22.0.jar;C:\Users\Admin\.katalon\packages\Katalon_Studio_Windows_64-9.2.0\Katalon_Studio_Windows_64-9.2.0\plugins\com.google.http-client.google-http-client_1.22.0.jar;C:\Users\Admin\.katalon\packages\Katalon_Studio_Windows_64-9.2.0\Katalon_Studio_Windows_64-9.2.0\plugins\ca.juliusdavies.not-yet-commons-ssl_0.3.11.jar;C:\Users\Admin\.katalon\packages\Katalon_Studio_Windows_64-9.2.0\Katalon_Studio_Windows_64-9.2.0\plugins\com.kms.katalon.preferences_1.0.0.202312271622.jar;C:\Users\Admin\.katalon\packages\Katalon_Studio_Windows_64-9.2.0\Katalon_Studio_Windows_64-9.2.0\plugins\org.apache.xmlbeans_3.1.0.jar;C:\Users\Admin\.katalon\packages\Katalon_Studio_Windows_64-9.2.0\Katalon_Studio_Windows_64-9.2.0\plugins\com.kms.katalon.entity_1.0.0.202312271622.jar;C:\Users\Admin\.katalon\packages\Katalon_Studio_Windows_64-9.2.0\Katalon_Studio_Windows_64-9.2.0\plugins\org.antlr.antlr4-runtime_4.8.0.jar;C:\Users\Admin\.katalon\packages\Katalon_Studio_Windows_64-9.2.0\Katalon_Studio_Windows_64-9.2.0\plugins\com.networknt.json-schema-validator_1.0.66.jar;C:\Users\Admin\.katalon\packages\Katalon_Studio_Windows_64-9.2.0\Katalon_Studio_Windows_64-9.2.0\plugins\jakarta.xml.ws-api_2.3.3.jar;C:\Users\Admin\.katalon\packages\Katalon_Studio_Windows_64-9.2.0\Katalon_Studio_Windows_64-9.2.0\plugins\javax.xml.soap-api_1.4.0.jar;C:\Users\Admin\.katalon\packages\Katalon_Studio_Windows_64-9.2.0\Katalon_Studio_Windows_64-9.2.0\plugins\com.kms.katalon.core.windows_1.0.0.202312271622.jar;C:\Users\Admin\.katalon\packages\Katalon_Studio_Windows_64-9.2.0\Katalon_Studio_Windows_64-9.2.0\plugins\com.kms.katalon.core.testng_1.0.0.202312271622.jar;C:\Users\Admin\.katalon\packages\Katalon_Studio_Windows_64-9.2.0\Katalon_Studio_Windows_64-9.2.0\configuration\org.eclipse.osgi\27\0\.cp\resources\basic-report\katalon-studio-report-plugin.jar;C:\Users\Admin\.katalon\packages\Katalon_Studio_Windows_64-9.2.0\Katalon_Studio_Windows_64-9.2.0\plugins\org.codehaus.groovy_3.0.17.v202303311542-e2303\lib\groovy-3.0.17-indy.jar;C:\Users\Admin\.katalon\packages\Katalon_Studio_Windows_64-9.2.0\Katalon_Studio_Windows_64-9.2.0\plugins\org.codehaus.groovy_3.0.17.v202303311542-e2303\lib\ivy-2.5.1.jar --main groovy.ui.GroovyMain --encoding UTF-8 --indy D:\Katalon Studio\Final_Project_Testing\Libs\TempTestCaseBinding1704986159009.groovy

Host: Intel(R) Core(TM) i3 CPU       M 380  @ 2.53GHz, 4 cores, 3G,  Windows 10 , 64 bit Build 16299 (10.0.16299.431)
Time: Thu Jan 11 22:16:34 2024 SE Asia Standard Time elapsed time: 32.880174 seconds (0d 0h 0m 32s)

---------------  T H R E A D  ---------------

Current thread (0x00000266f4c3a440):  JavaThread "C1 CompilerThread0" daemon [_thread_in_native, id=10312, stack(0x0000006cdaf00000,0x0000006cdb000000)]


Current CompileTask:
C1:  32880 5706       3       groovyjarjarasm.asm.MethodWriter::visitLdcInsn (215 bytes)

Stack: [0x0000006cdaf00000,0x0000006cdb000000]
Native frames: (J=compiled Java code, j=interpreted, Vv=VM code, C=native code)
V  [jvm.dll+0x67754a]
V  [jvm.dll+0x834304]
V  [jvm.dll+0x835aae]
V  [jvm.dll+0x836113]
V  [jvm.dll+0x24696f]
V  [jvm.dll+0xac2cc]
V  [jvm.dll+0xac67c]
V  [jvm.dll+0x11d2e5]
V  [jvm.dll+0x17ad54]
V  [jvm.dll+0x17b333]
V  [jvm.dll+0x135ae3]
V  [jvm.dll+0x1353df]
V  [jvm.dll+0x135616]
V  [jvm.dll+0x134aaa]
V  [jvm.dll+0x136771]
V  [jvm.dll+0x2284da]
V  [jvm.dll+0x226615]
V  [jvm.dll+0x7ea90b]
V  [jvm.dll+0x7e4e7a]
V  [jvm.dll+0x676395]
C  [ucrtbase.dll+0x1dab5]
C  [KERNEL32.DLL+0x11fe4]
C  [ntdll.dll+0x6cb81]


---------------  P R O C E S S  ---------------

Threads class SMR info:
_java_thread_list=0x00000266fae76ba0, length=21, elements={
0x00000266db3ea920, 0x00000266f4bb3260, 0x00000266f4bb3de0, 0x00000266f4b9c4d0,
0x00000266f4b9dda0, 0x00000266f4b9e660, 0x00000266f4bca050, 0x00000266f4bcb3e0,
0x00000266f4c3a440, 0x00000266f4c3b0f0, 0x00000266f4cd0460, 0x00000266f9a16cd0,
0x00000266fac3b800, 0x00000266f4ef2c90, 0x00000266faa1a7d0, 0x00000266f4f25640,
0x00000266fa49e650, 0x00000266fbe3e9c0, 0x00000266fbe3f830, 0x00000266fbe40b70,
0x00000266fbe3fd00
}

Java Threads: ( => current thread )
  0x00000266db3ea920 JavaThread "main" [_thread_in_vm, id=6104, stack(0x0000006cda100000,0x0000006cda200000)]
  0x00000266f4bb3260 JavaThread "Reference Handler" daemon [_thread_blocked, id=420, stack(0x0000006cda800000,0x0000006cda900000)]
  0x00000266f4bb3de0 JavaThread "Finalizer" daemon [_thread_blocked, id=10392, stack(0x0000006cda900000,0x0000006cdaa00000)]
  0x00000266f4b9c4d0 JavaThread "Signal Dispatcher" daemon [_thread_blocked, id=14232, stack(0x0000006cdaa00000,0x0000006cdab00000)]
  0x00000266f4b9dda0 JavaThread "Attach Listener" daemon [_thread_blocked, id=11016, stack(0x0000006cdab00000,0x0000006cdac00000)]
  0x00000266f4b9e660 JavaThread "Service Thread" daemon [_thread_blocked, id=8916, stack(0x0000006cdac00000,0x0000006cdad00000)]
  0x00000266f4bca050 JavaThread "Monitor Deflation Thread" daemon [_thread_blocked, id=12116, stack(0x0000006cdad00000,0x0000006cdae00000)]
  0x00000266f4bcb3e0 JavaThread "C2 CompilerThread0" daemon [_thread_in_native, id=9864, stack(0x0000006cdae00000,0x0000006cdaf00000)]
=>0x00000266f4c3a440 JavaThread "C1 CompilerThread0" daemon [_thread_in_native, id=10312, stack(0x0000006cdaf00000,0x0000006cdb000000)]
  0x00000266f4c3b0f0 JavaThread "Sweeper thread" daemon [_thread_blocked, id=10684, stack(0x0000006cdb000000,0x0000006cdb100000)]
  0x00000266f4cd0460 JavaThread "Common-Cleaner" daemon [_thread_blocked, id=13784, stack(0x0000006cdb100000,0x0000006cdb200000)]
  0x00000266f9a16cd0 JavaThread "Notification Thread" daemon [_thread_blocked, id=10488, stack(0x0000006cdb300000,0x0000006cdb400000)]
  0x00000266fac3b800 JavaThread "Exec Default Executor" daemon [_thread_in_native, id=13980, stack(0x0000006cdb800000,0x0000006cdb900000)]
  0x00000266f4ef2c90 JavaThread "UrlChecker-2" daemon [_thread_blocked, id=5372, stack(0x0000006cdb900000,0x0000006cdba00000)]
  0x00000266faa1a7d0 JavaThread "Exec Stream Pumper" daemon [_thread_in_native, id=10556, stack(0x0000006cdbb00000,0x0000006cdbc00000)]
  0x00000266f4f25640 JavaThread "Exec Stream Pumper" daemon [_thread_in_native, id=11876, stack(0x0000006cdbc00000,0x0000006cdbd00000)]
  0x00000266fa49e650 JavaThread "ForkJoinPool.commonPool-worker-1" daemon [_thread_blocked, id=8236, stack(0x0000006cdbe00000,0x0000006cdbf00000)]
  0x00000266fbe3e9c0 JavaThread "ForkJoinPool.commonPool-worker-2" daemon [_thread_blocked, id=1496, stack(0x0000006cdbf00000,0x0000006cdc000000)]
  0x00000266fbe3f830 JavaThread "ForkJoinPool.commonPool-worker-3" daemon [_thread_blocked, id=11452, stack(0x0000006cdc000000,0x0000006cdc100000)]
  0x00000266fbe40b70 JavaThread "OkHttp ConnectionPool" daemon [_thread_blocked, id=13404, stack(0x0000006cdc100000,0x0000006cdc200000)]
  0x00000266fbe3fd00 JavaThread "Okio Watchdog" daemon [_thread_blocked, id=8172, stack(0x0000006cdc200000,0x0000006cdc300000)]

Other Threads:
  0x00000266f4b2ab30 VMThread "VM Thread" [stack: 0x0000006cda700000,0x0000006cda800000] [id=9080]
  0x00000266f9681450 WatcherThread [stack: 0x0000006cdb400000,0x0000006cdb500000] [id=8912]
  0x00000266db4469c0 GCTaskThread "GC Thread#0" [stack: 0x0000006cda200000,0x0000006cda300000] [id=6180]
  0x00000266f9469e30 GCTaskThread "GC Thread#1" [stack: 0x0000006cdb200000,0x0000006cdb300000] [id=11380]
  0x00000266f9dc19f0 GCTaskThread "GC Thread#2" [stack: 0x0000006cdb500000,0x0000006cdb600000] [id=6820]
  0x00000266f9fcf490 GCTaskThread "GC Thread#3" [stack: 0x0000006cdb600000,0x0000006cdb700000] [id=11324]
  0x00000266db457710 ConcurrentGCThread "G1 Main Marker" [stack: 0x0000006cda300000,0x0000006cda400000] [id=14312]
  0x00000266db457f30 ConcurrentGCThread "G1 Conc#0" [stack: 0x0000006cda400000,0x0000006cda500000] [id=13968]
  0x00000266f49c5170 ConcurrentGCThread "G1 Refine#0" [stack: 0x0000006cda500000,0x0000006cda600000] [id=6300]
  0x00000266f49c59a0 ConcurrentGCThread "G1 Service" [stack: 0x0000006cda600000,0x0000006cda700000] [id=11440]

Threads with active compile tasks:
C2 CompilerThread0    32930 5690   !   4       java.io.BufferedReader::readLine (327 bytes)
C1 CompilerThread0    32930 5706       3       groovyjarjarasm.asm.MethodWriter::visitLdcInsn (215 bytes)

VM state: not at safepoint (normal execution)

VM Mutex/Monitor currently owned by a thread: None

Heap address: 0x0000000080000000, size: 2048 MB, Compressed Oops mode: 32-bit

CDS archive(s) not mapped
Compressed class space mapped at: 0x0000000100000000-0x0000000140000000, reserved size: 1073741824
Narrow klass base: 0x0000000000000000, Narrow klass shift: 3, Narrow klass range: 0x140000000

GC Precious Log:
 CPUs: 4 total, 4 available
 Memory: 3766M
 Large Page Support: Disabled
 NUMA Support: Disabled
 Compressed Oops: Enabled (32-bit)
 Heap Region Size: 1M
 Heap Min Capacity: 8M
 Heap Initial Capacity: 60M
 Heap Max Capacity: 2G
 Pre-touch: Disabled
 Parallel Workers: 4
 Concurrent Workers: 1
 Concurrent Refinement Workers: 4
 Periodic GC: Disabled

Heap:
 garbage-first heap   total 109568K, used 50077K [0x0000000080000000, 0x0000000100000000)
  region size 1024K, 16 young (16384K), 1 survivors (1024K)
 Metaspace       used 44234K, committed 44736K, reserved 1114112K
  class space    used 4886K, committed 5120K, reserved 1048576K

Heap Regions: E=young(eden), S=young(survivor), O=old, HS=humongous(starts), HC=humongous(continues), CS=collection set, F=free, OA=open archive, CA=closed archive, TAMS=top-at-mark-start (previous, next)
|   0|0x0000000080000000, 0x0000000080100000, 0x0000000080100000|100%|HS|  |TAMS 0x0000000080100000, 0x0000000080000000| Complete 
|   1|0x0000000080100000, 0x0000000080200000, 0x0000000080200000|100%|HS|  |TAMS 0x0000000080200000, 0x0000000080100000| Complete 
|   2|0x0000000080200000, 0x0000000080300000, 0x0000000080300000|100%| O|  |TAMS 0x0000000080300000, 0x0000000080200000| Untracked 
|   3|0x0000000080300000, 0x0000000080400000, 0x0000000080400000|100%| O|  |TAMS 0x0000000080400000, 0x0000000080300000| Untracked 
|   4|0x0000000080400000, 0x0000000080500000, 0x0000000080500000|100%| O|  |TAMS 0x0000000080500000, 0x0000000080400000| Untracked 
|   5|0x0000000080500000, 0x0000000080600000, 0x0000000080600000|100%| O|  |TAMS 0x0000000080600000, 0x0000000080500000| Untracked 
|   6|0x0000000080600000, 0x0000000080700000, 0x0000000080700000|100%| O|  |TAMS 0x0000000080700000, 0x0000000080600000| Untracked 
|   7|0x0000000080700000, 0x0000000080800000, 0x0000000080800000|100%| O|  |TAMS 0x0000000080800000, 0x0000000080700000| Untracked 
|   8|0x0000000080800000, 0x0000000080900000, 0x0000000080900000|100%|HS|  |TAMS 0x0000000080900000, 0x0000000080800000| Complete 
|   9|0x0000000080900000, 0x0000000080a00000, 0x0000000080a00000|100%|HC|  |TAMS 0x0000000080a00000, 0x0000000080900000| Complete 
|  10|0x0000000080a00000, 0x0000000080b00000, 0x0000000080b00000|100%| O|  |TAMS 0x0000000080b00000, 0x0000000080a00000| Untracked 
|  11|0x0000000080b00000, 0x0000000080c00000, 0x0000000080c00000|100%| O|  |TAMS 0x0000000080c00000, 0x0000000080b00000| Untracked 
|  12|0x0000000080c00000, 0x0000000080d00000, 0x0000000080d00000|100%| O|  |TAMS 0x0000000080d00000, 0x0000000080c00000| Untracked 
|  13|0x0000000080d00000, 0x0000000080e00000, 0x0000000080e00000|100%| O|  |TAMS 0x0000000080e00000, 0x0000000080d00000| Untracked 
|  14|0x0000000080e00000, 0x0000000080f00000, 0x0000000080f00000|100%| O|  |TAMS 0x0000000080f00000, 0x0000000080e00000| Untracked 
|  15|0x0000000080f00000, 0x0000000081000000, 0x0000000081000000|100%| O|  |TAMS 0x0000000081000000, 0x0000000080f00000| Untracked 
|  16|0x0000000081000000, 0x0000000081100000, 0x0000000081100000|100%| O|  |TAMS 0x0000000081100000, 0x0000000081000000| Untracked 
|  17|0x0000000081100000, 0x0000000081200000, 0x0000000081200000|100%| O|  |TAMS 0x0000000081200000, 0x0000000081100000| Untracked 
|  18|0x0000000081200000, 0x0000000081300000, 0x0000000081300000|100%| O|  |TAMS 0x0000000081300000, 0x0000000081200000| Untracked 
|  19|0x0000000081300000, 0x0000000081400000, 0x0000000081400000|100%| O|  |TAMS 0x0000000081400000, 0x0000000081300000| Untracked 
|  20|0x0000000081400000, 0x0000000081500000, 0x0000000081500000|100%| O|  |TAMS 0x0000000081500000, 0x0000000081400000| Untracked 
|  21|0x0000000081500000, 0x0000000081600000, 0x0000000081600000|100%| O|  |TAMS 0x0000000081600000, 0x0000000081500000| Untracked 
|  22|0x0000000081600000, 0x0000000081700000, 0x0000000081700000|100%| O|  |TAMS 0x0000000081700000, 0x0000000081600000| Untracked 
|  23|0x0000000081700000, 0x0000000081800000, 0x0000000081800000|100%| O|  |TAMS 0x0000000081800000, 0x0000000081700000| Untracked 
|  24|0x0000000081800000, 0x0000000081800000, 0x0000000081900000|  0%| F|  |TAMS 0x0000000081800000, 0x0000000081800000| Untracked 
|  25|0x0000000081900000, 0x0000000081a00000, 0x0000000081a00000|100%| O|  |TAMS 0x0000000081900000, 0x0000000081900000| Untracked 
|  26|0x0000000081a00000, 0x0000000081b00000, 0x0000000081b00000|100%| O|  |TAMS 0x0000000081a00000, 0x0000000081a00000| Untracked 
|  27|0x0000000081b00000, 0x0000000081c00000, 0x0000000081c00000|100%| O|  |TAMS 0x0000000081b00000, 0x0000000081b00000| Untracked 
|  28|0x0000000081c00000, 0x0000000081d00000, 0x0000000081d00000|100%| O|  |TAMS 0x0000000081c00000, 0x0000000081c00000| Untracked 
|  29|0x0000000081d00000, 0x0000000081e00000, 0x0000000081e00000|100%| O|  |TAMS 0x0000000081d00000, 0x0000000081d00000| Untracked 
|  30|0x0000000081e00000, 0x0000000081f00000, 0x0000000081f00000|100%| O|  |TAMS 0x0000000081e00000, 0x0000000081e00000| Untracked 
|  31|0x0000000081f00000, 0x0000000082000000, 0x0000000082000000|100%| O|  |TAMS 0x0000000081f00000, 0x0000000081f00000| Untracked 
|  32|0x0000000082000000, 0x0000000082100000, 0x0000000082100000|100%| O|  |TAMS 0x0000000082000000, 0x0000000082000000| Untracked 
|  33|0x0000000082100000, 0x0000000082200000, 0x0000000082200000|100%| O|  |TAMS 0x0000000082100000, 0x0000000082100000| Untracked 
|  34|0x0000000082200000, 0x00000000822e7400, 0x0000000082300000| 90%| O|  |TAMS 0x0000000082200000, 0x0000000082200000| Untracked 
|  35|0x0000000082300000, 0x0000000082300000, 0x0000000082400000|  0%| F|  |TAMS 0x0000000082300000, 0x0000000082300000| Untracked 
|  36|0x0000000082400000, 0x0000000082400000, 0x0000000082500000|  0%| F|  |TAMS 0x0000000082400000, 0x0000000082400000| Untracked 
|  37|0x0000000082500000, 0x0000000082500000, 0x0000000082600000|  0%| F|  |TAMS 0x0000000082500000, 0x0000000082500000| Untracked 
|  38|0x0000000082600000, 0x0000000082600000, 0x0000000082700000|  0%| F|  |TAMS 0x0000000082600000, 0x0000000082600000| Untracked 
|  39|0x0000000082700000, 0x0000000082700000, 0x0000000082800000|  0%| F|  |TAMS 0x0000000082700000, 0x0000000082700000| Untracked 
|  40|0x0000000082800000, 0x0000000082800000, 0x0000000082900000|  0%| F|  |TAMS 0x0000000082800000, 0x0000000082800000| Untracked 
|  41|0x0000000082900000, 0x0000000082900000, 0x0000000082a00000|  0%| F|  |TAMS 0x0000000082900000, 0x0000000082900000| Untracked 
|  42|0x0000000082a00000, 0x0000000082a00000, 0x0000000082b00000|  0%| F|  |TAMS 0x0000000082a00000, 0x0000000082a00000| Untracked 
|  43|0x0000000082b00000, 0x0000000082b00000, 0x0000000082c00000|  0%| F|  |TAMS 0x0000000082b00000, 0x0000000082b00000| Untracked 
|  44|0x0000000082c00000, 0x0000000082c00000, 0x0000000082d00000|  0%| F|  |TAMS 0x0000000082c00000, 0x0000000082c00000| Untracked 
|  45|0x0000000082d00000, 0x0000000082d00000, 0x0000000082e00000|  0%| F|  |TAMS 0x0000000082d00000, 0x0000000082d00000| Untracked 
|  46|0x0000000082e00000, 0x0000000082e00000, 0x0000000082f00000|  0%| F|  |TAMS 0x0000000082e00000, 0x0000000082e00000| Untracked 
|  47|0x0000000082f00000, 0x0000000082f00000, 0x0000000083000000|  0%| F|  |TAMS 0x0000000082f00000, 0x0000000082f00000| Untracked 
|  48|0x0000000083000000, 0x0000000083000000, 0x0000000083100000|  0%| F|  |TAMS 0x0000000083000000, 0x0000000083000000| Untracked 
|  49|0x0000000083100000, 0x0000000083100000, 0x0000000083200000|  0%| F|  |TAMS 0x0000000083100000, 0x0000000083100000| Untracked 
|  50|0x0000000083200000, 0x0000000083200000, 0x0000000083300000|  0%| F|  |TAMS 0x0000000083200000, 0x0000000083200000| Untracked 
|  51|0x0000000083300000, 0x0000000083300000, 0x0000000083400000|  0%| F|  |TAMS 0x0000000083300000, 0x0000000083300000| Untracked 
|  52|0x0000000083400000, 0x0000000083400000, 0x0000000083500000|  0%| F|  |TAMS 0x0000000083400000, 0x0000000083400000| Untracked 
|  53|0x0000000083500000, 0x0000000083500000, 0x0000000083600000|  0%| F|  |TAMS 0x0000000083500000, 0x0000000083500000| Untracked 
|  54|0x0000000083600000, 0x0000000083600000, 0x0000000083700000|  0%| F|  |TAMS 0x0000000083600000, 0x0000000083600000| Untracked 
|  55|0x0000000083700000, 0x0000000083700000, 0x0000000083800000|  0%| F|  |TAMS 0x0000000083700000, 0x0000000083700000| Untracked 
|  56|0x0000000083800000, 0x0000000083800000, 0x0000000083900000|  0%| F|  |TAMS 0x0000000083800000, 0x0000000083800000| Untracked 
|  57|0x0000000083900000, 0x0000000083900000, 0x0000000083a00000|  0%| F|  |TAMS 0x0000000083900000, 0x0000000083900000| Untracked 
|  58|0x0000000083a00000, 0x0000000083a00000, 0x0000000083b00000|  0%| F|  |TAMS 0x0000000083a00000, 0x0000000083a00000| Untracked 
|  59|0x0000000083b00000, 0x0000000083b00000, 0x0000000083c00000|  0%| F|  |TAMS 0x0000000083b00000, 0x0000000083b00000| Untracked 
|  60|0x0000000083c00000, 0x0000000083c00000, 0x0000000083d00000|  0%| F|  |TAMS 0x0000000083c00000, 0x0000000083c00000| Untracked 
|  61|0x0000000083d00000, 0x0000000083d00000, 0x0000000083e00000|  0%| F|  |TAMS 0x0000000083d00000, 0x0000000083d00000| Untracked 
|  62|0x0000000083e00000, 0x0000000083e00000, 0x0000000083f00000|  0%| F|  |TAMS 0x0000000083e00000, 0x0000000083e00000| Untracked 
|  63|0x0000000083f00000, 0x0000000083f00000, 0x0000000084000000|  0%| F|  |TAMS 0x0000000083f00000, 0x0000000083f00000| Untracked 
|  64|0x0000000084000000, 0x0000000084000000, 0x0000000084100000|  0%| F|  |TAMS 0x0000000084000000, 0x0000000084000000| Untracked 
|  65|0x0000000084100000, 0x0000000084100000, 0x0000000084200000|  0%| F|  |TAMS 0x0000000084100000, 0x0000000084100000| Untracked 
|  66|0x0000000084200000, 0x0000000084200000, 0x0000000084300000|  0%| F|  |TAMS 0x0000000084200000, 0x0000000084200000| Untracked 
|  67|0x0000000084300000, 0x0000000084300000, 0x0000000084400000|  0%| F|  |TAMS 0x0000000084300000, 0x0000000084300000| Untracked 
|  68|0x0000000084400000, 0x0000000084400000, 0x0000000084500000|  0%| F|  |TAMS 0x0000000084400000, 0x0000000084400000| Untracked 
|  69|0x0000000084500000, 0x0000000084500000, 0x0000000084600000|  0%| F|  |TAMS 0x0000000084500000, 0x0000000084500000| Untracked 
|  70|0x0000000084600000, 0x0000000084600000, 0x0000000084700000|  0%| F|  |TAMS 0x0000000084600000, 0x0000000084600000| Untracked 
|  71|0x0000000084700000, 0x0000000084700000, 0x0000000084800000|  0%| F|  |TAMS 0x0000000084700000, 0x0000000084700000| Untracked 
|  72|0x0000000084800000, 0x0000000084800000, 0x0000000084900000|  0%| F|  |TAMS 0x0000000084800000, 0x0000000084800000| Untracked 
|  73|0x0000000084900000, 0x0000000084900000, 0x0000000084a00000|  0%| F|  |TAMS 0x0000000084900000, 0x0000000084900000| Untracked 
|  74|0x0000000084a00000, 0x0000000084a00000, 0x0000000084b00000|  0%| F|  |TAMS 0x0000000084a00000, 0x0000000084a00000| Untracked 
|  75|0x0000000084b00000, 0x0000000084b00000, 0x0000000084c00000|  0%| F|  |TAMS 0x0000000084b00000, 0x0000000084b00000| Untracked 
|  76|0x0000000084c00000, 0x0000000084c00000, 0x0000000084d00000|  0%| F|  |TAMS 0x0000000084c00000, 0x0000000084c00000| Untracked 
|  77|0x0000000084d00000, 0x0000000084d00000, 0x0000000084e00000|  0%| F|  |TAMS 0x0000000084d00000, 0x0000000084d00000| Untracked 
|  78|0x0000000084e00000, 0x0000000084e00000, 0x0000000084f00000|  0%| F|  |TAMS 0x0000000084e00000, 0x0000000084e00000| Untracked 
|  79|0x0000000084f00000, 0x0000000084f00000, 0x0000000085000000|  0%| F|  |TAMS 0x0000000084f00000, 0x0000000084f00000| Untracked 
|  80|0x0000000085000000, 0x0000000085000000, 0x0000000085100000|  0%| F|  |TAMS 0x0000000085000000, 0x0000000085000000| Untracked 
|  81|0x0000000085100000, 0x0000000085100000, 0x0000000085200000|  0%| F|  |TAMS 0x0000000085100000, 0x0000000085100000| Untracked 
|  82|0x0000000085200000, 0x0000000085200000, 0x0000000085300000|  0%| F|  |TAMS 0x0000000085200000, 0x0000000085200000| Untracked 
|  83|0x0000000085300000, 0x0000000085300000, 0x0000000085400000|  0%| F|  |TAMS 0x0000000085300000, 0x0000000085300000| Untracked 
|  84|0x0000000085400000, 0x0000000085400000, 0x0000000085500000|  0%| F|  |TAMS 0x0000000085400000, 0x0000000085400000| Untracked 
|  85|0x0000000085500000, 0x0000000085500000, 0x0000000085600000|  0%| F|  |TAMS 0x0000000085500000, 0x0000000085500000| Untracked 
|  86|0x0000000085600000, 0x0000000085600000, 0x0000000085700000|  0%| F|  |TAMS 0x0000000085600000, 0x0000000085600000| Untracked 
|  87|0x0000000085700000, 0x0000000085700000, 0x0000000085800000|  0%| F|  |TAMS 0x0000000085700000, 0x0000000085700000| Untracked 
|  88|0x0000000085800000, 0x0000000085800000, 0x0000000085900000|  0%| F|  |TAMS 0x0000000085800000, 0x0000000085800000| Untracked 
|  89|0x0000000085900000, 0x0000000085900000, 0x0000000085a00000|  0%| F|  |TAMS 0x0000000085900000, 0x0000000085900000| Untracked 
|  90|0x0000000085a00000, 0x0000000085a00000, 0x0000000085b00000|  0%| F|  |TAMS 0x0000000085a00000, 0x0000000085a00000| Untracked 
|  91|0x0000000085b00000, 0x0000000085b80800, 0x0000000085c00000| 50%| E|  |TAMS 0x0000000085b00000, 0x0000000085b00000| Complete 
|  92|0x0000000085c00000, 0x0000000085d00000, 0x0000000085d00000|100%| E|CS|TAMS 0x0000000085c00000, 0x0000000085c00000| Complete 
|  93|0x0000000085d00000, 0x0000000085e00000, 0x0000000085e00000|100%| E|CS|TAMS 0x0000000085d00000, 0x0000000085d00000| Complete 
|  94|0x0000000085e00000, 0x0000000085f00000, 0x0000000085f00000|100%| E|CS|TAMS 0x0000000085e00000, 0x0000000085e00000| Complete 
|  95|0x0000000085f00000, 0x0000000086000000, 0x0000000086000000|100%| E|CS|TAMS 0x0000000085f00000, 0x0000000085f00000| Complete 
|  96|0x0000000086000000, 0x0000000086100000, 0x0000000086100000|100%| E|CS|TAMS 0x0000000086000000, 0x0000000086000000| Complete 
|  97|0x0000000086100000, 0x0000000086200000, 0x0000000086200000|100%| E|CS|TAMS 0x0000000086100000, 0x0000000086100000| Complete 
|  98|0x0000000086200000, 0x0000000086300000, 0x0000000086300000|100%| E|CS|TAMS 0x0000000086200000, 0x0000000086200000| Complete 
|  99|0x0000000086300000, 0x0000000086400000, 0x0000000086400000|100%| E|CS|TAMS 0x0000000086300000, 0x0000000086300000| Complete 
| 130|0x0000000088200000, 0x0000000088300000, 0x0000000088300000|100%| E|CS|TAMS 0x0000000088200000, 0x0000000088200000| Complete 
| 131|0x0000000088300000, 0x0000000088400000, 0x0000000088400000|100%| E|CS|TAMS 0x0000000088300000, 0x0000000088300000| Complete 
| 132|0x0000000088400000, 0x0000000088500000, 0x0000000088500000|100%| E|CS|TAMS 0x0000000088400000, 0x0000000088400000| Complete 
| 133|0x0000000088500000, 0x0000000088600000, 0x0000000088600000|100%| E|CS|TAMS 0x0000000088500000, 0x0000000088500000| Complete 
| 134|0x0000000088600000, 0x0000000088700000, 0x0000000088700000|100%| E|CS|TAMS 0x0000000088600000, 0x0000000088600000| Complete 
| 135|0x0000000088700000, 0x0000000088800000, 0x0000000088800000|100%| S|CS|TAMS 0x0000000088700000, 0x0000000088700000| Complete 
| 155|0x0000000089b00000, 0x0000000089c00000, 0x0000000089c00000|100%| E|CS|TAMS 0x0000000089b00000, 0x0000000089b00000| Complete 

Card table byte_map: [0x00000266ede60000,0x00000266ee260000] _byte_map_base: 0x00000266eda60000

Marking Bits (Prev, Next): (CMBitMap*) 0x00000266db446de0, (CMBitMap*) 0x00000266db446e20
 Prev Bits: [0x00000266ee660000, 0x00000266f0660000)
 Next Bits: [0x00000266f0660000, 0x00000266f2660000)

Polling page: 0x00000266d9540000

Metaspace:

Usage:
  Non-class:     38.43 MB used.
      Class:      4.77 MB used.
       Both:     43.20 MB used.

Virtual space:
  Non-class space:       64.00 MB reserved,      38.69 MB ( 60%) committed,  1 nodes.
      Class space:        1.00 GB reserved,       5.00 MB ( <1%) committed,  1 nodes.
             Both:        1.06 GB reserved,      43.69 MB (  4%) committed. 

Chunk freelists:
   Non-Class:  9.07 MB
       Class:  10.82 MB
        Both:  19.89 MB

MaxMetaspaceSize: unlimited
CompressedClassSpaceSize: 1.00 GB
Initial GC threshold: 21.00 MB
Current GC threshold: 58.75 MB
CDS: off
MetaspaceReclaimPolicy: balanced
 - commit_granule_bytes: 65536.
 - commit_granule_words: 8192.
 - virtual_space_node_default_size: 8388608.
 - enlarge_chunks_in_place: 1.
 - new_chunks_are_fully_committed: 0.
 - uncommit_free_chunks: 1.
 - use_allocation_guard: 0.
 - handle_deallocations: 1.


Internal statistics:

num_allocs_failed_limit: 6.
num_arena_births: 580.
num_arena_deaths: 0.
num_vsnodes_births: 2.
num_vsnodes_deaths: 0.
num_space_committed: 699.
num_space_uncommitted: 0.
num_chunks_returned_to_freelist: 6.
num_chunks_taken_from_freelist: 1649.
num_chunk_merges: 6.
num_chunk_splits: 1119.
num_chunks_enlarged: 771.
num_inconsistent_stats: 0.

CodeHeap 'non-profiled nmethods': size=120000Kb used=2085Kb max_used=2085Kb free=117914Kb
 bounds [0x00000266e6530000, 0x00000266e67a0000, 0x00000266eda60000]
CodeHeap 'profiled nmethods': size=120000Kb used=8137Kb max_used=8923Kb free=111863Kb
 bounds [0x00000266dea60000, 0x00000266df320000, 0x00000266e5f90000]
CodeHeap 'non-nmethods': size=5760Kb used=2302Kb max_used=2359Kb free=3457Kb
 bounds [0x00000266e5f90000, 0x00000266e6200000, 0x00000266e6530000]
 total_blobs=5414 nmethods=4591 adapters=736
 compilation: enabled
              stopped_count=0, restarted_count=0
 full_count=0

Compilation events (20 events):
Event: 32.807 Thread 0x00000266f4c3a440 nmethod 5696 0x00000266e6609e90 code [0x00000266e660a020, 0x00000266e660a0f8]
Event: 32.807 Thread 0x00000266f4c3a440 5698       1       org.codehaus.groovy.ast.CompileUnit::getModules (5 bytes)
Event: 32.807 Thread 0x00000266f4c3a440 nmethod 5698 0x00000266e6609b90 code [0x00000266e6609d20, 0x00000266e6609df8]
Event: 32.812 Thread 0x00000266f4c3a440 5699       3       java.io.BufferedReader::readLine (7 bytes)
Event: 32.812 Thread 0x00000266f4c3a440 nmethod 5699 0x00000266df005210 code [0x00000266df0053c0, 0x00000266df005588]
Event: 32.813 Thread 0x00000266f4c3a440 5700       3       java.lang.StringLatin1::trim (76 bytes)
Event: 32.814 Thread 0x00000266f4c3a440 nmethod 5700 0x00000266dee09090 code [0x00000266dee09260, 0x00000266dee09648]
Event: 32.821 Thread 0x00000266f4c3a440 5701       1       org.codehaus.groovy.control.CompilerConfiguration::getOptimizationOptions (5 bytes)
Event: 32.821 Thread 0x00000266f4c3a440 nmethod 5701 0x00000266e6609890 code [0x00000266e6609a20, 0x00000266e6609af8]
Event: 32.823 Thread 0x00000266f4bcb3e0 nmethod 5689 0x00000266e6608990 code [0x00000266e6608b40, 0x00000266e6609398]
Event: 32.823 Thread 0x00000266f4bcb3e0 5690   !   4       java.io.BufferedReader::readLine (327 bytes)
Event: 32.857 Thread 0x00000266f4c3a440 5702       3       org.codehaus.groovy.ast.CodeVisitorSupport::visitStaticMethodCallExpression (9 bytes)
Event: 32.858 Thread 0x00000266f4c3a440 nmethod 5702 0x00000266dee08c10 code [0x00000266dee08dc0, 0x00000266dee08fc8]
Event: 32.859 Thread 0x00000266f4c3a440 5703       1       java.util.LinkedList$LLSpliterator::characteristics (4 bytes)
Event: 32.859 Thread 0x00000266f4c3a440 nmethod 5703 0x00000266e6608690 code [0x00000266e6608820, 0x00000266e66088f8]
Event: 32.861 Thread 0x00000266f4c3a440 5704       3       org.codehaus.groovy.ast.ClassNode::getFields (42 bytes)
Event: 32.862 Thread 0x00000266f4c3a440 nmethod 5704 0x00000266dee08310 code [0x00000266dee08500, 0x00000266dee08a58]
Event: 32.863 Thread 0x00000266f4c3a440 5705       3       org.codehaus.groovy.ast.ClassCodeVisitorSupport::visitConstructor (7 bytes)
Event: 32.863 Thread 0x00000266f4c3a440 nmethod 5705 0x00000266df176490 code [0x00000266df176640, 0x00000266df176808]
Event: 32.868 Thread 0x00000266f4c3a440 5706       3       groovyjarjarasm.asm.MethodWriter::visitLdcInsn (215 bytes)

GC Heap History (20 events):
Event: 8.444 GC heap before
{Heap before GC invocations=10 (full 0):
 garbage-first heap   total 61440K, used 45115K [0x0000000080000000, 0x0000000100000000)
  region size 1024K, 24 young (24576K), 1 survivors (1024K)
 Metaspace       used 22191K, committed 22464K, reserved 1114112K
  class space    used 2313K, committed 2432K, reserved 1048576K
}
Event: 8.446 GC heap after
{Heap after GC invocations=11 (full 0):
 garbage-first heap   total 61440K, used 21384K [0x0000000080000000, 0x0000000100000000)
  region size 1024K, 1 young (1024K), 1 survivors (1024K)
 Metaspace       used 22191K, committed 22464K, reserved 1114112K
  class space    used 2313K, committed 2432K, reserved 1048576K
}
Event: 9.904 GC heap before
{Heap before GC invocations=11 (full 0):
 garbage-first heap   total 61440K, used 45960K [0x0000000080000000, 0x0000000100000000)
  region size 1024K, 26 young (26624K), 1 survivors (1024K)
 Metaspace       used 24917K, committed 25216K, reserved 1114112K
  class space    used 2601K, committed 2752K, reserved 1048576K
}
Event: 9.914 GC heap after
{Heap after GC invocations=12 (full 0):
 garbage-first heap   total 61440K, used 23504K [0x0000000080000000, 0x0000000100000000)
  region size 1024K, 3 young (3072K), 3 survivors (3072K)
 Metaspace       used 24917K, committed 25216K, reserved 1114112K
  class space    used 2601K, committed 2752K, reserved 1048576K
}
Event: 11.563 GC heap before
{Heap before GC invocations=12 (full 0):
 garbage-first heap   total 61440K, used 46032K [0x0000000080000000, 0x0000000100000000)
  region size 1024K, 25 young (25600K), 3 survivors (3072K)
 Metaspace       used 30119K, committed 30464K, reserved 1114112K
  class space    used 3209K, committed 3392K, reserved 1048576K
}
Event: 11.577 GC heap after
{Heap after GC invocations=13 (full 0):
 garbage-first heap   total 61440K, used 25694K [0x0000000080000000, 0x0000000100000000)
  region size 1024K, 3 young (3072K), 3 survivors (3072K)
 Metaspace       used 30119K, committed 30464K, reserved 1114112K
  class space    used 3209K, committed 3392K, reserved 1048576K
}
Event: 12.325 GC heap before
{Heap before GC invocations=13 (full 0):
 garbage-first heap   total 61440K, used 47198K [0x0000000080000000, 0x0000000100000000)
  region size 1024K, 24 young (24576K), 3 survivors (3072K)
 Metaspace       used 31638K, committed 32000K, reserved 1114112K
  class space    used 3366K, committed 3520K, reserved 1048576K
}
Event: 12.335 GC heap after
{Heap after GC invocations=14 (full 0):
 garbage-first heap   total 61440K, used 26591K [0x0000000080000000, 0x0000000100000000)
  region size 1024K, 1 young (1024K), 1 survivors (1024K)
 Metaspace       used 31638K, committed 32000K, reserved 1114112K
  class space    used 3366K, committed 3520K, reserved 1048576K
}
Event: 12.372 GC heap before
{Heap before GC invocations=14 (full 0):
 garbage-first heap   total 61440K, used 35807K [0x0000000080000000, 0x0000000100000000)
  region size 1024K, 11 young (11264K), 1 survivors (1024K)
 Metaspace       used 31640K, committed 32000K, reserved 1114112K
  class space    used 3366K, committed 3520K, reserved 1048576K
}
Event: 12.376 GC heap after
{Heap after GC invocations=15 (full 0):
 garbage-first heap   total 61440K, used 27615K [0x0000000080000000, 0x0000000100000000)
  region size 1024K, 1 young (1024K), 1 survivors (1024K)
 Metaspace       used 31640K, committed 32000K, reserved 1114112K
  class space    used 3366K, committed 3520K, reserved 1048576K
}
Event: 12.700 GC heap before
{Heap before GC invocations=15 (full 0):
 garbage-first heap   total 61440K, used 51167K [0x0000000080000000, 0x0000000100000000)
  region size 1024K, 22 young (22528K), 1 survivors (1024K)
 Metaspace       used 32803K, committed 33216K, reserved 1114112K
  class space    used 3442K, committed 3648K, reserved 1048576K
}
Event: 12.707 GC heap after
{Heap after GC invocations=16 (full 0):
 garbage-first heap   total 159744K, used 26973K [0x0000000080000000, 0x0000000100000000)
  region size 1024K, 2 young (2048K), 2 survivors (2048K)
 Metaspace       used 32803K, committed 33216K, reserved 1114112K
  class space    used 3442K, committed 3648K, reserved 1048576K
}
Event: 15.203 GC heap before
{Heap before GC invocations=16 (full 0):
 garbage-first heap   total 159744K, used 115037K [0x0000000080000000, 0x0000000100000000)
  region size 1024K, 88 young (90112K), 2 survivors (2048K)
 Metaspace       used 35206K, committed 35520K, reserved 1114112K
  class space    used 3685K, committed 3840K, reserved 1048576K
}
Event: 15.214 GC heap after
{Heap after GC invocations=17 (full 0):
 garbage-first heap   total 159744K, used 29303K [0x0000000080000000, 0x0000000100000000)
  region size 1024K, 4 young (4096K), 4 survivors (4096K)
 Metaspace       used 35206K, committed 35520K, reserved 1114112K
  class space    used 3685K, committed 3840K, reserved 1048576K
}
Event: 15.720 GC heap before
{Heap before GC invocations=17 (full 0):
 garbage-first heap   total 159744K, used 48759K [0x0000000080000000, 0x0000000100000000)
  region size 1024K, 24 young (24576K), 4 survivors (4096K)
 Metaspace       used 35547K, committed 35968K, reserved 1114112K
  class space    used 3718K, committed 3904K, reserved 1048576K
}
Event: 15.733 GC heap after
{Heap after GC invocations=18 (full 0):
 garbage-first heap   total 159744K, used 31089K [0x0000000080000000, 0x0000000100000000)
  region size 1024K, 6 young (6144K), 6 survivors (6144K)
 Metaspace       used 35547K, committed 35968K, reserved 1114112K
  class space    used 3718K, committed 3904K, reserved 1048576K
}
Event: 22.309 GC heap before
{Heap before GC invocations=19 (full 0):
 garbage-first heap   total 109568K, used 90481K [0x0000000080000000, 0x0000000100000000)
  region size 1024K, 64 young (65536K), 6 survivors (6144K)
 Metaspace       used 43627K, committed 44160K, reserved 1114112K
  class space    used 4833K, committed 5056K, reserved 1048576K
}
Event: 22.339 GC heap after
{Heap after GC invocations=20 (full 0):
 garbage-first heap   total 109568K, used 35096K [0x0000000080000000, 0x0000000100000000)
  region size 1024K, 8 young (8192K), 8 survivors (8192K)
 Metaspace       used 43627K, committed 44160K, reserved 1114112K
  class space    used 4833K, committed 5056K, reserved 1048576K
}
Event: 22.393 GC heap before
{Heap before GC invocations=20 (full 0):
 garbage-first heap   total 109568K, used 35096K [0x0000000080000000, 0x0000000100000000)
  region size 1024K, 9 young (9216K), 8 survivors (8192K)
 Metaspace       used 43718K, committed 44224K, reserved 1114112K
  class space    used 4846K, committed 5056K, reserved 1048576K
}
Event: 22.417 GC heap after
{Heap after GC invocations=21 (full 0):
 garbage-first heap   total 109568K, used 35741K [0x0000000080000000, 0x0000000100000000)
  region size 1024K, 1 young (1024K), 1 survivors (1024K)
 Metaspace       used 43718K, committed 44224K, reserved 1114112K
  class space    used 4846K, committed 5056K, reserved 1048576K
}

Dll operation events (7 events):
Event: 0.042 Loaded shared library C:\Users\Admin\.katalon\packages\Katalon_Studio_Windows_64-9.2.0\Katalon_Studio_Windows_64-9.2.0\jre\bin\java.dll
Event: 0.715 Loaded shared library C:\Users\Admin\.katalon\packages\Katalon_Studio_Windows_64-9.2.0\Katalon_Studio_Windows_64-9.2.0\jre\bin\net.dll
Event: 0.720 Loaded shared library C:\Users\Admin\.katalon\packages\Katalon_Studio_Windows_64-9.2.0\Katalon_Studio_Windows_64-9.2.0\jre\bin\nio.dll
Event: 0.742 Loaded shared library C:\Users\Admin\.katalon\packages\Katalon_Studio_Windows_64-9.2.0\Katalon_Studio_Windows_64-9.2.0\jre\bin\zip.dll
Event: 2.019 Loaded shared library C:\Users\Admin\.katalon\packages\Katalon_Studio_Windows_64-9.2.0\Katalon_Studio_Windows_64-9.2.0\jre\bin\verify.dll
Event: 2.772 Loaded shared library C:\Users\Admin\.katalon\packages\Katalon_Studio_Windows_64-9.2.0\Katalon_Studio_Windows_64-9.2.0\jre\bin\jimage.dll
Event: 17.403 Loaded shared library C:\Users\Admin\.katalon\packages\Katalon_Studio_Windows_64-9.2.0\Katalon_Studio_Windows_64-9.2.0\jre\bin\sunmscapi.dll

Deoptimization events (20 events):
Event: 29.145 Thread 0x00000266db3ea920 Uncommon trap: trap_request=0xffffffc6 fr.pc=0x00000266e6710bc8 relative=0x0000000000000248
Event: 29.145 Thread 0x00000266db3ea920 Uncommon trap: reason=bimorphic_or_optimized_type_check action=maybe_recompile pc=0x00000266e6710bc8 method=groovyjarjarantlr4.v4.runtime.atn.ATNConfig.equals(Lgroovyjarjarantlr4/v4/runtime/atn/ATNConfig;)Z @ 67 c2
Event: 29.145 Thread 0x00000266db3ea920 DEOPT PACKING pc=0x00000266e6710bc8 sp=0x0000006cda1fb530
Event: 29.145 Thread 0x00000266db3ea920 DEOPT UNPACKING pc=0x00000266e5fe699d sp=0x0000006cda1fb468 mode 2
Event: 29.145 Thread 0x00000266db3ea920 Uncommon trap: trap_request=0xffffffc6 fr.pc=0x00000266e6710bc8 relative=0x0000000000000248
Event: 29.145 Thread 0x00000266db3ea920 Uncommon trap: reason=bimorphic_or_optimized_type_check action=maybe_recompile pc=0x00000266e6710bc8 method=groovyjarjarantlr4.v4.runtime.atn.ATNConfig.equals(Lgroovyjarjarantlr4/v4/runtime/atn/ATNConfig;)Z @ 67 c2
Event: 29.145 Thread 0x00000266db3ea920 DEOPT PACKING pc=0x00000266e6710bc8 sp=0x0000006cda1fb530
Event: 29.145 Thread 0x00000266db3ea920 DEOPT UNPACKING pc=0x00000266e5fe699d sp=0x0000006cda1fb468 mode 2
Event: 29.145 Thread 0x00000266db3ea920 Uncommon trap: trap_request=0xffffffc6 fr.pc=0x00000266e6710bc8 relative=0x0000000000000248
Event: 29.145 Thread 0x00000266db3ea920 Uncommon trap: reason=bimorphic_or_optimized_type_check action=maybe_recompile pc=0x00000266e6710bc8 method=groovyjarjarantlr4.v4.runtime.atn.ATNConfig.equals(Lgroovyjarjarantlr4/v4/runtime/atn/ATNConfig;)Z @ 67 c2
Event: 29.145 Thread 0x00000266db3ea920 DEOPT PACKING pc=0x00000266e6710bc8 sp=0x0000006cda1fb530
Event: 29.145 Thread 0x00000266db3ea920 DEOPT UNPACKING pc=0x00000266e5fe699d sp=0x0000006cda1fb468 mode 2
Event: 29.145 Thread 0x00000266db3ea920 Uncommon trap: trap_request=0xffffffc6 fr.pc=0x00000266e66c40c8 relative=0x0000000000000248
Event: 29.145 Thread 0x00000266db3ea920 Uncommon trap: reason=bimorphic_or_optimized_type_check action=maybe_recompile pc=0x00000266e66c40c8 method=groovyjarjarantlr4.v4.runtime.atn.ATNConfig.equals(Lgroovyjarjarantlr4/v4/runtime/atn/ATNConfig;)Z @ 67 c2
Event: 29.145 Thread 0x00000266db3ea920 DEOPT PACKING pc=0x00000266e66c40c8 sp=0x0000006cda1fb4a0
Event: 29.145 Thread 0x00000266db3ea920 DEOPT UNPACKING pc=0x00000266e5fe699d sp=0x0000006cda1fb450 mode 2
Event: 29.169 Thread 0x00000266db3ea920 DEOPT PACKING pc=0x00000266deed3fcf sp=0x0000006cda1fba60
Event: 29.169 Thread 0x00000266db3ea920 DEOPT UNPACKING pc=0x00000266e5fe7124 sp=0x0000006cda1faf48 mode 0
Event: 32.800 Thread 0x00000266db3ea920 DEOPT PACKING pc=0x00000266deed3fcf sp=0x0000006cda1fc150
Event: 32.800 Thread 0x00000266db3ea920 DEOPT UNPACKING pc=0x00000266e5fe7124 sp=0x0000006cda1fb638 mode 0

Classes unloaded (0 events):
No events

Classes redefined (0 events):
No events

Internal exceptions (20 events):
Event: 18.014 Thread 0x00000266f4ef2c90 Exception <a 'java/net/ConnectException'{0x0000000083d10b60}: Connection refused: no further information> (0x0000000083d10b60) 
thrown [s\src\hotspot\share\prims\jni.cpp, line 535]
Event: 18.015 Thread 0x00000266f4ef2c90 Exception <a 'java/net/SocketException'{0x0000000083d10e98}: Socket is not connected: shutdown> (0x0000000083d10e98) 
thrown [s\src\hotspot\share\prims\jni.cpp, line 535]
Event: 18.235 Thread 0x00000266db3ea920 Exception <a 'java/lang/IncompatibleClassChangeError'{0x0000000083cbf008}: Found class java.lang.Object, but interface was expected> (0x0000000083cbf008) 
thrown [s\src\hotspot\share\interpreter\linkResolver.cpp, line 826]
Event: 18.238 Thread 0x00000266db3ea920 Exception <a 'java/lang/NoSuchMethodError'{0x0000000083cc5940}: 'int java.lang.invoke.DirectMethodHandle$Holder.invokeSpecialIFC(java.lang.Object, java.lang.Object, java.lang.Object, java.lang.Object)'> (0x0000000083cc5940) 
thrown [s\src\hotspot\share\interpreter\linkResolver.cpp, line 759]
Event: 18.293 Thread 0x00000266db3ea920 Exception <a 'java/lang/NoSuchMethodError'{0x0000000083b5caa0}: 'double java.lang.invoke.DirectMethodHandle$Holder.invokeVirtual(java.lang.Object, java.lang.Object)'> (0x0000000083b5caa0) 
thrown [s\src\hotspot\share\interpreter\linkResolver.cpp, line 759]
Event: 18.301 Thread 0x00000266db3ea920 Exception <a 'java/lang/NoSuchMethodError'{0x0000000083b634c8}: 'float java.lang.invoke.DirectMethodHandle$Holder.invokeVirtual(java.lang.Object, java.lang.Object)'> (0x0000000083b634c8) 
thrown [s\src\hotspot\share\interpreter\linkResolver.cpp, line 759]
Event: 18.305 Thread 0x00000266db3ea920 Exception <a 'java/lang/NoSuchMethodError'{0x0000000083b6c768}: 'long java.lang.invoke.DirectMethodHandle$Holder.invokeVirtual(java.lang.Object, java.lang.Object)'> (0x0000000083b6c768) 
thrown [s\src\hotspot\share\interpreter\linkResolver.cpp, line 759]
Event: 18.632 Thread 0x00000266db3ea920 Implicit null exception at 0x00000266e664a7cb to 0x00000266e664a7f0
Event: 18.669 Thread 0x00000266db3ea920 Exception <a 'java/lang/NoSuchMethodError'{0x00000000836808d0}: 'void java.lang.invoke.DirectMethodHandle$Holder.invokeInterface(java.lang.Object, java.lang.Object, java.lang.Object)'> (0x00000000836808d0) 
thrown [s\src\hotspot\share\interpreter\linkResolver.cpp, line 759]
Event: 22.147 Thread 0x00000266db3ea920 Exception <a 'java/lang/NoSuchMethodError'{0x0000000082c27a88}: 'java.lang.Object java.lang.invoke.DirectMethodHandle$Holder.invokeSpecialIFC(java.lang.Object, java.lang.Object, java.lang.Object)'> (0x0000000082c27a88) 
thrown [s\src\hotspot\share\interpreter\linkResolver.cpp, line 759]
Event: 22.548 Thread 0x00000266db3ea920 Exception <a 'java/lang/ClassNotFoundException'{0x00000000886f55c8}: com/kms/katalon/core/webui/keyword/builtin/NavigateToUrlKeywordBeanInfo> (0x00000000886f55c8) 
thrown [s\src\hotspot\share\classfile\systemDictionary.cpp, line 256]
Event: 22.645 Thread 0x00000266db3ea920 Exception <a 'java/lang/ClassNotFoundException'{0x0000000088528fc8}: com/kms/katalon/core/webui/keyword/builtin/NavigateToUrlKeywordCustomizer> (0x0000000088528fc8) 
thrown [s\src\hotspot\share\classfile\systemDictionary.cpp, line 256]
Event: 29.053 Thread 0x00000266db3ea920 Exception <a 'java/lang/ClassNotFoundException'{0x000000008834e610}: com/kms/katalon/core/testobject/ObjectRepositoryBeanInfo> (0x000000008834e610) 
thrown [s\src\hotspot\share\classfile\systemDictionary.cpp, line 256]
Event: 29.059 Thread 0x00000266db3ea920 Exception <a 'java/lang/ClassNotFoundException'{0x000000008837edf0}: com/kms/katalon/core/testobject/ObjectRepositoryCustomizer> (0x000000008837edf0) 
thrown [s\src\hotspot\share\classfile\systemDictionary.cpp, line 256]
Event: 29.292 Thread 0x00000266db3ea920 Exception <a 'java/lang/ClassNotFoundException'{0x00000000862703b0}: Script1BeanInfo> (0x00000000862703b0) 
thrown [s\src\hotspot\share\classfile\systemDictionary.cpp, line 256]
Event: 29.306 Thread 0x00000266db3ea920 Exception <a 'java/lang/ClassNotFoundException'{0x000000008629fd48}: Script1Customizer> (0x000000008629fd48) 
thrown [s\src\hotspot\share\classfile\systemDictionary.cpp, line 256]
Event: 29.398 Thread 0x00000266db3ea920 Exception <a 'java/lang/ClassNotFoundException'{0x0000000086022cf8}: com/kms/katalon/core/webui/keyword/builtin/ClickKeywordBeanInfo> (0x0000000086022cf8) 
thrown [s\src\hotspot\share\classfile\systemDictionary.cpp, line 256]
Event: 29.409 Thread 0x00000266db3ea920 Exception <a 'java/lang/ClassNotFoundException'{0x0000000086054ed8}: com/kms/katalon/core/webui/keyword/builtin/ClickKeywordCustomizer> (0x0000000086054ed8) 
thrown [s\src\hotspot\share\classfile\systemDictionary.cpp, line 256]
Event: 29.882 Thread 0x00000266db3ea920 Exception <a 'java/lang/ClassNotFoundException'{0x0000000085e70068}: org/openqa/selenium/support/events/EventFiringWebDriver$EventFiringWebElementBeanInfo> (0x0000000085e70068) 
thrown [s\src\hotspot\share\classfile\systemDictionary.cpp, line 256]
Event: 29.888 Thread 0x00000266db3ea920 Exception <a 'java/lang/ClassNotFoundException'{0x0000000085ea6870}: org/openqa/selenium/support/events/EventFiringWebDriver$EventFiringWebElementCustomizer> (0x0000000085ea6870) 
thrown [s\src\hotspot\share\classfile\systemDictionary.cpp, line 256]

VM Operations (20 events):
Event: 18.191 Executing VM operation: HandshakeAllThreads
Event: 18.191 Executing VM operation: HandshakeAllThreads done
Event: 19.191 Executing VM operation: Cleanup
Event: 19.191 Executing VM operation: Cleanup done
Event: 22.193 Executing VM operation: Cleanup
Event: 22.193 Executing VM operation: Cleanup done
Event: 22.281 Executing VM operation: HandshakeAllThreads
Event: 22.281 Executing VM operation: HandshakeAllThreads done
Event: 22.309 Executing VM operation: G1CollectForAllocation
Event: 22.339 Executing VM operation: G1CollectForAllocation done
Event: 22.393 Executing VM operation: G1CollectForAllocation
Event: 22.417 Executing VM operation: G1CollectForAllocation done
Event: 24.418 Executing VM operation: Cleanup
Event: 24.418 Executing VM operation: Cleanup done
Event: 29.082 Executing VM operation: HandshakeAllThreads
Event: 29.082 Executing VM operation: HandshakeAllThreads done
Event: 29.082 Executing VM operation: Cleanup
Event: 29.082 Executing VM operation: Cleanup done
Event: 31.082 Executing VM operation: Cleanup
Event: 31.082 Executing VM operation: Cleanup done

Events (20 events):
Event: 18.897 loading class jdk/internal/icu/impl/Trie2$ValueMapper
Event: 18.897 loading class jdk/internal/icu/impl/Trie2$ValueMapper done
Event: 18.897 loading class jdk/internal/icu/impl/Trie2$1 done
Event: 18.897 loading class jdk/internal/icu/impl/Trie2$UTrie2Header
Event: 18.897 loading class jdk/internal/icu/impl/Trie2$UTrie2Header done
Event: 18.963 loading class java/net/ProtocolException
Event: 18.963 loading class java/net/ProtocolException done
Event: 18.964 loading class java/net/HttpRetryException
Event: 18.964 loading class java/net/HttpRetryException done
Event: 18.998 loading class java/net/UnknownServiceException
Event: 18.998 loading class java/net/UnknownServiceException done
Event: 19.023 Thread 0x00000266fbe40b70 Thread added: 0x00000266fbe40b70
Event: 19.037 Thread 0x00000266fbe3fd00 Thread added: 0x00000266fbe3fd00
Event: 22.241 loading class java/util/UUID$Holder
Event: 22.241 loading class java/util/UUID$Holder done
Event: 22.512 loading class java/lang/StackTraceElement$HashedModules
Event: 22.512 loading class java/lang/StackTraceElement$HashedModules done
Event: 22.719 loading class sun/net/www/protocol/https/Handler
Event: 22.720 loading class sun/net/www/protocol/https/Handler done
Event: 23.193 Thread 0x00000266fa24aa40 Thread exited: 0x00000266fa24aa40


Dynamic libraries:
0x00007ff6ad860000 - 0x00007ff6ad86e000 	C:\Users\Admin\.katalon\packages\Katalon_Studio_Windows_64-9.2.0\Katalon_Studio_Windows_64-9.2.0\jre\bin\javaw.exe
0x00007ff913300000 - 0x00007ff9134e0000 	C:\Windows\SYSTEM32\ntdll.dll
0x00007ff910fc0000 - 0x00007ff91106e000 	C:\Windows\System32\KERNEL32.DLL
0x00007ff90f700000 - 0x00007ff90f966000 	C:\Windows\System32\KERNELBASE.dll
0x00007ff90fbc0000 - 0x00007ff90fcb5000 	C:\Windows\System32\ucrtbase.dll
0x00007ff907530000 - 0x00007ff907547000 	C:\Users\Admin\.katalon\packages\Katalon_Studio_Windows_64-9.2.0\Katalon_Studio_Windows_64-9.2.0\jre\bin\jli.dll
0x00007ff9118d0000 - 0x00007ff911a5f000 	C:\Windows\System32\USER32.dll
0x00007ff90f970000 - 0x00007ff90f990000 	C:\Windows\System32\win32u.dll
0x00007ff9109a0000 - 0x00007ff9109c8000 	C:\Windows\System32\GDI32.dll
0x00007ff9105b0000 - 0x00007ff910743000 	C:\Windows\System32\gdi32full.dll
0x00007ff910510000 - 0x00007ff9105ab000 	C:\Windows\System32\msvcp_win.dll
0x00007ff905350000 - 0x00007ff905369000 	C:\Users\Admin\.katalon\packages\Katalon_Studio_Windows_64-9.2.0\Katalon_Studio_Windows_64-9.2.0\jre\bin\VCRUNTIME140.dll
0x00007ff902c70000 - 0x00007ff902ed9000 	C:\Windows\WinSxS\amd64_microsoft.windows.common-controls_6595b64144ccf1df_6.0.16299.785_none_15cbda149361fcd9\COMCTL32.dll
0x00007ff9107d0000 - 0x00007ff91086d000 	C:\Windows\System32\msvcrt.dll
0x00007ff911250000 - 0x00007ff911556000 	C:\Windows\System32\combase.dll
0x00007ff910870000 - 0x00007ff91098f000 	C:\Windows\System32\RPCRT4.dll
0x00007ff910750000 - 0x00007ff9107c2000 	C:\Windows\System32\bcryptPrimitives.dll
0x00007ff911070000 - 0x00007ff91109d000 	C:\Windows\System32\IMM32.DLL
0x00007ff90c250000 - 0x00007ff90c25c000 	C:\Users\Admin\.katalon\packages\Katalon_Studio_Windows_64-9.2.0\Katalon_Studio_Windows_64-9.2.0\jre\bin\vcruntime140_1.dll
0x00007ff8f1520000 - 0x00007ff8f15b1000 	C:\Users\Admin\.katalon\packages\Katalon_Studio_Windows_64-9.2.0\Katalon_Studio_Windows_64-9.2.0\jre\bin\msvcp140.dll
0x00007ff8dd6c0000 - 0x00007ff8de308000 	C:\Users\Admin\.katalon\packages\Katalon_Studio_Windows_64-9.2.0\Katalon_Studio_Windows_64-9.2.0\jre\bin\server\jvm.dll
0x00007ff911b60000 - 0x00007ff911c01000 	C:\Windows\System32\ADVAPI32.dll
0x00007ff911b00000 - 0x00007ff911b5b000 	C:\Windows\System32\sechost.dll
0x00007ff90c2e0000 - 0x00007ff90c2e9000 	C:\Windows\SYSTEM32\WSOCK32.dll
0x00007ff911860000 - 0x00007ff9118cc000 	C:\Windows\System32\WS2_32.dll
0x00007ff90c3e0000 - 0x00007ff90c403000 	C:\Windows\SYSTEM32\WINMM.dll
0x00007ff906650000 - 0x00007ff90665a000 	C:\Windows\SYSTEM32\VERSION.dll
0x00007ff90c3b0000 - 0x00007ff90c3da000 	C:\Windows\SYSTEM32\WINMMBASE.dll
0x00007ff90fcc0000 - 0x00007ff90fd0a000 	C:\Windows\System32\cfgmgr32.dll
0x00007ff90f650000 - 0x00007ff90f661000 	C:\Windows\System32\kernel.appcore.dll
0x00007ff90bcf0000 - 0x00007ff90bcfa000 	C:\Users\Admin\.katalon\packages\Katalon_Studio_Windows_64-9.2.0\Katalon_Studio_Windows_64-9.2.0\jre\bin\jimage.dll
0x00007ff8f0510000 - 0x00007ff8f06d8000 	C:\Windows\SYSTEM32\DBGHELP.DLL
0x00007ff8f4fe0000 - 0x00007ff8f5009000 	C:\Windows\SYSTEM32\dbgcore.DLL
0x00007ff909530000 - 0x00007ff909555000 	C:\Users\Admin\.katalon\packages\Katalon_Studio_Windows_64-9.2.0\Katalon_Studio_Windows_64-9.2.0\jre\bin\java.dll
0x00007ff90b460000 - 0x00007ff90b478000 	C:\Users\Admin\.katalon\packages\Katalon_Studio_Windows_64-9.2.0\Katalon_Studio_Windows_64-9.2.0\jre\bin\zip.dll
0x00007ff911c10000 - 0x00007ff913048000 	C:\Windows\System32\SHELL32.dll
0x00007ff9115c0000 - 0x00007ff911666000 	C:\Windows\System32\shcore.dll
0x00007ff90fdc0000 - 0x00007ff910507000 	C:\Windows\System32\windows.storage.dll
0x00007ff911560000 - 0x00007ff9115b1000 	C:\Windows\System32\shlwapi.dll
0x00007ff90f6b0000 - 0x00007ff90f6fc000 	C:\Windows\System32\powrprof.dll
0x00007ff90f690000 - 0x00007ff90f6ab000 	C:\Windows\System32\profapi.dll
0x00007ff90acd0000 - 0x00007ff90ace9000 	C:\Users\Admin\.katalon\packages\Katalon_Studio_Windows_64-9.2.0\Katalon_Studio_Windows_64-9.2.0\jre\bin\net.dll
0x00007ff909880000 - 0x00007ff90995e000 	C:\Windows\SYSTEM32\WINHTTP.dll
0x00007ff90eee0000 - 0x00007ff90ef46000 	C:\Windows\system32\mswsock.dll
0x00007ff909510000 - 0x00007ff909525000 	C:\Users\Admin\.katalon\packages\Katalon_Studio_Windows_64-9.2.0\Katalon_Studio_Windows_64-9.2.0\jre\bin\nio.dll
0x00007ff90b6a0000 - 0x00007ff90b6b0000 	C:\Users\Admin\.katalon\packages\Katalon_Studio_Windows_64-9.2.0\Katalon_Studio_Windows_64-9.2.0\jre\bin\verify.dll
0x00007ff90ecb0000 - 0x00007ff90ed66000 	C:\Windows\SYSTEM32\DNSAPI.dll
0x00007ff911240000 - 0x00007ff911248000 	C:\Windows\System32\NSI.dll
0x00007ff90ec70000 - 0x00007ff90eca9000 	C:\Windows\SYSTEM32\IPHLPAPI.DLL
0x00007ff908390000 - 0x00007ff90839a000 	C:\Windows\System32\rasadhlp.dll
0x00007ff909a70000 - 0x00007ff909ae0000 	C:\Windows\System32\fwpuclnt.dll
0x00007ff90f1b0000 - 0x00007ff90f1d5000 	C:\Windows\SYSTEM32\bcrypt.dll
0x00007ff909500000 - 0x00007ff90950e000 	C:\Users\Admin\.katalon\packages\Katalon_Studio_Windows_64-9.2.0\Katalon_Studio_Windows_64-9.2.0\jre\bin\sunmscapi.dll
0x00007ff90f990000 - 0x00007ff90fb5e000 	C:\Windows\System32\CRYPT32.dll
0x00007ff90f670000 - 0x00007ff90f682000 	C:\Windows\System32\MSASN1.dll
0x00007ff90f180000 - 0x00007ff90f1a6000 	C:\Windows\SYSTEM32\ncrypt.dll
0x00007ff90f140000 - 0x00007ff90f176000 	C:\Windows\SYSTEM32\NTASN1.dll
0x00007ff90f0a0000 - 0x00007ff90f0b7000 	C:\Windows\SYSTEM32\CRYPTSP.dll
0x00007ff90eae0000 - 0x00007ff90eb13000 	C:\Windows\system32\rsaenh.dll
0x00007ff90f550000 - 0x00007ff90f579000 	C:\Windows\SYSTEM32\USERENV.dll
0x00007ff90f0c0000 - 0x00007ff90f0cb000 	C:\Windows\SYSTEM32\CRYPTBASE.dll
0x00007ff909f40000 - 0x00007ff909f56000 	C:\Windows\SYSTEM32\dhcpcsvc6.DLL
0x00007ff90a4c0000 - 0x00007ff90a4da000 	C:\Windows\SYSTEM32\dhcpcsvc.DLL

dbghelp: loaded successfully - version: 4.0.5 - missing functions: none
symbol engine: initialized successfully - sym options: 0x614 - pdb path: .;C:\Users\Admin\.katalon\packages\Katalon_Studio_Windows_64-9.2.0\Katalon_Studio_Windows_64-9.2.0\jre\bin;C:\Windows\SYSTEM32;C:\Windows\WinSxS\amd64_microsoft.windows.common-controls_6595b64144ccf1df_6.0.16299.785_none_15cbda149361fcd9;C:\Users\Admin\.katalon\packages\Katalon_Studio_Windows_64-9.2.0\Katalon_Studio_Windows_64-9.2.0\jre\bin\server

VM Arguments:
jvm_args: -Dgroovy.home=C:\Users\Admin/.groovy -Djava.system.class.loader=groovy.lang.GroovyClassLoader -Xmx2048m -Dfile.encoding=UTF-8 -XX:+ShowCodeDetailsInExceptionMessages 
java_command: org.codehaus.groovy.tools.GroovyStarter --classpath D:\Katalon Studio\Final_Project_Testing\bin\keyword;D:\Katalon Studio\Final_Project_Testing\Keywords;D:\Katalon Studio\Final_Project_Testing\bin\listener;D:\Katalon Studio\Final_Project_Testing\Test Listeners;D:\Katalon Studio\Final_Project_Testing\bin\lib;D:\Katalon Studio\Final_Project_Testing\Libs;D:\Katalon Studio\Final_Project_Testing\bin\groovy;D:\Katalon Studio\Final_Project_Testing\Include\scripts\groovy;C:\Users\Admin\.katalon\packages\Katalon_Studio_Windows_64-9.2.0\Katalon_Studio_Windows_64-9.2.0\plugins\com.kms.katalon.core_1.0.0.202312271622.jar;C:\Users\Admin\.katalon\packages\Katalon_Studio_Windows_64-9.2.0\Katalon_Studio_Windows_64-9.2.0\configuration\resources\lib\aalto-xml-1.0.0.jar;C:\Users\Admin\.katalon\packages\Katalon_Studio_Windows_64-9.2.0\Katalon_Studio_Windows_64-9.2.0\configuration\resources\lib\aspectjweaver-1.9.1.jar;C:\Users\Admin\.katalon\packages\Katalon_Studio_Windows_64-9.2.0\Katalon_Studio_Windows_64-9.2.0\configuration\resources\lib\bcpkix-jdk15on-1.64.jar;C:\Users\Admin\.katalon\packages\Katalon_Studio_Windows_64-9.2.0\Katalon_Studio_Windows_64-9.2.0\configuration\resources\lib\bcprov-jdk15on-1.64.jar;C:\Users\Admin\.katalon\packages\Katalon_Studio_Windows_64-9.2.0\Katalon_Studio_Windows_64-9.2.0\configuration\resources\lib\browsermob-core-2.1.5.jar;C:\Users\Admin\.katalon\packages\Katalon_Studio_Windows_64-9.2.0\Katalon_Studio_Windows_64-9.2.0\configuration\resources\lib\cglib-3.2.10.jar;C:\Users\Admin\.katalon\packages\Katalon_Studio_Windows_64-9.2.0\Katalon_Studio_Windows_64-9.2.0\configuration\resources\lib\commons-codec-1.10.jar;C:\Users\Admin\.katalon\packages\Katalon_Studio_Windows_64-9.2.0\Katalon_Studio_Windows_64-9.2.0\configuration\resources\lib\commons-collections4-4.1.jar;C:\Users\Admin\.katalon\packages\Katalon_Studio_Windows_64-9.2.0\Katalon_Studio_Windows_64-9.2.0\configuration\resources\lib\commons-validator-1.6.jar;C:\Users\Admin\.katalon\packa
java_class_path (initial): D:\Katalon Studio\Final_Project_Testing\bin\keyword;D:\Katalon Studio\Final_Project_Testing\bin\listener;D:\Katalon Studio\Final_Project_Testing\bin\lib;D:\Katalon Studio\Final_Project_Testing\bin\groovy;D:\Katalon Studio\Final_Project_Testing\bin;C:\Users\Admin\.katalon\packages\Katalon_Studio_Windows_64-9.2.0\Katalon_Studio_Windows_64-9.2.0\plugins\com.kms.katalon.core_1.0.0.202312271622.jar;C:\Users\Admin\.katalon\packages\Katalon_Studio_Windows_64-9.2.0\Katalon_Studio_Windows_64-9.2.0\configuration\resources\lib\aalto-xml-1.0.0.jar;C:\Users\Admin\.katalon\packages\Katalon_Studio_Windows_64-9.2.0\Katalon_Studio_Windows_64-9.2.0\configuration\resources\lib\aspectjweaver-1.9.1.jar;C:\Users\Admin\.katalon\packages\Katalon_Studio_Windows_64-9.2.0\Katalon_Studio_Windows_64-9.2.0\configuration\resources\lib\bcpkix-jdk15on-1.64.jar;C:\Users\Admin\.katalon\packages\Katalon_Studio_Windows_64-9.2.0\Katalon_Studio_Windows_64-9.2.0\configuration\resources\lib\bcprov-jdk15on-1.64.jar;C:\Users\Admin\.katalon\packages\Katalon_Studio_Windows_64-9.2.0\Katalon_Studio_Windows_64-9.2.0\configuration\resources\lib\browsermob-core-2.1.5.jar;C:\Users\Admin\.katalon\packages\Katalon_Studio_Windows_64-9.2.0\Katalon_Studio_Windows_64-9.2.0\configuration\resources\lib\cglib-3.2.10.jar;C:\Users\Admin\.katalon\packages\Katalon_Studio_Windows_64-9.2.0\Katalon_Studio_Windows_64-9.2.0\configuration\resources\lib\commons-codec-1.10.jar;C:\Users\Admin\.katalon\packages\Katalon_Studio_Windows_64-9.2.0\Katalon_Studio_Windows_64-9.2.0\configuration\resources\lib\commons-collections4-4.1.jar;C:\Users\Admin\.katalon\packages\Katalon_Studio_Windows_64-9.2.0\Katalon_Studio_Windows_64-9.2.0\configuration\resources\lib\commons-validator-1.6.jar;C:\Users\Admin\.katalon\packages\Katalon_Studio_Windows_64-9.2.0\Katalon_Studio_Windows_64-9.2.0\configuration\resources\lib\curvesapi-1.04.jar;C:\Users\Admin\.katalon\packages\Katalon_Studio_Windows_64-9.2.0\Katalon_Studio_Windows_64-9
Launcher Type: SUN_STANDARD

[Global flags]
     intx CICompilerCount                          = 3                                         {product} {ergonomic}
     uint ConcGCThreads                            = 1                                         {product} {ergonomic}
     uint G1ConcRefinementThreads                  = 4                                         {product} {ergonomic}
   size_t G1HeapRegionSize                         = 1048576                                   {product} {ergonomic}
    uintx GCDrainStackTargetSize                   = 64                                        {product} {ergonomic}
   size_t InitialHeapSize                          = 62914560                                  {product} {ergonomic}
   size_t MarkStackSize                            = 4194304                                   {product} {ergonomic}
   size_t MaxHeapSize                              = 2147483648                                {product} {command line}
   size_t MaxNewSize                               = 1287651328                                {product} {ergonomic}
   size_t MinHeapDeltaBytes                        = 1048576                                   {product} {ergonomic}
   size_t MinHeapSize                              = 8388608                                   {product} {ergonomic}
    uintx NonNMethodCodeHeapSize                   = 5832780                                {pd product} {ergonomic}
    uintx NonProfiledCodeHeapSize                  = 122912730                              {pd product} {ergonomic}
    uintx ProfiledCodeHeapSize                     = 122912730                              {pd product} {ergonomic}
    uintx ReservedCodeCacheSize                    = 251658240                              {pd product} {ergonomic}
     bool SegmentedCodeCache                       = true                                      {product} {ergonomic}
     bool ShowCodeDetailsInExceptionMessages       = true                                   {manageable} {command line}
   size_t SoftMaxHeapSize                          = 2147483648                             {manageable} {ergonomic}
     bool UseCompressedClassPointers               = true                           {product lp64_product} {ergonomic}
     bool UseCompressedOops                        = true                           {product lp64_product} {ergonomic}
     bool UseG1GC                                  = true                                      {product} {ergonomic}
     bool UseLargePagesIndividualAllocation        = false                                  {pd product} {ergonomic}

Logging:
Log output configuration:
 #0: stdout all=warning uptime,level,tags
 #1: stderr all=off uptime,level,tags

Environment Variables:
PATH=C:/Users/Admin/.katalon/packages/Katalon_Studio_Windows_64-9.2.0/Katalon_Studio_Windows_64-9.2.0/jre/bin/server;C:/Users/Admin/.katalon/packages/Katalon_Studio_Windows_64-9.2.0/Katalon_Studio_Windows_64-9.2.0/jre/bin;C:\Program Files\Common Files\Oracle\Java\javapath;C:\Windows\system32;C:\Windows;C:\Windows\System32\Wbem;C:\Windows\System32\WindowsPowerShell\v1.0\;C:\xampp\php;C:\composer;C:\Program Files\nodejs\;C:\Program Files\Git\cmd;C:\Users\Admin\AppData\Local\Microsoft\WindowsApps;C:\Users\Admin\AppData\Local\GitHubDesktop\bin;C:\Users\Admin\AppData\Local\Programs\Microsoft VS Code\bin;C:\Users\Admin\AppData\Roaming\Composer\vendor\bin;C:\Users\Admin\AppData\Roaming\npm;C:\Program Files\JetBrains\IntelliJ IDEA Community Edition 2023.3.2\bin;;C:\Users\Admin\.katalon\packages\Katalon_Studio_Windows_64-9.2.0\Katalon_Studio_Windows_64-9.2.0;
USERNAME=Admin
OS=Windows_NT
PROCESSOR_IDENTIFIER=Intel64 Family 6 Model 37 Stepping 5, GenuineIntel
TMP=C:\Users\Admin\AppData\Local\Temp
TEMP=C:\Windows\TEMP



---------------  S Y S T E M  ---------------

OS:
 Windows 10 , 64 bit Build 16299 (10.0.16299.431)
OS uptime: 0 days 5:40 hours

CPU: total 4 (initial active 4) (2 cores per cpu, 2 threads per core) family 6 model 37 stepping 5 microcode 0x4, cx8, cmov, fxsr, ht, mmx, sse, sse2, sse3, ssse3, sse4.1, sse4.2, popcnt, tsc, tscinvbit, clflush

Memory: 4k page, system-wide physical 3766M (128M free)
TotalPageFile size 10363M (AvailPageFile size 2M)
current process WorkingSet (physical memory assigned to process): 201M, peak: 245M
current process commit charge ("private bytes"): 256M, peak: 312M

vm_info: OpenJDK 64-Bit Server VM (17.0.7+7) for windows-amd64 JRE (17.0.7+7), built on Apr 18 2023 22:10:42 by "temurin" with MS VC++ 16.7 (VS2019)

END.
