#
# There is insufficient memory for the Java Runtime Environment to continue.
# Native memory allocation (mmap) failed to map 15728640 bytes for G1 virtual space
# Possible reasons:
#   The system is out of physical RAM or swap space
#   The process is running with CompressedOops enabled, and the Java Heap may be blocking the growth of the native heap
# Possible solutions:
#   Reduce memory load on the system
#   Increase physical memory or swap space
#   Check if swap backing store is full
#   Decrease Java heap size (-Xmx/-Xms)
#   Decrease number of Java threads
#   Decrease Java thread stack sizes (-Xss)
#   Set larger code cache with -XX:ReservedCodeCacheSize=
#   JVM is running with Unscaled Compressed Oops mode in which the Java heap is
#     placed in the first 4GB address space. The Java Heap base address is the
#     maximum limit for the native heap growth. Please use -XX:HeapBaseMinAddress
#     to set the Java Heap base and to place the Java Heap above 4GB virtual address.
# This output file may be truncated or incomplete.
#
#  Out of Memory Error (os_windows.cpp:3559), pid=7172, tid=12968
#
# JRE version: OpenJDK Runtime Environment Temurin-17.0.7+7 (17.0.7+7) (build 17.0.7+7)
# Java VM: OpenJDK 64-Bit Server VM Temurin-17.0.7+7 (17.0.7+7, mixed mode, tiered, compressed oops, compressed class ptrs, g1 gc, windows-amd64)
# No core dump will be written. Minidumps are not enabled by default on client versions of Windows
#

---------------  S U M M A R Y ------------

Command Line: -Dgroovy.home=C:\Users\Admin/.groovy -Djava.system.class.loader=groovy.lang.GroovyClassLoader -Xmx2048m -Dfile.encoding=UTF-8 -XX:+ShowCodeDetailsInExceptionMessages org.codehaus.groovy.tools.GroovyStarter --classpath D:\Katalon Studio\Final_Project_Testing\bin\keyword;D:\Katalon Studio\Final_Project_Testing\Keywords;D:\Katalon Studio\Final_Project_Testing\bin\listener;D:\Katalon Studio\Final_Project_Testing\Test Listeners;D:\Katalon Studio\Final_Project_Testing\bin\lib;D:\Katalon Studio\Final_Project_Testing\Libs;D:\Katalon Studio\Final_Project_Testing\bin\groovy;D:\Katalon Studio\Final_Project_Testing\Include\scripts\groovy;C:\Users\Admin\.katalon\packages\Katalon_Studio_Windows_64-9.2.0\Katalon_Studio_Windows_64-9.2.0\plugins\com.kms.katalon.core_1.0.0.202312271622.jar;C:\Users\Admin\.katalon\packages\Katalon_Studio_Windows_64-9.2.0\Katalon_Studio_Windows_64-9.2.0\configuration\resources\lib\aalto-xml-1.0.0.jar;C:\Users\Admin\.katalon\packages\Katalon_Studio_Windows_64-9.2.0\Katalon_Studio_Windows_64-9.2.0\configuration\resources\lib\aspectjweaver-1.9.1.jar;C:\Users\Admin\.katalon\packages\Katalon_Studio_Windows_64-9.2.0\Katalon_Studio_Windows_64-9.2.0\configuration\resources\lib\bcpkix-jdk15on-1.64.jar;C:\Users\Admin\.katalon\packages\Katalon_Studio_Windows_64-9.2.0\Katalon_Studio_Windows_64-9.2.0\configuration\resources\lib\bcprov-jdk15on-1.64.jar;C:\Users\Admin\.katalon\packages\Katalon_Studio_Windows_64-9.2.0\Katalon_Studio_Windows_64-9.2.0\configuration\resources\lib\browsermob-core-2.1.5.jar;C:\Users\Admin\.katalon\packages\Katalon_Studio_Windows_64-9.2.0\Katalon_Studio_Windows_64-9.2.0\configuration\resources\lib\cglib-3.2.10.jar;C:\Users\Admin\.katalon\packages\Katalon_Studio_Windows_64-9.2.0\Katalon_Studio_Windows_64-9.2.0\configuration\resources\lib\commons-codec-1.10.jar;C:\Users\Admin\.katalon\packages\Katalon_Studio_Windows_64-9.2.0\Katalon_Studio_Windows_64-9.2.0\configuration\resources\lib\commons-collections4-4.1.jar;C:\Users\Admin\.katalon\packages\Katalon_Studio_Windows_64-9.2.0\Katalon_Studio_Windows_64-9.2.0\configuration\resources\lib\commons-validator-1.6.jar;C:\Users\Admin\.katalon\packages\Katalon_Studio_Windows_64-9.2.0\Katalon_Studio_Windows_64-9.2.0\configuration\resources\lib\curvesapi-1.04.jar;C:\Users\Admin\.katalon\packages\Katalon_Studio_Windows_64-9.2.0\Katalon_Studio_Windows_64-9.2.0\configuration\resources\lib\dnsjava-2.1.8.jar;C:\Users\Admin\.katalon\packages\Katalon_Studio_Windows_64-9.2.0\Katalon_Studio_Windows_64-9.2.0\configuration\resources\lib\groovy-ant-3.0.17.jar;C:\Users\Admin\.katalon\packages\Katalon_Studio_Windows_64-9.2.0\Katalon_Studio_Windows_64-9.2.0\configuration\resources\lib\groovy-astbuilder-3.0.17.jar;C:\Users\Admin\.katalon\packages\Katalon_Studio_Windows_64-9.2.0\Katalon_Studio_Windows_64-9.2.0\configuration\resources\lib\groovy-cli-picocli-3.0.17.jar;C:\Users\Admin\.katalon\packages\Katalon_Studio_Windows_64-9.2.0\Katalon_Studio_Windows_64-9.2.0\configuration\resources\lib\groovy-console-3.0.17.jar;C:\Users\Admin\.katalon\packages\Katalon_Studio_Windows_64-9.2.0\Katalon_Studio_Windows_64-9.2.0\configuration\resources\lib\groovy-datetime-3.0.17.jar;C:\Users\Admin\.katalon\packages\Katalon_Studio_Windows_64-9.2.0\Katalon_Studio_Windows_64-9.2.0\configuration\resources\lib\groovy-dateutil-3.0.17.jar;C:\Users\Admin\.katalon\packages\Katalon_Studio_Windows_64-9.2.0\Katalon_Studio_Windows_64-9.2.0\configuration\resources\lib\groovy-docgenerator-3.0.17.jar;C:\Users\Admin\.katalon\packages\Katalon_Studio_Windows_64-9.2.0\Katalon_Studio_Windows_64-9.2.0\configuration\resources\lib\groovy-groovydoc-3.0.17.jar;C:\Users\Admin\.katalon\packages\Katalon_Studio_Windows_64-9.2.0\Katalon_Studio_Windows_64-9.2.0\configuration\resources\lib\groovy-groovysh-3.0.17.jar;C:\Users\Admin\.katalon\packages\Katalon_Studio_Windows_64-9.2.0\Katalon_Studio_Windows_64-9.2.0\configuration\resources\lib\groovy-jmx-3.0.17.jar;C:\Users\Admin\.katalon\packages\Katalon_Studio_Windows_64-9.2.0\Katalon_Studio_Windows_64-9.2.0\configuration\resources\lib\groovy-json-3.0.17.jar;C:\Users\Admin\.katalon\packages\Katalon_Studio_Windows_64-9.2.0\Katalon_Studio_Windows_64-9.2.0\configuration\resources\lib\groovy-jsr223-3.0.17.jar;C:\Users\Admin\.katalon\packages\Katalon_Studio_Windows_64-9.2.0\Katalon_Studio_Windows_64-9.2.0\configuration\resources\lib\groovy-macro-3.0.17.jar;C:\Users\Admin\.katalon\packages\Katalon_Studio_Windows_64-9.2.0\Katalon_Studio_Windows_64-9.2.0\configuration\resources\lib\groovy-nio-3.0.17.jar;C:\Users\Admin\.katalon\packages\Katalon_Studio_Windows_64-9.2.0\Katalon_Studio_Windows_64-9.2.0\configuration\resources\lib\groovy-servlet-3.0.17.jar;C:\Users\Admin\.katalon\packages\Katalon_Studio_Windows_64-9.2.0\Katalon_Studio_Windows_64-9.2.0\configuration\resources\lib\groovy-sql-3.0.17.jar;C:\Users\Admin\.katalon\packages\Katalon_Studio_Windows_64-9.2.0\Katalon_Studio_Windows_64-9.2.0\configuration\resources\lib\groovy-swing-3.0.17.jar;C:\Users\Admin\.katalon\packages\Katalon_Studio_Windows_64-9.2.0\Katalon_Studio_Windows_64-9.2.0\configuration\resources\lib\groovy-templates-3.0.17.jar;C:\Users\Admin\.katalon\packages\Katalon_Studio_Windows_64-9.2.0\Katalon_Studio_Windows_64-9.2.0\configuration\resources\lib\groovy-test-3.0.17.jar;C:\Users\Admin\.katalon\packages\Katalon_Studio_Windows_64-9.2.0\Katalon_Studio_Windows_64-9.2.0\configuration\resources\lib\groovy-test-junit5-3.0.17.jar;C:\Users\Admin\.katalon\packages\Katalon_Studio_Windows_64-9.2.0\Katalon_Studio_Windows_64-9.2.0\configuration\resources\lib\groovy-testng-3.0.17.jar;C:\Users\Admin\.katalon\packages\Katalon_Studio_Windows_64-9.2.0\Katalon_Studio_Windows_64-9.2.0\configuration\resources\lib\groovy-xml-3.0.17.jar;C:\Users\Admin\.katalon\packages\Katalon_Studio_Windows_64-9.2.0\Katalon_Studio_Windows_64-9.2.0\configuration\resources\lib\java-client-7.0.0.jar;C:\Users\Admin\.katalon\packages\Katalon_Studio_Windows_64-9.2.0\Katalon_Studio_Windows_64-9.2.0\configuration\resources\lib\javax.servlet-api_3.1.0.jar;C:\Users\Admin\.katalon\packages\Katalon_Studio_Windows_64-9.2.0\Katalon_Studio_Windows_64-9.2.0\configuration\resources\lib\jna-5.12.1.jar;C:\Users\Admin\.katalon\packages\Katalon_Studio_Windows_64-9.2.0\Katalon_Studio_Windows_64-9.2.0\configuration\resources\lib\jna-platform-5.12.1.jar;C:\Users\Admin\.katalon\packages\Katalon_Studio_Windows_64-9.2.0\Katalon_Studio_Windows_64-9.2.0\configuration\resources\lib\jzlib-1.1.3.jar;C:\Users\Admin\.katalon\packages\Katalon_Studio_Windows_64-9.2.0\Katalon_Studio_Windows_64-9.2.0\configuration\resources\lib\kat-server.jar;C:\Users\Admin\.katalon\packages\Katalon_Studio_Windows_64-9.2.0\Katalon_Studio_Windows_64-9.2.0\configuration\resources\lib\littleproxy-1.1.0-beta-bmp-17.jar;C:\Users\Admin\.katalon\packages\Katalon_Studio_Windows_64-9.2.0\Katalon_Studio_Windows_64-9.2.0\configuration\resources\lib\log4j-1.2-api-2.17.1.jar;C:\Users\Admin\.katalon\packages\Katalon_Studio_Windows_64-9.2.0\Katalon_Studio_Windows_64-9.2.0\configuration\resources\lib\log4j-api-2.17.1.jar;C:\Users\Admin\.katalon\packages\Katalon_Studio_Windows_64-9.2.0\Katalon_Studio_Windows_64-9.2.0\configuration\resources\lib\log4j-core-2.17.1.jar;C:\Users\Admin\.katalon\packages\Katalon_Studio_Windows_64-9.2.0\Katalon_Studio_Windows_64-9.2.0\configuration\resources\lib\mitm-2.1.5.jar;C:\Users\Admin\.katalon\packages\Katalon_Studio_Windows_64-9.2.0\Katalon_Studio_Windows_64-9.2.0\configuration\resources\lib\netty-all-4.1.70.Final.jar;C:\Users\Admin\.katalon\packages\Katalon_Studio_Windows_64-9.2.0\Katalon_Studio_Windows_64-9.2.0\configuration\resources\lib\poi-3.17.jar;C:\Users\Admin\.katalon\packages\Katalon_Studio_Windows_64-9.2.0\Katalon_Studio_Windows_64-9.2.0\configuration\resources\lib\poi-ooxml-3.17.jar;C:\Users\Admin\.katalon\packages\Katalon_Studio_Windows_64-9.2.0\Katalon_Studio_Windows_64-9.2.0\configuration\resources\lib\poi-ooxml-schemas-3.17.jar;C:\Users\Admin\.katalon\packages\Katalon_Studio_Windows_64-9.2.0\Katalon_Studio_Windows_64-9.2.0\configuration\resources\lib\proxy-vole-1.0.4-SNAPSHOT-jar-with-dependencies.jar;C:\Users\Admin\.katalon\packages\Katalon_Studio_Windows_64-9.2.0\Katalon_Studio_Windows_64-9.2.0\configuration\resources\lib\repackaged-sikuli-api-1.0.2-standalone.jar;C:\Users\Admin\.katalon\packages\Katalon_Studio_Windows_64-9.2.0\Katalon_Studio_Windows_64-9.2.0\configuration\resources\lib\selenium-leg-rc-3.141.59.jar;C:\Users\Admin\.katalon\packages\Katalon_Studio_Windows_64-9.2.0\Katalon_Studio_Windows_64-9.2.0\configuration\resources\lib\selenium-server-standalone-3.141.59.jar;C:\Users\Admin\.katalon\packages\Katalon_Studio_Windows_64-9.2.0\Katalon_Studio_Windows_64-9.2.0\configuration\resources\lib\selenium-shutterbug-1.1.jar;C:\Users\Admin\.katalon\packages\Katalon_Studio_Windows_64-9.2.0\Katalon_Studio_Windows_64-9.2.0\configuration\resources\lib\slf4j-api-1.7.25.jar;C:\Users\Admin\.katalon\packages\Katalon_Studio_Windows_64-9.2.0\Katalon_Studio_Windows_64-9.2.0\configuration\resources\lib\soap-builder-1.0.0.jar;C:\Users\Admin\.katalon\packages\Katalon_Studio_Windows_64-9.2.0\Katalon_Studio_Windows_64-9.2.0\configuration\resources\lib\soap-common-1.0.0.jar;C:\Users\Admin\.katalon\packages\Katalon_Studio_Windows_64-9.2.0\Katalon_Studio_Windows_64-9.2.0\configuration\resources\lib\soap-legacy-1.0.0.jar;C:\Users\Admin\.katalon\packages\Katalon_Studio_Windows_64-9.2.0\Katalon_Studio_Windows_64-9.2.0\configuration\resources\lib\spring-context-5.3.19.jar;C:\Users\Admin\.katalon\packages\Katalon_Studio_Windows_64-9.2.0\Katalon_Studio_Windows_64-9.2.0\configuration\resources\lib\stax2-api-4.0.0.jar;C:\Users\Admin\.katalon\packages\Katalon_Studio_Windows_64-9.2.0\Katalon_Studio_Windows_64-9.2.0\configuration\resources\lib\su.jar;C:\Users\Admin\.katalon\packages\Katalon_Studio_Windows_64-9.2.0\Katalon_Studio_Windows_64-9.2.0\configuration\resources\lib\testng-7.8.0.jar;C:\Users\Admin\.katalon\packages\Katalon_Studio_Windows_64-9.2.0\Katalon_Studio_Windows_64-9.2.0\configuration\resources\lib\wadl.jar;C:\Users\Admin\.katalon\packages\Katalon_Studio_Windows_64-9.2.0\Katalon_Studio_Windows_64-9.2.0\configuration\resources\lib\xmlbeans-3.1.0.jar;C:\Users\Admin\.katalon\packages\Katalon_Studio_Windows_64-9.2.0\Katalon_Studio_Windows_64-9.2.0\plugins\net.sf.supercsv.super-csv_2.1.0.jar;C:\Users\Admin\.katalon\packages\Katalon_Studio_Windows_64-9.2.0\Katalon_Studio_Windows_64-9.2.0\plugins\org.apache.commons.io_2.4.0.jar;C:\Users\Admin\.katalon\packages\Katalon_Studio_Windows_64-9.2.0\Katalon_Studio_Windows_64-9.2.0\plugins\org.apache.commons.lang_2.6.0.jar;C:\Users\Admin\.katalon\packages\Katalon_Studio_Windows_64-9.2.0\Katalon_Studio_Windows_64-9.2.0\plugins\com.google.gson_2.10.1.v20230109-0753.jar;C:\Users\Admin\.katalon\packages\Katalon_Studio_Windows_64-9.2.0\Katalon_Studio_Windows_64-9.2.0\plugins\org.jsoup_1.14.3.jar;C:\Users\Admin\.katalon\packages\Katalon_Studio_Windows_64-9.2.0\Katalon_Studio_Windows_64-9.2.0\plugins\org.apache.commons.dbutils_1.6.0.jar;C:\Users\Admin\.katalon\packages\Katalon_Studio_Windows_64-9.2.0\Katalon_Studio_Windows_64-9.2.0\plugins\com.oracle.jdbc.ojdbc7_12.1.0.2.jar;C:\Users\Admin\.katalon\packages\Katalon_Studio_Windows_64-9.2.0\Katalon_Studio_Windows_64-9.2.0\plugins\org.postgresql.jdbc_42.4.1.jar;c:\Users\Admin\.katalon\packages\Katalon_Studio_Windows_64-9.2.0\Katalon_Studio_Windows_64-9.2.0\plugins\org.eclipse.osgi_3.18.300.v20230220-1352.jar;C:\Users\Admin\.katalon\packages\Katalon_Studio_Windows_64-9.2.0\Katalon_Studio_Windows_64-9.2.0\plugins\com.kms.katalon.constant_1.0.0.202312271622.jar;C:\Users\Admin\.katalon\packages\Katalon_Studio_Windows_64-9.2.0\Katalon_Studio_Windows_64-9.2.0\plugins\org.eclipse.persistence.eclipselink_2.7.11.jar;C:\Users\Admin\.katalon\packages\Katalon_Studio_Windows_64-9.2.0\Katalon_Studio_Windows_64-9.2.0\plugins\com.kms.katalon.selenium-standalone_1.0.0.202312271622.jar;C:\Users\Admin\.katalon\packages\Katalon_Studio_Windows_64-9.2.0\Katalon_Studio_Windows_64-9.2.0\plugins\atu.testrecorder.screen-recorder_2.1.0.jar;C:\Users\Admin\.katalon\packages\Katalon_Studio_Windows_64-9.2.0\Katalon_Studio_Windows_64-9.2.0\plugins\com.google.guava_23.0.0.jar;C:\Users\Admin\.katalon\packages\Katalon_Studio_Windows_64-9.2.0\Katalon_Studio_Windows_64-9.2.0\plugins\com.kms.katalon.util_1.0.0.202312271622.jar;C:\Users\Admin\.katalon\packages\Katalon_Studio_Windows_64-9.2.0\Katalon_Studio_Windows_64-9.2.0\plugins\org.apache.httpcomponents.httpclient_4.5.14.v20221207-1049.jar;C:\Users\Admin\.katalon\packages\Katalon_Studio_Windows_64-9.2.0\Katalon_Studio_Windows_64-9.2.0\plugins\org.apache.httpcomponents.httpcore_4.4.16.v20221207-1049.jar;C:\Users\Admin\.katalon\packages\Katalon_Studio_Windows_64-9.2.0\Katalon_Studio_Windows_64-9.2.0\plugins\org.apache.httpcomponents.httpmime_4.5.1.jar;C:\Users\Admin\.katalon\packages\Katalon_Studio_Windows_64-9.2.0\Katalon_Studio_Windows_64-9.2.0\plugins\org.apache.commons.lang3_3.7.0.jar;C:\Users\Admin\.katalon\packages\Katalon_Studio_Windows_64-9.2.0\Katalon_Studio_Windows_64-9.2.0\plugins\org.greenrobot.eventbus_3.1.1.jar;C:\Users\Admin\.katalon\packages\Katalon_Studio_Windows_64-9.2.0\Katalon_Studio_Windows_64-9.2.0\plugins\org.assertj.core_3.10.0.jar;C:\Users\Admin\.katalon\packages\Katalon_Studio_Windows_64-9.2.0\Katalon_Studio_Windows_64-9.2.0\plugins\org.junit_4.13.2.v20211018-1956.jar;C:\Users\Admin\.katalon\packages\Katalon_Studio_Windows_64-9.2.0\Katalon_Studio_Windows_64-9.2.0\plugins\com.fasterxml.jackson.core.jackson-databind_2.14.0.jar;C:\Users\Admin\.katalon\packages\Katalon_Studio_Windows_64-9.2.0\Katalon_Studio_Windows_64-9.2.0\plugins\com.fasterxml.jackson.core.jackson-core_2.14.0.jar;C:\Users\Admin\.katalon\packages\Katalon_Studio_Windows_64-9.2.0\Katalon_Studio_Windows_64-9.2.0\plugins\com.fasterxml.jackson.core.jackson-annotations_2.14.0.jar;C:\Users\Admin\.katalon\packages\Katalon_Studio_Windows_64-9.2.0\Katalon_Studio_Windows_64-9.2.0\plugins\ch.qos.logback.classic_1.2.3.jar;C:\Users\Admin\.katalon\packages\Katalon_Studio_Windows_64-9.2.0\Katalon_Studio_Windows_64-9.2.0\plugins\ch.qos.logback.core_1.2.3.jar;C:\Users\Admin\.katalon\packages\Katalon_Studio_Windows_64-9.2.0\Katalon_Studio_Windows_64-9.2.0\plugins\slf4j.api_1.7.36.jar;C:\Users\Admin\.katalon\packages\Katalon_Studio_Windows_64-9.2.0\Katalon_Studio_Windows_64-9.2.0\plugins\org.fusesource.jansi_1.17.1.jar;C:\Users\Admin\.katalon\packages\Katalon_Studio_Windows_64-9.2.0\Katalon_Studio_Windows_64-9.2.0\plugins\com.kms.katalon.netlightbody_1.0.0.202312271622.jar;C:\Users\Admin\.katalon\packages\Katalon_Studio_Windows_64-9.2.0\Katalon_Studio_Windows_64-9.2.0\plugins\com.kms.katalon.poi_1.0.0.202312271622.jar;C:\Users\Admin\.katalon\packages\Katalon_Studio_Windows_64-9.2.0\Katalon_Studio_Windows_64-9.2.0\plugins\org.apache.commons.commons-text_1.10.0.jar;C:\Users\Admin\.katalon\packages\Katalon_Studio_Windows_64-9.2.0\Katalon_Studio_Windows_64-9.2.0\plugins\com.kms.katalon.proxyvole_1.0.0.202312271622.jar;C:\Users\Admin\.katalon\packages\Katalon_Studio_Windows_64-9.2.0\Katalon_Studio_Windows_64-9.2.0\plugins\com.microsoft.sqlserver.mssql-jdbc_6.2.2.jre8.jar;C:\Users\Admin\.katalon\packages\Katalon_Studio_Windows_64-9.2.0\Katalon_Studio_Windows_64-9.2.0\plugins\com.github.kklisura.cdt.java-client_2.1.0.jar;C:\Users\Admin\.katalon\packages\Katalon_Studio_Windows_64-9.2.0\Katalon_Studio_Windows_64-9.2.0\plugins\javax.websocket-api_1.1.0.jar;C:\Users\Admin\.katalon\packages\Katalon_Studio_Windows_64-9.2.0\Katalon_Studio_Windows_64-9.2.0\plugins\org.glassfish.tyrus.container-grizzly-client_1.13.1.jar;C:\Users\Admin\.katalon\packages\Katalon_Studio_Windows_64-9.2.0\Katalon_Studio_Windows_64-9.2.0\plugins\org.glassfish.grizzly.http-server_2.3.25.jar;C:\Users\Admin\.katalon\packages\Katalon_Studio_Windows_64-9.2.0\Katalon_Studio_Windows_64-9.2.0\plugins\org.glassfish.grizzly.framework_2.3.25.jar;C:\Users\Admin\.katalon\packages\Katalon_Studio_Windows_64-9.2.0\Katalon_Studio_Windows_64-9.2.0\plugins\org.glassfish.grizzly.http_2.3.25.jar;C:\Users\Admin\.katalon\packages\Katalon_Studio_Windows_64-9.2.0\Katalon_Studio_Windows_64-9.2.0\plugins\org.glassfish.tyrus.client_1.13.1.jar;C:\Users\Admin\.katalon\packages\Katalon_Studio_Windows_64-9.2.0\Katalon_Studio_Windows_64-9.2.0\plugins\org.glassfish.tyrus.core_1.13.1.jar;C:\Users\Admin\.katalon\packages\Katalon_Studio_Windows_64-9.2.0\Katalon_Studio_Windows_64-9.2.0\plugins\org.glassfish.tyrus.spi_1.13.1.jar;C:\Users\Admin\.katalon\packages\Katalon_Studio_Windows_64-9.2.0\Katalon_Studio_Windows_64-9.2.0\plugins\javassist_3.28.0.GA.jar;C:\Users\Admin\.katalon\packages\Katalon_Studio_Windows_64-9.2.0\Katalon_Studio_Windows_64-9.2.0\plugins\com.graphql-java_16.2.0.jar;C:\Users\Admin\.katalon\packages\Katalon_Studio_Windows_64-9.2.0\Katalon_Studio_Windows_64-9.2.0\plugins\org.glassfish.jaxb.runtime_2.3.6.jar;C:\Users\Admin\.katalon\packages\Katalon_Studio_Windows_64-9.2.0\Katalon_Studio_Windows_64-9.2.0\plugins\org.glassfish.jaxb.txw2_2.3.6.jar;C:\Users\Admin\.katalon\packages\Katalon_Studio_Windows_64-9.2.0\Katalon_Studio_Windows_64-9.2.0\plugins\org.dom4j_1.6.1.v201312101416.jar;C:\Users\Admin\.katalon\packages\Katalon_Studio_Windows_64-9.2.0\Katalon_Studio_Windows_64-9.2.0\plugins\com.kms.katalon.groovy-extended_1.0.0.202312271622.jar;C:\Users\Admin\.katalon\packages\Katalon_Studio_Windows_64-9.2.0\Katalon_Studio_Windows_64-9.2.0\plugins\com.sun.activation.javax.activation_1.2.0.jar;C:\Users\Admin\.katalon\packages\Katalon_Studio_Windows_64-9.2.0\Katalon_Studio_Windows_64-9.2.0\plugins\jakarta.xml.bind-api_2.3.3.jar;C:\Users\Admin\.katalon\packages\Katalon_Studio_Windows_64-9.2.0\Katalon_Studio_Windows_64-9.2.0\plugins\com.sun.xml.bind.jaxb-impl_2.3.6.jar;C:\Users\Admin\.katalon\packages\Katalon_Studio_Windows_64-9.2.0\Katalon_Studio_Windows_64-9.2.0\plugins\org.apache.commons.logging_1.2.0.v20180409-1502.jar;C:\Users\Admin\.katalon\packages\Katalon_Studio_Windows_64-9.2.0\Katalon_Studio_Windows_64-9.2.0\plugins\org.hamcrest.core_1.3.0.v20180420-1519.jar;C:\Users\Admin\.katalon\packages\Katalon_Studio_Windows_64-9.2.0\Katalon_Studio_Windows_64-9.2.0\plugins\org.beanshell.bsh_2.0.0.0b4.jar;C:\Users\Admin\.katalon\packages\Katalon_Studio_Windows_64-9.2.0\Katalon_Studio_Windows_64-9.2.0\plugins\org.apache.ant.launcher_1.9.6.jar;C:\Users\Admin\.katalon\packages\Katalon_Studio_Windows_64-9.2.0\Katalon_Studio_Windows_64-9.2.0\plugins\com.kms.katalon.core.appium_1.0.0.202312271622.jar;C:\Users\Admin\.katalon\packages\Katalon_Studio_Windows_64-9.2.0\Katalon_Studio_Windows_64-9.2.0\plugins\com.kms.katalon.logging_1.0.0.202312271622.jar;C:\Users\Admin\.katalon\packages\Katalon_Studio_Windows_64-9.2.0\Katalon_Studio_Windows_64-9.2.0\plugins\org.eclipse.equinox.common_3.17.100.v20230202-1341.jar;C:\Users\Admin\.katalon\packages\Katalon_Studio_Windows_64-9.2.0\Katalon_Studio_Windows_64-9.2.0\plugins\com.kms.katalon.core.webui_1.0.0.202312271622.jar;C:\Users\Admin\.katalon\packages\Katalon_Studio_Windows_64-9.2.0\Katalon_Studio_Windows_64-9.2.0\plugins\org.json_20140107.0.0.jar;C:\Users\Admin\.katalon\packages\Katalon_Studio_Windows_64-9.2.0\Katalon_Studio_Windows_64-9.2.0\plugins\org.eclipse.e4.core.contexts_1.11.0.v20220716-0839.jar;C:\Users\Admin\.katalon\packages\Katalon_Studio_Windows_64-9.2.0\Katalon_Studio_Windows_64-9.2.0\plugins\org.eclipse.e4.core.services_2.3.400.v20220915-1347.jar;C:\Users\Admin\.katalon\packages\Katalon_Studio_Windows_64-9.2.0\Katalon_Studio_Windows_64-9.2.0\plugins\com.kms.katalon.core.mobile_1.0.0.202312271622.jar;C:\Users\Admin\.katalon\packages\Katalon_Studio_Windows_64-9.2.0\Katalon_Studio_Windows_64-9.2.0\plugins\org.apache.commons.commons-validator_1.7.0.jar;C:\Users\Admin\.katalon\packages\Katalon_Studio_Windows_64-9.2.0\Katalon_Studio_Windows_64-9.2.0\plugins\com.kms.katalon.core.cucumber_1.0.0.202312271622.jar;C:\Users\Admin\.katalon\packages\Katalon_Studio_Windows_64-9.2.0\Katalon_Studio_Windows_64-9.2.0\plugins\io.cucumber.core_3.0.2.jar;C:\Users\Admin\.katalon\packages\Katalon_Studio_Windows_64-9.2.0\Katalon_Studio_Windows_64-9.2.0\plugins\io.cucumber.datatable_1.0.3.jar;C:\Users\Admin\.katalon\packages\Katalon_Studio_Windows_64-9.2.0\Katalon_Studio_Windows_64-9.2.0\plugins\io.cucumber.datatable-dependencies_1.0.3.jar;C:\Users\Admin\.katalon\packages\Katalon_Studio_Windows_64-9.2.0\Katalon_Studio_Windows_64-9.2.0\plugins\io.cucumber.expressions_5.0.19.jar;C:\Users\Admin\.katalon\packages\Katalon_Studio_Windows_64-9.2.0\Katalon_Studio_Windows_64-9.2.0\plugins\io.cucumber.gherkin_5.0.0.jar;C:\Users\Admin\.katalon\packages\Katalon_Studio_Windows_64-9.2.0\Katalon_Studio_Windows_64-9.2.0\plugins\io.cucumber.html_0.2.7.jar;C:\Users\Admin\.katalon\packages\Katalon_Studio_Windows_64-9.2.0\Katalon_Studio_Windows_64-9.2.0\plugins\io.cucumber.java_3.0.2.jar;C:\Users\Admin\.katalon\packages\Katalon_Studio_Windows_64-9.2.0\Katalon_Studio_Windows_64-9.2.0\plugins\io.cucumber.tag-expressions_1.1.1.jar;C:\Users\Admin\.katalon\packages\Katalon_Studio_Windows_64-9.2.0\Katalon_Studio_Windows_64-9.2.0\plugins\io.cucumber.junit_3.0.2.jar;C:\Users\Admin\.katalon\packages\Katalon_Studio_Windows_64-9.2.0\Katalon_Studio_Windows_64-9.2.0\plugins\com.kms.katalon.core.webservice_1.0.0.202312271622.jar;C:\Users\Admin\.katalon\packages\Katalon_Studio_Windows_64-9.2.0\Katalon_Studio_Windows_64-9.2.0\plugins\wsdl4j_1.6.2.jar;C:\Users\Admin\.katalon\packages\Katalon_Studio_Windows_64-9.2.0\Katalon_Studio_Windows_64-9.2.0\plugins\com.google.oauth-client.google-oauth-client_1.22.0.jar;C:\Users\Admin\.katalon\packages\Katalon_Studio_Windows_64-9.2.0\Katalon_Studio_Windows_64-9.2.0\plugins\com.google.http-client.google-http-client_1.22.0.jar;C:\Users\Admin\.katalon\packages\Katalon_Studio_Windows_64-9.2.0\Katalon_Studio_Windows_64-9.2.0\plugins\ca.juliusdavies.not-yet-commons-ssl_0.3.11.jar;C:\Users\Admin\.katalon\packages\Katalon_Studio_Windows_64-9.2.0\Katalon_Studio_Windows_64-9.2.0\plugins\com.kms.katalon.preferences_1.0.0.202312271622.jar;C:\Users\Admin\.katalon\packages\Katalon_Studio_Windows_64-9.2.0\Katalon_Studio_Windows_64-9.2.0\plugins\org.apache.xmlbeans_3.1.0.jar;C:\Users\Admin\.katalon\packages\Katalon_Studio_Windows_64-9.2.0\Katalon_Studio_Windows_64-9.2.0\plugins\com.kms.katalon.entity_1.0.0.202312271622.jar;C:\Users\Admin\.katalon\packages\Katalon_Studio_Windows_64-9.2.0\Katalon_Studio_Windows_64-9.2.0\plugins\org.antlr.antlr4-runtime_4.8.0.jar;C:\Users\Admin\.katalon\packages\Katalon_Studio_Windows_64-9.2.0\Katalon_Studio_Windows_64-9.2.0\plugins\com.networknt.json-schema-validator_1.0.66.jar;C:\Users\Admin\.katalon\packages\Katalon_Studio_Windows_64-9.2.0\Katalon_Studio_Windows_64-9.2.0\plugins\jakarta.xml.ws-api_2.3.3.jar;C:\Users\Admin\.katalon\packages\Katalon_Studio_Windows_64-9.2.0\Katalon_Studio_Windows_64-9.2.0\plugins\javax.xml.soap-api_1.4.0.jar;C:\Users\Admin\.katalon\packages\Katalon_Studio_Windows_64-9.2.0\Katalon_Studio_Windows_64-9.2.0\plugins\com.kms.katalon.core.windows_1.0.0.202312271622.jar;C:\Users\Admin\.katalon\packages\Katalon_Studio_Windows_64-9.2.0\Katalon_Studio_Windows_64-9.2.0\plugins\com.kms.katalon.core.testng_1.0.0.202312271622.jar;C:\Users\Admin\.katalon\packages\Katalon_Studio_Windows_64-9.2.0\Katalon_Studio_Windows_64-9.2.0\configuration\org.eclipse.osgi\27\0\.cp\resources\basic-report\katalon-studio-report-plugin.jar;C:\Users\Admin\.katalon\packages\Katalon_Studio_Windows_64-9.2.0\Katalon_Studio_Windows_64-9.2.0\plugins\org.codehaus.groovy_3.0.17.v202303311542-e2303\lib\groovy-3.0.17-indy.jar;C:\Users\Admin\.katalon\packages\Katalon_Studio_Windows_64-9.2.0\Katalon_Studio_Windows_64-9.2.0\plugins\org.codehaus.groovy_3.0.17.v202303311542-e2303\lib\ivy-2.5.1.jar --main groovy.ui.GroovyMain --encoding UTF-8 --indy D:\Katalon Studio\Final_Project_Testing\Libs\TempTestCaseBinding1704987318381.groovy

Host: Intel(R) Core(TM) i3 CPU       M 380  @ 2.53GHz, 4 cores, 3G,  Windows 10 , 64 bit Build 16299 (10.0.16299.431)
Time: Thu Jan 11 22:35:29 2024 SE Asia Standard Time elapsed time: 8.606298 seconds (0d 0h 0m 8s)

---------------  T H R E A D  ---------------

Current thread (0x000002bf51e38f80):  VMThread "VM Thread" [stack: 0x000000e50e600000,0x000000e50e700000] [id=12968]

Stack: [0x000000e50e600000,0x000000e50e700000]
Native frames: (J=compiled Java code, j=interpreted, Vv=VM code, C=native code)
V  [jvm.dll+0x67754a]
V  [jvm.dll+0x834304]
V  [jvm.dll+0x835aae]
V  [jvm.dll+0x836113]
V  [jvm.dll+0x24696f]
V  [jvm.dll+0x6743f9]
V  [jvm.dll+0x668c8a]
V  [jvm.dll+0x3061bb]
V  [jvm.dll+0x30d6a6]
V  [jvm.dll+0x35cece]
V  [jvm.dll+0x35d0ff]
V  [jvm.dll+0x2dd048]
V  [jvm.dll+0x2db20c]
V  [jvm.dll+0x2da7dc]
V  [jvm.dll+0x31e6db]
V  [jvm.dll+0x83a5bb]
V  [jvm.dll+0x83b2f4]
V  [jvm.dll+0x83b80c]
V  [jvm.dll+0x83bbe4]
V  [jvm.dll+0x83bcb0]
V  [jvm.dll+0x7e4e7a]
V  [jvm.dll+0x676395]
C  [ucrtbase.dll+0x1dab5]
C  [KERNEL32.DLL+0x11fe4]
C  [ntdll.dll+0x6cb81]

VM_Operation (0x000000e50e0fb840): G1CollectForAllocation, mode: safepoint, requested by thread 0x000002bf386bac40


---------------  P R O C E S S  ---------------

Threads class SMR info:
_java_thread_list=0x000002bf569c3800, length=12, elements={
0x000002bf386bac40, 0x000002bf51e5c620, 0x000002bf51e5e130, 0x000002bf560214c0,
0x000002bf56023da0, 0x000002bf56025220, 0x000002bf56025ae0, 0x000002bf56027340,
0x000002bf56041d10, 0x000002bf560a1930, 0x000002bf5629f260, 0x000002bf569bd7a0
}

Java Threads: ( => current thread )
  0x000002bf386bac40 JavaThread "main" [_thread_blocked, id=8288, stack(0x000000e50e000000,0x000000e50e100000)]
  0x000002bf51e5c620 JavaThread "Reference Handler" daemon [_thread_blocked, id=11564, stack(0x000000e50e700000,0x000000e50e800000)]
  0x000002bf51e5e130 JavaThread "Finalizer" daemon [_thread_blocked, id=10568, stack(0x000000e50e800000,0x000000e50e900000)]
  0x000002bf560214c0 JavaThread "Signal Dispatcher" daemon [_thread_blocked, id=4584, stack(0x000000e50e900000,0x000000e50ea00000)]
  0x000002bf56023da0 JavaThread "Attach Listener" daemon [_thread_blocked, id=10932, stack(0x000000e50ea00000,0x000000e50eb00000)]
  0x000002bf56025220 JavaThread "Service Thread" daemon [_thread_blocked, id=9708, stack(0x000000e50eb00000,0x000000e50ec00000)]
  0x000002bf56025ae0 JavaThread "Monitor Deflation Thread" daemon [_thread_blocked, id=7496, stack(0x000000e50ec00000,0x000000e50ed00000)]
  0x000002bf56027340 JavaThread "C2 CompilerThread0" daemon [_thread_in_native, id=10292, stack(0x000000e50ed00000,0x000000e50ee00000)]
  0x000002bf56041d10 JavaThread "C1 CompilerThread0" daemon [_thread_blocked, id=10472, stack(0x000000e50ee00000,0x000000e50ef00000)]
  0x000002bf560a1930 JavaThread "Sweeper thread" daemon [_thread_blocked, id=3044, stack(0x000000e50ef00000,0x000000e50f000000)]
  0x000002bf5629f260 JavaThread "Common-Cleaner" daemon [_thread_blocked, id=3264, stack(0x000000e50f000000,0x000000e50f100000)]
  0x000002bf569bd7a0 JavaThread "Notification Thread" daemon [_thread_blocked, id=5212, stack(0x000000e50f200000,0x000000e50f300000)]

Other Threads:
=>0x000002bf51e38f80 VMThread "VM Thread" [stack: 0x000000e50e600000,0x000000e50e700000] [id=12968]
  0x000002bf569bdc70 WatcherThread [stack: 0x000000e50f300000,0x000000e50f400000] [id=8352]
  0x000002bf387155d0 GCTaskThread "GC Thread#0" [stack: 0x000000e50e100000,0x000000e50e200000] [id=5172]
  0x000002bf567c0550 GCTaskThread "GC Thread#1" [stack: 0x000000e50f100000,0x000000e50f200000] [id=14000]
  0x000002bf56e97120 GCTaskThread "GC Thread#2" [stack: 0x000000e50f400000,0x000000e50f500000] [id=11480]
  0x000002bf57635460 GCTaskThread "GC Thread#3" [stack: 0x000000e50f500000,0x000000e50f600000] [id=4544]
  0x000002bf38726410 ConcurrentGCThread "G1 Main Marker" [stack: 0x000000e50e200000,0x000000e50e300000] [id=10532]
  0x000002bf38727a20 ConcurrentGCThread "G1 Conc#0" [stack: 0x000000e50e300000,0x000000e50e400000] [id=11880]
  0x000002bf51c84940 ConcurrentGCThread "G1 Refine#0" [stack: 0x000000e50e400000,0x000000e50e500000] [id=12132]
  0x000002bf51c84c20 ConcurrentGCThread "G1 Service" [stack: 0x000000e50e500000,0x000000e50e600000] [id=13592]

Threads with active compile tasks:
C2 CompilerThread0     8648 3634   !   4       java.net.URL::<init> (543 bytes)

VM state: at safepoint (normal execution)

VM Mutex/Monitor currently owned by a thread:  ([mutex/lock_event])
[0x000002bf386b5840] Threads_lock - owner thread: 0x000002bf51e38f80
[0x000002bf386b60b0] Heap_lock - owner thread: 0x000002bf386bac40

Heap address: 0x0000000080000000, size: 2048 MB, Compressed Oops mode: 32-bit

CDS archive(s) not mapped
Compressed class space mapped at: 0x0000000100000000-0x0000000140000000, reserved size: 1073741824
Narrow klass base: 0x0000000000000000, Narrow klass shift: 3, Narrow klass range: 0x140000000

GC Precious Log:
 CPUs: 4 total, 4 available
 Memory: 3766M
 Large Page Support: Disabled
 NUMA Support: Disabled
 Compressed Oops: Enabled (32-bit)
 Heap Region Size: 1M
 Heap Min Capacity: 8M
 Heap Initial Capacity: 60M
 Heap Max Capacity: 2G
 Pre-touch: Disabled
 Parallel Workers: 4
 Concurrent Workers: 1
 Concurrent Refinement Workers: 4
 Periodic GC: Disabled

Heap:
 garbage-first heap   total 73728K, used 27167K [0x0000000080000000, 0x0000000100000000)
  region size 1024K, 4 young (4096K), 4 survivors (4096K)
 Metaspace       used 31604K, committed 31936K, reserved 1114112K
  class space    used 3369K, committed 3520K, reserved 1048576K

Heap Regions: E=young(eden), S=young(survivor), O=old, HS=humongous(starts), HC=humongous(continues), CS=collection set, F=free, OA=open archive, CA=closed archive, TAMS=top-at-mark-start (previous, next)
|   0|0x0000000080000000, 0x0000000080100000, 0x0000000080100000|100%|HS|  |TAMS 0x0000000080100000, 0x0000000080000000| Complete 
|   1|0x0000000080100000, 0x0000000080200000, 0x0000000080200000|100%|HS|  |TAMS 0x0000000080200000, 0x0000000080100000| Complete 
|   2|0x0000000080200000, 0x0000000080300000, 0x0000000080300000|100%| O|  |TAMS 0x0000000080300000, 0x0000000080200000| Untracked 
|   3|0x0000000080300000, 0x0000000080400000, 0x0000000080400000|100%| O|  |TAMS 0x0000000080400000, 0x0000000080300000| Untracked 
|   4|0x0000000080400000, 0x0000000080500000, 0x0000000080500000|100%| O|  |TAMS 0x0000000080500000, 0x0000000080400000| Untracked 
|   5|0x0000000080500000, 0x0000000080600000, 0x0000000080600000|100%| O|  |TAMS 0x0000000080600000, 0x0000000080500000| Untracked 
|   6|0x0000000080600000, 0x0000000080700000, 0x0000000080700000|100%| O|  |TAMS 0x0000000080700000, 0x0000000080600000| Untracked 
|   7|0x0000000080700000, 0x0000000080800000, 0x0000000080800000|100%| O|  |TAMS 0x0000000080800000, 0x0000000080700000| Untracked 
|   8|0x0000000080800000, 0x0000000080900000, 0x0000000080900000|100%| O|  |TAMS 0x0000000080900000, 0x0000000080800000| Untracked 
|   9|0x0000000080900000, 0x0000000080a00000, 0x0000000080a00000|100%|HS|  |TAMS 0x0000000080a00000, 0x0000000080900000| Complete 
|  10|0x0000000080a00000, 0x0000000080b00000, 0x0000000080b00000|100%|HC|  |TAMS 0x0000000080b00000, 0x0000000080a00000| Complete 
|  11|0x0000000080b00000, 0x0000000080c00000, 0x0000000080c00000|100%| O|  |TAMS 0x0000000080c00000, 0x0000000080b00000| Untracked 
|  12|0x0000000080c00000, 0x0000000080d00000, 0x0000000080d00000|100%| O|  |TAMS 0x0000000080d00000, 0x0000000080c00000| Untracked 
|  13|0x0000000080d00000, 0x0000000080e00000, 0x0000000080e00000|100%| O|  |TAMS 0x0000000080e00000, 0x0000000080d00000| Untracked 
|  14|0x0000000080e00000, 0x0000000080f00000, 0x0000000080f00000|100%| O|  |TAMS 0x0000000080f00000, 0x0000000080e00000| Untracked 
|  15|0x0000000080f00000, 0x0000000081000000, 0x0000000081000000|100%| O|  |TAMS 0x0000000080f00000, 0x0000000080f00000| Untracked 
|  16|0x0000000081000000, 0x0000000081100000, 0x0000000081100000|100%| O|  |TAMS 0x0000000081000000, 0x0000000081000000| Untracked 
|  17|0x0000000081100000, 0x0000000081200000, 0x0000000081200000|100%| O|  |TAMS 0x0000000081200000, 0x0000000081100000| Untracked 
|  18|0x0000000081200000, 0x0000000081300000, 0x0000000081300000|100%| O|  |TAMS 0x0000000081300000, 0x0000000081200000| Untracked 
|  19|0x0000000081300000, 0x0000000081400000, 0x0000000081400000|100%| O|  |TAMS 0x0000000081400000, 0x0000000081300000| Untracked 
|  20|0x0000000081400000, 0x0000000081500000, 0x0000000081500000|100%| O|  |TAMS 0x0000000081469200, 0x0000000081400000| Untracked 
|  21|0x0000000081500000, 0x0000000081600000, 0x0000000081600000|100%| O|  |TAMS 0x0000000081500000, 0x0000000081500000| Untracked 
|  22|0x0000000081600000, 0x0000000081687c00, 0x0000000081700000| 53%| O|  |TAMS 0x0000000081600000, 0x0000000081600000| Untracked 
|  23|0x0000000081700000, 0x0000000081700000, 0x0000000081800000|  0%| F|  |TAMS 0x0000000081700000, 0x0000000081700000| Untracked 
|  24|0x0000000081800000, 0x0000000081800000, 0x0000000081900000|  0%| F|  |TAMS 0x0000000081800000, 0x0000000081800000| Untracked 
|  25|0x0000000081900000, 0x0000000081900000, 0x0000000081a00000|  0%| F|  |TAMS 0x0000000081900000, 0x0000000081900000| Untracked 
|  26|0x0000000081a00000, 0x0000000081a00000, 0x0000000081b00000|  0%| F|  |TAMS 0x0000000081a00000, 0x0000000081a00000| Untracked 
|  27|0x0000000081b00000, 0x0000000081b00000, 0x0000000081c00000|  0%| F|  |TAMS 0x0000000081b00000, 0x0000000081b00000| Untracked 
|  28|0x0000000081c00000, 0x0000000081c00000, 0x0000000081d00000|  0%| F|  |TAMS 0x0000000081c00000, 0x0000000081c00000| Untracked 
|  29|0x0000000081d00000, 0x0000000081d00000, 0x0000000081e00000|  0%| F|  |TAMS 0x0000000081d00000, 0x0000000081d00000| Untracked 
|  30|0x0000000081e00000, 0x0000000081e00000, 0x0000000081f00000|  0%| F|  |TAMS 0x0000000081e00000, 0x0000000081e00000| Untracked 
|  31|0x0000000081f00000, 0x0000000081f00000, 0x0000000082000000|  0%| F|  |TAMS 0x0000000081f00000, 0x0000000081f00000| Untracked 
|  32|0x0000000082000000, 0x0000000082000000, 0x0000000082100000|  0%| F|  |TAMS 0x0000000082000000, 0x0000000082000000| Untracked 
|  33|0x0000000082100000, 0x0000000082100000, 0x0000000082200000|  0%| F|  |TAMS 0x0000000082100000, 0x0000000082100000| Untracked 
|  34|0x0000000082200000, 0x0000000082200000, 0x0000000082300000|  0%| F|  |TAMS 0x0000000082200000, 0x0000000082200000| Untracked 
|  35|0x0000000082300000, 0x0000000082300000, 0x0000000082400000|  0%| F|  |TAMS 0x0000000082300000, 0x0000000082300000| Untracked 
|  36|0x0000000082400000, 0x0000000082400000, 0x0000000082500000|  0%| F|  |TAMS 0x0000000082400000, 0x0000000082400000| Untracked 
|  37|0x0000000082500000, 0x0000000082500000, 0x0000000082600000|  0%| F|  |TAMS 0x0000000082500000, 0x0000000082500000| Untracked 
|  38|0x0000000082600000, 0x0000000082700000, 0x0000000082700000|100%| S|CS|TAMS 0x0000000082600000, 0x0000000082600000| Complete 
|  39|0x0000000082700000, 0x0000000082800000, 0x0000000082800000|100%| S|CS|TAMS 0x0000000082700000, 0x0000000082700000| Complete 
|  40|0x0000000082800000, 0x0000000082900000, 0x0000000082900000|100%| S|CS|TAMS 0x0000000082800000, 0x0000000082800000| Complete 
|  41|0x0000000082900000, 0x0000000082a00000, 0x0000000082a00000|100%| S|CS|TAMS 0x0000000082900000, 0x0000000082900000| Complete 
|  42|0x0000000082a00000, 0x0000000082a00000, 0x0000000082b00000|  0%| F|  |TAMS 0x0000000082a00000, 0x0000000082a00000| Untracked 
|  43|0x0000000082b00000, 0x0000000082b00000, 0x0000000082c00000|  0%| F|  |TAMS 0x0000000082b00000, 0x0000000082b00000| Untracked 
|  44|0x0000000082c00000, 0x0000000082c00000, 0x0000000082d00000|  0%| F|  |TAMS 0x0000000082c00000, 0x0000000082c00000| Untracked 
|  45|0x0000000082d00000, 0x0000000082d00000, 0x0000000082e00000|  0%| F|  |TAMS 0x0000000082d00000, 0x0000000082d00000| Untracked 
|  46|0x0000000082e00000, 0x0000000082e00000, 0x0000000082f00000|  0%| F|  |TAMS 0x0000000082e00000, 0x0000000082e00000| Untracked 
|  47|0x0000000082f00000, 0x0000000082f00000, 0x0000000083000000|  0%| F|  |TAMS 0x0000000082f00000, 0x0000000082f00000| Untracked 
|  48|0x0000000083000000, 0x0000000083000000, 0x0000000083100000|  0%| F|  |TAMS 0x0000000083000000, 0x0000000083000000| Untracked 
|  49|0x0000000083100000, 0x0000000083100000, 0x0000000083200000|  0%| F|  |TAMS 0x0000000083100000, 0x0000000083100000| Untracked 
|  50|0x0000000083200000, 0x0000000083200000, 0x0000000083300000|  0%| F|  |TAMS 0x0000000083200000, 0x0000000083200000| Untracked 
|  51|0x0000000083300000, 0x0000000083300000, 0x0000000083400000|  0%| F|  |TAMS 0x0000000083300000, 0x0000000083300000| Untracked 
|  52|0x0000000083400000, 0x0000000083400000, 0x0000000083500000|  0%| F|  |TAMS 0x0000000083400000, 0x0000000083400000| Untracked 
|  53|0x0000000083500000, 0x0000000083500000, 0x0000000083600000|  0%| F|  |TAMS 0x0000000083500000, 0x0000000083500000| Untracked 
|  54|0x0000000083600000, 0x0000000083600000, 0x0000000083700000|  0%| F|  |TAMS 0x0000000083600000, 0x0000000083600000| Untracked 
|  55|0x0000000083700000, 0x0000000083700000, 0x0000000083800000|  0%| F|  |TAMS 0x0000000083700000, 0x0000000083700000| Untracked 
|  56|0x0000000083800000, 0x0000000083800000, 0x0000000083900000|  0%| F|  |TAMS 0x0000000083800000, 0x0000000083800000| Untracked 
|  57|0x0000000083900000, 0x0000000083900000, 0x0000000083a00000|  0%| F|  |TAMS 0x0000000083900000, 0x0000000083900000| Untracked 
|  58|0x0000000083a00000, 0x0000000083a00000, 0x0000000083b00000|  0%| F|  |TAMS 0x0000000083a00000, 0x0000000083a00000| Untracked 
|  59|0x0000000083b00000, 0x0000000083b00000, 0x0000000083c00000|  0%| F|  |TAMS 0x0000000083b00000, 0x0000000083b00000| Untracked 
|  60|0x0000000083c00000, 0x0000000083c00000, 0x0000000083d00000|  0%| F|  |TAMS 0x0000000083c00000, 0x0000000083c00000| Untracked 
|  61|0x0000000083d00000, 0x0000000083d00000, 0x0000000083e00000|  0%| F|  |TAMS 0x0000000083d00000, 0x0000000083d00000| Untracked 
|  62|0x0000000083e00000, 0x0000000083e00000, 0x0000000083f00000|  0%| F|  |TAMS 0x0000000083e00000, 0x0000000083e00000| Untracked 
|  63|0x0000000083f00000, 0x0000000083f00000, 0x0000000084000000|  0%| F|  |TAMS 0x0000000083f00000, 0x0000000083f00000| Untracked 
|  64|0x0000000084000000, 0x0000000084000000, 0x0000000084100000|  0%| F|  |TAMS 0x0000000084000000, 0x0000000084000000| Untracked 
|  65|0x0000000084100000, 0x0000000084100000, 0x0000000084200000|  0%| F|  |TAMS 0x0000000084100000, 0x0000000084100000| Untracked 
|  66|0x0000000084200000, 0x0000000084200000, 0x0000000084300000|  0%| F|  |TAMS 0x0000000084200000, 0x0000000084200000| Untracked 
|  67|0x0000000084300000, 0x0000000084300000, 0x0000000084400000|  0%| F|  |TAMS 0x0000000084300000, 0x0000000084300000| Untracked 
|  68|0x0000000084400000, 0x0000000084400000, 0x0000000084500000|  0%| F|  |TAMS 0x0000000084400000, 0x0000000084400000| Untracked 
|  69|0x0000000084500000, 0x0000000084500000, 0x0000000084600000|  0%| F|  |TAMS 0x0000000084500000, 0x0000000084500000| Untracked 
|  70|0x0000000084600000, 0x0000000084600000, 0x0000000084700000|  0%| F|  |TAMS 0x0000000084600000, 0x0000000084600000| Untracked 
|  71|0x0000000084700000, 0x0000000084700000, 0x0000000084800000|  0%| F|  |TAMS 0x0000000084700000, 0x0000000084700000| Untracked 

Card table byte_map: [0x000002bf4b130000,0x000002bf4b530000] _byte_map_base: 0x000002bf4ad30000

Marking Bits (Prev, Next): (CMBitMap*) 0x000002bf38715b20, (CMBitMap*) 0x000002bf38715ae0
 Prev Bits: [0x000002bf4d930000, 0x000002bf4f930000)
 Next Bits: [0x000002bf4b930000, 0x000002bf4d930000)

Polling page: 0x000002bf36430000

Metaspace:

Usage:
  Non-class:     27.57 MB used.
      Class:      3.29 MB used.
       Both:     30.86 MB used.

Virtual space:
  Non-class space:       64.00 MB reserved,      27.75 MB ( 43%) committed,  1 nodes.
      Class space:        1.00 GB reserved,       3.44 MB ( <1%) committed,  1 nodes.
             Both:        1.06 GB reserved,      31.19 MB (  3%) committed. 

Chunk freelists:
   Non-Class:  3.80 MB
       Class:  12.44 MB
        Both:  16.23 MB

MaxMetaspaceSize: unlimited
CompressedClassSpaceSize: 1.00 GB
Initial GC threshold: 21.00 MB
Current GC threshold: 35.13 MB
CDS: off
MetaspaceReclaimPolicy: balanced
 - commit_granule_bytes: 65536.
 - commit_granule_words: 8192.
 - virtual_space_node_default_size: 8388608.
 - enlarge_chunks_in_place: 1.
 - new_chunks_are_fully_committed: 0.
 - uncommit_free_chunks: 1.
 - use_allocation_guard: 0.
 - handle_deallocations: 1.


Internal statistics:

num_allocs_failed_limit: 3.
num_arena_births: 334.
num_arena_deaths: 0.
num_vsnodes_births: 2.
num_vsnodes_deaths: 0.
num_space_committed: 499.
num_space_uncommitted: 0.
num_chunks_returned_to_freelist: 3.
num_chunks_taken_from_freelist: 978.
num_chunk_merges: 3.
num_chunk_splits: 661.
num_chunks_enlarged: 467.
num_inconsistent_stats: 0.

CodeHeap 'non-profiled nmethods': size=120000Kb used=1290Kb max_used=1290Kb free=118709Kb
 bounds [0x000002bf43800000, 0x000002bf43a70000, 0x000002bf4ad30000]
CodeHeap 'profiled nmethods': size=120000Kb used=6527Kb max_used=6527Kb free=113472Kb
 bounds [0x000002bf3bd30000, 0x000002bf3c390000, 0x000002bf43260000]
CodeHeap 'non-nmethods': size=5760Kb used=1563Kb max_used=1616Kb free=4196Kb
 bounds [0x000002bf43260000, 0x000002bf434d0000, 0x000002bf43800000]
 total_blobs=4504 nmethods=3877 adapters=540
 compilation: enabled
              stopped_count=0, restarted_count=0
 full_count=0

Compilation events (20 events):
Event: 8.521 Thread 0x000002bf56041d10 3906       2       java.beans.FeatureDescriptor::getTable (23 bytes)
Event: 8.522 Thread 0x000002bf56041d10 nmethod 3906 0x000002bf3c38b410 code [0x000002bf3c38b5e0, 0x000002bf3c38b7e8]
Event: 8.522 Thread 0x000002bf56041d10 3908       3       java.util.TreeMap::parentOf (13 bytes)
Event: 8.522 Thread 0x000002bf56041d10 nmethod 3908 0x000002bf3c38b890 code [0x000002bf3c38ba20, 0x000002bf3c38bb98]
Event: 8.522 Thread 0x000002bf56041d10 3902       2       java.util.TreeMap::setColor (10 bytes)
Event: 8.522 Thread 0x000002bf56041d10 nmethod 3902 0x000002bf3c38bc90 code [0x000002bf3c38be20, 0x000002bf3c38bf18]
Event: 8.522 Thread 0x000002bf56041d10 3907       2       java.util.TreeMap::leftOf (13 bytes)
Event: 8.523 Thread 0x000002bf56041d10 nmethod 3907 0x000002bf3c38c010 code [0x000002bf3c38c1a0, 0x000002bf3c38c2d8]
Event: 8.523 Thread 0x000002bf56041d10 3904       2       sun.reflect.annotation.AnnotationType::getInstance (65 bytes)
Event: 8.523 Thread 0x000002bf56041d10 nmethod 3904 0x000002bf3c38c390 code [0x000002bf3c38c540, 0x000002bf3c38c7d8]
Event: 8.523 Thread 0x000002bf56041d10 3905       1       java.util.TreeMap$Entry::getValue (5 bytes)
Event: 8.523 Thread 0x000002bf56041d10 nmethod 3905 0x000002bf43942810 code [0x000002bf439429a0, 0x000002bf43942a78]
Event: 8.523 Thread 0x000002bf56041d10 3898       2       sun.reflect.generics.parser.SignatureParser::parseTypeArgument (135 bytes)
Event: 8.524 Thread 0x000002bf56041d10 nmethod 3898 0x000002bf3c38c990 code [0x000002bf3c38cc20, 0x000002bf3c38d8c8]
Event: 8.524 Thread 0x000002bf56041d10 3909       3       org.codehaus.groovy.util.SingleKeyHashMap::getOrPut (137 bytes)
Event: 8.526 Thread 0x000002bf56041d10 nmethod 3909 0x000002bf3c38dc90 code [0x000002bf3c38dec0, 0x000002bf3c38ea48]
Event: 8.526 Thread 0x000002bf56041d10 3910       2       groovy.lang.MetaClassImpl::establishStaticMetaProperty (262 bytes)
Event: 8.527 Thread 0x000002bf56041d10 nmethod 3910 0x000002bf3c38ed90 code [0x000002bf3c38ef80, 0x000002bf3c38f878]
Event: 8.527 Thread 0x000002bf56041d10 3911       2       jdk.internal.org.objectweb.asm.MethodVisitor::visitInsn (16 bytes)
Event: 8.528 Thread 0x000002bf56041d10 nmethod 3911 0x000002bf3c38fb90 code [0x000002bf3c38fd20, 0x000002bf3c38fe48]

GC Heap History (20 events):
Event: 0.994 GC heap after
{Heap after GC invocations=1 (full 0):
 garbage-first heap   total 61440K, used 10722K [0x0000000080000000, 0x0000000100000000)
  region size 1024K, 2 young (2048K), 2 survivors (2048K)
 Metaspace       used 4881K, committed 4992K, reserved 1114112K
  class space    used 393K, committed 448K, reserved 1048576K
}
Event: 1.344 GC heap before
{Heap before GC invocations=1 (full 0):
 garbage-first heap   total 61440K, used 19938K [0x0000000080000000, 0x0000000100000000)
  region size 1024K, 10 young (10240K), 2 survivors (2048K)
 Metaspace       used 6756K, committed 6976K, reserved 1114112K
  class space    used 524K, committed 640K, reserved 1048576K
}
Event: 1.350 GC heap after
{Heap after GC invocations=2 (full 0):
 garbage-first heap   total 61440K, used 14194K [0x0000000080000000, 0x0000000100000000)
  region size 1024K, 2 young (2048K), 2 survivors (2048K)
 Metaspace       used 6756K, committed 6976K, reserved 1114112K
  class space    used 524K, committed 640K, reserved 1048576K
}
Event: 1.977 GC heap before
{Heap before GC invocations=2 (full 0):
 garbage-first heap   total 61440K, used 27506K [0x0000000080000000, 0x0000000100000000)
  region size 1024K, 15 young (15360K), 2 survivors (2048K)
 Metaspace       used 9563K, committed 9728K, reserved 1114112K
  class space    used 827K, committed 896K, reserved 1048576K
}
Event: 1.984 GC heap after
{Heap after GC invocations=3 (full 0):
 garbage-first heap   total 61440K, used 15787K [0x0000000080000000, 0x0000000100000000)
  region size 1024K, 2 young (2048K), 2 survivors (2048K)
 Metaspace       used 9563K, committed 9728K, reserved 1114112K
  class space    used 827K, committed 896K, reserved 1048576K
}
Event: 2.807 GC heap before
{Heap before GC invocations=3 (full 0):
 garbage-first heap   total 61440K, used 32171K [0x0000000080000000, 0x0000000100000000)
  region size 1024K, 18 young (18432K), 2 survivors (2048K)
 Metaspace       used 13260K, committed 13504K, reserved 1114112K
  class space    used 1182K, committed 1280K, reserved 1048576K
}
Event: 2.816 GC heap after
{Heap after GC invocations=4 (full 0):
 garbage-first heap   total 61440K, used 17455K [0x0000000080000000, 0x0000000100000000)
  region size 1024K, 3 young (3072K), 3 survivors (3072K)
 Metaspace       used 13260K, committed 13504K, reserved 1114112K
  class space    used 1182K, committed 1280K, reserved 1048576K
}
Event: 3.802 GC heap before
{Heap before GC invocations=4 (full 0):
 garbage-first heap   total 61440K, used 39983K [0x0000000080000000, 0x0000000100000000)
  region size 1024K, 24 young (24576K), 3 survivors (3072K)
 Metaspace       used 16777K, committed 16960K, reserved 1114112K
  class space    used 1564K, committed 1664K, reserved 1048576K
}
Event: 3.818 GC heap after
{Heap after GC invocations=5 (full 0):
 garbage-first heap   total 61440K, used 21206K [0x0000000080000000, 0x0000000100000000)
  region size 1024K, 3 young (3072K), 3 survivors (3072K)
 Metaspace       used 16777K, committed 16960K, reserved 1114112K
  class space    used 1564K, committed 1664K, reserved 1048576K
}
Event: 4.540 GC heap before
{Heap before GC invocations=5 (full 0):
 garbage-first heap   total 61440K, used 40662K [0x0000000080000000, 0x0000000100000000)
  region size 1024K, 22 young (22528K), 3 survivors (3072K)
 Metaspace       used 18593K, committed 18816K, reserved 1114112K
  class space    used 1751K, committed 1856K, reserved 1048576K
}
Event: 4.553 GC heap after
{Heap after GC invocations=6 (full 0):
 garbage-first heap   total 73728K, used 22720K [0x0000000080000000, 0x0000000100000000)
  region size 1024K, 2 young (2048K), 2 survivors (2048K)
 Metaspace       used 18593K, committed 18816K, reserved 1114112K
  class space    used 1751K, committed 1856K, reserved 1048576K
}
Event: 5.217 GC heap before
{Heap before GC invocations=6 (full 0):
 garbage-first heap   total 73728K, used 38080K [0x0000000080000000, 0x0000000100000000)
  region size 1024K, 19 young (19456K), 2 survivors (2048K)
 Metaspace       used 21349K, committed 21504K, reserved 1114112K
  class space    used 2226K, committed 2304K, reserved 1048576K
}
Event: 5.225 GC heap after
{Heap after GC invocations=7 (full 0):
 garbage-first heap   total 73728K, used 23302K [0x0000000080000000, 0x0000000100000000)
  region size 1024K, 3 young (3072K), 3 survivors (3072K)
 Metaspace       used 21349K, committed 21504K, reserved 1114112K
  class space    used 2226K, committed 2304K, reserved 1048576K
}
Event: 5.809 GC heap before
{Heap before GC invocations=8 (full 0):
 garbage-first heap   total 73728K, used 46854K [0x0000000080000000, 0x0000000100000000)
  region size 1024K, 28 young (28672K), 3 survivors (3072K)
 Metaspace       used 22141K, committed 22400K, reserved 1114112K
  class space    used 2313K, committed 2432K, reserved 1048576K
}
Event: 5.819 GC heap after
{Heap after GC invocations=9 (full 0):
 garbage-first heap   total 73728K, used 22295K [0x0000000080000000, 0x0000000100000000)
  region size 1024K, 2 young (2048K), 2 survivors (2048K)
 Metaspace       used 22141K, committed 22400K, reserved 1114112K
  class space    used 2313K, committed 2432K, reserved 1048576K
}
Event: 6.212 GC heap before
{Heap before GC invocations=9 (full 0):
 garbage-first heap   total 73728K, used 49943K [0x0000000080000000, 0x0000000100000000)
  region size 1024K, 29 young (29696K), 2 survivors (2048K)
 Metaspace       used 22910K, committed 23104K, reserved 1114112K
  class space    used 2380K, committed 2496K, reserved 1048576K
}
Event: 6.222 GC heap after
{Heap after GC invocations=10 (full 0):
 garbage-first heap   total 73728K, used 23120K [0x0000000080000000, 0x0000000100000000)
  region size 1024K, 3 young (3072K), 3 survivors (3072K)
 Metaspace       used 22910K, committed 23104K, reserved 1114112K
  class space    used 2380K, committed 2496K, reserved 1048576K
}
Event: 7.658 GC heap before
{Heap before GC invocations=10 (full 0):
 garbage-first heap   total 73728K, used 56912K [0x0000000080000000, 0x0000000100000000)
  region size 1024K, 36 young (36864K), 3 survivors (3072K)
 Metaspace       used 27946K, committed 28288K, reserved 1114112K
  class space    used 2912K, committed 3072K, reserved 1048576K
}
Event: 7.675 GC heap after
{Heap after GC invocations=11 (full 0):
 garbage-first heap   total 73728K, used 25757K [0x0000000080000000, 0x0000000100000000)
  region size 1024K, 5 young (5120K), 5 survivors (5120K)
 Metaspace       used 27946K, committed 28288K, reserved 1114112K
  class space    used 2912K, committed 3072K, reserved 1048576K
}
Event: 8.580 GC heap before
{Heap before GC invocations=11 (full 0):
 garbage-first heap   total 73728K, used 56477K [0x0000000080000000, 0x0000000100000000)
  region size 1024K, 35 young (35840K), 5 survivors (5120K)
 Metaspace       used 31604K, committed 31936K, reserved 1114112K
  class space    used 3369K, committed 3520K, reserved 1048576K
}

Dll operation events (6 events):
Event: 0.037 Loaded shared library C:\Users\Admin\.katalon\packages\Katalon_Studio_Windows_64-9.2.0\Katalon_Studio_Windows_64-9.2.0\jre\bin\java.dll
Event: 0.572 Loaded shared library C:\Users\Admin\.katalon\packages\Katalon_Studio_Windows_64-9.2.0\Katalon_Studio_Windows_64-9.2.0\jre\bin\net.dll
Event: 0.576 Loaded shared library C:\Users\Admin\.katalon\packages\Katalon_Studio_Windows_64-9.2.0\Katalon_Studio_Windows_64-9.2.0\jre\bin\nio.dll
Event: 0.597 Loaded shared library C:\Users\Admin\.katalon\packages\Katalon_Studio_Windows_64-9.2.0\Katalon_Studio_Windows_64-9.2.0\jre\bin\zip.dll
Event: 1.501 Loaded shared library C:\Users\Admin\.katalon\packages\Katalon_Studio_Windows_64-9.2.0\Katalon_Studio_Windows_64-9.2.0\jre\bin\verify.dll
Event: 1.955 Loaded shared library C:\Users\Admin\.katalon\packages\Katalon_Studio_Windows_64-9.2.0\Katalon_Studio_Windows_64-9.2.0\jre\bin\jimage.dll

Deoptimization events (20 events):
Event: 8.209 Thread 0x000002bf386bac40 DEOPT PACKING pc=0x000002bf3c3220b8 sp=0x000000e50e0fbd20
Event: 8.209 Thread 0x000002bf386bac40 DEOPT UNPACKING pc=0x000002bf432b7124 sp=0x000000e50e0fb238 mode 0
Event: 8.228 Thread 0x000002bf386bac40 DEOPT PACKING pc=0x000002bf3c3220b8 sp=0x000000e50e0fc4d0
Event: 8.228 Thread 0x000002bf386bac40 DEOPT UNPACKING pc=0x000002bf432b7124 sp=0x000000e50e0fb9e8 mode 0
Event: 8.257 Thread 0x000002bf386bac40 DEOPT PACKING pc=0x000002bf3c3220b8 sp=0x000000e50e0f8a70
Event: 8.257 Thread 0x000002bf386bac40 DEOPT UNPACKING pc=0x000002bf432b7124 sp=0x000000e50e0f7f88 mode 0
Event: 8.262 Thread 0x000002bf386bac40 DEOPT PACKING pc=0x000002bf3be9e2f5 sp=0x000000e50e0fc240
Event: 8.262 Thread 0x000002bf386bac40 DEOPT UNPACKING pc=0x000002bf432b7124 sp=0x000000e50e0fb6c8 mode 0
Event: 8.283 Thread 0x000002bf386bac40 DEOPT PACKING pc=0x000002bf3c3220b8 sp=0x000000e50e0f9480
Event: 8.283 Thread 0x000002bf386bac40 DEOPT UNPACKING pc=0x000002bf432b7124 sp=0x000000e50e0f8998 mode 0
Event: 8.323 Thread 0x000002bf386bac40 DEOPT PACKING pc=0x000002bf3c3220b8 sp=0x000000e50e0f95d0
Event: 8.323 Thread 0x000002bf386bac40 DEOPT UNPACKING pc=0x000002bf432b7124 sp=0x000000e50e0f8ae8 mode 0
Event: 8.351 Thread 0x000002bf386bac40 DEOPT PACKING pc=0x000002bf3c3220b8 sp=0x000000e50e0fca60
Event: 8.351 Thread 0x000002bf386bac40 DEOPT UNPACKING pc=0x000002bf432b7124 sp=0x000000e50e0fbf78 mode 0
Event: 8.353 Thread 0x000002bf386bac40 DEOPT PACKING pc=0x000002bf3be9e2f5 sp=0x000000e50e0f91a0
Event: 8.353 Thread 0x000002bf386bac40 DEOPT UNPACKING pc=0x000002bf432b7124 sp=0x000000e50e0f8628 mode 0
Event: 8.385 Thread 0x000002bf386bac40 DEOPT PACKING pc=0x000002bf3c3220b8 sp=0x000000e50e0f8f90
Event: 8.385 Thread 0x000002bf386bac40 DEOPT UNPACKING pc=0x000002bf432b7124 sp=0x000000e50e0f84a8 mode 0
Event: 8.532 Thread 0x000002bf386bac40 DEOPT PACKING pc=0x000002bf3be9e2f5 sp=0x000000e50e0fc7e0
Event: 8.532 Thread 0x000002bf386bac40 DEOPT UNPACKING pc=0x000002bf432b7124 sp=0x000000e50e0fbc80 mode 0

Classes unloaded (0 events):
No events

Classes redefined (0 events):
No events

Internal exceptions (20 events):
Event: 7.687 Thread 0x000002bf386bac40 Exception <a 'java/lang/ClassNotFoundException'{0x00000000847474f0}: sun/net/www/protocol/c/Handler> (0x00000000847474f0) 
thrown [s\src\hotspot\share\classfile\systemDictionary.cpp, line 256]
Event: 7.688 Thread 0x000002bf386bac40 Exception <a 'java/lang/ClassNotFoundException'{0x000000008474d030}: sun/net/www/protocol/c/Handler> (0x000000008474d030) 
thrown [s\src\hotspot\share\classfile\systemDictionary.cpp, line 256]
Event: 7.688 Thread 0x000002bf386bac40 Exception <a 'java/lang/ClassNotFoundException'{0x0000000084752928}: sun/net/www/protocol/c/Handler> (0x0000000084752928) 
thrown [s\src\hotspot\share\classfile\systemDictionary.cpp, line 256]
Event: 7.689 Thread 0x000002bf386bac40 Exception <a 'java/lang/ClassNotFoundException'{0x0000000084758210}: sun/net/www/protocol/c/Handler> (0x0000000084758210) 
thrown [s\src\hotspot\share\classfile\systemDictionary.cpp, line 256]
Event: 7.690 Thread 0x000002bf386bac40 Exception <a 'java/lang/ClassNotFoundException'{0x000000008475db08}: sun/net/www/protocol/c/Handler> (0x000000008475db08) 
thrown [s\src\hotspot\share\classfile\systemDictionary.cpp, line 256]
Event: 7.691 Thread 0x000002bf386bac40 Exception <a 'java/lang/ClassNotFoundException'{0x0000000084763418}: sun/net/www/protocol/c/Handler> (0x0000000084763418) 
thrown [s\src\hotspot\share\classfile\systemDictionary.cpp, line 256]
Event: 7.692 Thread 0x000002bf386bac40 Exception <a 'java/lang/ClassNotFoundException'{0x0000000084768cf8}: sun/net/www/protocol/c/Handler> (0x0000000084768cf8) 
thrown [s\src\hotspot\share\classfile\systemDictionary.cpp, line 256]
Event: 7.692 Thread 0x000002bf386bac40 Exception <a 'java/lang/ClassNotFoundException'{0x000000008476e5c8}: sun/net/www/protocol/c/Handler> (0x000000008476e5c8) 
thrown [s\src\hotspot\share\classfile\systemDictionary.cpp, line 256]
Event: 7.693 Thread 0x000002bf386bac40 Exception <a 'java/lang/ClassNotFoundException'{0x0000000084773eb0}: sun/net/www/protocol/c/Handler> (0x0000000084773eb0) 
thrown [s\src\hotspot\share\classfile\systemDictionary.cpp, line 256]
Event: 7.694 Thread 0x000002bf386bac40 Exception <a 'java/lang/ClassNotFoundException'{0x00000000847797e0}: sun/net/www/protocol/c/Handler> (0x00000000847797e0) 
thrown [s\src\hotspot\share\classfile\systemDictionary.cpp, line 256]
Event: 8.267 Thread 0x000002bf386bac40 Exception <a 'java/lang/ClassNotFoundException'{0x0000000083c14958}: CustomKeywordsBeanInfo> (0x0000000083c14958) 
thrown [s\src\hotspot\share\classfile\systemDictionary.cpp, line 256]
Event: 8.272 Thread 0x000002bf386bac40 Exception <a 'java/lang/ClassNotFoundException'{0x0000000083c38a18}: CustomKeywordsCustomizer> (0x0000000083c38a18) 
thrown [s\src\hotspot\share\classfile\systemDictionary.cpp, line 256]
Event: 8.407 Thread 0x000002bf386bac40 Exception <a 'java/lang/ClassNotFoundException'{0x000000008392ce60}: CustomKeywordsBeanInfo> (0x000000008392ce60) 
thrown [s\src\hotspot\share\classfile\systemDictionary.cpp, line 256]
Event: 8.411 Thread 0x000002bf386bac40 Exception <a 'java/lang/ClassNotFoundException'{0x0000000083946a58}: CustomKeywordsCustomizer> (0x0000000083946a58) 
thrown [s\src\hotspot\share\classfile\systemDictionary.cpp, line 256]
Event: 8.477 Thread 0x000002bf386bac40 Exception <a 'java/lang/ClassNotFoundException'{0x00000000839f6ad8}: com/kms/katalon/core/ast/RequireAstTestStepTransformationBeanInfo> (0x00000000839f6ad8) 
thrown [s\src\hotspot\share\classfile\systemDictionary.cpp, line 256]
Event: 8.482 Thread 0x000002bf386bac40 Exception <a 'java/lang/ClassNotFoundException'{0x0000000083819348}: com/kms/katalon/core/ast/RequireAstTestStepTransformationCustomizer> (0x0000000083819348) 
thrown [s\src\hotspot\share\classfile\systemDictionary.cpp, line 256]
Event: 8.505 Thread 0x000002bf386bac40 Exception <a 'java/lang/ClassNotFoundException'{0x000000008385fa50}: java/lang/ClassBeanInfo> (0x000000008385fa50) 
thrown [s\src\hotspot\share\classfile\systemDictionary.cpp, line 256]
Event: 8.508 Thread 0x000002bf386bac40 Exception <a 'java/lang/ClassNotFoundException'{0x0000000083870d98}: java/lang/ClassCustomizer> (0x0000000083870d98) 
thrown [s\src\hotspot\share\classfile\systemDictionary.cpp, line 256]
Event: 8.550 Thread 0x000002bf386bac40 Exception <a 'java/lang/ClassNotFoundException'{0x0000000083213318}: org/codehaus/groovy/control/customizers/ASTTransformationCustomizerBeanInfo> (0x0000000083213318) 
thrown [s\src\hotspot\share\classfile\systemDictionary.cpp, line 256]
Event: 8.563 Thread 0x000002bf386bac40 Exception <a 'java/lang/ClassNotFoundException'{0x0000000082d21b38}: org/codehaus/groovy/control/customizers/CompilationCustomizerBeanInfo> (0x0000000082d21b38) 
thrown [s\src\hotspot\share\classfile\systemDictionary.cpp, line 256]

VM Operations (20 events):
Event: 6.682 Executing VM operation: ICBufferFull done
Event: 7.008 Executing VM operation: HandshakeAllThreads
Event: 7.008 Executing VM operation: HandshakeAllThreads done
Event: 7.016 Executing VM operation: HandshakeAllThreads
Event: 7.016 Executing VM operation: HandshakeAllThreads done
Event: 7.080 Executing VM operation: HandshakeAllThreads
Event: 7.080 Executing VM operation: HandshakeAllThreads done
Event: 7.274 Executing VM operation: HandshakeAllThreads
Event: 7.274 Executing VM operation: HandshakeAllThreads done
Event: 7.482 Executing VM operation: HandshakeAllThreads
Event: 7.482 Executing VM operation: HandshakeAllThreads done
Event: 7.636 Executing VM operation: HandshakeAllThreads
Event: 7.636 Executing VM operation: HandshakeAllThreads done
Event: 7.658 Executing VM operation: G1CollectForAllocation
Event: 7.675 Executing VM operation: G1CollectForAllocation done
Event: 8.101 Executing VM operation: HandshakeAllThreads
Event: 8.101 Executing VM operation: HandshakeAllThreads done
Event: 8.106 Executing VM operation: HandshakeAllThreads
Event: 8.106 Executing VM operation: HandshakeAllThreads done
Event: 8.579 Executing VM operation: G1CollectForAllocation

Events (20 events):
Event: 8.421 loading class java/nio/file/FileTreeIterator
Event: 8.421 loading class java/nio/file/FileTreeIterator done
Event: 8.422 loading class sun/nio/fs/WindowsDirectoryStream
Event: 8.422 loading class sun/nio/fs/WindowsDirectoryStream done
Event: 8.424 loading class sun/nio/fs/WindowsDirectoryStream$WindowsDirectoryIterator
Event: 8.424 loading class sun/nio/fs/WindowsDirectoryStream$WindowsDirectoryIterator done
Event: 8.455 loading class java/util/stream/Streams$RangeIntSpliterator
Event: 8.456 loading class java/util/stream/Streams$RangeIntSpliterator done
Event: 8.459 loading class java/util/stream/IntPipeline$1
Event: 8.459 loading class java/util/stream/IntPipeline$1 done
Event: 8.461 loading class java/util/stream/IntPipeline$1$1
Event: 8.461 loading class java/util/stream/IntPipeline$1$1 done
Event: 8.503 loading class java/lang/ClassBeanInfo
Event: 8.503 loading class java/lang/ClassBeanInfo done
Event: 8.505 loading class java/lang/ClassBeanInfo
Event: 8.505 loading class java/lang/ClassBeanInfo done
Event: 8.506 loading class java/lang/ClassCustomizer
Event: 8.506 loading class java/lang/ClassCustomizer done
Event: 8.508 loading class java/lang/ClassCustomizer
Event: 8.508 loading class java/lang/ClassCustomizer done


Dynamic libraries:
0x00007ff630c90000 - 0x00007ff630c9e000 	C:\Users\Admin\.katalon\packages\Katalon_Studio_Windows_64-9.2.0\Katalon_Studio_Windows_64-9.2.0\jre\bin\javaw.exe
0x00007ff913300000 - 0x00007ff9134e0000 	C:\Windows\SYSTEM32\ntdll.dll
0x00007ff910fc0000 - 0x00007ff91106e000 	C:\Windows\System32\KERNEL32.DLL
0x00007ff90f700000 - 0x00007ff90f966000 	C:\Windows\System32\KERNELBASE.dll
0x00007ff90fbc0000 - 0x00007ff90fcb5000 	C:\Windows\System32\ucrtbase.dll
0x00007ff905320000 - 0x00007ff905337000 	C:\Users\Admin\.katalon\packages\Katalon_Studio_Windows_64-9.2.0\Katalon_Studio_Windows_64-9.2.0\jre\bin\jli.dll
0x00007ff9118d0000 - 0x00007ff911a5f000 	C:\Windows\System32\USER32.dll
0x00007ff90f970000 - 0x00007ff90f990000 	C:\Windows\System32\win32u.dll
0x00007ff9109a0000 - 0x00007ff9109c8000 	C:\Windows\System32\GDI32.dll
0x00007ff9105b0000 - 0x00007ff910743000 	C:\Windows\System32\gdi32full.dll
0x00007ff910510000 - 0x00007ff9105ab000 	C:\Windows\System32\msvcp_win.dll
0x00007ff905300000 - 0x00007ff905319000 	C:\Users\Admin\.katalon\packages\Katalon_Studio_Windows_64-9.2.0\Katalon_Studio_Windows_64-9.2.0\jre\bin\VCRUNTIME140.dll
0x00007ff902c70000 - 0x00007ff902ed9000 	C:\Windows\WinSxS\amd64_microsoft.windows.common-controls_6595b64144ccf1df_6.0.16299.785_none_15cbda149361fcd9\COMCTL32.dll
0x00007ff9107d0000 - 0x00007ff91086d000 	C:\Windows\System32\msvcrt.dll
0x00007ff911250000 - 0x00007ff911556000 	C:\Windows\System32\combase.dll
0x00007ff910870000 - 0x00007ff91098f000 	C:\Windows\System32\RPCRT4.dll
0x00007ff910750000 - 0x00007ff9107c2000 	C:\Windows\System32\bcryptPrimitives.dll
0x00007ff911070000 - 0x00007ff91109d000 	C:\Windows\System32\IMM32.DLL
0x00007ff90c250000 - 0x00007ff90c25c000 	C:\Users\Admin\.katalon\packages\Katalon_Studio_Windows_64-9.2.0\Katalon_Studio_Windows_64-9.2.0\jre\bin\vcruntime140_1.dll
0x00007ff8ff540000 - 0x00007ff8ff5d1000 	C:\Users\Admin\.katalon\packages\Katalon_Studio_Windows_64-9.2.0\Katalon_Studio_Windows_64-9.2.0\jre\bin\msvcp140.dll
0x00007ff8dd6c0000 - 0x00007ff8de308000 	C:\Users\Admin\.katalon\packages\Katalon_Studio_Windows_64-9.2.0\Katalon_Studio_Windows_64-9.2.0\jre\bin\server\jvm.dll
0x00007ff911b60000 - 0x00007ff911c01000 	C:\Windows\System32\ADVAPI32.dll
0x00007ff911b00000 - 0x00007ff911b5b000 	C:\Windows\System32\sechost.dll
0x00007ff90c2e0000 - 0x00007ff90c2e9000 	C:\Windows\SYSTEM32\WSOCK32.dll
0x00007ff911860000 - 0x00007ff9118cc000 	C:\Windows\System32\WS2_32.dll
0x00007ff90c3e0000 - 0x00007ff90c403000 	C:\Windows\SYSTEM32\WINMM.dll
0x00007ff906650000 - 0x00007ff90665a000 	C:\Windows\SYSTEM32\VERSION.dll
0x00007ff90c3b0000 - 0x00007ff90c3da000 	C:\Windows\SYSTEM32\WINMMBASE.dll
0x00007ff90fcc0000 - 0x00007ff90fd0a000 	C:\Windows\System32\cfgmgr32.dll
0x00007ff90f650000 - 0x00007ff90f661000 	C:\Windows\System32\kernel.appcore.dll
0x00007ff90bcf0000 - 0x00007ff90bcfa000 	C:\Users\Admin\.katalon\packages\Katalon_Studio_Windows_64-9.2.0\Katalon_Studio_Windows_64-9.2.0\jre\bin\jimage.dll
0x00007ff8f0510000 - 0x00007ff8f06d8000 	C:\Windows\SYSTEM32\DBGHELP.DLL
0x00007ff8f4fe0000 - 0x00007ff8f5009000 	C:\Windows\SYSTEM32\dbgcore.DLL
0x00007ff909530000 - 0x00007ff909555000 	C:\Users\Admin\.katalon\packages\Katalon_Studio_Windows_64-9.2.0\Katalon_Studio_Windows_64-9.2.0\jre\bin\java.dll
0x00007ff90b460000 - 0x00007ff90b478000 	C:\Users\Admin\.katalon\packages\Katalon_Studio_Windows_64-9.2.0\Katalon_Studio_Windows_64-9.2.0\jre\bin\zip.dll
0x00007ff911c10000 - 0x00007ff913048000 	C:\Windows\System32\SHELL32.dll
0x00007ff9115c0000 - 0x00007ff911666000 	C:\Windows\System32\shcore.dll
0x00007ff90fdc0000 - 0x00007ff910507000 	C:\Windows\System32\windows.storage.dll
0x00007ff911560000 - 0x00007ff9115b1000 	C:\Windows\System32\shlwapi.dll
0x00007ff90f6b0000 - 0x00007ff90f6fc000 	C:\Windows\System32\powrprof.dll
0x00007ff90f690000 - 0x00007ff90f6ab000 	C:\Windows\System32\profapi.dll
0x00007ff90acd0000 - 0x00007ff90ace9000 	C:\Users\Admin\.katalon\packages\Katalon_Studio_Windows_64-9.2.0\Katalon_Studio_Windows_64-9.2.0\jre\bin\net.dll
0x00007ff909880000 - 0x00007ff90995e000 	C:\Windows\SYSTEM32\WINHTTP.dll
0x00007ff90eee0000 - 0x00007ff90ef46000 	C:\Windows\system32\mswsock.dll
0x00007ff909510000 - 0x00007ff909525000 	C:\Users\Admin\.katalon\packages\Katalon_Studio_Windows_64-9.2.0\Katalon_Studio_Windows_64-9.2.0\jre\bin\nio.dll
0x00007ff90b6a0000 - 0x00007ff90b6b0000 	C:\Users\Admin\.katalon\packages\Katalon_Studio_Windows_64-9.2.0\Katalon_Studio_Windows_64-9.2.0\jre\bin\verify.dll

dbghelp: loaded successfully - version: 4.0.5 - missing functions: none
symbol engine: initialized successfully - sym options: 0x614 - pdb path: .;C:\Users\Admin\.katalon\packages\Katalon_Studio_Windows_64-9.2.0\Katalon_Studio_Windows_64-9.2.0\jre\bin;C:\Windows\SYSTEM32;C:\Windows\WinSxS\amd64_microsoft.windows.common-controls_6595b64144ccf1df_6.0.16299.785_none_15cbda149361fcd9;C:\Users\Admin\.katalon\packages\Katalon_Studio_Windows_64-9.2.0\Katalon_Studio_Windows_64-9.2.0\jre\bin\server

VM Arguments:
jvm_args: -Dgroovy.home=C:\Users\Admin/.groovy -Djava.system.class.loader=groovy.lang.GroovyClassLoader -Xmx2048m -Dfile.encoding=UTF-8 -XX:+ShowCodeDetailsInExceptionMessages 
java_command: org.codehaus.groovy.tools.GroovyStarter --classpath D:\Katalon Studio\Final_Project_Testing\bin\keyword;D:\Katalon Studio\Final_Project_Testing\Keywords;D:\Katalon Studio\Final_Project_Testing\bin\listener;D:\Katalon Studio\Final_Project_Testing\Test Listeners;D:\Katalon Studio\Final_Project_Testing\bin\lib;D:\Katalon Studio\Final_Project_Testing\Libs;D:\Katalon Studio\Final_Project_Testing\bin\groovy;D:\Katalon Studio\Final_Project_Testing\Include\scripts\groovy;C:\Users\Admin\.katalon\packages\Katalon_Studio_Windows_64-9.2.0\Katalon_Studio_Windows_64-9.2.0\plugins\com.kms.katalon.core_1.0.0.202312271622.jar;C:\Users\Admin\.katalon\packages\Katalon_Studio_Windows_64-9.2.0\Katalon_Studio_Windows_64-9.2.0\configuration\resources\lib\aalto-xml-1.0.0.jar;C:\Users\Admin\.katalon\packages\Katalon_Studio_Windows_64-9.2.0\Katalon_Studio_Windows_64-9.2.0\configuration\resources\lib\aspectjweaver-1.9.1.jar;C:\Users\Admin\.katalon\packages\Katalon_Studio_Windows_64-9.2.0\Katalon_Studio_Windows_64-9.2.0\configuration\resources\lib\bcpkix-jdk15on-1.64.jar;C:\Users\Admin\.katalon\packages\Katalon_Studio_Windows_64-9.2.0\Katalon_Studio_Windows_64-9.2.0\configuration\resources\lib\bcprov-jdk15on-1.64.jar;C:\Users\Admin\.katalon\packages\Katalon_Studio_Windows_64-9.2.0\Katalon_Studio_Windows_64-9.2.0\configuration\resources\lib\browsermob-core-2.1.5.jar;C:\Users\Admin\.katalon\packages\Katalon_Studio_Windows_64-9.2.0\Katalon_Studio_Windows_64-9.2.0\configuration\resources\lib\cglib-3.2.10.jar;C:\Users\Admin\.katalon\packages\Katalon_Studio_Windows_64-9.2.0\Katalon_Studio_Windows_64-9.2.0\configuration\resources\lib\commons-codec-1.10.jar;C:\Users\Admin\.katalon\packages\Katalon_Studio_Windows_64-9.2.0\Katalon_Studio_Windows_64-9.2.0\configuration\resources\lib\commons-collections4-4.1.jar;C:\Users\Admin\.katalon\packages\Katalon_Studio_Windows_64-9.2.0\Katalon_Studio_Windows_64-9.2.0\configuration\resources\lib\commons-validator-1.6.jar;C:\Users\Admin\.katalon\packa
java_class_path (initial): D:\Katalon Studio\Final_Project_Testing\bin\keyword;D:\Katalon Studio\Final_Project_Testing\bin\listener;D:\Katalon Studio\Final_Project_Testing\bin\lib;D:\Katalon Studio\Final_Project_Testing\bin\groovy;D:\Katalon Studio\Final_Project_Testing\bin;C:\Users\Admin\.katalon\packages\Katalon_Studio_Windows_64-9.2.0\Katalon_Studio_Windows_64-9.2.0\plugins\com.kms.katalon.core_1.0.0.202312271622.jar;C:\Users\Admin\.katalon\packages\Katalon_Studio_Windows_64-9.2.0\Katalon_Studio_Windows_64-9.2.0\configuration\resources\lib\aalto-xml-1.0.0.jar;C:\Users\Admin\.katalon\packages\Katalon_Studio_Windows_64-9.2.0\Katalon_Studio_Windows_64-9.2.0\configuration\resources\lib\aspectjweaver-1.9.1.jar;C:\Users\Admin\.katalon\packages\Katalon_Studio_Windows_64-9.2.0\Katalon_Studio_Windows_64-9.2.0\configuration\resources\lib\bcpkix-jdk15on-1.64.jar;C:\Users\Admin\.katalon\packages\Katalon_Studio_Windows_64-9.2.0\Katalon_Studio_Windows_64-9.2.0\configuration\resources\lib\bcprov-jdk15on-1.64.jar;C:\Users\Admin\.katalon\packages\Katalon_Studio_Windows_64-9.2.0\Katalon_Studio_Windows_64-9.2.0\configuration\resources\lib\browsermob-core-2.1.5.jar;C:\Users\Admin\.katalon\packages\Katalon_Studio_Windows_64-9.2.0\Katalon_Studio_Windows_64-9.2.0\configuration\resources\lib\cglib-3.2.10.jar;C:\Users\Admin\.katalon\packages\Katalon_Studio_Windows_64-9.2.0\Katalon_Studio_Windows_64-9.2.0\configuration\resources\lib\commons-codec-1.10.jar;C:\Users\Admin\.katalon\packages\Katalon_Studio_Windows_64-9.2.0\Katalon_Studio_Windows_64-9.2.0\configuration\resources\lib\commons-collections4-4.1.jar;C:\Users\Admin\.katalon\packages\Katalon_Studio_Windows_64-9.2.0\Katalon_Studio_Windows_64-9.2.0\configuration\resources\lib\commons-validator-1.6.jar;C:\Users\Admin\.katalon\packages\Katalon_Studio_Windows_64-9.2.0\Katalon_Studio_Windows_64-9.2.0\configuration\resources\lib\curvesapi-1.04.jar;C:\Users\Admin\.katalon\packages\Katalon_Studio_Windows_64-9.2.0\Katalon_Studio_Windows_64-9
Launcher Type: SUN_STANDARD

[Global flags]
     intx CICompilerCount                          = 3                                         {product} {ergonomic}
     uint ConcGCThreads                            = 1                                         {product} {ergonomic}
     uint G1ConcRefinementThreads                  = 4                                         {product} {ergonomic}
   size_t G1HeapRegionSize                         = 1048576                                   {product} {ergonomic}
    uintx GCDrainStackTargetSize                   = 64                                        {product} {ergonomic}
   size_t InitialHeapSize                          = 62914560                                  {product} {ergonomic}
   size_t MarkStackSize                            = 4194304                                   {product} {ergonomic}
   size_t MaxHeapSize                              = 2147483648                                {product} {command line}
   size_t MaxNewSize                               = 1287651328                                {product} {ergonomic}
   size_t MinHeapDeltaBytes                        = 1048576                                   {product} {ergonomic}
   size_t MinHeapSize                              = 8388608                                   {product} {ergonomic}
    uintx NonNMethodCodeHeapSize                   = 5832780                                {pd product} {ergonomic}
    uintx NonProfiledCodeHeapSize                  = 122912730                              {pd product} {ergonomic}
    uintx ProfiledCodeHeapSize                     = 122912730                              {pd product} {ergonomic}
    uintx ReservedCodeCacheSize                    = 251658240                              {pd product} {ergonomic}
     bool SegmentedCodeCache                       = true                                      {product} {ergonomic}
     bool ShowCodeDetailsInExceptionMessages       = true                                   {manageable} {command line}
   size_t SoftMaxHeapSize                          = 2147483648                             {manageable} {ergonomic}
     bool UseCompressedClassPointers               = true                           {product lp64_product} {ergonomic}
     bool UseCompressedOops                        = true                           {product lp64_product} {ergonomic}
     bool UseG1GC                                  = true                                      {product} {ergonomic}
     bool UseLargePagesIndividualAllocation        = false                                  {pd product} {ergonomic}

Logging:
Log output configuration:
 #0: stdout all=warning uptime,level,tags
 #1: stderr all=off uptime,level,tags

Environment Variables:
PATH=C:/Users/Admin/.katalon/packages/Katalon_Studio_Windows_64-9.2.0/Katalon_Studio_Windows_64-9.2.0/jre/bin/server;C:/Users/Admin/.katalon/packages/Katalon_Studio_Windows_64-9.2.0/Katalon_Studio_Windows_64-9.2.0/jre/bin;C:\Program Files\Common Files\Oracle\Java\javapath;C:\Windows\system32;C:\Windows;C:\Windows\System32\Wbem;C:\Windows\System32\WindowsPowerShell\v1.0\;C:\xampp\php;C:\composer;C:\Program Files\nodejs\;C:\Program Files\Git\cmd;C:\Users\Admin\AppData\Local\Microsoft\WindowsApps;C:\Users\Admin\AppData\Local\GitHubDesktop\bin;C:\Users\Admin\AppData\Local\Programs\Microsoft VS Code\bin;C:\Users\Admin\AppData\Roaming\Composer\vendor\bin;C:\Users\Admin\AppData\Roaming\npm;C:\Program Files\JetBrains\IntelliJ IDEA Community Edition 2023.3.2\bin;;C:\Users\Admin\.katalon\packages\Katalon_Studio_Windows_64-9.2.0\Katalon_Studio_Windows_64-9.2.0;
USERNAME=Admin
OS=Windows_NT
PROCESSOR_IDENTIFIER=Intel64 Family 6 Model 37 Stepping 5, GenuineIntel
TMP=C:\Users\Admin\AppData\Local\Temp
TEMP=C:\Windows\TEMP



---------------  S Y S T E M  ---------------

OS:
 Windows 10 , 64 bit Build 16299 (10.0.16299.431)
OS uptime: 0 days 5:59 hours

CPU: total 4 (initial active 4) (2 cores per cpu, 2 threads per core) family 6 model 37 stepping 5 microcode 0x4, cx8, cmov, fxsr, ht, mmx, sse, sse2, sse3, ssse3, sse4.1, sse4.2, popcnt, tsc, tscinvbit, clflush

Memory: 4k page, system-wide physical 3766M (118M free)
TotalPageFile size 10363M (AvailPageFile size 9M)
current process WorkingSet (physical memory assigned to process): 181M, peak: 183M
current process commit charge ("private bytes"): 219M, peak: 233M

vm_info: OpenJDK 64-Bit Server VM (17.0.7+7) for windows-amd64 JRE (17.0.7+7), built on Apr 18 2023 22:10:42 by "temurin" with MS VC++ 16.7 (VS2019)

END.
